================================================================================
MR分析日志 - Mendelian Randomization Analysis
================================================================================
时间戳: 2026-03-19 19:18:19
运行ID: 20260319_191819
脚本: run_mr.sh

----------------------------------------
输入参数
----------------------------------------
MR类型: eqtl
输入文件: /media/desk16/share/secure/MR/test_genes_eqtl.csv
输出目录: /media/desk16/share/secure/MR
共定位分析: 0
P值阈值: 1e-6
KB距离: 10000

----------------------------------------
环境信息
----------------------------------------
工作目录: /media/desk16/share/secure/MR/scripts
R脚本目录: /media/desk16/share/secure/MR/scripts

[19:18:19] 日志文件已创建: /media/desk16/share/secure/MR/logs/MR_eqtl.20260319_191819.log
[19:18:19] 配置文件已生成: /media/desk16/share/secure/MR/eqtl.config.ini
[19:18:19] 开始MR分析...
[19:18:19]   类型: eqtl
[19:18:19]   输入: /media/desk16/share/secure/MR/test_genes_eqtl.csv
[19:18:19]   输出: /media/desk16/share/secure/MR
[19:18:19]   共定位: 0
[19:18:19]   P值阈值: 1e-6
[19:18:19]   KB距离: 10000
[19:18:19]   R2阈值: 0.001
[19:18:19]   F统计量阈值: 10
[19:18:19]   EAF阈值: 0.01
[19:18:19]   最少SNPs: 3
[19:18:19]   结局ID: ebi-a-GCST90091033
[19:18:19] 输出目录已创建: /media/desk16/share/secure/MR
[19:18:19] 开始eQTL MR分析...
TwoSampleMR version 0.7.0 


Attaching package: ‘ieugwasr’

The following object is masked from ‘package:TwoSampleMR’:

    ld_matrix


Attaching package: ‘dplyr’

The following objects are masked from ‘package:stats’:

    filter, lag

The following objects are masked from ‘package:base’:

    intersect, setdiff, setequal, union


Attaching package: ‘data.table’

The following objects are masked from ‘package:dplyr’:

    between, first, last


clusterProfiler v4.16.0 Learn more at https://yulab-smu.top/contribution-knowledge-mining/

Please cite:

S Xu, E Hu, Y Cai, Z Xie, X Luo, L Zhan, W Tang, Q Wang, B Liu, R Wang,
W Xie, T Wu, L Xie, G Yu. Using clusterProfiler to characterize
multiomics data. Nature Protocols. 2024, 19(11):3292-3320

Attaching package: ‘clusterProfiler’

The following object is masked from ‘package:stats’:

    filter

[Config] Loading config from: scripts/config/MR.config.ini 
[Token] Using token from environment variable

================================================================================
  MR eQTL Analysis
  Started: 2026-03-19 19:20:27 
================================================================================


[Token Check] Validating OpenGWAS token...
[Token Check] OK - Token is valid
[Config] Parameters saved to: /media/desk16/share/secure/MR/analysis_config.ini 

============================================================
STEP 0: PROCESSING CANDIDATE GENE LIST
= = = = = = = = = = = = = = = = = = = = = = = = = = = = = = = = = = = = = = = = = = = = = = = = = = = = = = = = = = = = 

1. Loading and inspecting the gene list...
   Original dimensions: 1 rows, 1 columns
   Original column names: gene 
   First few rows:
  gene
1 CCL2
   ✓ Single column detected, renamed to 'gene', added id column

2. Cleaning and converting gene identifiers to Ensembl ID...
   Total unique input identifiers: 1 
   Input does not appear to be Ensembl IDs. Attempting conversion...

Loading required package: AnnotationDbi
Loading required package: stats4
Loading required package: BiocGenerics
Loading required package: generics

Attaching package: ‘generics’

The following object is masked from ‘package:dplyr’:

    explain

The following objects are masked from ‘package:base’:

    as.difftime, as.factor, as.ordered, intersect, is.element, setdiff,
    setequal, union


Attaching package: ‘BiocGenerics’

The following object is masked from ‘package:dplyr’:

    combine

The following objects are masked from ‘package:stats’:

    IQR, mad, sd, var, xtabs

The following objects are masked from ‘package:base’:

    anyDuplicated, aperm, append, as.data.frame, basename, cbind,
    colnames, dirname, do.call, duplicated, eval, evalq, Filter, Find,
    get, grep, grepl, is.unsorted, lapply, Map, mapply, match, mget,
    order, paste, pmax, pmax.int, pmin, pmin.int, Position, rank,
    rbind, Reduce, rownames, sapply, saveRDS, table, tapply, unique,
    unsplit, which.max, which.min

Loading required package: Biobase
Welcome to Bioconductor

    Vignettes contain introductory material; view with
    'browseVignettes()'. To cite Bioconductor, see
    'citation("Biobase")', and for packages 'citation("pkgname")'.

Loading required package: IRanges
Loading required package: S4Vectors

Attaching package: ‘S4Vectors’

The following object is masked from ‘package:clusterProfiler’:

    rename

The following objects are masked from ‘package:data.table’:

    first, second

The following objects are masked from ‘package:dplyr’:

    first, rename

The following object is masked from ‘package:utils’:

    findMatches

The following objects are masked from ‘package:base’:

    expand.grid, I, unname


Attaching package: ‘IRanges’

The following object is masked from ‘package:clusterProfiler’:

    slice

The following object is masked from ‘package:data.table’:

    shift

The following objects are masked from ‘package:dplyr’:

    collapse, desc, slice

The following object is masked from ‘package:TwoSampleMR’:

    trim


Attaching package: ‘AnnotationDbi’

The following object is masked from ‘package:clusterProfiler’:

    select

The following object is masked from ‘package:dplyr’:

    select

   Attempting conversion from gene symbol to Ensembl ID...
   Loading clusterProfiler and org.Hs.eg.db...
'select()' returned 1:1 mapping between keys and columns
   ✓ Successfully converted 1 unique Ensembl IDs.
   Note: 0 duplicate mappings were removed.

3. Finalizing eQTL exposure ID list...
   Conversion method: Gene Symbol to Ensembl (via org.Hs.eg.db) 
   Final unique eQTL exposure IDs: 1 
   Sample of first 5 formatted exposure IDs:
[1] "eqtl-a-ENSG00000108691"

4. Saving conversion mapping for verification...
   ✓ ID conversion mapping saved to 'eqtl_genes.csv'
   Mapping file has 1 rows.

============================================================
STEP 0 COMPLETE. Proceeding to main MR analysis loop with 1 exposures.
= = = = = = = = = = = = = = = = = = = = = = = = = = = = = = = = = = = = = = = = = = = = = = = = = = = = = = = = = = = = 

=== Exposures Mendelian Randomization Analysis Log ===
Start Time: 2026-03-19 19:20:29 
Exposures: EQTL
Total exposures to process: 1 
Outcome: ebi-a-GCST90091033 
===========================================


============================================================
ANALYSIS [1/1]: eqtl-a-ENSG00000108691
============================================================

STEP 1: Extracting instrumental variables...
  Extracted 1 IVs
  After EAF filter (0.01-0.99): 1 IVs
  After F-statistic filter (> 10 ): 1 IVs
  WARNING: Fewer than 3 IVs remaining
  SKIPPING: Insufficient SNPs after F-statistic filter
  ERROR: no function to return from, jumping to top level 

============================================================
COMPREHENSIVE ANALYSIS REPORT - eQTL MR ANALYSIS
============================================================

STUDY OVERVIEW:
• Exposures: eQTL (expression quantitative trait loci) genetic variants
• Total exposures processed: 1 
• Successfully analyzed: 0 
• Failed: 1 
• Outcome: ebi-a-GCST90091033 

MAIN MR RESULTS (IVW method):
No IVW results available.

HETEROGENEITY SUMMARY (Cochran's Q test):
No heterogeneity results available.

PLEIOTROPY SUMMARY (MR-Egger intercept test):
No pleiotropy results available.

STEIGER DIRECTIONALITY TEST SUMMARY:
No Steiger test results available.

OUTPUT FILES:
1. Tables directory: /media/desk16/share/secure/MR/tables 
   - *_harmonised.csv: Harmonised data for each exposure
   - *_mr_results.csv: MR results for each exposure
   - *_heterogeneity.csv: Heterogeneity test results
   - *_pleiotropy.csv: Pleiotropy test results
   - *_steiger.csv: Steiger directionality test results
   - *_mr_presso.csv: MR-PRESSO results
2. Figures directory: /media/desk16/share/secure/MR/figures 
   - *_scatter_plot.png: Exposure-outcome scatter plot
   - *_forest_plot.png: Forest plot of SNP effects
   - *_funnel_plot.png: Funnel plot for symmetry
   - *_leaveoneout_plot.png: Leave-one-out sensitivity analysis

Analysis completed at: 2026-03-19 19:20:33 
Output directory: /media/desk16/share/secure/MR 

Complete MR analysis for eQTL exposures finished successfully!
All results saved to: /media/desk16/share/secure/MR 
Total exposures successfully analyzed: 0 

Saving successfully analyzed eQTL genes...
✓ Saved 0 successfully analyzed eQTL genes to eqtl_successful_genes.csv

============================================================
CREATING DETAILED HETEROGENEITY AND PLEIOTROPY SUMMARY TABLE
= = = = = = = = = = = = = = = = = = = = = = = = = = = = = = = = = = = = = = = = = = = = = = = = = = = = = = = = = = = = 

  No data available for detailed summary table

============================================================
ANALYSIS COMPLETE!
= = = = = = = = = = = = = = = = = = = = = = = = = = = = = = = = = = = = = = = = = = = = = = = = = = = = = = = = = = = = 


============================================================
STEP 9: CREATING INTEGRATED MR RESULTS TABLE FOR SUCCESSFUL GENES
= = = = = = = = = = = = = = = = = = = = = = = = = = = = = = = = = = = = = = = = = = = = = = = = = = = = = = = = = = = = 

整合 0 个基因的MR结果...
✓ 成功整合 0 个基因的MR结果
⚠️ 警告: 没有MR结果可供整合
  ✓ 创建空的整合MR结果表格: /media/desk16/share/secure/MR/integrated_mr_results_summary.csv 

============================================================
FINAL OUTPUT FILES - INTEGRATED RESULTS
= = = = = = = = = = = = = = = = = = = = = = = = = = = = = = = = = = = = = = = = = = = = = = = = = = = = = = = = = = = = 

📁 输出目录:  /media/desk16/share/secure/MR 

📄 主要结果文件:
   1. integrated_mr_results_summary.csv       - 完整的MR结果整合表格
   3. concise_mr_results_summary.csv         - 简洁的MR结果表格
   4. eqtl_successful_genes.csv              - 成功分析的基因列表
   5. mr_heterogeneity_pleiotropy_summary.csv - 异质性和多效性汇总表
   6. eqtl_genes.csv                         - 基因ID映射表
   7. MR_NAF_Analysis_Log.txt                - 分析日志文件

📂 子目录:
   • tables/ - 每个基因的详细结果文件
   • figures/ - 所有可视化图表

📊 分析统计:
   • 总基因数:  1 
   • 成功分析:  0 
   • 失败分析:  1 

⏰ 分析完成时间:  2026-03-19 19:20:34 
📋 日志文件:  /media/desk16/share/secure/MR/MR_Analysis_Log.txt 

============================================================
ANALYSIS COMPLETE - 2026-03-19 19:20:34
= = = = = = = = = = = = = = = = = = = = = = = = = = = = = = = = = = = = = = = = = = = = = = = = = = = = = = = = = = = = 

============================================================
STEP 10: AUTO-GENERATING MR REPORT
= = = = = = = = = = = = = = = = = = = = = = = = = = = = = = = = = = = = = = = = = = = = = = = = = = = = = = = = = = = = 

Generating report...

Attaching package: ‘dplyr’

The following objects are masked from ‘package:stats’:

    filter, lag

The following objects are masked from ‘package:base’:

    intersect, setdiff, setequal, union

================================================================================
  MR分析报告生成器（优化版）
  类型: eqtl 
  时间戳: 20260319_191819 
================================================================================

Loaded integrated results from: /media/desk16/share/secure/MR/integrated_mr_results_summary.csv 
Loaded successful genes from: /media/desk16/share/secure/MR/eqtl_successful_genes.csv 
Loaded config parameters from: /media/desk16/share/secure/MR/analysis_config.ini 
Statistics: Total genes: 0 , Significant: 0 

================================================================================
报告已生成： /media/desk16/share/secure/MR/MR_Report_20260319_191819.docx 
================================================================================
✓ Report saved to: /media/desk16/share/secure/MR/MR_Report_20260319_191819.docx 
[19:20:36] MR分析完成!
[19:20:36] 开始生成Word报告...

Attaching package: ‘dplyr’

The following objects are masked from ‘package:stats’:

    filter, lag

The following objects are masked from ‘package:base’:

    intersect, setdiff, setequal, union

================================================================================
  MR分析报告生成器（优化版）
  类型: eqtl 
  时间戳: 20260319_191819 
================================================================================

Loaded integrated results from: /media/desk16/share/secure/MR/integrated_mr_results_summary.csv 
Loaded successful genes from: /media/desk16/share/secure/MR/eqtl_successful_genes.csv 
Loaded config parameters from: /media/desk16/share/secure/MR/analysis_config.ini 
Statistics: Total genes: 0 , Significant: 0 

================================================================================
报告已生成： /media/desk16/share/secure/MR/report/MR_eqtl.20260319_191819.docx 
================================================================================
[19:20:38] Word报告已生成: /media/desk16/share/secure/MR/report/MR_eqtl.20260319_191819.docx
