================================================================================
MR分析日志 - Mendelian Randomization Analysis
================================================================================
时间戳: 2026-03-12 00:31:18
运行ID: 20260312_003118
脚本: run_mr.sh

----------------------------------------
输入参数
----------------------------------------
MR类型: eqtl
输入文件: /media/desk16/share/26YHB100F/06_MR/test_genes.csv
输出目录: /media/desk16/share/secure/MR/scripts/result/MR_eqtl_test
共定位分析: 0
P值阈值: 5e-8
KB距离: 10000

----------------------------------------
环境信息
----------------------------------------
工作目录: /media/desk16/share/secure/MR/scripts
R脚本目录: /media/desk16/share/secure/MR/scripts

[00:31:18] 日志文件已创建: /media/desk16/share/secure/MR/logs/MR_eqtl.20260312_003118.log
[00:31:18] 配置文件已生成: /media/desk16/share/secure/MR/scripts/result/MR_eqtl_test/eqtl.config.ini
[00:31:18] 开始MR分析...
[00:31:18]   类型: eqtl
[00:31:18]   输入: /media/desk16/share/26YHB100F/06_MR/test_genes.csv
[00:31:18]   输出: /media/desk16/share/secure/MR/scripts/result/MR_eqtl_test
[00:31:18]   共定位: 0
[00:31:18]   P值阈值: 5e-8
[00:31:18]   KB距离: 10000
[00:31:18]   R2阈值: 0.001
[00:31:18]   F统计量阈值: 10
[00:31:18]   EAF阈值: 0.01
[00:31:18]   最少SNPs: 3
[00:31:18]   结局ID: ebi-a-GCST90091033
[00:31:18] 输出目录已创建: /media/desk16/share/secure/MR/scripts/result/MR_eqtl_test
[00:31:18] 开始eQTL MR分析...
✓ Loaded .Renviron from HOME (global)
✓ JWT token loaded successfully (length: 546 characters)
TwoSampleMR version 0.7.0 

  [>] New authentication requirements: https://mrcieu.github.io/ieugwasr/articles/guide.html#authentication.
  [>] Major upgrades to our servers completed to improve service and stability.
  [>] We need your help to shape our emerging roadmap!
      Please take 2 minutes to give us feedback -
      https://forms.office.com/e/eSr7EFAfCG
OpenGWAS updates:
  Date: 2024-05-17
  [>] OpenGWAS is growing!
  [>] Please take 2 minutes to give us feedback -
  [>] It will help directly shape our emerging roadmap
  [>] https://forms.office.com/e/eSr7EFAfCG

Attaching package: ‘ieugwasr’

The following object is masked from ‘package:TwoSampleMR’:

    ld_matrix


Attaching package: ‘dplyr’

The following objects are masked from ‘package:stats’:

    filter, lag

The following objects are masked from ‘package:base’:

    intersect, setdiff, setequal, union


Attaching package: ‘data.table’

The following objects are masked from ‘package:dplyr’:

    between, first, last

Error in library(configr) : there is no package called ‘configr’
Execution halted
[00:31:22] MR分析完成!
[00:31:22] 开始生成Word报告...

Attaching package: ‘dplyr’

The following objects are masked from ‘package:stats’:

    filter, lag

The following objects are masked from ‘package:base’:

    intersect, setdiff, setequal, union

================================================================================
  MR分析报告生成器
  类型: eqtl 
  时间戳: 20260312_003118 
================================================================================

Added plot: forest_plot 
Added plot: funnel_plot 
Added plot: scatter_plot 
Added plot: leaveoneout_plot 

================================================================================
报告已生成： /media/desk16/share/secure/MR/report/MR_eqtl.20260312_003118.docx 
================================================================================
[00:31:24] Word报告已生成: /media/desk16/share/secure/MR/report/MR_eqtl.20260312_003118.docx
