================================================================================
MR分析日志 - Mendelian Randomization Analysis
================================================================================
时间戳: 2026-03-23 12:14:32
运行ID: 20260323_121432
脚本: run_mr.sh

----------------------------------------
输入参数
----------------------------------------
MR类型: eqtl
输入文件: /media/desk16/share/secure/MR/test_genes_eqtl.csv
输出目录: /media/desk16/share/secure/MR/results/paramtest_20260323_121432/eqtl
共定位分析: 0
P值阈值: 5e-6
KB距离: 10

----------------------------------------
环境信息
----------------------------------------
工作目录: /media/desk16/share/secure/MR/scripts
R脚本目录: /media/desk16/share/secure/MR/scripts

[12:14:32] 日志文件已创建: /media/desk16/share/secure/MR/logs/MR_eqtl.20260323_121432.log
[12:14:32] 配置文件已生成: /media/desk16/share/secure/MR/results/paramtest_20260323_121432/eqtl/eqtl.config.ini
[12:14:32] 开始MR分析...
[12:14:32]   类型: eqtl
[12:14:32]   输入: /media/desk16/share/secure/MR/test_genes_eqtl.csv
[12:14:32]   输出: /media/desk16/share/secure/MR/results/paramtest_20260323_121432/eqtl
[12:14:32]   共定位: 0
[12:14:32]   P值阈值: 5e-6
[12:14:32]   KB距离: 10
[12:14:32]   R2阈值: 0.001
[12:14:32]   F统计量阈值: 10
[12:14:32]   EAF阈值: 0.01
[12:14:32]   最少SNPs: 3
[12:14:32]   结局ID: ebi-a-GCST90091033
[12:14:32] 输出目录已创建: /media/desk16/share/secure/MR/results/paramtest_20260323_121432/eqtl
[12:14:32] 开始eQTL MR分析...
TwoSampleMR version 0.7.0 

  [>] New authentication requirements: https://mrcieu.github.io/ieugwasr/articles/guide.html#authentication.
  [>] Major upgrades to our servers completed to improve service and stability.
  [>] We need your help to shape our emerging roadmap!
      Please take 2 minutes to give us feedback -
      https://forms.office.com/e/eSr7EFAfCG

Attaching package: ‘ieugwasr’

The following object is masked from ‘package:TwoSampleMR’:

    ld_matrix


Attaching package: ‘dplyr’

The following objects are masked from ‘package:stats’:

    filter, lag

The following objects are masked from ‘package:base’:

    intersect, setdiff, setequal, union


Attaching package: ‘data.table’

The following objects are masked from ‘package:dplyr’:

    between, first, last

Loading required package: sysfonts
Loading required package: showtextdb

clusterProfiler v4.16.0 Learn more at https://yulab-smu.top/contribution-knowledge-mining/

Please cite:

S Xu, E Hu, Y Cai, Z Xie, X Luo, L Zhan, W Tang, Q Wang, B Liu, R Wang,
W Xie, T Wu, L Xie, G Yu. Using clusterProfiler to characterize
multiomics data. Nature Protocols. 2024, 19(11):3292-3320

Attaching package: ‘clusterProfiler’

The following object is masked from ‘package:stats’:

    filter

[Config] Loading config from: scripts/config/MR.config.ini 
[Token] Using token from environment variable

================================================================================
  MR eQTL Analysis
  Started: 2026-03-23 12:16:25 
================================================================================


[Token Check] Validating OpenGWAS token...
[Token Check] OK - Token is valid
[Config] Parameters saved to: /media/desk16/share/secure/MR/results/paramtest_20260323_121432/eqtl/analysis_config.ini 

============================================================
STEP 0: PROCESSING CANDIDATE GENE LIST
= = = = = = = = = = = = = = = = = = = = = = = = = = = = = = = = = = = = = = = = = = = = = = = = = = = = = = = = = = = = 

1. Loading and inspecting the gene list...
   Original dimensions: 3 rows, 1 columns
   Original column names: gene 
   First few rows:
    gene
1 ELOVL1
2  FADS2
3  PTGS2
   ✓ Single column detected, renamed to 'gene', added id column

2. Cleaning and converting gene identifiers to Ensembl ID...
   Total unique input identifiers: 3 
   Input does not appear to be Ensembl IDs. Attempting conversion...

Loading required package: AnnotationDbi
Loading required package: stats4
Loading required package: BiocGenerics
Loading required package: generics

Attaching package: ‘generics’

The following object is masked from ‘package:dplyr’:

    explain

The following objects are masked from ‘package:base’:

    as.difftime, as.factor, as.ordered, intersect, is.element, setdiff,
    setequal, union


Attaching package: ‘BiocGenerics’

The following object is masked from ‘package:dplyr’:

    combine

The following objects are masked from ‘package:stats’:

    IQR, mad, sd, var, xtabs

The following objects are masked from ‘package:base’:

    anyDuplicated, aperm, append, as.data.frame, basename, cbind,
    colnames, dirname, do.call, duplicated, eval, evalq, Filter, Find,
    get, grep, grepl, is.unsorted, lapply, Map, mapply, match, mget,
    order, paste, pmax, pmax.int, pmin, pmin.int, Position, rank,
    rbind, Reduce, rownames, sapply, saveRDS, table, tapply, unique,
    unsplit, which.max, which.min

Loading required package: Biobase
Welcome to Bioconductor

    Vignettes contain introductory material; view with
    'browseVignettes()'. To cite Bioconductor, see
    'citation("Biobase")', and for packages 'citation("pkgname")'.

Loading required package: IRanges
Loading required package: S4Vectors

Attaching package: ‘S4Vectors’

The following object is masked from ‘package:clusterProfiler’:

    rename

The following objects are masked from ‘package:data.table’:

    first, second

The following objects are masked from ‘package:dplyr’:

    first, rename

The following object is masked from ‘package:utils’:

    findMatches

The following objects are masked from ‘package:base’:

    expand.grid, I, unname


Attaching package: ‘IRanges’

The following object is masked from ‘package:clusterProfiler’:

    slice

The following object is masked from ‘package:data.table’:

    shift

The following objects are masked from ‘package:dplyr’:

    collapse, desc, slice

The following object is masked from ‘package:TwoSampleMR’:

    trim


Attaching package: ‘AnnotationDbi’

The following object is masked from ‘package:clusterProfiler’:

    select

The following object is masked from ‘package:dplyr’:

    select

   Attempting conversion from gene symbol to Ensembl ID...
   Loading clusterProfiler and org.Hs.eg.db...
'select()' returned 1:1 mapping between keys and columns
   ✓ Successfully converted 3 unique Ensembl IDs.
   Note: 0 duplicate mappings were removed.
'select()' returned 1:1 mapping between keys and columns

3. Finalizing eQTL exposure ID list...
   Conversion method: Gene Symbol to Ensembl (via org.Hs.eg.db) 
   Final unique eQTL exposure IDs: 3 
   Sample of first 5 formatted exposure IDs:
[1] "eqtl-a-ENSG00000066322" "eqtl-a-ENSG00000134824" "eqtl-a-ENSG00000073756"

4. Saving conversion mapping for verification...
   ✓ ID conversion mapping saved to '08.eQTL_ID_Mapping.csv'
   Mapping file has 3 rows.

============================================================
STEP 0 COMPLETE. Proceeding to main MR analysis loop with 3 exposures.
= = = = = = = = = = = = = = = = = = = = = = = = = = = = = = = = = = = = = = = = = = = = = = = = = = = = = = = = = = = = 

=== Exposures Mendelian Randomization Analysis Log ===
Start Time: 2026-03-23 12:16:33 
Exposures: EQTL
Total exposures to process: 3 
Outcome: ebi-a-GCST90091033 
===========================================


============================================================
ANALYSIS [1/3]: eqtl-a-ENSG00000066322
============================================================

STEP 1: Extracting instrumental variables...
  Extracted 38 IVs
  After EAF filter (0.01-0.99): 38 IVs
  After F-statistic filter (> 10 ): 38 IVs

STEP 2: Extracting outcome data...
Extracting data for 38 SNP(s) from 1 GWAS(s)
Querying id chunk 1 of 1
Querying variant chunk 1 of 1
Finding proxies for 5 SNPs in outcome ebi-a-GCST90091033
Extracting data for 5 SNP(s) from 1 GWAS(s)
Querying id chunk 1 of 1
Querying variant chunk 1 of 1
  Found 37 SNPs in outcome

STEP 3: Harmonising data...
Harmonising ENSG00000066322 || id:eqtl-a-ENSG00000066322 (eqtl-a-ENSG00000066322) and Nonalcoholic fatty liver disease || id:ebi-a-GCST90091033 (ebi-a-GCST90091033)
Removing the following SNPs for being palindromic with intermediate allele frequencies:
rs2842177
  Successfully harmonised 37 SNPs
  Checking exclusivity assumption (removing outcome-associated SNPs, p < 1e-5)...
    ✓ All SNPs pass exclusivity check (no outcome-associated SNPs)

STEP 4: Testing heterogeneity to select MR method...
  Heterogeneity methods: MR Egger, Inverse variance weighted 
  Heterogeneity results:
                     method         Q    Q_pval
1                  MR Egger  6.279185 1.0000000
2 Inverse variance weighted 10.327711 0.9999842
  Selected IVW Q_pval: 0.9999842 
  No significant heterogeneity (Q_pval = 1 ) → Using FIXED EFFECTS IVW

STEP 5: Running MR analysis...
Analysing 'eqtl-a-ENSG00000066322' on 'ebi-a-GCST90091033'
  Methods used: Inverse variance weighted (fixed effects), MR Egger, Weighted median, Weighted mode, Simple mode 

STEP 6: Pleiotropy test...

STEP 7: Steiger directionality test (fixed)...
  Adding r values for Steiger test...
  Steiger test completed successfully

STEP 8: MR-PRESSO analysis...
  Global Test result:
$RSSobs
[1] 11.03535

$Pvalue
[1] 1


STEP 9: Generating plots...
Scale for colour is already present.
Adding another scale for colour, which will replace the existing scale.
  ✓ Scatter plot saved (PNG + PDF)
Scale for colour is already present.
Adding another scale for colour, which will replace the existing scale.
  ✓ Forest plot saved (PNG + PDF + rsID.csv)
Scale for colour is already present.
Adding another scale for colour, which will replace the existing scale.
  ✓ Funnel plot saved (PNG + PDF)
Scale for colour is already present.
Adding another scale for colour, which will replace the existing scale.
  ✓ Leave-one-out plot saved (PNG + PDF)

STEP 10: Saving results...

✓ Analysis for eqtl-a-ENSG00000066322 completed successfully!

============================================================
ANALYSIS [2/3]: eqtl-a-ENSG00000134824
============================================================

STEP 1: Extracting instrumental variables...
  Extracted 92 IVs
  After EAF filter (0.01-0.99): 92 IVs
  After F-statistic filter (> 10 ): 92 IVs

STEP 2: Extracting outcome data...
Extracting data for 92 SNP(s) from 1 GWAS(s)
Querying id chunk 1 of 1
Querying variant chunk 1 of 2
Querying variant chunk 2 of 2
Finding proxies for 18 SNPs in outcome ebi-a-GCST90091033
Extracting data for 18 SNP(s) from 1 GWAS(s)
Querying id chunk 1 of 1
Querying variant chunk 1 of 1
  Found 82 SNPs in outcome

STEP 3: Harmonising data...
Harmonising ENSG00000134824 || id:eqtl-a-ENSG00000134824 (eqtl-a-ENSG00000134824) and Nonalcoholic fatty liver disease || id:ebi-a-GCST90091033 (ebi-a-GCST90091033)
  Successfully harmonised 82 SNPs
  Checking exclusivity assumption (removing outcome-associated SNPs, p < 1e-5)...
    ✓ All SNPs pass exclusivity check (no outcome-associated SNPs)

STEP 4: Testing heterogeneity to select MR method...
  Heterogeneity methods: MR Egger, Inverse variance weighted 
  Heterogeneity results:
                     method        Q    Q_pval
1                  MR Egger 50.38535 0.9960983
2 Inverse variance weighted 63.40656 0.9256167
  Selected IVW Q_pval: 0.9256167 
  No significant heterogeneity (Q_pval = 0.926 ) → Using FIXED EFFECTS IVW

STEP 5: Running MR analysis...
Analysing 'eqtl-a-ENSG00000134824' on 'ebi-a-GCST90091033'
  Methods used: Inverse variance weighted (fixed effects), MR Egger, Weighted median, Weighted mode, Simple mode 

STEP 6: Pleiotropy test...

STEP 7: Steiger directionality test (fixed)...
  Adding r values for Steiger test...
  Steiger test completed successfully

STEP 8: MR-PRESSO analysis...
  Global Test result:
$RSSobs
[1] 64.32805

$Pvalue
[1] 0.944


STEP 9: Generating plots...
Scale for colour is already present.
Adding another scale for colour, which will replace the existing scale.
  ✓ Scatter plot saved (PNG + PDF)
Scale for colour is already present.
Adding another scale for colour, which will replace the existing scale.
  ✓ Forest plot saved (PNG + PDF + rsID.csv)
Scale for colour is already present.
Adding another scale for colour, which will replace the existing scale.
  ✓ Funnel plot saved (PNG + PDF)
Scale for colour is already present.
Adding another scale for colour, which will replace the existing scale.
  ✓ Leave-one-out plot saved (PNG + PDF)

STEP 10: Saving results...

✓ Analysis for eqtl-a-ENSG00000134824 completed successfully!

============================================================
ANALYSIS [3/3]: eqtl-a-ENSG00000073756
============================================================

STEP 1: Extracting instrumental variables...
  Extracted 61 IVs
  After EAF filter (0.01-0.99): 61 IVs
  After F-statistic filter (> 10 ): 61 IVs

STEP 2: Extracting outcome data...
Extracting data for 61 SNP(s) from 1 GWAS(s)
Querying id chunk 1 of 1
Querying variant chunk 1 of 1
Finding proxies for 7 SNPs in outcome ebi-a-GCST90091033
Extracting data for 7 SNP(s) from 1 GWAS(s)
Querying id chunk 1 of 1
Querying variant chunk 1 of 1
  Found 59 SNPs in outcome

STEP 3: Harmonising data...
Harmonising ENSG00000073756 || id:eqtl-a-ENSG00000073756 (eqtl-a-ENSG00000073756) and Nonalcoholic fatty liver disease || id:ebi-a-GCST90091033 (ebi-a-GCST90091033)
Removing the following SNPs for incompatible alleles:
rs2383517
  Successfully harmonised 59 SNPs
  Checking exclusivity assumption (removing outcome-associated SNPs, p < 1e-5)...
    ✓ All SNPs pass exclusivity check (no outcome-associated SNPs)

STEP 4: Testing heterogeneity to select MR method...
  Heterogeneity methods: MR Egger, Inverse variance weighted 
  Heterogeneity results:
                     method        Q    Q_pval
1                  MR Egger 60.14769 0.3280479
2 Inverse variance weighted 62.21206 0.2959616
  Selected IVW Q_pval: 0.2959616 
  No significant heterogeneity (Q_pval = 0.296 ) → Using FIXED EFFECTS IVW

STEP 5: Running MR analysis...
Analysing 'eqtl-a-ENSG00000073756' on 'ebi-a-GCST90091033'
  Methods used: Inverse variance weighted (fixed effects), MR Egger, Weighted median, Weighted mode, Simple mode 

STEP 6: Pleiotropy test...

STEP 7: Steiger directionality test (fixed)...
  Adding r values for Steiger test...
  Steiger test completed successfully

STEP 8: MR-PRESSO analysis...
  Global Test result:
$RSSobs
[1] 64.39001

$Pvalue
[1] 0.324


STEP 9: Generating plots...
Scale for colour is already present.
Adding another scale for colour, which will replace the existing scale.
  ✓ Scatter plot saved (PNG + PDF)
Scale for colour is already present.
Adding another scale for colour, which will replace the existing scale.
  ✓ Forest plot saved (PNG + PDF + rsID.csv)
Scale for colour is already present.
Adding another scale for colour, which will replace the existing scale.
  ✓ Funnel plot saved (PNG + PDF)
Scale for colour is already present.
Adding another scale for colour, which will replace the existing scale.
  ✓ Leave-one-out plot saved (PNG + PDF)

STEP 10: Saving results...

✓ Analysis for eqtl-a-ENSG00000073756 completed successfully!
There were 15 warnings (use warnings() to see them)

============================================================
COMPREHENSIVE ANALYSIS REPORT - eQTL MR ANALYSIS
============================================================

STUDY OVERVIEW:
• Exposures: eQTL (expression quantitative trait loci) genetic variants
• Total exposures processed: 3 
• Successfully analyzed: 3 
• Failed: 0 
• Outcome: ebi-a-GCST90091033 

MAIN MR RESULTS (IVW method):
                exposure n_snps    beta     se  p_value    OR          CI_95
1 eqtl-a-ENSG00000066322     36 -0.0357 0.0339    0.292 0.965 [0.903, 1.031]
2 eqtl-a-ENSG00000134824     82  0.0262 0.0061 1.86e-05 1.027 [1.014, 1.039]
3 eqtl-a-ENSG00000073756     58  0.0697 0.0131 9.31e-08 1.072   [1.045, 1.1]
                                method_used
1 Inverse variance weighted (fixed effects)
2 Inverse variance weighted (fixed effects)
3 Inverse variance weighted (fixed effects)

Significant results (p < 0.05): 2 / 3 
Significant exposures:
                exposure    OR          CI_95  p_value
2 eqtl-a-ENSG00000134824 1.027 [1.014, 1.039] 1.86e-05
3 eqtl-a-ENSG00000073756 1.072   [1.045, 1.1] 9.31e-08

HETEROGENEITY SUMMARY (Cochran's Q test):
                exposure     Q Q_pval I2               method_used
1 eqtl-a-ENSG00000066322 10.33      1 NA Inverse variance weighted
2 eqtl-a-ENSG00000134824 63.41  0.926 NA Inverse variance weighted
3 eqtl-a-ENSG00000073756 62.21  0.296 NA Inverse variance weighted

INTERPRETATION OF HETEROGENEITY:
  eqtl-a-ENSG00000066322: No significant heterogeneity (p = 1) → Use FIXED EFFECTS IVW
  eqtl-a-ENSG00000134824: No significant heterogeneity (p = 0.926) → Use FIXED EFFECTS IVW
  eqtl-a-ENSG00000073756: No significant heterogeneity (p = 0.296) → Use FIXED EFFECTS IVW

PLEIOTROPY SUMMARY (MR-Egger intercept test):
                exposure egger_intercept     se  p_value
1 eqtl-a-ENSG00000066322          0.0218 0.0108   0.0522
2 eqtl-a-ENSG00000134824          0.0142 0.0039 0.000535
3 eqtl-a-ENSG00000073756         -0.0069 0.0050    0.171

INTERPRETATION OF PLEIOTROPY:
  eqtl-a-ENSG00000066322: No significant horizontal pleiotropy (p = 0.0522) → Results are reliable
  eqtl-a-ENSG00000134824: Significant horizontal pleiotropy (p = 0.000535) → Results may be biased
  eqtl-a-ENSG00000073756: No significant horizontal pleiotropy (p = 0.171) → Results are reliable

STEIGER DIRECTIONALITY TEST SUMMARY:
                exposure snp_r2.exposure snp_r2.outcome
1 eqtl-a-ENSG00000066322          0.0182         0.0002
2 eqtl-a-ENSG00000134824          0.4258         0.0018
3 eqtl-a-ENSG00000073756          0.1477         0.0020
  correct_causal_direction steiger_pval
1                     TRUE       <2e-16
2                     TRUE       <2e-16
3                     TRUE       <2e-16

INTERPRETATION OF DIRECTIONALITY:
  eqtl-a-ENSG00000066322: Correct causal direction
  eqtl-a-ENSG00000134824: Correct causal direction
  eqtl-a-ENSG00000073756: Correct causal direction

OUTPUT FILES:
1. Tables directory: /media/desk16/share/secure/MR/results/paramtest_20260323_121432/eqtl/tables 
   - *_harmonised.csv: Harmonised data for each exposure
   - *_mr_results.csv: MR results for each exposure
   - *_heterogeneity.csv: Heterogeneity test results
   - *_pleiotropy.csv: Pleiotropy test results
   - *_steiger.csv: Steiger directionality test results
   - *_mr_presso.csv: MR-PRESSO results
2. Figures directory: /media/desk16/share/secure/MR/results/paramtest_20260323_121432/eqtl/figures 
   - *_scatter_plot.png: Exposure-outcome scatter plot
   - *_forest_plot.png: Forest plot of SNP effects
   - *_funnel_plot.png: Funnel plot for symmetry
   - *_leaveoneout_plot.png: Leave-one-out sensitivity analysis

Analysis completed at: 2026-03-23 12:26:44 
Output directory: /media/desk16/share/secure/MR/results/paramtest_20260323_121432/eqtl 

Complete MR analysis for eQTL exposures finished successfully!
All results saved to: /media/desk16/share/secure/MR/results/paramtest_20260323_121432/eqtl 
Total exposures successfully analyzed: 3 

Saving successfully analyzed eQTL genes...
✓ Saved 3 successfully analyzed eQTL genes to 09.eQTL_Successful_Genes.csv

============================================================
CREATING DETAILED HETEROGENEITY AND PLEIOTROPY SUMMARY TABLE
= = = = = = = = = = = = = = = = = = = = = = = = = = = = = = = = = = = = = = = = = = = = = = = = = = = = = = = = = = = = 


============================================================
ANALYSIS COMPLETE!
= = = = = = = = = = = = = = = = = = = = = = = = = = = = = = = = = = = = = = = = = = = = = = = = = = = = = = = = = = = = 


============================================================
STEP 9: CREATING INTEGRATED MR RESULTS TABLE FOR SUCCESSFUL GENES
= = = = = = = = = = = = = = = = = = = = = = = = = = = = = = = = = = = = = = = = = = = = = = = = = = = = = = = = = = = = 

整合 3 个基因的MR结果...
  已处理 3 / 3 个基因
✓ 成功整合 3 个基因的MR结果
Outcome name: Nonalcoholic fatty liver disease 
✓ 保存完整MR结果到: /media/desk16/share/secure/MR/results/paramtest_20260323_121432/eqtl/00.Complete_MR_Results.csv 
✓ 保存Table 1格式（5种方法）到: /media/desk16/share/secure/MR/results/paramtest_20260323_121432/eqtl/01.MR_Results_All_Genes.csv 
✓ 保存异质性检验结果到: /media/desk16/share/secure/MR/results/paramtest_20260323_121432/eqtl/02.Heterogeneity_All_Genes.csv 
✓ 保存水平多效性检验结果到: /media/desk16/share/secure/MR/results/paramtest_20260323_121432/eqtl/03.Pleiotropy_All_Genes.csv 
✓ 保存MR-PRESSO结果到: /media/desk16/share/secure/MR/results/paramtest_20260323_121432/eqtl/04.MR_PRESSO_Results.csv 
✓ 保存Steiger方向性分析结果到: /media/desk16/share/secure/MR/results/paramtest_20260323_121432/eqtl/05.Steiger_Direction_Results.csv 
✓ 保存三重筛选结果到: /media/desk16/share/secure/MR/results/paramtest_20260323_121432/eqtl/06.Three_Filter_Results.csv 
✓ 保存因果靶点筛选结果到: /media/desk16/share/secure/MR/results/paramtest_20260323_121432/eqtl/07.MR_res_gene.csv （共 1 个）

------------------------------------------------------------------------------------------------------------------------
INTEGRATED MR RESULTS SUMMARY
(Total: 3 genes)
------------------------------------------------------------------------------------------------------------------------

STATISTICAL SUMMARY:
• Total genes analyzed: 3 
• Genes with significant IVW (p < 0.05): 2 
• Genes with protective effect (OR < 1): 1 
• Genes with risk effect (OR > 1): 2 
• Genes with heterogeneity (p < 0.05): 0 
• Genes with pleiotropy (p < 0.05): 1 
• Genes with correct direction (Steiger): 3 

TOP 20 GENES (sorted by IVW P-value):
 Rank   Gene      Ensembl_ID n_SNPs IVW_OR    IVW_95CI    IVW_P Significant
    1  PTGS2 ENSG00000073756     59  1.072   1.045-1.1 9.31e-08         YES
    2  FADS2 ENSG00000134824     82  1.027 1.014-1.039 1.86e-05         YES
    3 ELOVL1 ENSG00000066322     37  0.965 0.903-1.031   0.2925          NO
  Direction
       Risk
       Risk
 Protective

MOST SIGNIFICANT GENES:
  1. PTGS2: OR = 1.072 (95% CI: 1.045-1.1), p = 9.311e-08
  2. FADS2: OR = 1.027 (95% CI: 1.014-1.039), p = 1.863e-05
  3. ELOVL1: OR = 0.965 (95% CI: 0.903-1.031), p = 0.2925

============================================================
FINAL OUTPUT FILES - INTEGRATED RESULTS
= = = = = = = = = = = = = = = = = = = = = = = = = = = = = = = = = = = = = = = = = = = = = = = = = = = = = = = = = = = = 

📁 输出目录:  /media/desk16/share/secure/MR/results/paramtest_20260323_121432/eqtl 

📄 主要结果文件 (00-07 合并格式):
   00. 00.Complete_MR_Results.csv       - 最完整初始结果（1行/基因）
   01. 01.MR_Results_All_Genes.csv     - Table 1格式（5行/基因：5种MR方法）
   02. 02.Heterogeneity_All_Genes.csv  - 异质性检验（IVW + MR Egger + PRESSO）
   03. 03.Pleiotropy_All_Genes.csv     - 水平多效性检验
   04. 04.MR_PRESSO_Results.csv        - MR-PRESSO结果
   05. 05.Steiger_Direction_Results.csv - Steiger方向性分析
   06. 06.Three_Filter_Results.csv     - 三重筛选结果
   07. 07.MR_res_gene.csv             - 因果靶点筛选结果
   08. 08.eQTL_ID_Mapping.csv                  - 基因ID映射表
   09. 09.eQTL_Successful_Genes.csv       - 成功分析的基因列表
   10. MR_Analysis_Log.txt             - 分析日志

📂 子目录:
   • tables/ - 每个基因的详细结果文件
   • figures/ - 所有可视化图表

📊 分析统计:
   • 总基因数:  3 
   • 成功分析:  3 
   • 失败分析:  0 
   • IVW显著基因 (p<0.05):  2 
   • 方向性正确基因 (Steiger p<0.05 & direction=TRUE):  3 
   • 无水平多效性基因 (Egger intercept p>0.05):  2 
   • 三重筛选通过基因:  1 
   • 保护性基因:  1 
   • 风险性基因:  2 

⏰ 分析完成时间:  2026-03-23 12:26:45 
📋 日志文件:  /media/desk16/share/secure/MR/results/paramtest_20260323_121432/eqtl/MR_Analysis_Log.txt 

============================================================
ANALYSIS COMPLETE - 2026-03-23 12:26:45
= = = = = = = = = = = = = = = = = = = = = = = = = = = = = = = = = = = = = = = = = = = = = = = = = = = = = = = = = = = = 
✓ QS2 snapshot saved: /media/desk16/share/secure/MR/results/paramtest_20260323_121432/eqtl/eqtl_eqtl_node.qs2 
✓ Session info saved: /media/desk16/share/secure/MR/results/paramtest_20260323_121432/eqtl/logs/eqtl_sessionInfo.20260323_121432.txt 

============================================================
STEP 10: AUTO-GENERATING MR REPORT
= = = = = = = = = = = = = = = = = = = = = = = = = = = = = = = = = = = = = = = = = = = = = = = = = = = = = = = = = = = = 

Generating report...

Attaching package: ‘dplyr’

The following objects are masked from ‘package:stats’:

    filter, lag

The following objects are masked from ‘package:base’:

    intersect, setdiff, setequal, union

================================================================================
  MR分析报告生成器（优化版）
  类型: eqtl 
  时间戳: 20260323_121432 
================================================================================

Loaded results from 00.Complete_MR_Results.csv
Loaded heterogeneity from: /media/desk16/share/secure/MR/results/paramtest_20260323_121432/eqtl/02.Heterogeneity_All_Genes.csv 
Loaded pleiotropy from: /media/desk16/share/secure/MR/results/paramtest_20260323_121432/eqtl/03.Pleiotropy_All_Genes.csv 
Loaded MR results from: /media/desk16/share/secure/MR/results/paramtest_20260323_121432/eqtl/01.MR_Results_All_Genes.csv 
Loaded three-filter results from: /media/desk16/share/secure/MR/results/paramtest_20260323_121432/eqtl/06.Three_Filter_Results.csv 
Loaded causal targets from: /media/desk16/share/secure/MR/results/paramtest_20260323_121432/eqtl/07.MR_res_gene.csv 
Table genes source: 07.MR_res_gene.csv (2 genes)
Table1 rows after filtering (01): 5 / 15
Table2 rows after filtering (02): 2 / 6
Loaded config parameters from: /media/desk16/share/secure/MR/results/paramtest_20260323_121432/eqtl/analysis_config.ini 
Statistics: Total genes: 3 , Significant: 2 
Loaded successful genes from: /media/desk16/share/secure/MR/results/paramtest_20260323_121432/eqtl/09.eQTL_Successful_Genes.csv 
Added plot: PTGS2 - scatter (图 1 )
Added plot: PTGS2 - forest (图 2 )
Added plot: PTGS2 - funnel (图 3 )
Added plot: PTGS2 - leaveoneout (图 4 )

================================================================================
报告已生成： /media/desk16/share/secure/MR/results/paramtest_20260323_121432/eqtl/MR_Report_20260323_121432.docx 
================================================================================
✓ Report saved to: /media/desk16/share/secure/MR/results/paramtest_20260323_121432/eqtl/MR_Report_20260323_121432.docx 
[12:26:48] MR分析完成!
[12:26:48] 开始生成Word报告...

Attaching package: ‘dplyr’

The following objects are masked from ‘package:stats’:

    filter, lag

The following objects are masked from ‘package:base’:

    intersect, setdiff, setequal, union

================================================================================
  MR分析报告生成器（优化版）
  类型: eqtl 
  时间戳: 20260323_121432 
================================================================================

Loaded results from 00.Complete_MR_Results.csv
Loaded heterogeneity from: /media/desk16/share/secure/MR/results/paramtest_20260323_121432/eqtl/02.Heterogeneity_All_Genes.csv 
Loaded pleiotropy from: /media/desk16/share/secure/MR/results/paramtest_20260323_121432/eqtl/03.Pleiotropy_All_Genes.csv 
Loaded MR results from: /media/desk16/share/secure/MR/results/paramtest_20260323_121432/eqtl/01.MR_Results_All_Genes.csv 
Loaded three-filter results from: /media/desk16/share/secure/MR/results/paramtest_20260323_121432/eqtl/06.Three_Filter_Results.csv 
Loaded causal targets from: /media/desk16/share/secure/MR/results/paramtest_20260323_121432/eqtl/07.MR_res_gene.csv 
Table genes source: 07.MR_res_gene.csv (2 genes)
Table1 rows after filtering (01): 5 / 15
Table2 rows after filtering (02): 2 / 6
Loaded config parameters from: /media/desk16/share/secure/MR/results/paramtest_20260323_121432/eqtl/analysis_config.ini 
Statistics: Total genes: 3 , Significant: 2 
Loaded successful genes from: /media/desk16/share/secure/MR/results/paramtest_20260323_121432/eqtl/09.eQTL_Successful_Genes.csv 
Added plot: PTGS2 - scatter (图 1 )
Added plot: PTGS2 - forest (图 2 )
Added plot: PTGS2 - funnel (图 3 )
Added plot: PTGS2 - leaveoneout (图 4 )

================================================================================
报告已生成： /media/desk16/share/secure/MR/report/MR_eqtl.20260323_121432.docx 
================================================================================
[12:26:52] Word报告已生成: /media/desk16/share/secure/MR/report/MR_eqtl.20260323_121432.docx
