================================================================================
MR分析日志 - Mendelian Randomization Analysis
================================================================================
时间戳: 2026-03-22 15:41:18
运行ID: 20260322_154118
脚本: run_mr.sh

----------------------------------------
输入参数
----------------------------------------
MR类型: eqtl
输入文件: /media/desk16/share/secure/MR/results/100F_eqtl/eqtl_genes.csv
输出目录: /media/desk16/share/secure/MR/results/100F_eqtl_kb10
共定位分析: 0
P值阈值: 5e-8
KB距离: 10

----------------------------------------
环境信息
----------------------------------------
工作目录: /media/desk16/share/secure/MR/scripts
R脚本目录: /media/desk16/share/secure/MR/scripts

[15:41:18] 日志文件已创建: /media/desk16/share/secure/MR/logs/MR_eqtl.20260322_154118.log
[15:41:18] 配置文件已生成: /media/desk16/share/secure/MR/results/100F_eqtl_kb10/eqtl.config.ini
[15:41:18] 开始MR分析...
[15:41:18]   类型: eqtl
[15:41:18]   输入: /media/desk16/share/secure/MR/results/100F_eqtl/eqtl_genes.csv
[15:41:18]   输出: /media/desk16/share/secure/MR/results/100F_eqtl_kb10
[15:41:18]   共定位: 0
[15:41:18]   P值阈值: 5e-8
[15:41:18]   KB距离: 10
[15:41:18]   R2阈值: 0.001
[15:41:18]   F统计量阈值: 10
[15:41:18]   EAF阈值: 0.01
[15:41:18]   最少SNPs: 3
[15:41:18]   结局ID: ebi-a-GCST90091033
[15:41:18] 输出目录已创建: /media/desk16/share/secure/MR/results/100F_eqtl_kb10
[15:41:18] 开始eQTL MR分析...
TwoSampleMR version 0.7.0 

  [>] New authentication requirements: https://mrcieu.github.io/ieugwasr/articles/guide.html#authentication.
  [>] Major upgrades to our servers completed to improve service and stability.
  [>] We need your help to shape our emerging roadmap!
      Please take 2 minutes to give us feedback -
      https://forms.office.com/e/eSr7EFAfCG
OpenGWAS updates:
  Date: 2024-05-17
  [>] OpenGWAS is growing!
  [>] Please take 2 minutes to give us feedback -
  [>] It will help directly shape our emerging roadmap
  [>] https://forms.office.com/e/eSr7EFAfCG

Attaching package: ‘ieugwasr’

The following object is masked from ‘package:TwoSampleMR’:

    ld_matrix


Attaching package: ‘dplyr’

The following objects are masked from ‘package:stats’:

    filter, lag

The following objects are masked from ‘package:base’:

    intersect, setdiff, setequal, union


Attaching package: ‘data.table’

The following objects are masked from ‘package:dplyr’:

    between, first, last

Loading required package: sysfonts
Loading required package: showtextdb

