================================================================================
MR分析日志 - Mendelian Randomization Analysis
================================================================================
时间戳: 2026-03-23 12:21:07
运行ID: 20260323_122107
脚本: run_mr.sh

----------------------------------------
输入参数
----------------------------------------
MR类型: eqtl_pqtl
输入文件: /media/desk16/share/secure/MR/test_genes_pqtl.csv
输出目录: /media/desk16/share/secure/MR/results/smoke_20260323_121129/eqtl_pqtl
共定位分析: 0
P值阈值: 5e-8
KB距离: 10000

----------------------------------------
环境信息
----------------------------------------
工作目录: /media/desk16/share/secure/MR/scripts
R脚本目录: /media/desk16/share/secure/MR/scripts

[12:21:07] 日志文件已创建: /media/desk16/share/secure/MR/logs/MR_eqtl_pqtl.20260323_122107.log
[12:21:07] 配置文件已生成: /media/desk16/share/secure/MR/results/smoke_20260323_121129/eqtl_pqtl/eqtl_pqtl.config.ini
[12:21:07] 开始MR分析...
[12:21:07]   类型: eqtl_pqtl
[12:21:07]   输入: /media/desk16/share/secure/MR/test_genes_pqtl.csv
[12:21:07]   输出: /media/desk16/share/secure/MR/results/smoke_20260323_121129/eqtl_pqtl
[12:21:07]   共定位: 0
[12:21:07]   P值阈值: 5e-8
[12:21:07]   KB距离: 10000
[12:21:07]   R2阈值: 0.001
[12:21:07]   F统计量阈值: 10
[12:21:07]   EAF阈值: 0.01
[12:21:07]   最少SNPs: 3
[12:21:07]   结局ID: ebi-a-GCST90091033
[12:21:07] 输出目录已创建: /media/desk16/share/secure/MR/results/smoke_20260323_121129/eqtl_pqtl
[12:21:07] 开始eQTL MR分析...
TwoSampleMR version 0.7.0 

  [>] New authentication requirements: https://mrcieu.github.io/ieugwasr/articles/guide.html#authentication.
  [>] Major upgrades to our servers completed to improve service and stability.
  [>] We need your help to shape our emerging roadmap!
      Please take 2 minutes to give us feedback -
      https://forms.office.com/e/eSr7EFAfCG
OpenGWAS updates:
  Date: 2024-05-17
  [>] OpenGWAS is growing!
  [>] Please take 2 minutes to give us feedback -
  [>] It will help directly shape our emerging roadmap
  [>] https://forms.office.com/e/eSr7EFAfCG

Attaching package: ‘ieugwasr’

The following object is masked from ‘package:TwoSampleMR’:

    ld_matrix


Attaching package: ‘dplyr’

The following objects are masked from ‘package:stats’:

    filter, lag

The following objects are masked from ‘package:base’:

    intersect, setdiff, setequal, union


Attaching package: ‘data.table’

The following objects are masked from ‘package:dplyr’:

    between, first, last

Loading required package: sysfonts
Loading required package: showtextdb

clusterProfiler v4.16.0 Learn more at https://yulab-smu.top/contribution-knowledge-mining/

Please cite:

T Wu, E Hu, S Xu, M Chen, P Guo, Z Dai, T Feng, L Zhou, W Tang, L Zhan,
X Fu, S Liu, X Bo, and G Yu. clusterProfiler 4.0: A universal
enrichment tool for interpreting omics data. The Innovation. 2021,
2(3):100141

Attaching package: ‘clusterProfiler’

The following object is masked from ‘package:stats’:

    filter

[Config] Loading config from: scripts/config/MR.config.ini 
[Token] Using token from environment variable

================================================================================
  MR eQTL Analysis
  Started: 2026-03-23 12:22:01 
================================================================================


[Token Check] Validating OpenGWAS token...
[Token Check] OK - Token is valid
[Config] Parameters saved to: /media/desk16/share/secure/MR/results/smoke_20260323_121129/eqtl_pqtl/eqtl/analysis_config.ini 

============================================================
STEP 0: PROCESSING CANDIDATE GENE LIST
= = = = = = = = = = = = = = = = = = = = = = = = = = = = = = = = = = = = = = = = = = = = = = = = = = = = = = = = = = = = 

1. Loading and inspecting the gene list...
   Original dimensions: 1 rows, 2 columns
   Original column names: id, gene 
   First few rows:
           id gene
1 A1BG_P04217 A1BG
   ✓ Columns renamed to: 'id', 'gene'

2. Cleaning and converting gene identifiers to Ensembl ID...
   Total unique input identifiers: 1 
   Input does not appear to be Ensembl IDs. Attempting conversion...

Loading required package: AnnotationDbi
Loading required package: stats4
Loading required package: BiocGenerics
Loading required package: generics

Attaching package: ‘generics’

The following object is masked from ‘package:dplyr’:

    explain

The following objects are masked from ‘package:base’:

    as.difftime, as.factor, as.ordered, intersect, is.element, setdiff,
    setequal, union


Attaching package: ‘BiocGenerics’

The following object is masked from ‘package:dplyr’:

    combine

The following objects are masked from ‘package:stats’:

    IQR, mad, sd, var, xtabs

The following objects are masked from ‘package:base’:

    anyDuplicated, aperm, append, as.data.frame, basename, cbind,
    colnames, dirname, do.call, duplicated, eval, evalq, Filter, Find,
    get, grep, grepl, is.unsorted, lapply, Map, mapply, match, mget,
    order, paste, pmax, pmax.int, pmin, pmin.int, Position, rank,
    rbind, Reduce, rownames, sapply, saveRDS, table, tapply, unique,
    unsplit, which.max, which.min

Loading required package: Biobase
Welcome to Bioconductor

    Vignettes contain introductory material; view with
    'browseVignettes()'. To cite Bioconductor, see
    'citation("Biobase")', and for packages 'citation("pkgname")'.

Loading required package: IRanges
Loading required package: S4Vectors

Attaching package: ‘S4Vectors’

The following object is masked from ‘package:clusterProfiler’:

    rename

The following objects are masked from ‘package:data.table’:

    first, second

The following objects are masked from ‘package:dplyr’:

    first, rename

The following object is masked from ‘package:utils’:

    findMatches

The following objects are masked from ‘package:base’:

    expand.grid, I, unname


Attaching package: ‘IRanges’

The following object is masked from ‘package:clusterProfiler’:

    slice

The following object is masked from ‘package:data.table’:

    shift

The following objects are masked from ‘package:dplyr’:

    collapse, desc, slice

The following object is masked from ‘package:TwoSampleMR’:

    trim


Attaching package: ‘AnnotationDbi’

The following object is masked from ‘package:clusterProfiler’:

    select

The following object is masked from ‘package:dplyr’:

    select

   Attempting conversion from gene symbol to Ensembl ID...
   Loading clusterProfiler and org.Hs.eg.db...
'select()' returned 1:1 mapping between keys and columns
   ✓ Successfully converted 1 unique Ensembl IDs.
   Note: 0 duplicate mappings were removed.
'select()' returned 1:1 mapping between keys and columns

3. Finalizing eQTL exposure ID list...
   Conversion method: Gene Symbol to Ensembl (via org.Hs.eg.db) 
   Final unique eQTL exposure IDs: 1 
   Sample of first 5 formatted exposure IDs:
[1] "eqtl-a-ENSG00000121410"

4. Saving conversion mapping for verification...
   ✓ ID conversion mapping saved to '08.eQTL_ID_Mapping.csv'
   Mapping file has 1 rows.

============================================================
STEP 0 COMPLETE. Proceeding to main MR analysis loop with 1 exposures.
= = = = = = = = = = = = = = = = = = = = = = = = = = = = = = = = = = = = = = = = = = = = = = = = = = = = = = = = = = = = 

=== Exposures Mendelian Randomization Analysis Log ===
Start Time: 2026-03-23 12:22:03 
Exposures: EQTL
Total exposures to process: 1 
Outcome: ebi-a-GCST90091033 
===========================================


============================================================
ANALYSIS [1/1]: eqtl-a-ENSG00000121410
============================================================

STEP 1: Extracting instrumental variables...
[RETRY] Attempt 1 failed: argument is of length zero - Retrying in 1 s...
[RETRY] Attempt 2 failed: argument is of length zero - Retrying in 2 s...
[ERROR] All 3 attempts failed. Last error: argument is of length zero 
  ERROR: No significant SNPs found (p < 5e-8) 
Warning messages:
1: In doTryCatch(return(expr), name, parentenv, handler) :
  restarting interrupted promise evaluation
2: In doTryCatch(return(expr), name, parentenv, handler) :
  restarting interrupted promise evaluation

============================================================
COMPREHENSIVE ANALYSIS REPORT - eQTL MR ANALYSIS
============================================================

STUDY OVERVIEW:
• Exposures: eQTL (expression quantitative trait loci) genetic variants
• Total exposures processed: 1 
• Successfully analyzed: 0 
• Failed: 1 
• Outcome: ebi-a-GCST90091033 

MAIN MR RESULTS (IVW method):
No IVW results available.

HETEROGENEITY SUMMARY (Cochran's Q test):
No heterogeneity results available.

PLEIOTROPY SUMMARY (MR-Egger intercept test):
No pleiotropy results available.

STEIGER DIRECTIONALITY TEST SUMMARY:
No Steiger test results available.

OUTPUT FILES:
1. Tables directory: /media/desk16/share/secure/MR/results/smoke_20260323_121129/eqtl_pqtl/eqtl/tables 
   - *_harmonised.csv: Harmonised data for each exposure
   - *_mr_results.csv: MR results for each exposure
   - *_heterogeneity.csv: Heterogeneity test results
   - *_pleiotropy.csv: Pleiotropy test results
   - *_steiger.csv: Steiger directionality test results
   - *_mr_presso.csv: MR-PRESSO results
2. Figures directory: /media/desk16/share/secure/MR/results/smoke_20260323_121129/eqtl_pqtl/eqtl/figures 
   - *_scatter_plot.png: Exposure-outcome scatter plot
   - *_forest_plot.png: Forest plot of SNP effects
   - *_funnel_plot.png: Funnel plot for symmetry
   - *_leaveoneout_plot.png: Leave-one-out sensitivity analysis

Analysis completed at: 2026-03-23 12:22:08 
Output directory: /media/desk16/share/secure/MR/results/smoke_20260323_121129/eqtl_pqtl/eqtl 

Complete MR analysis for eQTL exposures finished successfully!
All results saved to: /media/desk16/share/secure/MR/results/smoke_20260323_121129/eqtl_pqtl/eqtl 
Total exposures successfully analyzed: 0 

Saving successfully analyzed eQTL genes...
✓ Saved 0 successfully analyzed eQTL genes to 09.eQTL_Successful_Genes.csv

============================================================
CREATING DETAILED HETEROGENEITY AND PLEIOTROPY SUMMARY TABLE
= = = = = = = = = = = = = = = = = = = = = = = = = = = = = = = = = = = = = = = = = = = = = = = = = = = = = = = = = = = = 


============================================================
ANALYSIS COMPLETE!
= = = = = = = = = = = = = = = = = = = = = = = = = = = = = = = = = = = = = = = = = = = = = = = = = = = = = = = = = = = = 


============================================================
STEP 9: CREATING INTEGRATED MR RESULTS TABLE FOR SUCCESSFUL GENES
= = = = = = = = = = = = = = = = = = = = = = = = = = = = = = = = = = = = = = = = = = = = = = = = = = = = = = = = = = = = 

整合 0 个基因的MR结果...
✓ 成功整合 0 个基因的MR结果
⚠️ 警告: 没有MR结果可供整合
  ✓ 创建空的00文件: /media/desk16/share/secure/MR/results/smoke_20260323_121129/eqtl_pqtl/eqtl/00.Complete_MR_Results.csv 

============================================================
FINAL OUTPUT FILES - INTEGRATED RESULTS
= = = = = = = = = = = = = = = = = = = = = = = = = = = = = = = = = = = = = = = = = = = = = = = = = = = = = = = = = = = = 

📁 输出目录:  /media/desk16/share/secure/MR/results/smoke_20260323_121129/eqtl_pqtl/eqtl 

📄 主要结果文件 (00-07 合并格式):
   00. 00.Complete_MR_Results.csv       - 最完整初始结果（1行/基因）
   01. 01.MR_Results_All_Genes.csv     - Table 1格式（5行/基因：5种MR方法）
   02. 02.Heterogeneity_All_Genes.csv  - 异质性检验（IVW + MR Egger + PRESSO）
   03. 03.Pleiotropy_All_Genes.csv     - 水平多效性检验
   04. 04.MR_PRESSO_Results.csv        - MR-PRESSO结果
   05. 05.Steiger_Direction_Results.csv - Steiger方向性分析
   06. 06.Three_Filter_Results.csv     - 三重筛选结果
   07. 07.MR_res_gene.csv             - 因果靶点筛选结果
   08. 08.eQTL_ID_Mapping.csv                  - 基因ID映射表
   09. 09.eQTL_Successful_Genes.csv       - 成功分析的基因列表
   10. MR_Analysis_Log.txt             - 分析日志

📂 子目录:
   • tables/ - 每个基因的详细结果文件
   • figures/ - 所有可视化图表

📊 分析统计:
   • 总基因数:  1 
   • 成功分析:  0 
   • 失败分析:  1 

⏰ 分析完成时间:  2026-03-23 12:22:08 
📋 日志文件:  /media/desk16/share/secure/MR/results/smoke_20260323_121129/eqtl_pqtl/eqtl/MR_Analysis_Log.txt 

============================================================
ANALYSIS COMPLETE - 2026-03-23 12:22:08
= = = = = = = = = = = = = = = = = = = = = = = = = = = = = = = = = = = = = = = = = = = = = = = = = = = = = = = = = = = = 
✓ QS2 snapshot saved: /media/desk16/share/secure/MR/results/smoke_20260323_121129/eqtl_pqtl/eqtl/eqtl_eqtl_node.qs2 
✓ Session info saved: /media/desk16/share/secure/MR/results/smoke_20260323_121129/eqtl_pqtl/eqtl/logs/eqtl_sessionInfo.20260323_122107.txt 

============================================================
STEP 10: AUTO-GENERATING MR REPORT
= = = = = = = = = = = = = = = = = = = = = = = = = = = = = = = = = = = = = = = = = = = = = = = = = = = = = = = = = = = = 

Generating report...

Attaching package: ‘dplyr’

The following objects are masked from ‘package:stats’:

    filter, lag

The following objects are masked from ‘package:base’:

    intersect, setdiff, setequal, union

================================================================================
  MR分析报告生成器（优化版）
  类型: eqtl 
  时间戳: 20260323_122107 
================================================================================

Loaded results from 00.Complete_MR_Results.csv
Table genes source: integrated full set (no 07/06 filter genes found)
Loaded config parameters from: /media/desk16/share/secure/MR/results/smoke_20260323_121129/eqtl_pqtl/eqtl/analysis_config.ini 
Statistics: Total genes: 0 , Significant: 0 
Loaded successful genes from: /media/desk16/share/secure/MR/results/smoke_20260323_121129/eqtl_pqtl/eqtl/09.eQTL_Successful_Genes.csv 

================================================================================
报告已生成： /media/desk16/share/secure/MR/results/smoke_20260323_121129/eqtl_pqtl/eqtl/MR_Report_20260323_122107.docx 
================================================================================
✓ Report saved to: /media/desk16/share/secure/MR/results/smoke_20260323_121129/eqtl_pqtl/eqtl/MR_Report_20260323_122107.docx 
[12:22:11] 开始pQTL MR分析...
TwoSampleMR version 0.7.0 

  [>] New authentication requirements: https://mrcieu.github.io/ieugwasr/articles/guide.html#authentication.
  [>] Major upgrades to our servers completed to improve service and stability.
  [>] We need your help to shape our emerging roadmap!
      Please take 2 minutes to give us feedback -
      https://forms.office.com/e/eSr7EFAfCG
OpenGWAS updates:
  Date: 2024-05-17
  [>] OpenGWAS is growing!
  [>] Please take 2 minutes to give us feedback -
  [>] It will help directly shape our emerging roadmap
  [>] https://forms.office.com/e/eSr7EFAfCG

Attaching package: ‘ieugwasr’

The following object is masked from ‘package:TwoSampleMR’:

    ld_matrix


Attaching package: ‘dplyr’

The following objects are masked from ‘package:stats’:

    filter, lag

The following objects are masked from ‘package:base’:

    intersect, setdiff, setequal, union


Attaching package: ‘data.table’

The following objects are masked from ‘package:dplyr’:

    between, first, last

Loading required package: sysfonts
Loading required package: showtextdb

clusterProfiler v4.16.0 Learn more at https://yulab-smu.top/contribution-knowledge-mining/

Please cite:

Guangchuang Yu, Li-Gen Wang, Yanyan Han and Qing-Yu He.
clusterProfiler: an R package for comparing biological themes among
gene clusters. OMICS: A Journal of Integrative Biology. 2012,
16(5):284-287

Attaching package: ‘clusterProfiler’

The following object is masked from ‘package:stats’:

    filter

[Token] Using token from environment variable

================================================================================
  MR pQTL Analysis
  Started: 2026-03-23 12:24:12 
================================================================================

[Token Check] Validating OpenGWAS token...
[Token Check] OK - Token is valid
[Config] Parameters saved to: /media/desk16/share/secure/MR/results/smoke_20260323_121129/eqtl_pqtl/pqtl/analysis_config.ini 
STEP 1: Loading candidate gene list...
  Total candidate genes: 1 

STEP 2: Scanning pQTL directory and matching genes...
  pQTL directory: /media/desk16/iyunlpf/NAF/pqtl/data/cis_clump 
  Found 1812 pQTL files

  Performing case-insensitive matching...
    Found match: A1BG -> A1BG 

  Total matches found: 1 
  ✓ Matching information saved to '08.pQTL_ID_Mapping.csv'

============================================================
STEP 1-2 COMPLETE. Found 1 pQTL exposures.
= = = = = = = = = = = = = = = = = = = = = = = = = = = = = = = = = = = = = = = = = = = = = = = = = = = = = = = = = = = = 

=== pQTL Mendelian Randomization Analysis Log ===
Start Time: 2026-03-23 12:24:13 
Analysis Type: pQTL (Protein Quantitative Trait Loci)
Total pQTL exposures to process: 1 
Outcomes: ebi-a-GCST90091033 
Using rsIDs from 'rsids2' column for SNP matching
=================================================


============================================================
ANALYSIS [1/1]: A1BG
File: A1BG_P04217_OID30771_v1_Inflammation_II_expo_rt.txt
============================================================

STEP 1: Reading and processing pQTL file (using rsIDs)...
  File loaded successfully: 11 rows
  Significant SNPs (p < 5e-8): 11 
  Extracting rsIDs from 'rsids2' column...
  SNPs with valid rsIDs: 11 
  Sample rsIDs: rs2885060, rs114853328, rs45601339 
  After EAF filter (0.01-0.99): 11 IVs
  After F-statistic filter (> 10 ): 11 IVs
  After removing duplicates: 11 unique IVs

STEP 2: Extracting outcome data...
  Extracting data for 11 SNP(s) from outcome(s): ebi-a-GCST90091033 
Extracting data for 11 SNP(s) from 1 GWAS(s)
Querying id chunk 1 of 1
Querying variant chunk 1 of 1
Finding proxies for 2 SNPs in outcome ebi-a-GCST90091033
Extracting data for 2 SNP(s) from 1 GWAS(s)
Querying id chunk 1 of 1
Querying variant chunk 1 of 1
  Found 11 SNPs in outcome(s)

STEP 3: Harmonising data...
Harmonising A1BG (A1BG) and Nonalcoholic fatty liver disease || id:ebi-a-GCST90091033 (ebi-a-GCST90091033)
  Successfully harmonised 11 SNPs

STEP 4: Testing heterogeneity to select MR method...
  Heterogeneity methods: MR Egger, Inverse variance weighted 
  Heterogeneity results:
                     method         Q    Q_pval
1                  MR Egger  9.474232 0.3946979
2 Inverse variance weighted 11.774538 0.3004292
  Selected IVW Q_pval: 0.3004292 
  No significant heterogeneity (Q_pval = 0.3 ) → Using FIXED EFFECTS IVW

STEP 5: Running MR analysis...
Analysing 'A1BG' on 'ebi-a-GCST90091033'
  Methods used: Inverse variance weighted (fixed effects), MR Egger, Weighted median, Weighted mode, Simple mode 

STEP 6: Pleiotropy test...

STEP 7: Steiger directionality test...
  Adding r values for Steiger test...
  Steiger test completed successfully

STEP 8: MR-PRESSO analysis...

STEP 9: Generating plots...
Scale for colour is already present.
Adding another scale for colour, which will replace the existing scale.
  ✓ Scatter plot saved (PNG + PDF)
Scale for colour is already present.
Adding another scale for colour, which will replace the existing scale.
  ✓ Forest plot saved (PNG + PDF + rsID.csv)
Scale for colour is already present.
Adding another scale for colour, which will replace the existing scale.
  ✓ Funnel plot saved (PNG + PDF)
Scale for colour is already present.
Adding another scale for colour, which will replace the existing scale.
  ✓ Leave-one-out plot saved (PNG + PDF)

STEP 10: Saving results...

✓ Analysis for A1BG completed successfully!
Warning messages:
1: In `[.data.table`(d, !duplicated(proxy_snp.outcome), , by = outcome) :
  Ignoring by/keyby because 'j' is not supplied
2: Removed 1 row containing missing values or values outside the scale range
(`geom_point()`). 
3: Removed 1 row containing missing values or values outside the scale range
(`geom_point()`). 
4: Removed 1 row containing missing values or values outside the scale range
(`geom_point()`). 
5: Removed 1 row containing missing values or values outside the scale range
(`geom_point()`). 

============================================================
STEP 4: SAVING SUCCESSFULLY ANALYZED PROTEINS LIST
= = = = = = = = = = = = = = = = = = = = = = = = = = = = = = = = = = = = = = = = = = = = = = = = = = = = = = = = = = = = 
  Total proteins successfully analyzed: 1 
  ✓ Successfully analyzed proteins list saved to: /media/desk16/share/secure/MR/results/smoke_20260323_121129/eqtl_pqtl/pqtl/09.pQTL_Successful_Genes.csv 

  Successfully analyzed proteins ( 1 ):
  1. A1BG

============================================================
COMPREHENSIVE pQTL MR ANALYSIS REPORT
============================================================

STUDY OVERVIEW:
• Analysis Type: pQTL (Protein Quantitative Trait Loci)
• Candidate genes processed: 1 
• pQTL files found: 1812 
• Initially matched proteins: 1 
• Successfully analyzed: 1 
• Failed: 0 
• Outcomes: ebi-a-GCST90091033 

ANALYSIS STATUS SUMMARY:

Success 
      1 

MAIN MR RESULTS (IVW method) - SUCCESSFUL ANALYSES:
  protein n_snps   beta     se p_value    OR         CI_95
1    A1BG     11 0.0509 0.0576   0.377 1.052 [0.94, 1.178]
                                method_used
1 Inverse variance weighted (fixed effects)

Significant results (p < 0.05): 0 / 1 

OUTPUT DIRECTORY STRUCTURE:
1. Tables directory: /media/desk16/share/secure/MR/results/smoke_20260323_121129/eqtl_pqtl/pqtl/tables 
2. Figures directory: /media/desk16/share/secure/MR/results/smoke_20260323_121129/eqtl_pqtl/pqtl/figures 
3. Initial matching: /media/desk16/share/secure/MR/results/smoke_20260323_121129/eqtl_pqtl/pqtl/08.pQTL_ID_Mapping.csv 
4. Successful analyses: /media/desk16/share/secure/MR/results/smoke_20260323_121129/eqtl_pqtl/pqtl/09.pQTL_Successful_Genes.csv 
5. Analysis log: /media/desk16/share/secure/MR/results/smoke_20260323_121129/eqtl_pqtl/pqtl/MR_pQTL_Analysis_Log.txt 
6. Main results summary: /media/desk16/share/secure/MR/results/smoke_20260323_121129/eqtl_pqtl/pqtl/tables/pqtl_main_results_summary.csv 

============================================================
STEP 5: GENERATING STANDARD OUTPUT FILES
= = = = = = = = = = = = = = = = = = = = = = = = = = = = = = = = = = = = = = = = = = = = = = = = = = = = = = = = = = = = 
Processing 1 analyses to generate summary files...
Saving integrated results...
  Outcome name: Nonalcoholic fatty liver disease 

Saving merged format files (00-07)...
  ✓ 00.Complete_MR_Results.csv saved
  ✓ 01.MR_Results_All_Genes.csv saved
Error in data.frame(Exposure = display_gene_name, Outcome = outcome_name,  : 
  arguments imply differing number of rows: 1, 0
Execution halted
[12:24:48] 寻找eQTL和pQTL共有基因...
================================================================================
  寻找eQTL和pQTL共有基因
  时间戳: 20260323_122107 
================================================================================

eQTL 显著结果文件不存在（需 07 或 06+00）
pQTL 显著结果文件不存在（需 07 或 06+00）
eQTL显著基因数量: 0 
pQTL显著基因数量: 0 

共有显著基因数量: 0 
没有找到共有显著基因

✓ 分析完成!
QS2快照已保存: /media/desk16/share/secure/MR/results/smoke_20260323_121129/eqtl_pqtl/common_genes_node.qs2 
SessionInfo已保存: /media/desk16/share/secure/MR/results/smoke_20260323_121129/eqtl_pqtl/logs/common_genes_sessionInfo.20260323_122107.txt 
[12:24:49] MR分析完成!
[12:24:49] 开始生成eQTL+pQTL联合报告...
[12:24:49] 生成eQTL分析报告...

Attaching package: ‘dplyr’

The following objects are masked from ‘package:stats’:

    filter, lag

The following objects are masked from ‘package:base’:

    intersect, setdiff, setequal, union

================================================================================
  MR分析报告生成器（优化版）
  类型: eqtl 
  时间戳: 20260323_122107 
================================================================================

Loaded results from 00.Complete_MR_Results.csv
Table genes source: integrated full set (no 07/06 filter genes found)
Loaded config parameters from: /media/desk16/share/secure/MR/results/smoke_20260323_121129/eqtl_pqtl/eqtl/analysis_config.ini 
Statistics: Total genes: 0 , Significant: 0 
Loaded successful genes from: /media/desk16/share/secure/MR/results/smoke_20260323_121129/eqtl_pqtl/eqtl/09.eQTL_Successful_Genes.csv 

================================================================================
报告已生成： /media/desk16/share/secure/MR/report/MR_eqtl.20260323_122107.docx 
================================================================================
[12:24:51] 生成pQTL分析报告...

Attaching package: ‘dplyr’

The following objects are masked from ‘package:stats’:

    filter, lag

The following objects are masked from ‘package:base’:

    intersect, setdiff, setequal, union

================================================================================
  MR分析报告生成器（优化版）
  类型: pqtl 
  时间戳: 20260323_122107 
================================================================================

Loaded results from 00.Complete_MR_Results.csv
Loaded MR results from: /media/desk16/share/secure/MR/results/smoke_20260323_121129/eqtl_pqtl/pqtl/01.MR_Results_All_Genes.csv 
Table genes source: integrated full set (no 07/06 filter genes found)
Loaded config parameters from: /media/desk16/share/secure/MR/results/smoke_20260323_121129/eqtl_pqtl/pqtl/analysis_config.ini 
Statistics: Total genes: 1 , Significant: 0 
Loaded successful genes from: /media/desk16/share/secure/MR/results/smoke_20260323_121129/eqtl_pqtl/pqtl/09.pQTL_Successful_Genes.csv 
Added plot: A1BG - scatter (图 1 )
Added plot: A1BG - forest (图 2 )
Added plot: A1BG - funnel (图 3 )
Added plot: A1BG - leaveoneout (图 4 )

================================================================================
报告已生成： /media/desk16/share/secure/MR/report/MR_pqtl.20260323_122107.docx 
================================================================================
[12:24:54] 生成联合报告...

Attaching package: ‘dplyr’

The following objects are masked from ‘package:stats’:

    filter, lag

The following objects are masked from ‘package:base’:

    intersect, setdiff, setequal, union

================================================================================
  MR eQTL+pQTL 联合报告生成器
  时间戳: 20260323_122107 
================================================================================


================================================================================
联合报告已生成： /media/desk16/share/secure/MR/report/MR_eqtl_pqtl.20260323_122107.docx 
================================================================================
[12:24:55] 联合报告已生成: /media/desk16/share/secure/MR/report/MR_eqtl_pqtl.20260323_122107.docx
