================================================================================
MR分析日志 - Mendelian Randomization Analysis
================================================================================
时间戳: 2026-03-22 15:23:37
运行ID: 20260322_152337
脚本: run_mr.sh

----------------------------------------
输入参数
----------------------------------------
MR类型: eqtl
输入文件: /media/desk16/share/secure/MR/results/100F_eqtl/eqtl_genes.csv
输出目录: /media/desk16/share/secure/MR/results/100F_eqtl_test
共定位分析: 0
P值阈值: 5e-8
KB距离: 10000

----------------------------------------
环境信息
----------------------------------------
工作目录: /media/desk16/share/secure/MR/scripts
R脚本目录: /media/desk16/share/secure/MR/scripts

[15:23:37] 日志文件已创建: /media/desk16/share/secure/MR/logs/MR_eqtl.20260322_152337.log
[15:23:37] 配置文件已生成: /media/desk16/share/secure/MR/results/100F_eqtl_test/eqtl.config.ini
[15:23:37] 开始MR分析...
[15:23:37]   类型: eqtl
[15:23:37]   输入: /media/desk16/share/secure/MR/results/100F_eqtl/eqtl_genes.csv
[15:23:37]   输出: /media/desk16/share/secure/MR/results/100F_eqtl_test
[15:23:37]   共定位: 0
[15:23:37]   P值阈值: 5e-8
[15:23:37]   KB距离: 10000
[15:23:37]   R2阈值: 0.001
[15:23:37]   F统计量阈值: 10
[15:23:37]   EAF阈值: 0.01
[15:23:37]   最少SNPs: 3
[15:23:37]   结局ID: ebi-a-GCST90091033
[15:23:37] 输出目录已创建: /media/desk16/share/secure/MR/results/100F_eqtl_test
[15:23:37] 开始eQTL MR分析...
TwoSampleMR version 0.7.0 

OpenGWAS updates:
  Date: 2024-05-17
  [>] OpenGWAS is growing!
  [>] Please take 2 minutes to give us feedback -
  [>] It will help directly shape our emerging roadmap
  [>] https://forms.office.com/e/eSr7EFAfCG

Attaching package: ‘ieugwasr’

The following object is masked from ‘package:TwoSampleMR’:

    ld_matrix


Attaching package: ‘dplyr’

The following objects are masked from ‘package:stats’:

    filter, lag

The following objects are masked from ‘package:base’:

    intersect, setdiff, setequal, union


Attaching package: ‘data.table’

The following objects are masked from ‘package:dplyr’:

    between, first, last

Loading required package: sysfonts
Loading required package: showtextdb

clusterProfiler v4.16.0 Learn more at https://yulab-smu.top/contribution-knowledge-mining/

Please cite:

T Wu, E Hu, S Xu, M Chen, P Guo, Z Dai, T Feng, L Zhou, W Tang, L Zhan,
X Fu, S Liu, X Bo, and G Yu. clusterProfiler 4.0: A universal
enrichment tool for interpreting omics data. The Innovation. 2021,
2(3):100141

Attaching package: ‘clusterProfiler’

The following object is masked from ‘package:stats’:

    filter

[Config] Loading config from: scripts/config/MR.config.ini 
[Token] Using token from environment variable

================================================================================
  MR eQTL Analysis
  Started: 2026-03-22 15:25:46 
================================================================================


[Token Check] Validating OpenGWAS token...
[Token Check] OK - Token is valid
[Config] Parameters saved to: /media/desk16/share/secure/MR/results/100F_eqtl_test/analysis_config.ini 

============================================================
STEP 0: PROCESSING CANDIDATE GENE LIST
= = = = = = = = = = = = = = = = = = = = = = = = = = = = = = = = = = = = = = = = = = = = = = = = = = = = = = = = = = = = 

1. Loading and inspecting the gene list...
   Original dimensions: 64 rows, 3 columns
   Original column names: original_id, ensembl_id, formatted_exposure_id 
   First few rows:
  original_id      ensembl_id  formatted_exposure_id
1       ABCC3 ENSG00000108846 eqtl-a-ENSG00000108846
2       ACACA ENSG00000278540 eqtl-a-ENSG00000278540
3       ACACA ENSG00000275176 eqtl-a-ENSG00000275176
4       ACADS ENSG00000122971 eqtl-a-ENSG00000122971
5        ACLY ENSG00000131473 eqtl-a-ENSG00000131473
6      ACOT13 ENSG00000112304 eqtl-a-ENSG00000112304
   ✓ Columns renamed to: 'id', 'gene'

2. Cleaning and converting gene identifiers to Ensembl ID...
   Total unique input identifiers: 64 
   Input appears to be Ensembl IDs. Proceeding directly.

3. Finalizing eQTL exposure ID list...
   Conversion method: None (already Ensembl) 
   Final unique eQTL exposure IDs: 64 
   Sample of first 5 formatted exposure IDs:
[1] "eqtl-a-ENSG00000108846" "eqtl-a-ENSG00000278540" "eqtl-a-ENSG00000275176"
[4] "eqtl-a-ENSG00000122971" "eqtl-a-ENSG00000131473"

4. Saving conversion mapping for verification...
   ✓ ID conversion mapping saved to '08.eQTL_ID_Mapping.csv'
   Mapping file has 64 rows.

============================================================
STEP 0 COMPLETE. Proceeding to main MR analysis loop with 64 exposures.
= = = = = = = = = = = = = = = = = = = = = = = = = = = = = = = = = = = = = = = = = = = = = = = = = = = = = = = = = = = = 

=== Exposures Mendelian Randomization Analysis Log ===
Start Time: 2026-03-22 15:25:48 
Exposures: EQTL
Total exposures to process: 64 
Outcome: ebi-a-GCST90091033 
===========================================


============================================================
ANALYSIS [1/64]: eqtl-a-ENSG00000108846
============================================================

STEP 1: Extracting instrumental variables...
  Extracted 18 IVs
  After EAF filter (0.01-0.99): 18 IVs
  After F-statistic filter (> 10 ): 18 IVs

STEP 2: Extracting outcome data...
Extracting data for 18 SNP(s) from 1 GWAS(s)
Querying id chunk 1 of 1
Querying variant chunk 1 of 1
Finding proxies for 1 SNPs in outcome ebi-a-GCST90091033
Extracting data for 1 SNP(s) from 1 GWAS(s)
Querying id chunk 1 of 1
Querying variant chunk 1 of 1
  Found 18 SNPs in outcome

STEP 3: Harmonising data...
Harmonising ENSG00000108846 || id:eqtl-a-ENSG00000108846 (eqtl-a-ENSG00000108846) and Nonalcoholic fatty liver disease || id:ebi-a-GCST90091033 (ebi-a-GCST90091033)
  Successfully harmonised 18 SNPs
  Checking exclusivity assumption (removing outcome-associated SNPs, p < 1e-5)...
    ✓ All SNPs pass exclusivity check (no outcome-associated SNPs)

STEP 4: Testing heterogeneity to select MR method...
  Heterogeneity methods: MR Egger, Inverse variance weighted 
  Heterogeneity results:
                     method       Q     Q_pval
1                  MR Egger 25.9125 0.05527200
2 Inverse variance weighted 26.0622 0.07333467
  Selected IVW Q_pval: 0.07333467 
  No significant heterogeneity (Q_pval = 0.0733 ) → Using FIXED EFFECTS IVW

STEP 5: Running MR analysis...
Analysing 'eqtl-a-ENSG00000108846' on 'ebi-a-GCST90091033'
  Methods used: Inverse variance weighted (fixed effects), MR Egger, Weighted median, Weighted mode, Simple mode 

STEP 6: Pleiotropy test...

STEP 7: Steiger directionality test (fixed)...
  Adding r values for Steiger test...
  Steiger test completed successfully

STEP 8: MR-PRESSO analysis...
  Global Test result:
$RSSobs
[1] 27.31049

$Pvalue
[1] 0.136


STEP 9: Generating plots...
Scale for colour is already present.
Adding another scale for colour, which will replace the existing scale.
  ✓ Scatter plot saved (PNG + PDF)
Scale for colour is already present.
Adding another scale for colour, which will replace the existing scale.
  ✓ Forest plot saved (PNG + PDF + rsID.csv)
Scale for colour is already present.
Adding another scale for colour, which will replace the existing scale.
  ✓ Funnel plot saved (PNG + PDF)
Scale for colour is already present.
Adding another scale for colour, which will replace the existing scale.
  ✓ Leave-one-out plot saved (PNG + PDF)

STEP 10: Saving results...

✓ Analysis for eqtl-a-ENSG00000108846 completed successfully!

============================================================
ANALYSIS [2/64]: eqtl-a-ENSG00000278540
============================================================

STEP 1: Extracting instrumental variables...
[RETRY] Attempt 1 failed: argument is of length zero - Retrying in 1 s...
[RETRY] Attempt 2 failed: argument is of length zero - Retrying in 2 s...
[ERROR] All 3 attempts failed. Last error: argument is of length zero 
  ERROR: No significant SNPs found (p < 5e-8) 

============================================================
ANALYSIS [3/64]: eqtl-a-ENSG00000275176
============================================================

STEP 1: Extracting instrumental variables...
[RETRY] Attempt 1 failed: argument is of length zero - Retrying in 1 s...
[RETRY] Attempt 2 failed: argument is of length zero - Retrying in 2 s...
[ERROR] All 3 attempts failed. Last error: argument is of length zero 
  ERROR: No significant SNPs found (p < 5e-8) 

============================================================
ANALYSIS [4/64]: eqtl-a-ENSG00000122971
============================================================

STEP 1: Extracting instrumental variables...
  Extracted 1 IVs
  After EAF filter (0.01-0.99): 1 IVs
  After F-statistic filter (> 10 ): 1 IVs
  WARNING: Fewer than 3 IVs remaining
  SKIPPING: Insufficient SNPs after F-statistic filter
  ERROR: no function to return from, jumping to top level 

============================================================
ANALYSIS [5/64]: eqtl-a-ENSG00000131473
============================================================

STEP 1: Extracting instrumental variables...
  Extracted 1 IVs
  After EAF filter (0.01-0.99): 1 IVs
  After F-statistic filter (> 10 ): 1 IVs
  WARNING: Fewer than 3 IVs remaining
  SKIPPING: Insufficient SNPs after F-statistic filter
  ERROR: no function to return from, jumping to top level 

============================================================
ANALYSIS [6/64]: eqtl-a-ENSG00000112304
============================================================

STEP 1: Extracting instrumental variables...
  Extracted 5 IVs
  After EAF filter (0.01-0.99): 5 IVs
  After F-statistic filter (> 10 ): 5 IVs

STEP 2: Extracting outcome data...
Extracting data for 5 SNP(s) from 1 GWAS(s)
Querying id chunk 1 of 1
Querying variant chunk 1 of 1
  Found 5 SNPs in outcome

STEP 3: Harmonising data...
Harmonising ENSG00000112304 || id:eqtl-a-ENSG00000112304 (eqtl-a-ENSG00000112304) and Nonalcoholic fatty liver disease || id:ebi-a-GCST90091033 (ebi-a-GCST90091033)
  Successfully harmonised 5 SNPs
  Checking exclusivity assumption (removing outcome-associated SNPs, p < 1e-5)...
    ✓ All SNPs pass exclusivity check (no outcome-associated SNPs)

STEP 4: Testing heterogeneity to select MR method...
  Heterogeneity methods: MR Egger, Inverse variance weighted 
  Heterogeneity results:
                     method        Q    Q_pval
1                  MR Egger 2.618098 0.4543256
2 Inverse variance weighted 2.678278 0.6130210
  Selected IVW Q_pval: 0.613021 
  No significant heterogeneity (Q_pval = 0.613 ) → Using FIXED EFFECTS IVW

STEP 5: Running MR analysis...
Analysing 'eqtl-a-ENSG00000112304' on 'ebi-a-GCST90091033'
  Methods used: Inverse variance weighted (fixed effects), MR Egger, Weighted median, Weighted mode, Simple mode 

STEP 6: Pleiotropy test...

STEP 7: Steiger directionality test (fixed)...
  Adding r values for Steiger test...
  Steiger test completed successfully

STEP 8: MR-PRESSO analysis...
  Global Test result:
$RSSobs
[1] 3.713029

$Pvalue
[1] 0.696


STEP 9: Generating plots...
Scale for colour is already present.
Adding another scale for colour, which will replace the existing scale.
  ✓ Scatter plot saved (PNG + PDF)
Scale for colour is already present.
Adding another scale for colour, which will replace the existing scale.
  ✓ Forest plot saved (PNG + PDF + rsID.csv)
Scale for colour is already present.
Adding another scale for colour, which will replace the existing scale.
  ✓ Funnel plot saved (PNG + PDF)
Scale for colour is already present.
Adding another scale for colour, which will replace the existing scale.
  ✓ Leave-one-out plot saved (PNG + PDF)

STEP 10: Saving results...

✓ Analysis for eqtl-a-ENSG00000112304 completed successfully!

============================================================
ANALYSIS [7/64]: eqtl-a-ENSG00000106546
============================================================

STEP 1: Extracting instrumental variables...
  Extracted 5 IVs
  After EAF filter (0.01-0.99): 5 IVs
  After F-statistic filter (> 10 ): 5 IVs

STEP 2: Extracting outcome data...
Extracting data for 5 SNP(s) from 1 GWAS(s)
Querying id chunk 1 of 1
Querying variant chunk 1 of 1
  Found 5 SNPs in outcome

STEP 3: Harmonising data...
Harmonising ENSG00000106546 || id:eqtl-a-ENSG00000106546 (eqtl-a-ENSG00000106546) and Nonalcoholic fatty liver disease || id:ebi-a-GCST90091033 (ebi-a-GCST90091033)
  Successfully harmonised 5 SNPs
  Checking exclusivity assumption (removing outcome-associated SNPs, p < 1e-5)...
    ✓ All SNPs pass exclusivity check (no outcome-associated SNPs)

STEP 4: Testing heterogeneity to select MR method...
  Heterogeneity methods: MR Egger, Inverse variance weighted 
  Heterogeneity results:
                     method        Q    Q_pval
1                  MR Egger 5.046636 0.1684139
2 Inverse variance weighted 5.061663 0.2810288
  Selected IVW Q_pval: 0.2810288 
  No significant heterogeneity (Q_pval = 0.281 ) → Using FIXED EFFECTS IVW

STEP 5: Running MR analysis...
Analysing 'eqtl-a-ENSG00000106546' on 'ebi-a-GCST90091033'
  Methods used: Inverse variance weighted (fixed effects), MR Egger, Weighted median, Weighted mode, Simple mode 

STEP 6: Pleiotropy test...

STEP 7: Steiger directionality test (fixed)...
  Adding r values for Steiger test...
  Steiger test completed successfully

STEP 8: MR-PRESSO analysis...
  Global Test result:
$RSSobs
[1] 10.26273

$Pvalue
[1] 0.409


STEP 9: Generating plots...
Scale for colour is already present.
Adding another scale for colour, which will replace the existing scale.
  ✓ Scatter plot saved (PNG + PDF)
Scale for colour is already present.
Adding another scale for colour, which will replace the existing scale.
  ✓ Forest plot saved (PNG + PDF + rsID.csv)
Scale for colour is already present.
Adding another scale for colour, which will replace the existing scale.
  ✓ Funnel plot saved (PNG + PDF)
Scale for colour is already present.
Adding another scale for colour, which will replace the existing scale.
  ✓ Leave-one-out plot saved (PNG + PDF)

STEP 10: Saving results...

✓ Analysis for eqtl-a-ENSG00000106546 completed successfully!

============================================================
ANALYSIS [8/64]: eqtl-a-ENSG00000105974
============================================================

STEP 1: Extracting instrumental variables...
  Extracted 1 IVs
  After EAF filter (0.01-0.99): 1 IVs
  After F-statistic filter (> 10 ): 1 IVs
  WARNING: Fewer than 3 IVs remaining
  SKIPPING: Insufficient SNPs after F-statistic filter
  ERROR: no function to return from, jumping to top level 

============================================================
ANALYSIS [9/64]: eqtl-a-ENSG00000112237
============================================================

STEP 1: Extracting instrumental variables...
  Extracted 1 IVs
  After EAF filter (0.01-0.99): 1 IVs
  After F-statistic filter (> 10 ): 1 IVs
  WARNING: Fewer than 3 IVs remaining
  SKIPPING: Insufficient SNPs after F-statistic filter
  ERROR: no function to return from, jumping to top level 

============================================================
ANALYSIS [10/64]: eqtl-a-ENSG00000090661
============================================================

STEP 1: Extracting instrumental variables...
  Extracted 4 IVs
  After EAF filter (0.01-0.99): 4 IVs
  After F-statistic filter (> 10 ): 4 IVs

STEP 2: Extracting outcome data...
Extracting data for 4 SNP(s) from 1 GWAS(s)
Querying id chunk 1 of 1
Querying variant chunk 1 of 1
Finding proxies for 2 SNPs in outcome ebi-a-GCST90091033
Extracting data for 2 SNP(s) from 1 GWAS(s)
Querying id chunk 1 of 1
Querying variant chunk 1 of 1
  Found 3 SNPs in outcome

STEP 3: Harmonising data...
Harmonising ENSG00000090661 || id:eqtl-a-ENSG00000090661 (eqtl-a-ENSG00000090661) and Nonalcoholic fatty liver disease || id:ebi-a-GCST90091033 (ebi-a-GCST90091033)
  Successfully harmonised 3 SNPs
  Checking exclusivity assumption (removing outcome-associated SNPs, p < 1e-5)...
    ✓ All SNPs pass exclusivity check (no outcome-associated SNPs)

STEP 4: Testing heterogeneity to select MR method...
  Heterogeneity methods: MR Egger, Inverse variance weighted 
  Heterogeneity results:
                     method         Q    Q_pval
1                  MR Egger 0.0786700 0.7791079
2 Inverse variance weighted 0.8284388 0.6608559
  Selected IVW Q_pval: 0.6608559 
  No significant heterogeneity (Q_pval = 0.661 ) → Using FIXED EFFECTS IVW

STEP 5: Running MR analysis...
Analysing 'eqtl-a-ENSG00000090661' on 'ebi-a-GCST90091033'
  Methods used: Inverse variance weighted (fixed effects), MR Egger, Weighted median, Weighted mode, Simple mode 

STEP 6: Pleiotropy test...

STEP 7: Steiger directionality test (fixed)...
  Adding r values for Steiger test...
  Steiger test completed successfully

STEP 8: MR-PRESSO analysis...
  SKIP: Not enough SNPs for MR-PRESSO (need at least 4)

STEP 9: Generating plots...
Scale for colour is already present.
Adding another scale for colour, which will replace the existing scale.
  ✓ Scatter plot saved (PNG + PDF)
Scale for colour is already present.
Adding another scale for colour, which will replace the existing scale.
  ✓ Forest plot saved (PNG + PDF + rsID.csv)
Scale for colour is already present.
Adding another scale for colour, which will replace the existing scale.
  ✓ Funnel plot saved (PNG + PDF)
Scale for colour is already present.
Adding another scale for colour, which will replace the existing scale.
  ✓ Leave-one-out plot saved (PNG + PDF)

STEP 10: Saving results...

✓ Analysis for eqtl-a-ENSG00000090661 completed successfully!

============================================================
ANALYSIS [11/64]: eqtl-a-ENSG00000176194
============================================================

STEP 1: Extracting instrumental variables...
[RETRY] Attempt 1 failed: argument is of length zero - Retrying in 1 s...
[RETRY] Attempt 2 failed: argument is of length zero - Retrying in 2 s...
[ERROR] All 3 attempts failed. Last error: argument is of length zero 
  ERROR: No significant SNPs found (p < 5e-8) 

============================================================
ANALYSIS [12/64]: eqtl-a-ENSG00000165841
============================================================

STEP 1: Extracting instrumental variables...
[RETRY] Attempt 1 failed: argument is of length zero - Retrying in 1 s...
[RETRY] Attempt 2 failed: argument is of length zero - Retrying in 2 s...
[ERROR] All 3 attempts failed. Last error: argument is of length zero 
  ERROR: No significant SNPs found (p < 5e-8) 

============================================================
ANALYSIS [13/64]: eqtl-a-ENSG00000160868
============================================================

STEP 1: Extracting instrumental variables...
[RETRY] Attempt 1 failed: argument is of length zero - Retrying in 1 s...
[RETRY] Attempt 2 failed: argument is of length zero - Retrying in 2 s...
[ERROR] All 3 attempts failed. Last error: argument is of length zero 
  ERROR: No significant SNPs found (p < 5e-8) 

============================================================
ANALYSIS [14/64]: eqtl-a-ENSG00000167910
============================================================

STEP 1: Extracting instrumental variables...
[RETRY] Attempt 1 failed: argument is of length zero - Retrying in 1 s...
[RETRY] Attempt 2 failed: argument is of length zero - Retrying in 2 s...
[ERROR] All 3 attempts failed. Last error: argument is of length zero 
  ERROR: No significant SNPs found (p < 5e-8) 

============================================================
ANALYSIS [15/64]: eqtl-a-ENSG00000185000
============================================================

STEP 1: Extracting instrumental variables...
  Extracted 3 IVs
  After EAF filter (0.01-0.99): 3 IVs
  After F-statistic filter (> 10 ): 3 IVs

STEP 2: Extracting outcome data...
Extracting data for 3 SNP(s) from 1 GWAS(s)
Querying id chunk 1 of 1
Querying variant chunk 1 of 1
  Found 3 SNPs in outcome

STEP 3: Harmonising data...
Harmonising ENSG00000185000 || id:eqtl-a-ENSG00000185000 (eqtl-a-ENSG00000185000) and Nonalcoholic fatty liver disease || id:ebi-a-GCST90091033 (ebi-a-GCST90091033)
  Successfully harmonised 3 SNPs
  Checking exclusivity assumption (removing outcome-associated SNPs, p < 1e-5)...
    ✓ All SNPs pass exclusivity check (no outcome-associated SNPs)

STEP 4: Testing heterogeneity to select MR method...
  Heterogeneity methods: MR Egger, Inverse variance weighted 
  Heterogeneity results:
                     method          Q    Q_pval
1                  MR Egger 0.06422086 0.7999449
2 Inverse variance weighted 0.30428682 0.8588651
  Selected IVW Q_pval: 0.8588651 
  No significant heterogeneity (Q_pval = 0.859 ) → Using FIXED EFFECTS IVW

STEP 5: Running MR analysis...
Analysing 'eqtl-a-ENSG00000185000' on 'ebi-a-GCST90091033'
  Methods used: Inverse variance weighted (fixed effects), MR Egger, Weighted median, Weighted mode, Simple mode 

STEP 6: Pleiotropy test...

STEP 7: Steiger directionality test (fixed)...
  Adding r values for Steiger test...
  Steiger test completed successfully

STEP 8: MR-PRESSO analysis...
  SKIP: Not enough SNPs for MR-PRESSO (need at least 4)

STEP 9: Generating plots...
Scale for colour is already present.
Adding another scale for colour, which will replace the existing scale.
  ✓ Scatter plot saved (PNG + PDF)
Scale for colour is already present.
Adding another scale for colour, which will replace the existing scale.
  ✓ Forest plot saved (PNG + PDF + rsID.csv)
Scale for colour is already present.
Adding another scale for colour, which will replace the existing scale.
  ✓ Funnel plot saved (PNG + PDF)
Scale for colour is already present.
Adding another scale for colour, which will replace the existing scale.
  ✓ Leave-one-out plot saved (PNG + PDF)

STEP 10: Saving results...

✓ Analysis for eqtl-a-ENSG00000185000 completed successfully!

============================================================
ANALYSIS [16/64]: eqtl-a-ENSG00000285482
============================================================

STEP 1: Extracting instrumental variables...
[RETRY] Attempt 1 failed: argument is of length zero - Retrying in 1 s...
[RETRY] Attempt 2 failed: argument is of length zero - Retrying in 2 s...
[ERROR] All 3 attempts failed. Last error: argument is of length zero 
  ERROR: No significant SNPs found (p < 5e-8) 

============================================================
ANALYSIS [17/64]: eqtl-a-ENSG00000116133
============================================================

STEP 1: Extracting instrumental variables...
  Extracted 4 IVs
  After EAF filter (0.01-0.99): 4 IVs
  After F-statistic filter (> 10 ): 4 IVs

STEP 2: Extracting outcome data...
Extracting data for 4 SNP(s) from 1 GWAS(s)
Querying id chunk 1 of 1
Querying variant chunk 1 of 1
  Found 4 SNPs in outcome

STEP 3: Harmonising data...
Harmonising ENSG00000116133 || id:eqtl-a-ENSG00000116133 (eqtl-a-ENSG00000116133) and Nonalcoholic fatty liver disease || id:ebi-a-GCST90091033 (ebi-a-GCST90091033)
  Successfully harmonised 4 SNPs
  Checking exclusivity assumption (removing outcome-associated SNPs, p < 1e-5)...
    ✓ All SNPs pass exclusivity check (no outcome-associated SNPs)

STEP 4: Testing heterogeneity to select MR method...
  Heterogeneity methods: MR Egger, Inverse variance weighted 
  Heterogeneity results:
                     method         Q    Q_pval
1                  MR Egger 0.5022078 0.7779415
2 Inverse variance weighted 1.4721134 0.6887213
  Selected IVW Q_pval: 0.6887213 
  No significant heterogeneity (Q_pval = 0.689 ) → Using FIXED EFFECTS IVW

STEP 5: Running MR analysis...
Analysing 'eqtl-a-ENSG00000116133' on 'ebi-a-GCST90091033'
  Methods used: Inverse variance weighted (fixed effects), MR Egger, Weighted median, Weighted mode, Simple mode 

STEP 6: Pleiotropy test...

STEP 7: Steiger directionality test (fixed)...
  Adding r values for Steiger test...
  Steiger test completed successfully

STEP 8: MR-PRESSO analysis...
  Global Test result:
$RSSobs
[1] 4.462152

$Pvalue
[1] 0.688


STEP 9: Generating plots...
Scale for colour is already present.
Adding another scale for colour, which will replace the existing scale.
  ✓ Scatter plot saved (PNG + PDF)
Scale for colour is already present.
Adding another scale for colour, which will replace the existing scale.
  ✓ Forest plot saved (PNG + PDF + rsID.csv)
Scale for colour is already present.
Adding another scale for colour, which will replace the existing scale.
  ✓ Funnel plot saved (PNG + PDF)
Scale for colour is already present.
Adding another scale for colour, which will replace the existing scale.
  ✓ Leave-one-out plot saved (PNG + PDF)

STEP 10: Saving results...

✓ Analysis for eqtl-a-ENSG00000116133 completed successfully!

============================================================
ANALYSIS [18/64]: eqtl-a-ENSG00000066322
============================================================

STEP 1: Extracting instrumental variables...
  Extracted 2 IVs
  After EAF filter (0.01-0.99): 2 IVs
  After F-statistic filter (> 10 ): 2 IVs
  WARNING: Fewer than 3 IVs remaining
  SKIPPING: Insufficient SNPs after F-statistic filter
  ERROR: no function to return from, jumping to top level 

============================================================
ANALYSIS [19/64]: eqtl-a-ENSG00000170522
============================================================

STEP 1: Extracting instrumental variables...
  Extracted 2 IVs
  After EAF filter (0.01-0.99): 2 IVs
  After F-statistic filter (> 10 ): 2 IVs
  WARNING: Fewer than 3 IVs remaining
  SKIPPING: Insufficient SNPs after F-statistic filter
  ERROR: no function to return from, jumping to top level 

============================================================
ANALYSIS [20/64]: eqtl-a-ENSG00000121769
============================================================

STEP 1: Extracting instrumental variables...
  Extracted 1 IVs
  After EAF filter (0.01-0.99): 1 IVs
  After F-statistic filter (> 10 ): 1 IVs
  WARNING: Fewer than 3 IVs remaining
  SKIPPING: Insufficient SNPs after F-statistic filter
  ERROR: no function to return from, jumping to top level 

============================================================
ANALYSIS [21/64]: eqtl-a-ENSG00000170323
============================================================

STEP 1: Extracting instrumental variables...
[RETRY] Attempt 1 failed: argument is of length zero - Retrying in 1 s...
[RETRY] Attempt 2 failed: argument is of length zero - Retrying in 2 s...
[ERROR] All 3 attempts failed. Last error: argument is of length zero 
  ERROR: No significant SNPs found (p < 5e-8) 

============================================================
ANALYSIS [22/64]: eqtl-a-ENSG00000134824
============================================================

STEP 1: Extracting instrumental variables...
  Extracted 4 IVs
  After EAF filter (0.01-0.99): 4 IVs
  After F-statistic filter (> 10 ): 4 IVs

STEP 2: Extracting outcome data...
Extracting data for 4 SNP(s) from 1 GWAS(s)
Querying id chunk 1 of 1
Querying variant chunk 1 of 1
  Found 4 SNPs in outcome

STEP 3: Harmonising data...
Harmonising ENSG00000134824 || id:eqtl-a-ENSG00000134824 (eqtl-a-ENSG00000134824) and Nonalcoholic fatty liver disease || id:ebi-a-GCST90091033 (ebi-a-GCST90091033)
  Successfully harmonised 4 SNPs
  Checking exclusivity assumption (removing outcome-associated SNPs, p < 1e-5)...
    ✓ All SNPs pass exclusivity check (no outcome-associated SNPs)

STEP 4: Testing heterogeneity to select MR method...
  Heterogeneity methods: MR Egger, Inverse variance weighted 
  Heterogeneity results:
                     method        Q    Q_pval
1                  MR Egger 3.006087 0.2224521
2 Inverse variance weighted 3.701658 0.2955340
  Selected IVW Q_pval: 0.295534 
  No significant heterogeneity (Q_pval = 0.296 ) → Using FIXED EFFECTS IVW

STEP 5: Running MR analysis...
Analysing 'eqtl-a-ENSG00000134824' on 'ebi-a-GCST90091033'
  Methods used: Inverse variance weighted (fixed effects), MR Egger, Weighted median, Weighted mode, Simple mode 

STEP 6: Pleiotropy test...

STEP 7: Steiger directionality test (fixed)...
  Adding r values for Steiger test...
  Steiger test completed successfully

STEP 8: MR-PRESSO analysis...
  Global Test result:
$RSSobs
[1] 26.07773

$Pvalue
[1] 0.505


STEP 9: Generating plots...
Scale for colour is already present.
Adding another scale for colour, which will replace the existing scale.
  ✓ Scatter plot saved (PNG + PDF)
Scale for colour is already present.
Adding another scale for colour, which will replace the existing scale.
  ✓ Forest plot saved (PNG + PDF + rsID.csv)
Scale for colour is already present.
Adding another scale for colour, which will replace the existing scale.
  ✓ Funnel plot saved (PNG + PDF)
Scale for colour is already present.
Adding another scale for colour, which will replace the existing scale.
  ✓ Leave-one-out plot saved (PNG + PDF)

STEP 10: Saving results...

✓ Analysis for eqtl-a-ENSG00000134824 completed successfully!

============================================================
ANALYSIS [23/64]: eqtl-a-ENSG00000169710
============================================================

STEP 1: Extracting instrumental variables...
  Extracted 1 IVs
  After EAF filter (0.01-0.99): 1 IVs
  After F-statistic filter (> 10 ): 1 IVs
  WARNING: Fewer than 3 IVs remaining
  SKIPPING: Insufficient SNPs after F-statistic filter
  ERROR: no function to return from, jumping to top level 

============================================================
ANALYSIS [24/64]: eqtl-a-ENSG00000079459
============================================================

STEP 1: Extracting instrumental variables...
  Extracted 9 IVs
  After EAF filter (0.01-0.99): 9 IVs
  After F-statistic filter (> 10 ): 9 IVs

STEP 2: Extracting outcome data...
Extracting data for 9 SNP(s) from 1 GWAS(s)
Querying id chunk 1 of 1
Querying variant chunk 1 of 1
Finding proxies for 1 SNPs in outcome ebi-a-GCST90091033
Extracting data for 1 SNP(s) from 1 GWAS(s)
Querying id chunk 1 of 1
Querying variant chunk 1 of 1
  Found 8 SNPs in outcome

STEP 3: Harmonising data...
Harmonising ENSG00000079459 || id:eqtl-a-ENSG00000079459 (eqtl-a-ENSG00000079459) and Nonalcoholic fatty liver disease || id:ebi-a-GCST90091033 (ebi-a-GCST90091033)
  Successfully harmonised 8 SNPs
  Checking exclusivity assumption (removing outcome-associated SNPs, p < 1e-5)...
    ✓ All SNPs pass exclusivity check (no outcome-associated SNPs)

STEP 4: Testing heterogeneity to select MR method...
  Heterogeneity methods: MR Egger, Inverse variance weighted 
  Heterogeneity results:
                     method        Q    Q_pval
1                  MR Egger 9.134941 0.1661301
2 Inverse variance weighted 9.482288 0.2198579
  Selected IVW Q_pval: 0.2198579 
  No significant heterogeneity (Q_pval = 0.22 ) → Using FIXED EFFECTS IVW

STEP 5: Running MR analysis...
Analysing 'eqtl-a-ENSG00000079459' on 'ebi-a-GCST90091033'
  Methods used: Inverse variance weighted (fixed effects), MR Egger, Weighted median, Weighted mode, Simple mode 

STEP 6: Pleiotropy test...

STEP 7: Steiger directionality test (fixed)...
  Adding r values for Steiger test...
  Steiger test completed successfully

STEP 8: MR-PRESSO analysis...
  Global Test result:
$RSSobs
[1] 10.07876

$Pvalue
[1] 0.467


STEP 9: Generating plots...
Scale for colour is already present.
Adding another scale for colour, which will replace the existing scale.
  ✓ Scatter plot saved (PNG + PDF)
Scale for colour is already present.
Adding another scale for colour, which will replace the existing scale.
  ✓ Forest plot saved (PNG + PDF + rsID.csv)
Scale for colour is already present.
Adding another scale for colour, which will replace the existing scale.
  ✓ Funnel plot saved (PNG + PDF)
Scale for colour is already present.
Adding another scale for colour, which will replace the existing scale.
  ✓ Leave-one-out plot saved (PNG + PDF)

STEP 10: Saving results...

✓ Analysis for eqtl-a-ENSG00000079459 completed successfully!

============================================================
ANALYSIS [25/64]: eqtl-a-ENSG00000284967
============================================================

STEP 1: Extracting instrumental variables...
[RETRY] Attempt 1 failed: argument is of length zero - Retrying in 1 s...
[RETRY] Attempt 2 failed: argument is of length zero - Retrying in 2 s...
[ERROR] All 3 attempts failed. Last error: argument is of length zero 
  ERROR: No significant SNPs found (p < 5e-8) 

============================================================
ANALYSIS [26/64]: eqtl-a-ENSG00000160752
============================================================

STEP 1: Extracting instrumental variables...
  Extracted 1 IVs
  After EAF filter (0.01-0.99): 1 IVs
  After F-statistic filter (> 10 ): 1 IVs
  WARNING: Fewer than 3 IVs remaining
  SKIPPING: Insufficient SNPs after F-statistic filter
  ERROR: no function to return from, jumping to top level 

============================================================
ANALYSIS [27/64]: eqtl-a-ENSG00000145321
============================================================

STEP 1: Extracting instrumental variables...
[RETRY] Attempt 1 failed: argument is of length zero - Retrying in 1 s...
[RETRY] Attempt 2 failed: argument is of length zero - Retrying in 2 s...
[ERROR] All 3 attempts failed. Last error: argument is of length zero 
  ERROR: No significant SNPs found (p < 5e-8) 

============================================================
ANALYSIS [28/64]: eqtl-a-ENSG00000100031
============================================================

STEP 1: Extracting instrumental variables...
  Extracted 1 IVs
  After EAF filter (0.01-0.99): 1 IVs
  After F-statistic filter (> 10 ): 1 IVs
  WARNING: Fewer than 3 IVs remaining
  SKIPPING: Insufficient SNPs after F-statistic filter
  ERROR: no function to return from, jumping to top level 

============================================================
ANALYSIS [29/64]: eqtl-a-ENSG00000119927
============================================================

STEP 1: Extracting instrumental variables...
  Extracted 1 IVs
  After EAF filter (0.01-0.99): 1 IVs
  After F-statistic filter (> 10 ): 1 IVs
  WARNING: Fewer than 3 IVs remaining
  SKIPPING: Insufficient SNPs after F-statistic filter
  ERROR: no function to return from, jumping to top level 

============================================================
ANALYSIS [30/64]: eqtl-a-ENSG00000233276
============================================================

STEP 1: Extracting instrumental variables...
  Extracted 1 IVs
  After EAF filter (0.01-0.99): 1 IVs
  After F-statistic filter (> 10 ): 1 IVs
  WARNING: Fewer than 3 IVs remaining
  SKIPPING: Insufficient SNPs after F-statistic filter
  ERROR: no function to return from, jumping to top level 

============================================================
ANALYSIS [31/64]: eqtl-a-ENSG00000084754
============================================================

STEP 1: Extracting instrumental variables...
  Extracted 2 IVs
  After EAF filter (0.01-0.99): 2 IVs
  After F-statistic filter (> 10 ): 2 IVs
  WARNING: Fewer than 3 IVs remaining
  SKIPPING: Insufficient SNPs after F-statistic filter
  ERROR: no function to return from, jumping to top level 

============================================================
ANALYSIS [32/64]: eqtl-a-ENSG00000113161
============================================================

STEP 1: Extracting instrumental variables...
  Extracted 4 IVs
  After EAF filter (0.01-0.99): 4 IVs
  After F-statistic filter (> 10 ): 4 IVs

STEP 2: Extracting outcome data...
Extracting data for 4 SNP(s) from 1 GWAS(s)
Querying id chunk 1 of 1
Querying variant chunk 1 of 1
Finding proxies for 1 SNPs in outcome ebi-a-GCST90091033
Extracting data for 1 SNP(s) from 1 GWAS(s)
Querying id chunk 1 of 1
Querying variant chunk 1 of 1
  Found 4 SNPs in outcome

STEP 3: Harmonising data...
Harmonising ENSG00000113161 || id:eqtl-a-ENSG00000113161 (eqtl-a-ENSG00000113161) and Nonalcoholic fatty liver disease || id:ebi-a-GCST90091033 (ebi-a-GCST90091033)
  Successfully harmonised 4 SNPs
  Checking exclusivity assumption (removing outcome-associated SNPs, p < 1e-5)...
    ✓ All SNPs pass exclusivity check (no outcome-associated SNPs)

STEP 4: Testing heterogeneity to select MR method...
  Heterogeneity methods: MR Egger, Inverse variance weighted 
  Heterogeneity results:
                     method         Q    Q_pval
1                  MR Egger 0.6860282 0.7096282
2 Inverse variance weighted 0.9723333 0.8079461
  Selected IVW Q_pval: 0.8079461 
  No significant heterogeneity (Q_pval = 0.808 ) → Using FIXED EFFECTS IVW

STEP 5: Running MR analysis...
Analysing 'eqtl-a-ENSG00000113161' on 'ebi-a-GCST90091033'
  Methods used: Inverse variance weighted (fixed effects), MR Egger, Weighted median, Weighted mode, Simple mode 

STEP 6: Pleiotropy test...

STEP 7: Steiger directionality test (fixed)...
  Adding r values for Steiger test...
  Steiger test completed successfully

STEP 8: MR-PRESSO analysis...
  Global Test result:
$RSSobs
[1] 1.436866

$Pvalue
[1] 0.854


STEP 9: Generating plots...
Scale for colour is already present.
Adding another scale for colour, which will replace the existing scale.
  ✓ Scatter plot saved (PNG + PDF)
Scale for colour is already present.
Adding another scale for colour, which will replace the existing scale.
  ✓ Forest plot saved (PNG + PDF + rsID.csv)
Scale for colour is already present.
Adding another scale for colour, which will replace the existing scale.
  ✓ Funnel plot saved (PNG + PDF)
Scale for colour is already present.
Adding another scale for colour, which will replace the existing scale.
  ✓ Leave-one-out plot saved (PNG + PDF)

STEP 10: Saving results...

✓ Analysis for eqtl-a-ENSG00000113161 completed successfully!

============================================================
ANALYSIS [33/64]: eqtl-a-ENSG00000108786
============================================================

STEP 1: Extracting instrumental variables...
  Extracted 1 IVs
  After EAF filter (0.01-0.99): 1 IVs
  After F-statistic filter (> 10 ): 1 IVs
  WARNING: Fewer than 3 IVs remaining
  SKIPPING: Insufficient SNPs after F-statistic filter
  ERROR: no function to return from, jumping to top level 

============================================================
ANALYSIS [34/64]: eqtl-a-ENSG00000186480
============================================================

STEP 1: Extracting instrumental variables...
  Extracted 9 IVs
  After EAF filter (0.01-0.99): 9 IVs
  After F-statistic filter (> 10 ): 9 IVs

STEP 2: Extracting outcome data...
Extracting data for 9 SNP(s) from 1 GWAS(s)
Querying id chunk 1 of 1
Querying variant chunk 1 of 1
  Found 9 SNPs in outcome

STEP 3: Harmonising data...
Harmonising ENSG00000186480 || id:eqtl-a-ENSG00000186480 (eqtl-a-ENSG00000186480) and Nonalcoholic fatty liver disease || id:ebi-a-GCST90091033 (ebi-a-GCST90091033)
Removing the following SNPs for being palindromic with intermediate allele frequencies:
rs12111603
  Successfully harmonised 9 SNPs
  Checking exclusivity assumption (removing outcome-associated SNPs, p < 1e-5)...
    ✓ All SNPs pass exclusivity check (no outcome-associated SNPs)

STEP 4: Testing heterogeneity to select MR method...
  Heterogeneity methods: MR Egger, Inverse variance weighted 
  Heterogeneity results:
                     method        Q    Q_pval
1                  MR Egger 6.621964 0.3572258
2 Inverse variance weighted 7.456223 0.3829704
  Selected IVW Q_pval: 0.3829704 
  No significant heterogeneity (Q_pval = 0.383 ) → Using FIXED EFFECTS IVW

STEP 5: Running MR analysis...
Analysing 'eqtl-a-ENSG00000186480' on 'ebi-a-GCST90091033'
  Methods used: Inverse variance weighted (fixed effects), MR Egger, Weighted median, Weighted mode, Simple mode 

STEP 6: Pleiotropy test...

STEP 7: Steiger directionality test (fixed)...
  Adding r values for Steiger test...
  Steiger test completed successfully

STEP 8: MR-PRESSO analysis...
  Global Test result:
$RSSobs
[1] 7.693007

$Pvalue
[1] 0.714


STEP 9: Generating plots...
Scale for colour is already present.
Adding another scale for colour, which will replace the existing scale.
  ✓ Scatter plot saved (PNG + PDF)
Scale for colour is already present.
Adding another scale for colour, which will replace the existing scale.
  ✓ Forest plot saved (PNG + PDF + rsID.csv)
Scale for colour is already present.
Adding another scale for colour, which will replace the existing scale.
  ✓ Funnel plot saved (PNG + PDF)
Scale for colour is already present.
Adding another scale for colour, which will replace the existing scale.
  ✓ Leave-one-out plot saved (PNG + PDF)

STEP 10: Saving results...

✓ Analysis for eqtl-a-ENSG00000186480 completed successfully!

============================================================
ANALYSIS [35/64]: eqtl-a-ENSG00000125629
============================================================

STEP 1: Extracting instrumental variables...
  Extracted 3 IVs
  After EAF filter (0.01-0.99): 3 IVs
  After F-statistic filter (> 10 ): 3 IVs

STEP 2: Extracting outcome data...
Extracting data for 3 SNP(s) from 1 GWAS(s)
Querying id chunk 1 of 1
Querying variant chunk 1 of 1
Finding proxies for 1 SNPs in outcome ebi-a-GCST90091033
Extracting data for 1 SNP(s) from 1 GWAS(s)
Querying id chunk 1 of 1
Querying variant chunk 1 of 1
  Found 3 SNPs in outcome

STEP 3: Harmonising data...
Harmonising ENSG00000125629 || id:eqtl-a-ENSG00000125629 (eqtl-a-ENSG00000125629) and Nonalcoholic fatty liver disease || id:ebi-a-GCST90091033 (ebi-a-GCST90091033)
  Successfully harmonised 3 SNPs
  Checking exclusivity assumption (removing outcome-associated SNPs, p < 1e-5)...
    ✓ All SNPs pass exclusivity check (no outcome-associated SNPs)

STEP 4: Testing heterogeneity to select MR method...
  Heterogeneity methods: MR Egger, Inverse variance weighted 
  Heterogeneity results:
                     method        Q     Q_pval
1                  MR Egger 3.236992 0.07199272
2 Inverse variance weighted 4.088651 0.12946750
  Selected IVW Q_pval: 0.1294675 
  No significant heterogeneity (Q_pval = 0.129 ) → Using FIXED EFFECTS IVW

STEP 5: Running MR analysis...
Analysing 'eqtl-a-ENSG00000125629' on 'ebi-a-GCST90091033'
  Methods used: Inverse variance weighted (fixed effects), MR Egger, Weighted median, Weighted mode, Simple mode 

STEP 6: Pleiotropy test...

STEP 7: Steiger directionality test (fixed)...
  Adding r values for Steiger test...
  Steiger test completed successfully

STEP 8: MR-PRESSO analysis...
  SKIP: Not enough SNPs for MR-PRESSO (need at least 4)

STEP 9: Generating plots...
Scale for colour is already present.
Adding another scale for colour, which will replace the existing scale.
  ✓ Scatter plot saved (PNG + PDF)
Scale for colour is already present.
Adding another scale for colour, which will replace the existing scale.
  ✓ Forest plot saved (PNG + PDF + rsID.csv)
Scale for colour is already present.
Adding another scale for colour, which will replace the existing scale.
  ✓ Funnel plot saved (PNG + PDF)
Scale for colour is already present.
Adding another scale for colour, which will replace the existing scale.
  ✓ Leave-one-out plot saved (PNG + PDF)

STEP 10: Saving results...

✓ Analysis for eqtl-a-ENSG00000125629 completed successfully!

============================================================
ANALYSIS [36/64]: eqtl-a-ENSG00000079435
============================================================

STEP 1: Extracting instrumental variables...
  Extracted 1 IVs
  After EAF filter (0.01-0.99): 1 IVs
  After F-statistic filter (> 10 ): 1 IVs
  WARNING: Fewer than 3 IVs remaining
  SKIPPING: Insufficient SNPs after F-statistic filter
  ERROR: no function to return from, jumping to top level 

============================================================
ANALYSIS [37/64]: eqtl-a-ENSG00000125505
============================================================

STEP 1: Extracting instrumental variables...
  Extracted 2 IVs
  After EAF filter (0.01-0.99): 2 IVs
  After F-statistic filter (> 10 ): 2 IVs
  WARNING: Fewer than 3 IVs remaining
  SKIPPING: Insufficient SNPs after F-statistic filter
  ERROR: no function to return from, jumping to top level 

============================================================
ANALYSIS [38/64]: eqtl-a-ENSG00000277733
============================================================

STEP 1: Extracting instrumental variables...
[RETRY] Attempt 1 failed: argument is of length zero - Retrying in 1 s...
[RETRY] Attempt 2 failed: argument is of length zero - Retrying in 2 s...
[ERROR] All 3 attempts failed. Last error: argument is of length zero 
  ERROR: No significant SNPs found (p < 5e-8) 

============================================================
ANALYSIS [39/64]: eqtl-a-ENSG00000277025
============================================================

STEP 1: Extracting instrumental variables...
[RETRY] Attempt 1 failed: argument is of length zero - Retrying in 1 s...
[RETRY] Attempt 2 failed: argument is of length zero - Retrying in 2 s...
[ERROR] All 3 attempts failed. Last error: argument is of length zero 
  ERROR: No significant SNPs found (p < 5e-8) 

============================================================
ANALYSIS [40/64]: eqtl-a-ENSG00000278519
============================================================

STEP 1: Extracting instrumental variables...
[RETRY] Attempt 1 failed: argument is of length zero - Retrying in 1 s...
[RETRY] Attempt 2 failed: argument is of length zero - Retrying in 2 s...
[ERROR] All 3 attempts failed. Last error: argument is of length zero 
  ERROR: No significant SNPs found (p < 5e-8) 

============================================================
ANALYSIS [41/64]: eqtl-a-ENSG00000277923
============================================================

STEP 1: Extracting instrumental variables...
[RETRY] Attempt 1 failed: argument is of length zero - Retrying in 1 s...
[RETRY] Attempt 2 failed: argument is of length zero - Retrying in 2 s...
[ERROR] All 3 attempts failed. Last error: argument is of length zero 
  ERROR: No significant SNPs found (p < 5e-8) 

============================================================
ANALYSIS [42/64]: eqtl-a-ENSG00000278322
============================================================

STEP 1: Extracting instrumental variables...
[RETRY] Attempt 1 failed: argument is of length zero - Retrying in 1 s...
[RETRY] Attempt 2 failed: argument is of length zero - Retrying in 2 s...
[ERROR] All 3 attempts failed. Last error: argument is of length zero 
  ERROR: No significant SNPs found (p < 5e-8) 

============================================================
ANALYSIS [43/64]: eqtl-a-ENSG00000276935
============================================================

STEP 1: Extracting instrumental variables...
[RETRY] Attempt 1 failed: argument is of length zero - Retrying in 1 s...
[RETRY] Attempt 2 failed: argument is of length zero - Retrying in 2 s...
[ERROR] All 3 attempts failed. Last error: argument is of length zero 
  ERROR: No significant SNPs found (p < 5e-8) 

============================================================
ANALYSIS [44/64]: eqtl-a-ENSG00000275118
============================================================

STEP 1: Extracting instrumental variables...
[RETRY] Attempt 1 failed: argument is of length zero - Retrying in 1 s...
[RETRY] Attempt 2 failed: argument is of length zero - Retrying in 2 s...
[ERROR] All 3 attempts failed. Last error: argument is of length zero 
  ERROR: No significant SNPs found (p < 5e-8) 

============================================================
ANALYSIS [45/64]: eqtl-a-ENSG00000273592
============================================================

STEP 1: Extracting instrumental variables...
[RETRY] Attempt 1 failed: argument is of length zero - Retrying in 1 s...
[RETRY] Attempt 2 failed: argument is of length zero - Retrying in 2 s...
[ERROR] All 3 attempts failed. Last error: argument is of length zero 
  ERROR: No significant SNPs found (p < 5e-8) 

============================================================
ANALYSIS [46/64]: eqtl-a-ENSG00000274194
============================================================

STEP 1: Extracting instrumental variables...
[RETRY] Attempt 1 failed: argument is of length zero - Retrying in 1 s...
[RETRY] Attempt 2 failed: argument is of length zero - Retrying in 2 s...
[ERROR] All 3 attempts failed. Last error: argument is of length zero 
  ERROR: No significant SNPs found (p < 5e-8) 

============================================================
ANALYSIS [47/64]: eqtl-a-ENSG00000131408
============================================================

STEP 1: Extracting instrumental variables...
  Extracted 1 IVs
  After EAF filter (0.01-0.99): 1 IVs
  After F-statistic filter (> 10 ): 1 IVs
  WARNING: Fewer than 3 IVs remaining
  SKIPPING: Insufficient SNPs after F-statistic filter
  ERROR: no function to return from, jumping to top level 

============================================================
ANALYSIS [48/64]: eqtl-a-ENSG00000145675
============================================================

STEP 1: Extracting instrumental variables...
  Extracted 4 IVs
  After EAF filter (0.01-0.99): 4 IVs
  After F-statistic filter (> 10 ): 4 IVs

STEP 2: Extracting outcome data...
Extracting data for 4 SNP(s) from 1 GWAS(s)
Querying id chunk 1 of 1
Querying variant chunk 1 of 1
  Found 4 SNPs in outcome

STEP 3: Harmonising data...
Harmonising ENSG00000145675 || id:eqtl-a-ENSG00000145675 (eqtl-a-ENSG00000145675) and Nonalcoholic fatty liver disease || id:ebi-a-GCST90091033 (ebi-a-GCST90091033)
  Successfully harmonised 4 SNPs
  Checking exclusivity assumption (removing outcome-associated SNPs, p < 1e-5)...
    ✓ All SNPs pass exclusivity check (no outcome-associated SNPs)

STEP 4: Testing heterogeneity to select MR method...
  Heterogeneity methods: MR Egger, Inverse variance weighted 
  Heterogeneity results:
                     method         Q    Q_pval
1                  MR Egger 0.3400256 0.8436540
2 Inverse variance weighted 0.4667489 0.9261334
  Selected IVW Q_pval: 0.9261334 
  No significant heterogeneity (Q_pval = 0.926 ) → Using FIXED EFFECTS IVW

STEP 5: Running MR analysis...
Analysing 'eqtl-a-ENSG00000145675' on 'ebi-a-GCST90091033'
  Methods used: Inverse variance weighted (fixed effects), MR Egger, Weighted median, Weighted mode, Simple mode 

STEP 6: Pleiotropy test...

STEP 7: Steiger directionality test (fixed)...
  Adding r values for Steiger test...
  Steiger test completed successfully

STEP 8: MR-PRESSO analysis...
  Global Test result:
$RSSobs
[1] 0.829888

$Pvalue
[1] 0.927


STEP 9: Generating plots...
Scale for colour is already present.
Adding another scale for colour, which will replace the existing scale.
  ✓ Scatter plot saved (PNG + PDF)
Scale for colour is already present.
Adding another scale for colour, which will replace the existing scale.
  ✓ Forest plot saved (PNG + PDF + rsID.csv)
Scale for colour is already present.
Adding another scale for colour, which will replace the existing scale.
  ✓ Funnel plot saved (PNG + PDF)
Scale for colour is already present.
Adding another scale for colour, which will replace the existing scale.
  ✓ Leave-one-out plot saved (PNG + PDF)

STEP 10: Saving results...

✓ Analysis for eqtl-a-ENSG00000145675 completed successfully!

============================================================
ANALYSIS [49/64]: eqtl-a-ENSG00000109819
============================================================

STEP 1: Extracting instrumental variables...
  Extracted 4 IVs
  After EAF filter (0.01-0.99): 4 IVs
  After F-statistic filter (> 10 ): 4 IVs

STEP 2: Extracting outcome data...
Extracting data for 4 SNP(s) from 1 GWAS(s)
Querying id chunk 1 of 1
Querying variant chunk 1 of 1
  Found 4 SNPs in outcome

STEP 3: Harmonising data...
Harmonising ENSG00000109819 || id:eqtl-a-ENSG00000109819 (eqtl-a-ENSG00000109819) and Nonalcoholic fatty liver disease || id:ebi-a-GCST90091033 (ebi-a-GCST90091033)
  Successfully harmonised 4 SNPs
  Checking exclusivity assumption (removing outcome-associated SNPs, p < 1e-5)...
    ✓ All SNPs pass exclusivity check (no outcome-associated SNPs)

STEP 4: Testing heterogeneity to select MR method...
  Heterogeneity methods: MR Egger, Inverse variance weighted 
  Heterogeneity results:
                     method        Q    Q_pval
1                  MR Egger 4.061485 0.1312380
2 Inverse variance weighted 4.300706 0.2307707
  Selected IVW Q_pval: 0.2307707 
  No significant heterogeneity (Q_pval = 0.231 ) → Using FIXED EFFECTS IVW

STEP 5: Running MR analysis...
Analysing 'eqtl-a-ENSG00000109819' on 'ebi-a-GCST90091033'
  Methods used: Inverse variance weighted (fixed effects), MR Egger, Weighted median, Weighted mode, Simple mode 

STEP 6: Pleiotropy test...

STEP 7: Steiger directionality test (fixed)...
  Adding r values for Steiger test...
  Steiger test completed successfully

STEP 8: MR-PRESSO analysis...
  Global Test result:
$RSSobs
[1] 24.78502

$Pvalue
[1] 0.485


STEP 9: Generating plots...
Scale for colour is already present.
Adding another scale for colour, which will replace the existing scale.
  ✓ Scatter plot saved (PNG + PDF)
Scale for colour is already present.
Adding another scale for colour, which will replace the existing scale.
  ✓ Forest plot saved (PNG + PDF + rsID.csv)
Scale for colour is already present.
Adding another scale for colour, which will replace the existing scale.
  ✓ Funnel plot saved (PNG + PDF)
Scale for colour is already present.
Adding another scale for colour, which will replace the existing scale.
  ✓ Leave-one-out plot saved (PNG + PDF)

STEP 10: Saving results...

✓ Analysis for eqtl-a-ENSG00000109819 completed successfully!

============================================================
ANALYSIS [50/64]: eqtl-a-ENSG00000172531
============================================================

STEP 1: Extracting instrumental variables...
  Extracted 2 IVs
  After EAF filter (0.01-0.99): 2 IVs
  After F-statistic filter (> 10 ): 2 IVs
  WARNING: Fewer than 3 IVs remaining
  SKIPPING: Insufficient SNPs after F-statistic filter
  ERROR: no function to return from, jumping to top level 

============================================================
ANALYSIS [51/64]: eqtl-a-ENSG00000213639
============================================================

STEP 1: Extracting instrumental variables...
  Extracted 2 IVs
  After EAF filter (0.01-0.99): 2 IVs
  After F-statistic filter (> 10 ): 2 IVs
  WARNING: Fewer than 3 IVs remaining
  SKIPPING: Insufficient SNPs after F-statistic filter
  ERROR: no function to return from, jumping to top level 

============================================================
ANALYSIS [52/64]: eqtl-a-ENSG00000131791
============================================================

STEP 1: Extracting instrumental variables...
  Extracted 3 IVs
  After EAF filter (0.01-0.99): 3 IVs
  After F-statistic filter (> 10 ): 3 IVs

STEP 2: Extracting outcome data...
Extracting data for 3 SNP(s) from 1 GWAS(s)
Querying id chunk 1 of 1
Querying variant chunk 1 of 1
Finding proxies for 1 SNPs in outcome ebi-a-GCST90091033
Extracting data for 1 SNP(s) from 1 GWAS(s)
Querying id chunk 1 of 1
Querying variant chunk 1 of 1
  Found 3 SNPs in outcome

STEP 3: Harmonising data...
Harmonising ENSG00000131791 || id:eqtl-a-ENSG00000131791 (eqtl-a-ENSG00000131791) and Nonalcoholic fatty liver disease || id:ebi-a-GCST90091033 (ebi-a-GCST90091033)
  Successfully harmonised 3 SNPs
  Checking exclusivity assumption (removing outcome-associated SNPs, p < 1e-5)...
    ✓ All SNPs pass exclusivity check (no outcome-associated SNPs)

STEP 4: Testing heterogeneity to select MR method...
  Heterogeneity methods: MR Egger, Inverse variance weighted 
  Heterogeneity results:
                     method         Q    Q_pval
1                  MR Egger 0.2578675 0.6115890
2 Inverse variance weighted 0.5046361 0.7769976
  Selected IVW Q_pval: 0.7769976 
  No significant heterogeneity (Q_pval = 0.777 ) → Using FIXED EFFECTS IVW

STEP 5: Running MR analysis...
Analysing 'eqtl-a-ENSG00000131791' on 'ebi-a-GCST90091033'
  Methods used: Inverse variance weighted (fixed effects), MR Egger, Weighted median, Weighted mode, Simple mode 

STEP 6: Pleiotropy test...

STEP 7: Steiger directionality test (fixed)...
  Adding r values for Steiger test...
  Steiger test completed successfully

STEP 8: MR-PRESSO analysis...
  SKIP: Not enough SNPs for MR-PRESSO (need at least 4)

STEP 9: Generating plots...
Scale for colour is already present.
Adding another scale for colour, which will replace the existing scale.
  ✓ Scatter plot saved (PNG + PDF)
Scale for colour is already present.
Adding another scale for colour, which will replace the existing scale.
  ✓ Forest plot saved (PNG + PDF + rsID.csv)
Scale for colour is already present.
Adding another scale for colour, which will replace the existing scale.
  ✓ Funnel plot saved (PNG + PDF)
Scale for colour is already present.
Adding another scale for colour, which will replace the existing scale.
  ✓ Leave-one-out plot saved (PNG + PDF)

STEP 10: Saving results...

✓ Analysis for eqtl-a-ENSG00000131791 completed successfully!

============================================================
ANALYSIS [53/64]: eqtl-a-ENSG00000073756
============================================================

STEP 1: Extracting instrumental variables...
  Extracted 9 IVs
  After EAF filter (0.01-0.99): 9 IVs
  After F-statistic filter (> 10 ): 9 IVs

STEP 2: Extracting outcome data...
Extracting data for 9 SNP(s) from 1 GWAS(s)
Querying id chunk 1 of 1
Querying variant chunk 1 of 1
  Found 9 SNPs in outcome

STEP 3: Harmonising data...
Harmonising ENSG00000073756 || id:eqtl-a-ENSG00000073756 (eqtl-a-ENSG00000073756) and Nonalcoholic fatty liver disease || id:ebi-a-GCST90091033 (ebi-a-GCST90091033)
  Successfully harmonised 9 SNPs
  Checking exclusivity assumption (removing outcome-associated SNPs, p < 1e-5)...
    ✓ All SNPs pass exclusivity check (no outcome-associated SNPs)

STEP 4: Testing heterogeneity to select MR method...
  Heterogeneity methods: MR Egger, Inverse variance weighted 
  Heterogeneity results:
                     method        Q    Q_pval
1                  MR Egger 5.567452 0.5910609
2 Inverse variance weighted 7.218253 0.5132785
  Selected IVW Q_pval: 0.5132785 
  No significant heterogeneity (Q_pval = 0.513 ) → Using FIXED EFFECTS IVW

STEP 5: Running MR analysis...
Analysing 'eqtl-a-ENSG00000073756' on 'ebi-a-GCST90091033'
  Methods used: Inverse variance weighted (fixed effects), MR Egger, Weighted median, Weighted mode, Simple mode 

STEP 6: Pleiotropy test...

STEP 7: Steiger directionality test (fixed)...
  Adding r values for Steiger test...
  Steiger test completed successfully

STEP 8: MR-PRESSO analysis...
  Global Test result:
$RSSobs
[1] 11.50987

$Pvalue
[1] 0.434


STEP 9: Generating plots...
Scale for colour is already present.
Adding another scale for colour, which will replace the existing scale.
  ✓ Scatter plot saved (PNG + PDF)
Scale for colour is already present.
Adding another scale for colour, which will replace the existing scale.
  ✓ Forest plot saved (PNG + PDF + rsID.csv)
Scale for colour is already present.
Adding another scale for colour, which will replace the existing scale.
  ✓ Funnel plot saved (PNG + PDF)
Scale for colour is already present.
Adding another scale for colour, which will replace the existing scale.
  ✓ Leave-one-out plot saved (PNG + PDF)

STEP 10: Saving results...

✓ Analysis for eqtl-a-ENSG00000073756 completed successfully!

============================================================
ANALYSIS [54/64]: eqtl-a-ENSG00000069667
============================================================

STEP 1: Extracting instrumental variables...
  Extracted 3 IVs
  After EAF filter (0.01-0.99): 3 IVs
  After F-statistic filter (> 10 ): 3 IVs

STEP 2: Extracting outcome data...
Extracting data for 3 SNP(s) from 1 GWAS(s)
Querying id chunk 1 of 1
Querying variant chunk 1 of 1
  Found 3 SNPs in outcome

STEP 3: Harmonising data...
Harmonising ENSG00000069667 || id:eqtl-a-ENSG00000069667 (eqtl-a-ENSG00000069667) and Nonalcoholic fatty liver disease || id:ebi-a-GCST90091033 (ebi-a-GCST90091033)
  Successfully harmonised 3 SNPs
  Checking exclusivity assumption (removing outcome-associated SNPs, p < 1e-5)...
    ✓ All SNPs pass exclusivity check (no outcome-associated SNPs)

STEP 4: Testing heterogeneity to select MR method...
  Heterogeneity methods: MR Egger, Inverse variance weighted 
  Heterogeneity results:
                     method         Q    Q_pval
1                  MR Egger 0.3232490 0.5696616
2 Inverse variance weighted 0.4140321 0.8130066
  Selected IVW Q_pval: 0.8130066 
  No significant heterogeneity (Q_pval = 0.813 ) → Using FIXED EFFECTS IVW

STEP 5: Running MR analysis...
Analysing 'eqtl-a-ENSG00000069667' on 'ebi-a-GCST90091033'
  Methods used: Inverse variance weighted (fixed effects), MR Egger, Weighted median, Weighted mode, Simple mode 

STEP 6: Pleiotropy test...

STEP 7: Steiger directionality test (fixed)...
  Adding r values for Steiger test...
  Steiger test completed successfully

STEP 8: MR-PRESSO analysis...
  SKIP: Not enough SNPs for MR-PRESSO (need at least 4)

STEP 9: Generating plots...
Scale for colour is already present.
Adding another scale for colour, which will replace the existing scale.
  ✓ Scatter plot saved (PNG + PDF)
Scale for colour is already present.
Adding another scale for colour, which will replace the existing scale.
  ✓ Forest plot saved (PNG + PDF + rsID.csv)
Scale for colour is already present.
Adding another scale for colour, which will replace the existing scale.
  ✓ Funnel plot saved (PNG + PDF)
Scale for colour is already present.
Adding another scale for colour, which will replace the existing scale.
  ✓ Leave-one-out plot saved (PNG + PDF)

STEP 10: Saving results...

✓ Analysis for eqtl-a-ENSG00000069667 completed successfully!

============================================================
ANALYSIS [55/64]: eqtl-a-ENSG00000099194
============================================================

STEP 1: Extracting instrumental variables...
  Extracted 6 IVs
  After EAF filter (0.01-0.99): 6 IVs
  After F-statistic filter (> 10 ): 6 IVs

STEP 2: Extracting outcome data...
Extracting data for 6 SNP(s) from 1 GWAS(s)
Querying id chunk 1 of 1
Querying variant chunk 1 of 1
  Found 6 SNPs in outcome

STEP 3: Harmonising data...
Harmonising ENSG00000099194 || id:eqtl-a-ENSG00000099194 (eqtl-a-ENSG00000099194) and Nonalcoholic fatty liver disease || id:ebi-a-GCST90091033 (ebi-a-GCST90091033)
  Successfully harmonised 6 SNPs
  Checking exclusivity assumption (removing outcome-associated SNPs, p < 1e-5)...
    ✓ All SNPs pass exclusivity check (no outcome-associated SNPs)

STEP 4: Testing heterogeneity to select MR method...
  Heterogeneity methods: MR Egger, Inverse variance weighted 
  Heterogeneity results:
                     method        Q    Q_pval
1                  MR Egger 5.060622 0.2811336
2 Inverse variance weighted 5.750992 0.3312074
  Selected IVW Q_pval: 0.3312074 
  No significant heterogeneity (Q_pval = 0.331 ) → Using FIXED EFFECTS IVW

STEP 5: Running MR analysis...
Analysing 'eqtl-a-ENSG00000099194' on 'ebi-a-GCST90091033'
  Methods used: Inverse variance weighted (fixed effects), MR Egger, Weighted median, Weighted mode, Simple mode 

STEP 6: Pleiotropy test...

STEP 7: Steiger directionality test (fixed)...
  Adding r values for Steiger test...
  Steiger test completed successfully

STEP 8: MR-PRESSO analysis...
  Global Test result:
$RSSobs
[1] 7.610216

$Pvalue
[1] 0.4


STEP 9: Generating plots...
Scale for colour is already present.
Adding another scale for colour, which will replace the existing scale.
  ✓ Scatter plot saved (PNG + PDF)
Scale for colour is already present.
Adding another scale for colour, which will replace the existing scale.
  ✓ Forest plot saved (PNG + PDF + rsID.csv)
Scale for colour is already present.
Adding another scale for colour, which will replace the existing scale.
  ✓ Funnel plot saved (PNG + PDF)
Scale for colour is already present.
Adding another scale for colour, which will replace the existing scale.
  ✓ Leave-one-out plot saved (PNG + PDF)

STEP 10: Saving results...

✓ Analysis for eqtl-a-ENSG00000099194 completed successfully!

============================================================
ANALYSIS [56/64]: eqtl-a-ENSG00000126821
============================================================

STEP 1: Extracting instrumental variables...
  Extracted 1 IVs
  After EAF filter (0.01-0.99): 1 IVs
  After F-statistic filter (> 10 ): 1 IVs
  WARNING: Fewer than 3 IVs remaining
  SKIPPING: Insufficient SNPs after F-statistic filter
  ERROR: no function to return from, jumping to top level 

============================================================
ANALYSIS [57/64]: eqtl-a-ENSG00000285281
============================================================

STEP 1: Extracting instrumental variables...
[RETRY] Attempt 1 failed: argument is of length zero - Retrying in 1 s...
[RETRY] Attempt 2 failed: argument is of length zero - Retrying in 2 s...
[ERROR] All 3 attempts failed. Last error: argument is of length zero 
  ERROR: No significant SNPs found (p < 5e-8) 

============================================================
ANALYSIS [58/64]: eqtl-a-ENSG00000166311
============================================================

STEP 1: Extracting instrumental variables...
  Extracted 2 IVs
  After EAF filter (0.01-0.99): 2 IVs
  After F-statistic filter (> 10 ): 2 IVs
  WARNING: Fewer than 3 IVs remaining
  SKIPPING: Insufficient SNPs after F-statistic filter
  ERROR: no function to return from, jumping to top level 

============================================================
ANALYSIS [59/64]: eqtl-a-ENSG00000103056
============================================================

STEP 1: Extracting instrumental variables...
  Extracted 1 IVs
  After EAF filter (0.01-0.99): 1 IVs
  After F-statistic filter (> 10 ): 1 IVs
  WARNING: Fewer than 3 IVs remaining
  SKIPPING: Insufficient SNPs after F-statistic filter
  ERROR: no function to return from, jumping to top level 

============================================================
ANALYSIS [60/64]: eqtl-a-ENSG00000176170
============================================================

STEP 1: Extracting instrumental variables...
  Extracted 4 IVs
  After EAF filter (0.01-0.99): 4 IVs
  After F-statistic filter (> 10 ): 4 IVs

STEP 2: Extracting outcome data...
Extracting data for 4 SNP(s) from 1 GWAS(s)
Querying id chunk 1 of 1
Querying variant chunk 1 of 1
Finding proxies for 1 SNPs in outcome ebi-a-GCST90091033
Extracting data for 1 SNP(s) from 1 GWAS(s)
Querying id chunk 1 of 1
Querying variant chunk 1 of 1
  Found 4 SNPs in outcome

STEP 3: Harmonising data...
Harmonising ENSG00000176170 || id:eqtl-a-ENSG00000176170 (eqtl-a-ENSG00000176170) and Nonalcoholic fatty liver disease || id:ebi-a-GCST90091033 (ebi-a-GCST90091033)
  Successfully harmonised 4 SNPs
  Checking exclusivity assumption (removing outcome-associated SNPs, p < 1e-5)...
    ✓ All SNPs pass exclusivity check (no outcome-associated SNPs)

STEP 4: Testing heterogeneity to select MR method...
  Heterogeneity methods: MR Egger, Inverse variance weighted 
  Heterogeneity results:
                     method         Q    Q_pval
1                  MR Egger 0.9547041 0.6204241
2 Inverse variance weighted 3.2711179 0.3516828
  Selected IVW Q_pval: 0.3516828 
  No significant heterogeneity (Q_pval = 0.352 ) → Using FIXED EFFECTS IVW

STEP 5: Running MR analysis...
Analysing 'eqtl-a-ENSG00000176170' on 'ebi-a-GCST90091033'
  Methods used: Inverse variance weighted (fixed effects), MR Egger, Weighted median, Weighted mode, Simple mode 

STEP 6: Pleiotropy test...

STEP 7: Steiger directionality test (fixed)...
  Adding r values for Steiger test...
  Steiger test completed successfully

STEP 8: MR-PRESSO analysis...
  Global Test result:
$RSSobs
[1] 18.31537

$Pvalue
[1] 0.465


STEP 9: Generating plots...
Scale for colour is already present.
Adding another scale for colour, which will replace the existing scale.
  ✓ Scatter plot saved (PNG + PDF)
Scale for colour is already present.
Adding another scale for colour, which will replace the existing scale.
  ✓ Forest plot saved (PNG + PDF + rsID.csv)
Scale for colour is already present.
Adding another scale for colour, which will replace the existing scale.
  ✓ Funnel plot saved (PNG + PDF)
Scale for colour is already present.
Adding another scale for colour, which will replace the existing scale.
  ✓ Leave-one-out plot saved (PNG + PDF)

STEP 10: Saving results...

✓ Analysis for eqtl-a-ENSG00000176170 completed successfully!

============================================================
ANALYSIS [61/64]: eqtl-a-ENSG00000072310
============================================================

STEP 1: Extracting instrumental variables...
  Extracted 1 IVs
  After EAF filter (0.01-0.99): 1 IVs
  After F-statistic filter (> 10 ): 1 IVs
  WARNING: Fewer than 3 IVs remaining
  SKIPPING: Insufficient SNPs after F-statistic filter
  ERROR: no function to return from, jumping to top level 

============================================================
ANALYSIS [62/64]: eqtl-a-ENSG00000198911
============================================================

STEP 1: Extracting instrumental variables...
  Extracted 1 IVs
  After EAF filter (0.01-0.99): 1 IVs
  After F-statistic filter (> 10 ): 1 IVs
  WARNING: Fewer than 3 IVs remaining
  SKIPPING: Insufficient SNPs after F-statistic filter
  ERROR: no function to return from, jumping to top level 

============================================================
ANALYSIS [63/64]: eqtl-a-ENSG00000100300
============================================================

STEP 1: Extracting instrumental variables...
  Extracted 4 IVs
  After EAF filter (0.01-0.99): 4 IVs
  After F-statistic filter (> 10 ): 4 IVs

STEP 2: Extracting outcome data...
Extracting data for 4 SNP(s) from 1 GWAS(s)
Querying id chunk 1 of 1
Querying variant chunk 1 of 1
Finding proxies for 1 SNPs in outcome ebi-a-GCST90091033
Extracting data for 1 SNP(s) from 1 GWAS(s)
Querying id chunk 1 of 1
Querying variant chunk 1 of 1
  Found 4 SNPs in outcome

STEP 3: Harmonising data...
Harmonising ENSG00000100300 || id:eqtl-a-ENSG00000100300 (eqtl-a-ENSG00000100300) and Nonalcoholic fatty liver disease || id:ebi-a-GCST90091033 (ebi-a-GCST90091033)
  Successfully harmonised 4 SNPs
  Checking exclusivity assumption (removing outcome-associated SNPs, p < 1e-5)...
    ✓ All SNPs pass exclusivity check (no outcome-associated SNPs)

STEP 4: Testing heterogeneity to select MR method...
  Heterogeneity methods: MR Egger, Inverse variance weighted 
  Heterogeneity results:
                     method         Q      Q_pval
1                  MR Egger  6.307629 0.042688974
2 Inverse variance weighted 11.640880 0.008720284
  Selected IVW Q_pval: 0.008720284 
  Heterogeneity detected (Q_pval = 0.00872 ) → Using RANDOM EFFECTS IVW

STEP 5: Running MR analysis...
Analysing 'eqtl-a-ENSG00000100300' on 'ebi-a-GCST90091033'
  Methods used: Inverse variance weighted (multiplicative random effects), MR Egger, Weighted median, Weighted mode, Simple mode 

STEP 6: Pleiotropy test...

STEP 7: Steiger directionality test (fixed)...
  Adding r values for Steiger test...
  Steiger test completed successfully

STEP 8: MR-PRESSO analysis...
  Global Test result:
$RSSobs
[1] 13.59673

$Pvalue
[1] 0.191


STEP 9: Generating plots...
Scale for colour is already present.
Adding another scale for colour, which will replace the existing scale.
  ✓ Scatter plot saved (PNG + PDF)
Scale for colour is already present.
Adding another scale for colour, which will replace the existing scale.
  ✓ Forest plot saved (PNG + PDF + rsID.csv)
Scale for colour is already present.
Adding another scale for colour, which will replace the existing scale.
  ✓ Funnel plot saved (PNG + PDF)
Scale for colour is already present.
Adding another scale for colour, which will replace the existing scale.
  ✓ Leave-one-out plot saved (PNG + PDF)

STEP 10: Saving results...

✓ Analysis for eqtl-a-ENSG00000100300 completed successfully!

============================================================
ANALYSIS [64/64]: eqtl-a-ENSG00000198431
============================================================

STEP 1: Extracting instrumental variables...
  Extracted 3 IVs
  After EAF filter (0.01-0.99): 3 IVs
  After F-statistic filter (> 10 ): 3 IVs

STEP 2: Extracting outcome data...
Extracting data for 3 SNP(s) from 1 GWAS(s)
Querying id chunk 1 of 1
Querying variant chunk 1 of 1
  Found 3 SNPs in outcome

STEP 3: Harmonising data...
Harmonising ENSG00000198431 || id:eqtl-a-ENSG00000198431 (eqtl-a-ENSG00000198431) and Nonalcoholic fatty liver disease || id:ebi-a-GCST90091033 (ebi-a-GCST90091033)
Removing the following SNPs for being palindromic with intermediate allele frequencies:
rs11111979
  Successfully harmonised 3 SNPs
  Checking exclusivity assumption (removing outcome-associated SNPs, p < 1e-5)...
    ✓ All SNPs pass exclusivity check (no outcome-associated SNPs)

STEP 4: Testing heterogeneity to select MR method...
  Heterogeneity methods: Inverse variance weighted 
  Heterogeneity results:
                     method         Q    Q_pval
1 Inverse variance weighted 0.9426903 0.3315869
  Selected IVW Q_pval: 0.3315869 
  No significant heterogeneity (Q_pval = 0.332 ) → Using FIXED EFFECTS IVW

STEP 5: Running MR analysis...
Analysing 'eqtl-a-ENSG00000198431' on 'ebi-a-GCST90091033'
  Methods used: Inverse variance weighted (fixed effects) 

STEP 6: Pleiotropy test...

STEP 7: Steiger directionality test (fixed)...
  Adding r values for Steiger test...
  Steiger test completed successfully

STEP 8: MR-PRESSO analysis...
  SKIP: Not enough SNPs for MR-PRESSO (need at least 4)

STEP 9: Generating plots...
Scale for colour is already present.
Adding another scale for colour, which will replace the existing scale.
  ✓ Scatter plot saved (PNG + PDF)
Scale for colour is already present.
Adding another scale for colour, which will replace the existing scale.
  ✓ Forest plot saved (PNG + PDF + rsID.csv)
Scale for colour is already present.
Adding another scale for colour, which will replace the existing scale.
  ✓ Funnel plot saved (PNG + PDF)
  ✓ Leave-one-out plot saved (PNG + PDF)

STEP 10: Saving results...

✓ Analysis for eqtl-a-ENSG00000198431 completed successfully!
There were 50 or more warnings (use warnings() to see the first 50)

============================================================
COMPREHENSIVE ANALYSIS REPORT - eQTL MR ANALYSIS
============================================================

STUDY OVERVIEW:
• Exposures: eQTL (expression quantitative trait loci) genetic variants
• Total exposures processed: 64 
• Successfully analyzed: 20 
• Failed: 44 
• Outcome: ebi-a-GCST90091033 

MAIN MR RESULTS (IVW method):
                 exposure n_snps    beta     se p_value    OR          CI_95
1  eqtl-a-ENSG00000108846     18 -0.0041 0.0161   0.798 0.996 [0.965, 1.028]
2  eqtl-a-ENSG00000112304      5 -0.0095 0.0434   0.827 0.991  [0.91, 1.078]
3  eqtl-a-ENSG00000106546      5  0.0557 0.0370   0.133 1.057 [0.983, 1.137]
4  eqtl-a-ENSG00000090661      3 -0.0044 0.0361   0.902 0.996 [0.928, 1.069]
5  eqtl-a-ENSG00000185000      3 -0.0932 0.0541  0.0852 0.911 [0.819, 1.013]
6  eqtl-a-ENSG00000116133      4  0.0120 0.0438   0.784 1.012 [0.929, 1.103]
7  eqtl-a-ENSG00000134824      4  0.0142 0.0171   0.407 1.014 [0.981, 1.049]
8  eqtl-a-ENSG00000079459      8 -0.0337 0.0170  0.0465 0.967 [0.935, 0.999]
9  eqtl-a-ENSG00000113161      4  0.0022 0.0704   0.975 1.002  [0.873, 1.15]
10 eqtl-a-ENSG00000186480      8 -0.0086 0.0565   0.879 0.991 [0.888, 1.107]
11 eqtl-a-ENSG00000125629      3  0.0445 0.0603   0.461 1.045 [0.929, 1.177]
12 eqtl-a-ENSG00000145675      4 -0.0134 0.0694   0.846 0.987  [0.861, 1.13]
13 eqtl-a-ENSG00000109819      4 -0.0118 0.0261   0.649 0.988  [0.939, 1.04]
14 eqtl-a-ENSG00000131791      3 -0.0331 0.0361    0.36 0.967 [0.901, 1.038]
15 eqtl-a-ENSG00000073756      9  0.0355 0.0352   0.313 1.036  [0.967, 1.11]
16 eqtl-a-ENSG00000069667      3 -0.0230 0.0985   0.815 0.977 [0.806, 1.185]
17 eqtl-a-ENSG00000099194      6  0.0256 0.0587   0.663 1.026 [0.914, 1.151]
18 eqtl-a-ENSG00000176170      4  0.0058 0.0324   0.857 1.006 [0.944, 1.072]
19 eqtl-a-ENSG00000100300      4 -0.0442 0.0848   0.602 0.957   [0.81, 1.13]
20 eqtl-a-ENSG00000198431      2 -0.1659 0.1594   0.298 0.847  [0.62, 1.158]
                                                 method_used
1                  Inverse variance weighted (fixed effects)
2                  Inverse variance weighted (fixed effects)
3                  Inverse variance weighted (fixed effects)
4                  Inverse variance weighted (fixed effects)
5                  Inverse variance weighted (fixed effects)
6                  Inverse variance weighted (fixed effects)
7                  Inverse variance weighted (fixed effects)
8                  Inverse variance weighted (fixed effects)
9                  Inverse variance weighted (fixed effects)
10                 Inverse variance weighted (fixed effects)
11                 Inverse variance weighted (fixed effects)
12                 Inverse variance weighted (fixed effects)
13                 Inverse variance weighted (fixed effects)
14                 Inverse variance weighted (fixed effects)
15                 Inverse variance weighted (fixed effects)
16                 Inverse variance weighted (fixed effects)
17                 Inverse variance weighted (fixed effects)
18                 Inverse variance weighted (fixed effects)
19 Inverse variance weighted (multiplicative random effects)
20                 Inverse variance weighted (fixed effects)

Significant results (p < 0.05): 1 / 20 
Significant exposures:
                exposure    OR          CI_95 p_value
8 eqtl-a-ENSG00000079459 0.967 [0.935, 0.999]  0.0465

HETEROGENEITY SUMMARY (Cochran's Q test):
                 exposure     Q  Q_pval I2               method_used
1  eqtl-a-ENSG00000108846 26.06  0.0733 NA Inverse variance weighted
2  eqtl-a-ENSG00000112304  2.68   0.613 NA Inverse variance weighted
3  eqtl-a-ENSG00000106546  5.06   0.281 NA Inverse variance weighted
4  eqtl-a-ENSG00000090661  0.83   0.661 NA Inverse variance weighted
5  eqtl-a-ENSG00000185000  0.30   0.859 NA Inverse variance weighted
6  eqtl-a-ENSG00000116133  1.47   0.689 NA Inverse variance weighted
7  eqtl-a-ENSG00000134824  3.70   0.296 NA Inverse variance weighted
8  eqtl-a-ENSG00000079459  9.48    0.22 NA Inverse variance weighted
9  eqtl-a-ENSG00000113161  0.97   0.808 NA Inverse variance weighted
10 eqtl-a-ENSG00000186480  7.46   0.383 NA Inverse variance weighted
11 eqtl-a-ENSG00000125629  4.09   0.129 NA Inverse variance weighted
12 eqtl-a-ENSG00000145675  0.47   0.926 NA Inverse variance weighted
13 eqtl-a-ENSG00000109819  4.30   0.231 NA Inverse variance weighted
14 eqtl-a-ENSG00000131791  0.50   0.777 NA Inverse variance weighted
15 eqtl-a-ENSG00000073756  7.22   0.513 NA Inverse variance weighted
16 eqtl-a-ENSG00000069667  0.41   0.813 NA Inverse variance weighted
17 eqtl-a-ENSG00000099194  5.75   0.331 NA Inverse variance weighted
18 eqtl-a-ENSG00000176170  3.27   0.352 NA Inverse variance weighted
19 eqtl-a-ENSG00000100300 11.64 0.00872 NA Inverse variance weighted
20 eqtl-a-ENSG00000198431  0.94   0.332 NA Inverse variance weighted

INTERPRETATION OF HETEROGENEITY:
  eqtl-a-ENSG00000108846: No significant heterogeneity (p = 0.0733) → Use FIXED EFFECTS IVW
  eqtl-a-ENSG00000112304: No significant heterogeneity (p = 0.613) → Use FIXED EFFECTS IVW
  eqtl-a-ENSG00000106546: No significant heterogeneity (p = 0.281) → Use FIXED EFFECTS IVW
  eqtl-a-ENSG00000090661: No significant heterogeneity (p = 0.661) → Use FIXED EFFECTS IVW
  eqtl-a-ENSG00000185000: No significant heterogeneity (p = 0.859) → Use FIXED EFFECTS IVW
  eqtl-a-ENSG00000116133: No significant heterogeneity (p = 0.689) → Use FIXED EFFECTS IVW
  eqtl-a-ENSG00000134824: No significant heterogeneity (p = 0.296) → Use FIXED EFFECTS IVW
  eqtl-a-ENSG00000079459: No significant heterogeneity (p = 0.22) → Use FIXED EFFECTS IVW
  eqtl-a-ENSG00000113161: No significant heterogeneity (p = 0.808) → Use FIXED EFFECTS IVW
  eqtl-a-ENSG00000186480: No significant heterogeneity (p = 0.383) → Use FIXED EFFECTS IVW
  eqtl-a-ENSG00000125629: No significant heterogeneity (p = 0.129) → Use FIXED EFFECTS IVW
  eqtl-a-ENSG00000145675: No significant heterogeneity (p = 0.926) → Use FIXED EFFECTS IVW
  eqtl-a-ENSG00000109819: No significant heterogeneity (p = 0.231) → Use FIXED EFFECTS IVW
  eqtl-a-ENSG00000131791: No significant heterogeneity (p = 0.777) → Use FIXED EFFECTS IVW
  eqtl-a-ENSG00000073756: No significant heterogeneity (p = 0.513) → Use FIXED EFFECTS IVW
  eqtl-a-ENSG00000069667: No significant heterogeneity (p = 0.813) → Use FIXED EFFECTS IVW
  eqtl-a-ENSG00000099194: No significant heterogeneity (p = 0.331) → Use FIXED EFFECTS IVW
  eqtl-a-ENSG00000176170: No significant heterogeneity (p = 0.352) → Use FIXED EFFECTS IVW
  eqtl-a-ENSG00000100300: Significant heterogeneity (p = 0.00872) → Use RANDOM EFFECTS IVW
  eqtl-a-ENSG00000198431: No significant heterogeneity (p = 0.332) → Use FIXED EFFECTS IVW

PLEIOTROPY SUMMARY (MR-Egger intercept test):
                 exposure egger_intercept     se p_value
1  eqtl-a-ENSG00000108846          0.0023 0.0076   0.765
2  eqtl-a-ENSG00000112304         -0.0057 0.0234   0.822
3  eqtl-a-ENSG00000106546          0.0017 0.0175   0.931
4  eqtl-a-ENSG00000090661         -0.0217 0.0251   0.546
5  eqtl-a-ENSG00000185000          0.0166 0.0340    0.71
6  eqtl-a-ENSG00000116133          0.0163 0.0166   0.429
7  eqtl-a-ENSG00000134824         -0.0153 0.0225   0.567
8  eqtl-a-ENSG00000079459          0.0056 0.0117    0.65
9  eqtl-a-ENSG00000113161          0.0165 0.0308   0.646
10 eqtl-a-ENSG00000186480         -0.0172 0.0197   0.418
11 eqtl-a-ENSG00000125629         -0.0287 0.0560   0.698
12 eqtl-a-ENSG00000145675          0.0068 0.0192   0.756
13 eqtl-a-ENSG00000109819         -0.0198 0.0577   0.764
14 eqtl-a-ENSG00000131791          0.0224 0.0450   0.706
15 eqtl-a-ENSG00000073756         -0.0143 0.0111    0.24
16 eqtl-a-ENSG00000069667         -0.0067 0.0222   0.814
17 eqtl-a-ENSG00000099194         -0.0222 0.0301   0.501
18 eqtl-a-ENSG00000176170         -0.0236 0.0155   0.267
19 eqtl-a-ENSG00000100300         -0.0360 0.0277   0.323
20 eqtl-a-ENSG00000198431              NA     NA      NA

INTERPRETATION OF PLEIOTROPY:
  eqtl-a-ENSG00000108846: No significant horizontal pleiotropy (p = 0.765) → Results are reliable
  eqtl-a-ENSG00000112304: No significant horizontal pleiotropy (p = 0.822) → Results are reliable
  eqtl-a-ENSG00000106546: No significant horizontal pleiotropy (p = 0.931) → Results are reliable
  eqtl-a-ENSG00000090661: No significant horizontal pleiotropy (p = 0.546) → Results are reliable
  eqtl-a-ENSG00000185000: No significant horizontal pleiotropy (p = 0.71) → Results are reliable
  eqtl-a-ENSG00000116133: No significant horizontal pleiotropy (p = 0.429) → Results are reliable
  eqtl-a-ENSG00000134824: No significant horizontal pleiotropy (p = 0.567) → Results are reliable
  eqtl-a-ENSG00000079459: No significant horizontal pleiotropy (p = 0.65) → Results are reliable
  eqtl-a-ENSG00000113161: No significant horizontal pleiotropy (p = 0.646) → Results are reliable
  eqtl-a-ENSG00000186480: No significant horizontal pleiotropy (p = 0.418) → Results are reliable
  eqtl-a-ENSG00000125629: No significant horizontal pleiotropy (p = 0.698) → Results are reliable
  eqtl-a-ENSG00000145675: No significant horizontal pleiotropy (p = 0.756) → Results are reliable
  eqtl-a-ENSG00000109819: No significant horizontal pleiotropy (p = 0.764) → Results are reliable
  eqtl-a-ENSG00000131791: No significant horizontal pleiotropy (p = 0.706) → Results are reliable
  eqtl-a-ENSG00000073756: No significant horizontal pleiotropy (p = 0.24) → Results are reliable
  eqtl-a-ENSG00000069667: No significant horizontal pleiotropy (p = 0.814) → Results are reliable
  eqtl-a-ENSG00000099194: No significant horizontal pleiotropy (p = 0.501) → Results are reliable
  eqtl-a-ENSG00000176170: No significant horizontal pleiotropy (p = 0.267) → Results are reliable
  eqtl-a-ENSG00000100300: No significant horizontal pleiotropy (p = 0.323) → Results are reliable
  eqtl-a-ENSG00000198431: Cannot determine pleiotropy (p-value: NA)

STEIGER DIRECTIONALITY TEST SUMMARY:
                 exposure snp_r2.exposure snp_r2.outcome
1  eqtl-a-ENSG00000108846          0.0770          5e-04
2  eqtl-a-ENSG00000112304          0.0104          1e-04
3  eqtl-a-ENSG00000106546          0.0121          1e-04
4  eqtl-a-ENSG00000090661          0.0148          0e+00
5  eqtl-a-ENSG00000185000          0.0070          1e-04
6  eqtl-a-ENSG00000116133          0.0108          0e+00
7  eqtl-a-ENSG00000134824          0.0418          1e-04
8  eqtl-a-ENSG00000079459          0.0771          3e-04
9  eqtl-a-ENSG00000113161          0.0039          0e+00
10 eqtl-a-ENSG00000186480          0.0340          2e-04
11 eqtl-a-ENSG00000125629          0.0058          1e-04
12 eqtl-a-ENSG00000145675          0.0039          0e+00
13 eqtl-a-ENSG00000109819          0.0219          1e-04
14 eqtl-a-ENSG00000131791          0.0153          0e+00
15 eqtl-a-ENSG00000073756          0.0210          2e-04
16 eqtl-a-ENSG00000069667          0.0023          0e+00
17 eqtl-a-ENSG00000099194          0.0058          1e-04
18 eqtl-a-ENSG00000176170          0.0177          1e-04
19 eqtl-a-ENSG00000100300          0.0111          2e-04
20 eqtl-a-ENSG00000198431          0.0080          0e+00
   correct_causal_direction steiger_pval
1                      TRUE       <2e-16
2                      TRUE       <2e-16
3                      TRUE       <2e-16
4                      TRUE       <2e-16
5                      TRUE     7.34e-11
6                      TRUE       <2e-16
7                      TRUE       <2e-16
8                      TRUE       <2e-16
9                      TRUE       <2e-16
10                     TRUE       <2e-16
11                     TRUE       <2e-16
12                     TRUE       <2e-16
13                     TRUE       <2e-16
14                     TRUE       <2e-16
15                     TRUE       <2e-16
16                     TRUE     7.29e-15
17                     TRUE       <2e-16
18                     TRUE       <2e-16
19                     TRUE       <2e-16
20                     TRUE       <2e-16

INTERPRETATION OF DIRECTIONALITY:
  eqtl-a-ENSG00000108846: Correct causal direction
  eqtl-a-ENSG00000112304: Correct causal direction
  eqtl-a-ENSG00000106546: Correct causal direction
  eqtl-a-ENSG00000090661: Correct causal direction
  eqtl-a-ENSG00000185000: Correct causal direction
  eqtl-a-ENSG00000116133: Correct causal direction
  eqtl-a-ENSG00000134824: Correct causal direction
  eqtl-a-ENSG00000079459: Correct causal direction
  eqtl-a-ENSG00000113161: Correct causal direction
  eqtl-a-ENSG00000186480: Correct causal direction
  eqtl-a-ENSG00000125629: Correct causal direction
  eqtl-a-ENSG00000145675: Correct causal direction
  eqtl-a-ENSG00000109819: Correct causal direction
  eqtl-a-ENSG00000131791: Correct causal direction
  eqtl-a-ENSG00000073756: Correct causal direction
  eqtl-a-ENSG00000069667: Correct causal direction
  eqtl-a-ENSG00000099194: Correct causal direction
  eqtl-a-ENSG00000176170: Correct causal direction
  eqtl-a-ENSG00000100300: Correct causal direction
  eqtl-a-ENSG00000198431: Correct causal direction

OUTPUT FILES:
1. Tables directory: /media/desk16/share/secure/MR/results/100F_eqtl_test/tables 
   - *_harmonised.csv: Harmonised data for each exposure
   - *_mr_results.csv: MR results for each exposure
   - *_heterogeneity.csv: Heterogeneity test results
   - *_pleiotropy.csv: Pleiotropy test results
   - *_steiger.csv: Steiger directionality test results
   - *_mr_presso.csv: MR-PRESSO results
2. Figures directory: /media/desk16/share/secure/MR/results/100F_eqtl_test/figures 
   - *_scatter_plot.png: Exposure-outcome scatter plot
   - *_forest_plot.png: Forest plot of SNP effects
   - *_funnel_plot.png: Funnel plot for symmetry
   - *_leaveoneout_plot.png: Leave-one-out sensitivity analysis

Analysis completed at: 2026-03-22 15:34:29 
Output directory: /media/desk16/share/secure/MR/results/100F_eqtl_test 

Complete MR analysis for eQTL exposures finished successfully!
All results saved to: /media/desk16/share/secure/MR/results/100F_eqtl_test 
Total exposures successfully analyzed: 20 

Saving successfully analyzed eQTL genes...
✓ Saved 20 successfully analyzed eQTL genes to 09.eQTL_Successful_Genes.csv

============================================================
CREATING DETAILED HETEROGENEITY AND PLEIOTROPY SUMMARY TABLE
= = = = = = = = = = = = = = = = = = = = = = = = = = = = = = = = = = = = = = = = = = = = = = = = = = = = = = = = = = = = 


============================================================
ANALYSIS COMPLETE!
= = = = = = = = = = = = = = = = = = = = = = = = = = = = = = = = = = = = = = = = = = = = = = = = = = = = = = = = = = = = 


============================================================
STEP 9: CREATING INTEGRATED MR RESULTS TABLE FOR SUCCESSFUL GENES
= = = = = = = = = = = = = = = = = = = = = = = = = = = = = = = = = = = = = = = = = = = = = = = = = = = = = = = = = = = = 

整合 20 个基因的MR结果...
  已处理 10 / 20 个基因
  已处理 20 / 20 个基因
Warning message:
In as.numeric(egger_intercept_pval) : NAs introduced by coercion
✓ 成功整合 20 个基因的MR结果
Outcome name: Nonalcoholic fatty liver disease 
✓ 保存完整MR结果到: /media/desk16/share/secure/MR/results/100F_eqtl_test/00.Complete_MR_Results.csv 
✓ 保存Table 1格式（5种方法）到: /media/desk16/share/secure/MR/results/100F_eqtl_test/01.MR_Results_All_Genes.csv 
✓ 保存异质性检验结果到: /media/desk16/share/secure/MR/results/100F_eqtl_test/02.Heterogeneity_All_Genes.csv 
✓ 保存水平多效性检验结果到: /media/desk16/share/secure/MR/results/100F_eqtl_test/03.Pleiotropy_All_Genes.csv 
✓ 保存MR-PRESSO结果到: /media/desk16/share/secure/MR/results/100F_eqtl_test/04.MR_PRESSO_Results.csv 
✓ 保存Steiger方向性分析结果到: /media/desk16/share/secure/MR/results/100F_eqtl_test/05.Steiger_Direction_Results.csv 
✓ 保存三重筛选结果到: /media/desk16/share/secure/MR/results/100F_eqtl_test/06.Three_Filter_Results.csv 
✓ 保存因果靶点筛选结果到: /media/desk16/share/secure/MR/results/100F_eqtl_test/07.MR_res_gene.csv （共 1 个）

------------------------------------------------------------------------------------------------------------------------
INTEGRATED MR RESULTS SUMMARY
(Total: 20 genes)
------------------------------------------------------------------------------------------------------------------------

STATISTICAL SUMMARY:
• Total genes analyzed: 20 
• Genes with significant IVW (p < 0.05): 1 
• Genes with protective effect (OR < 1): 12 
• Genes with risk effect (OR > 1): 8 
• Genes with heterogeneity (p < 0.05): 1 
• Genes with pleiotropy (p < 0.05): 0 
• Genes with correct direction (Steiger): 20 

TOP 20 GENES (sorted by IVW P-value):
 Rank            Gene      Ensembl_ID n_SNPs IVW_OR    IVW_95CI  IVW_P
    1 ENSG00000079459 ENSG00000079459      8  0.967 0.935-0.999 0.0465
    2 ENSG00000185000 ENSG00000185000      3  0.911 0.819-1.013 0.0852
    3 ENSG00000106546 ENSG00000106546      5  1.057 0.983-1.137 0.1325
    4 ENSG00000198431 ENSG00000198431      3  0.847  0.62-1.158 0.2979
    5 ENSG00000073756 ENSG00000073756      9  1.036  0.967-1.11 0.3125
    6 ENSG00000131791 ENSG00000131791      3  0.967 0.901-1.038 0.3598
    7 ENSG00000134824 ENSG00000134824      4  1.014 0.981-1.049 0.4069
    8 ENSG00000125629 ENSG00000125629      3  1.045 0.929-1.177 0.4606
    9 ENSG00000100300 ENSG00000100300      4  0.957   0.81-1.13 0.6021
   10 ENSG00000109819 ENSG00000109819      4  0.988  0.939-1.04 0.6494
   11 ENSG00000099194 ENSG00000099194      6  1.026 0.914-1.151 0.6634
   12 ENSG00000116133 ENSG00000116133      4  1.012 0.929-1.103 0.7844
   13 ENSG00000108846 ENSG00000108846     18  0.996 0.965-1.028 0.7975
   14 ENSG00000069667 ENSG00000069667      3  0.977 0.806-1.185 0.8155
   15 ENSG00000112304 ENSG00000112304      5  0.991  0.91-1.078 0.8267
   16 ENSG00000145675 ENSG00000145675      4  0.987  0.861-1.13 0.8465
   17 ENSG00000176170 ENSG00000176170      4  1.006 0.944-1.072 0.8572
   18 ENSG00000186480 ENSG00000186480      9  0.991 0.888-1.107 0.8791
   19 ENSG00000090661 ENSG00000090661      3  0.996 0.928-1.069 0.9023
   20 ENSG00000113161 ENSG00000113161      4  1.002  0.873-1.15 0.9753
 Significant  Direction
         YES Protective
          NO Protective
          NO       Risk
          NO Protective
          NO       Risk
          NO Protective
          NO       Risk
          NO       Risk
          NO Protective
          NO Protective
          NO       Risk
          NO       Risk
          NO Protective
          NO Protective
          NO Protective
          NO Protective
          NO       Risk
          NO Protective
          NO Protective
          NO       Risk

MOST SIGNIFICANT GENES:
  1. ENSG00000079459: OR = 0.967 (95% CI: 0.935-0.999), p = 0.04651
  2. ENSG00000185000: OR = 0.911 (95% CI: 0.819-1.013), p = 0.08519
  3. ENSG00000106546: OR = 1.057 (95% CI: 0.983-1.137), p = 0.1325
  4. ENSG00000198431: OR = 0.847 (95% CI: 0.62-1.158), p = 0.2979
  5. ENSG00000073756: OR = 1.036 (95% CI: 0.967-1.11), p = 0.3125
Warning messages:
1: In ifelse(as.numeric(integrated_results$egger_intercept_pval) <  :
  NAs introduced by coercion
2: In cat("• Genes with pleiotropy (p < 0.05):", sum(integrated_results$egger_intercept_pval !=  :
  NAs introduced by coercion

============================================================
FINAL OUTPUT FILES - INTEGRATED RESULTS
= = = = = = = = = = = = = = = = = = = = = = = = = = = = = = = = = = = = = = = = = = = = = = = = = = = = = = = = = = = = 

📁 输出目录:  /media/desk16/share/secure/MR/results/100F_eqtl_test 

📄 主要结果文件 (00-07 合并格式):
   00. 00.Complete_MR_Results.csv       - 最完整初始结果（1行/基因）
   01. 01.MR_Results_All_Genes.csv     - Table 1格式（5行/基因：5种MR方法）
   02. 02.Heterogeneity_All_Genes.csv  - 异质性检验（IVW + MR Egger + PRESSO）
   03. 03.Pleiotropy_All_Genes.csv     - 水平多效性检验
   04. 04.MR_PRESSO_Results.csv        - MR-PRESSO结果
   05. 05.Steiger_Direction_Results.csv - Steiger方向性分析
   06. 06.Three_Filter_Results.csv     - 三重筛选结果
   07. 07.MR_res_gene.csv             - 因果靶点筛选结果
   08. 08.eQTL_ID_Mapping.csv                  - 基因ID映射表
   09. 09.eQTL_Successful_Genes.csv       - 成功分析的基因列表
   10. MR_Analysis_Log.txt             - 分析日志

📂 子目录:
   • tables/ - 每个基因的详细结果文件
   • figures/ - 所有可视化图表

📊 分析统计:
   • 总基因数:  64 
   • 成功分析:  20 
   • 失败分析:  44 
   • IVW显著基因 (p<0.05):  1 
   • 方向性正确基因 (Steiger p<0.05 & direction=TRUE):  20 
   • 无水平多效性基因 (Egger intercept p>0.05):  19 
   • 三重筛选通过基因:  1 
   • 保护性基因:  12 
   • 风险性基因:  8 

⏰ 分析完成时间:  2026-03-22 15:34:30 
📋 日志文件:  /media/desk16/share/secure/MR/results/100F_eqtl_test/MR_Analysis_Log.txt 

============================================================
ANALYSIS COMPLETE - 2026-03-22 15:34:30
= = = = = = = = = = = = = = = = = = = = = = = = = = = = = = = = = = = = = = = = = = = = = = = = = = = = = = = = = = = = 

============================================================
STEP 10: AUTO-GENERATING MR REPORT
= = = = = = = = = = = = = = = = = = = = = = = = = = = = = = = = = = = = = = = = = = = = = = = = = = = = = = = = = = = = 

Generating report...

Attaching package: ‘dplyr’

The following objects are masked from ‘package:stats’:

    filter, lag

The following objects are masked from ‘package:base’:

    intersect, setdiff, setequal, union

================================================================================
  MR分析报告生成器（优化版）
  类型: eqtl 
  时间戳: 20260322_152337 
================================================================================

Loaded results from 00.Complete_MR_Results.csv
Loaded heterogeneity from: /media/desk16/share/secure/MR/results/100F_eqtl_test/02.Heterogeneity_All_Genes.csv 
Loaded pleiotropy from: /media/desk16/share/secure/MR/results/100F_eqtl_test/03.Pleiotropy_All_Genes.csv 
Loaded MR results from: /media/desk16/share/secure/MR/results/100F_eqtl_test/01.MR_Results_All_Genes.csv 
Loaded three-filter results from: /media/desk16/share/secure/MR/results/100F_eqtl_test/06.Three_Filter_Results.csv 
Loaded causal targets from: /media/desk16/share/secure/MR/results/100F_eqtl_test/07.MR_res_gene.csv 
Loaded config parameters from: /media/desk16/share/secure/MR/results/100F_eqtl_test/analysis_config.ini 
Statistics: Total genes: 20 , Significant: 1 
Loaded successful genes from: /media/desk16/share/secure/MR/results/100F_eqtl_test/09.eQTL_Successful_Genes.csv 
Added plot: ENSG00000079459 - scatter (图 1 )
Added plot: ENSG00000079459 - forest (图 2 )
Added plot: ENSG00000079459 - funnel (图 3 )
Added plot: ENSG00000079459 - leaveoneout (图 4 )

================================================================================
报告已生成： /media/desk16/share/secure/MR/results/100F_eqtl_test/MR_Report_20260322_152337.docx 
================================================================================
✓ Report saved to: /media/desk16/share/secure/MR/results/100F_eqtl_test/MR_Report_20260322_152337.docx 
[15:34:36] MR分析完成!
[15:34:36] 开始生成Word报告...

Attaching package: ‘dplyr’

The following objects are masked from ‘package:stats’:

    filter, lag

The following objects are masked from ‘package:base’:

    intersect, setdiff, setequal, union

================================================================================
  MR分析报告生成器（优化版）
  类型: eqtl 
  时间戳: 20260322_152337 
================================================================================

Loaded results from 00.Complete_MR_Results.csv
Loaded heterogeneity from: /media/desk16/share/secure/MR/results/100F_eqtl_test/02.Heterogeneity_All_Genes.csv 
Loaded pleiotropy from: /media/desk16/share/secure/MR/results/100F_eqtl_test/03.Pleiotropy_All_Genes.csv 
Loaded MR results from: /media/desk16/share/secure/MR/results/100F_eqtl_test/01.MR_Results_All_Genes.csv 
Loaded three-filter results from: /media/desk16/share/secure/MR/results/100F_eqtl_test/06.Three_Filter_Results.csv 
Loaded causal targets from: /media/desk16/share/secure/MR/results/100F_eqtl_test/07.MR_res_gene.csv 
Loaded config parameters from: /media/desk16/share/secure/MR/results/100F_eqtl_test/analysis_config.ini 
Statistics: Total genes: 20 , Significant: 1 
Loaded successful genes from: /media/desk16/share/secure/MR/results/100F_eqtl_test/09.eQTL_Successful_Genes.csv 
Added plot: ENSG00000079459 - scatter (图 1 )
Added plot: ENSG00000079459 - forest (图 2 )
Added plot: ENSG00000079459 - funnel (图 3 )
Added plot: ENSG00000079459 - leaveoneout (图 4 )

================================================================================
报告已生成： /media/desk16/share/secure/MR/report/MR_eqtl.20260322_152337.docx 
================================================================================
[15:34:42] Word报告已生成: /media/desk16/share/secure/MR/report/MR_eqtl.20260322_152337.docx
