================================================================================
MR分析日志 - Mendelian Randomization Analysis
================================================================================
时间戳: 2026-03-11 20:16:58
运行ID: 20260311_201658
脚本: run_mr.sh

----------------------------------------
输入参数
----------------------------------------
MR类型: eqtl
输入文件: /media/desk16/share/26YHB100F/06_MR/test_genes.csv
输出目录: /media/desk16/share/secure/MR/scripts/result/MR_eqtl_test
共定位分析: 0
P值阈值: 5e-8
KB距离: 10000

----------------------------------------
环境信息
----------------------------------------
工作目录: /media/desk16/share/secure/MR/scripts
R脚本目录: /media/desk16/share/secure/MR/scripts

[20:16:59] 日志文件已创建: /media/desk16/share/secure/MR/logs/MR_eqtl.20260311_201658.log
[20:16:59] 配置文件已生成: /media/desk16/share/secure/MR/scripts/result/MR_eqtl_test/eqtl.config.ini
[20:16:59] 开始MR分析...
[20:16:59]   类型: eqtl
[20:16:59]   输入: /media/desk16/share/26YHB100F/06_MR/test_genes.csv
[20:16:59]   输出: /media/desk16/share/secure/MR/scripts/result/MR_eqtl_test
[20:16:59]   共定位: 0
[20:16:59]   P值阈值: 5e-8
[20:16:59]   KB距离: 10000
[20:16:59]   R2阈值: 0.001
[20:16:59]   F统计量阈值: 10
[20:16:59]   EAF阈值: 0.01
[20:16:59]   最少SNPs: 3
[20:16:59]   结局ID: ebi-a-GCST90091033
[20:16:59] 输出目录已创建: /media/desk16/share/secure/MR/scripts/result/MR_eqtl_test
[20:16:59] 开始eQTL MR分析...
✓ Loaded .Renviron from HOME (global)
✓ JWT token loaded successfully (length: 546 characters)
TwoSampleMR version 0.7.0 

  [>] New authentication requirements: https://mrcieu.github.io/ieugwasr/articles/guide.html#authentication.
  [>] Major upgrades to our servers completed to improve service and stability.
  [>] We need your help to shape our emerging roadmap!
      Please take 2 minutes to give us feedback -
      https://forms.office.com/e/eSr7EFAfCG
OpenGWAS updates:
  Date: 2024-05-17
  [>] OpenGWAS is growing!
  [>] Please take 2 minutes to give us feedback -
  [>] It will help directly shape our emerging roadmap
  [>] https://forms.office.com/e/eSr7EFAfCG

Attaching package: ‘ieugwasr’

The following object is masked from ‘package:TwoSampleMR’:

    ld_matrix


Attaching package: ‘dplyr’

The following objects are masked from ‘package:stats’:

    filter, lag

