================================================================================
MR分析日志 - Mendelian Randomization Analysis
================================================================================
时间戳: 2026-03-12 00:34:30
运行ID: 20260312_003430
脚本: run_mr.sh

----------------------------------------
输入参数
----------------------------------------
MR类型: eqtl
输入文件: /media/desk16/share/26YHB100F/06_MR/test_genes.csv
输出目录: /media/desk16/share/secure/MR/scripts/result/MR_eqtl_test2
共定位分析: 0
P值阈值: 5e-8
KB距离: 10000

----------------------------------------
环境信息
----------------------------------------
工作目录: /media/desk16/share/secure/MR/scripts
R脚本目录: /media/desk16/share/secure/MR/scripts

[00:34:30] 日志文件已创建: /media/desk16/share/secure/MR/logs/MR_eqtl.20260312_003430.log
[00:34:30] 配置文件已生成: /media/desk16/share/secure/MR/scripts/result/MR_eqtl_test2/eqtl.config.ini
[00:34:30] 开始MR分析...
[00:34:30]   类型: eqtl
[00:34:30]   输入: /media/desk16/share/26YHB100F/06_MR/test_genes.csv
[00:34:30]   输出: /media/desk16/share/secure/MR/scripts/result/MR_eqtl_test2
[00:34:30]   共定位: 0
[00:34:30]   P值阈值: 5e-8
[00:34:30]   KB距离: 10000
[00:34:30]   R2阈值: 0.001
[00:34:30]   F统计量阈值: 10
[00:34:30]   EAF阈值: 0.01
[00:34:30]   最少SNPs: 3
[00:34:30]   结局ID: ebi-a-GCST90091033
[00:34:30] 输出目录已创建: /media/desk16/share/secure/MR/scripts/result/MR_eqtl_test2
[00:34:30] 开始eQTL MR分析...
✓ Loaded .Renviron from HOME (global)
✓ JWT token loaded successfully (length: 546 characters)
TwoSampleMR version 0.7.0 

  [>] New authentication requirements: https://mrcieu.github.io/ieugwasr/articles/guide.html#authentication.
  [>] Major upgrades to our servers completed to improve service and stability.
  [>] We need your help to shape our emerging roadmap!
      Please take 2 minutes to give us feedback -
      https://forms.office.com/e/eSr7EFAfCG
OpenGWAS updates:
  Date: 2024-05-17
  [>] OpenGWAS is growing!
  [>] Please take 2 minutes to give us feedback -
  [>] It will help directly shape our emerging roadmap
  [>] https://forms.office.com/e/eSr7EFAfCG

Attaching package: ‘ieugwasr’

The following object is masked from ‘package:TwoSampleMR’:

    ld_matrix


Attaching package: ‘dplyr’

The following objects are masked from ‘package:stats’:

    filter, lag

The following objects are masked from ‘package:base’:

    intersect, setdiff, setequal, union


Attaching package: ‘data.table’

The following objects are masked from ‘package:dplyr’:

    between, first, last

[Config] Loading config from: /media/desk16/share/secure/MR/scripts/config/MR.config.ini 

================================================================================
  MR eQTL Analysis
  Started: 2026-03-12 00:34:33 
================================================================================


============================================================
STEP 0: PROCESSING CANDIDATE GENE LIST
= = = = = = = = = = = = = = = = = = = = = = = = = = = = = = = = = = = = = = = = = = = = = = = = = = = = = = = = = = = = 

1. Loading and inspecting the gene list...
   Original dimensions: 4 rows, 2 columns
   Original column names: X, x 
   First few rows:
  X      x
1 1    ADK
2 2 AKR1B1
3 3 AKR1C3
4 4   COMT
   ✓ Columns renamed to: 'id', 'gene'

2. Cleaning and converting gene identifiers to Ensembl ID...
   Total unique input identifiers: 4 
   Input does not appear to be Ensembl IDs. Attempting conversion...


clusterProfiler v4.16.0 Learn more at https://yulab-smu.top/contribution-knowledge-mining/

Please cite:

Guangchuang Yu, Li-Gen Wang, Yanyan Han and Qing-Yu He.
clusterProfiler: an R package for comparing biological themes among
gene clusters. OMICS: A Journal of Integrative Biology. 2012,
16(5):284-287

Attaching package: ‘clusterProfiler’

The following object is masked from ‘package:stats’:

    filter

Loading required package: AnnotationDbi
Loading required package: stats4
Loading required package: BiocGenerics
Loading required package: generics

Attaching package: ‘generics’

The following object is masked from ‘package:dplyr’:

    explain

The following objects are masked from ‘package:base’:

    as.difftime, as.factor, as.ordered, intersect, is.element, setdiff,
    setequal, union


Attaching package: ‘BiocGenerics’

The following object is masked from ‘package:dplyr’:

    combine

The following objects are masked from ‘package:stats’:

    IQR, mad, sd, var, xtabs

The following objects are masked from ‘package:base’:

    anyDuplicated, aperm, append, as.data.frame, basename, cbind,
    colnames, dirname, do.call, duplicated, eval, evalq, Filter, Find,
    get, grep, grepl, is.unsorted, lapply, Map, mapply, match, mget,
    order, paste, pmax, pmax.int, pmin, pmin.int, Position, rank,
    rbind, Reduce, rownames, sapply, saveRDS, table, tapply, unique,
    unsplit, which.max, which.min

Loading required package: Biobase
Welcome to Bioconductor

    Vignettes contain introductory material; view with
    'browseVignettes()'. To cite Bioconductor, see
    'citation("Biobase")', and for packages 'citation("pkgname")'.

Loading required package: IRanges
Loading required package: S4Vectors

Attaching package: ‘S4Vectors’

The following object is masked from ‘package:clusterProfiler’:

    rename

The following objects are masked from ‘package:data.table’:

    first, second

The following objects are masked from ‘package:dplyr’:

    first, rename

The following object is masked from ‘package:utils’:

    findMatches

The following objects are masked from ‘package:base’:

    expand.grid, I, unname


Attaching package: ‘IRanges’

The following object is masked from ‘package:clusterProfiler’:

    slice

The following object is masked from ‘package:data.table’:

    shift

The following objects are masked from ‘package:dplyr’:

    collapse, desc, slice

The following object is masked from ‘package:TwoSampleMR’:

    trim


Attaching package: ‘AnnotationDbi’

The following object is masked from ‘package:clusterProfiler’:

    select

The following object is masked from ‘package:dplyr’:

    select

   Attempting conversion from gene symbol to Ensembl ID...
'select()' returned 1:1 mapping between keys and columns
   ✓ Successfully converted 4 unique Ensembl IDs.
   Note: 0 duplicate mappings were removed.

3. Finalizing eQTL exposure ID list...
   Conversion method: Gene Symbol to Ensembl (via org.Hs.eg.db) 
   Final unique eQTL exposure IDs: 4 
   Sample of first 5 formatted exposure IDs:
[1] "eqtl-a-ENSG00000156110" "eqtl-a-ENSG00000085662" "eqtl-a-ENSG00000196139"
[4] "eqtl-a-ENSG00000093010"

4. Saving conversion mapping for verification...
   ✓ ID conversion mapping saved to 'eqtl_genes.csv'
   Mapping file has 4 rows.

============================================================
STEP 0 COMPLETE. Proceeding to main MR analysis loop with 4 exposures.
= = = = = = = = = = = = = = = = = = = = = = = = = = = = = = = = = = = = = = = = = = = = = = = = = = = = = = = = = = = = 

=== Exposures Mendelian Randomization Analysis Log ===
Start Time: 2026-03-12 00:34:38 
Exposures: EQTL
Total exposures to process: 4 
Outcome: ebi-a-GCST90091033 
===========================================


============================================================
ANALYSIS [1/4]: eqtl-a-ENSG00000156110
============================================================

STEP 1: Extracting instrumental variables...
  Extracted 6 IVs
  After EAF filter (0.01-0.99): 6 IVs
  After F-statistic filter (> 10 ): 6 IVs

STEP 2: Extracting outcome data...
Extracting data for 6 SNP(s) from 1 GWAS(s)
Querying id chunk 1 of 1
Querying variant chunk 1 of 1
Finding proxies for 4 SNPs in outcome ebi-a-GCST90091033
Extracting data for 4 SNP(s) from 1 GWAS(s)
Querying id chunk 1 of 1
Querying variant chunk 1 of 1
  Found 4 SNPs in outcome

STEP 3: Harmonising data...
Harmonising ENSG00000156110 || id:eqtl-a-ENSG00000156110 (eqtl-a-ENSG00000156110) and Nonalcoholic fatty liver disease || id:ebi-a-GCST90091033 (ebi-a-GCST90091033)
  Successfully harmonised 4 SNPs

STEP 4: Testing heterogeneity to select MR method...
  Heterogeneity methods: MR Egger, Inverse variance weighted 
  Heterogeneity results:
                     method         Q    Q_pval
1                  MR Egger 0.2443275 0.8850034
2 Inverse variance weighted 1.3194887 0.7245106
  Selected IVW Q_pval: 0.7245106 
  No significant heterogeneity (Q_pval = 0.725 ) → Using FIXED EFFECTS IVW

STEP 5: Running MR analysis...
Analysing 'eqtl-a-ENSG00000156110' on 'ebi-a-GCST90091033'
  Methods used: Inverse variance weighted (fixed effects), MR Egger, Weighted median, Weighted mode, Simple mode 

STEP 6: Pleiotropy test...

STEP 7: Steiger directionality test (fixed)...
  Adding r values for Steiger test...
  Steiger test completed successfully

STEP 8: MR-PRESSO analysis...
ENSG00000156110 || id:eqtl-a-ENSG00000156110 - Nonalcoholic fatty liver disease || id:ebi-a-GCST90091033

STEP 9: Generating plots...
Scale for colour is already present.
Adding another scale for colour, which will replace the existing scale.
  Scatter plot failed: invalid font type 
Scale for colour is already present.
Adding another scale for colour, which will replace the existing scale.
  Forest plot failed: invalid font type 
Scale for colour is already present.
Adding another scale for colour, which will replace the existing scale.
  Funnel plot failed: failed to find or load PDF CID font 
Scale for colour is already present.
Adding another scale for colour, which will replace the existing scale.
  Leave-one-out plot failed: invalid font type 

STEP 10: Saving results...

✓ Analysis for eqtl-a-ENSG00000156110 completed successfully!

============================================================
ANALYSIS [2/4]: eqtl-a-ENSG00000085662
============================================================

STEP 1: Extracting instrumental variables...
  Extracted 5 IVs
  After EAF filter (0.01-0.99): 5 IVs
  After F-statistic filter (> 10 ): 5 IVs

STEP 2: Extracting outcome data...
Extracting data for 5 SNP(s) from 1 GWAS(s)
Querying id chunk 1 of 1
Querying variant chunk 1 of 1
  Found 5 SNPs in outcome

STEP 3: Harmonising data...
Harmonising ENSG00000085662 || id:eqtl-a-ENSG00000085662 (eqtl-a-ENSG00000085662) and Nonalcoholic fatty liver disease || id:ebi-a-GCST90091033 (ebi-a-GCST90091033)
  Successfully harmonised 5 SNPs

STEP 4: Testing heterogeneity to select MR method...
  Heterogeneity methods: MR Egger, Inverse variance weighted 
  Heterogeneity results:
                     method        Q     Q_pval
1                  MR Egger 7.284298 0.06336763
2 Inverse variance weighted 7.286370 0.12150685
  Selected IVW Q_pval: 0.1215068 
  No significant heterogeneity (Q_pval = 0.122 ) → Using FIXED EFFECTS IVW

STEP 5: Running MR analysis...
Analysing 'eqtl-a-ENSG00000085662' on 'ebi-a-GCST90091033'
  Methods used: Inverse variance weighted (fixed effects), MR Egger, Weighted median, Weighted mode, Simple mode 

STEP 6: Pleiotropy test...

STEP 7: Steiger directionality test (fixed)...
  Adding r values for Steiger test...
  Steiger test completed successfully

STEP 8: MR-PRESSO analysis...
ENSG00000085662 || id:eqtl-a-ENSG00000085662 - Nonalcoholic fatty liver disease || id:ebi-a-GCST90091033

STEP 9: Generating plots...
Scale for colour is already present.
Adding another scale for colour, which will replace the existing scale.
  Scatter plot failed: invalid font type 
Scale for colour is already present.
Adding another scale for colour, which will replace the existing scale.
  Forest plot failed: invalid font type 
Scale for colour is already present.
Adding another scale for colour, which will replace the existing scale.
  Funnel plot failed: failed to find or load PDF CID font 
Scale for colour is already present.
Adding another scale for colour, which will replace the existing scale.
  Leave-one-out plot failed: invalid font type 

STEP 10: Saving results...

✓ Analysis for eqtl-a-ENSG00000085662 completed successfully!

============================================================
ANALYSIS [3/4]: eqtl-a-ENSG00000196139
============================================================

STEP 1: Extracting instrumental variables...
  Extracted 8 IVs
  After EAF filter (0.01-0.99): 8 IVs
  After F-statistic filter (> 10 ): 8 IVs

STEP 2: Extracting outcome data...
Extracting data for 8 SNP(s) from 1 GWAS(s)
Querying id chunk 1 of 1
Querying variant chunk 1 of 1
  Found 8 SNPs in outcome

STEP 3: Harmonising data...
Harmonising ENSG00000196139 || id:eqtl-a-ENSG00000196139 (eqtl-a-ENSG00000196139) and Nonalcoholic fatty liver disease || id:ebi-a-GCST90091033 (ebi-a-GCST90091033)
  Successfully harmonised 8 SNPs

STEP 4: Testing heterogeneity to select MR method...
  Heterogeneity methods: MR Egger, Inverse variance weighted 
  Heterogeneity results:
                     method        Q    Q_pval
1                  MR Egger 1.723589 0.9432857
2 Inverse variance weighted 3.065014 0.8789234
  Selected IVW Q_pval: 0.8789234 
  No significant heterogeneity (Q_pval = 0.879 ) → Using FIXED EFFECTS IVW

STEP 5: Running MR analysis...
Analysing 'eqtl-a-ENSG00000196139' on 'ebi-a-GCST90091033'
  Methods used: Inverse variance weighted (fixed effects), MR Egger, Weighted median, Weighted mode, Simple mode 

STEP 6: Pleiotropy test...

STEP 7: Steiger directionality test (fixed)...
  Adding r values for Steiger test...
  Steiger test completed successfully

STEP 8: MR-PRESSO analysis...
ENSG00000196139 || id:eqtl-a-ENSG00000196139 - Nonalcoholic fatty liver disease || id:ebi-a-GCST90091033

STEP 9: Generating plots...
Scale for colour is already present.
Adding another scale for colour, which will replace the existing scale.
  Scatter plot failed: invalid font type 
Scale for colour is already present.
Adding another scale for colour, which will replace the existing scale.
  Forest plot failed: invalid font type 
Scale for colour is already present.
Adding another scale for colour, which will replace the existing scale.
  Funnel plot failed: failed to find or load PDF CID font 
Scale for colour is already present.
Adding another scale for colour, which will replace the existing scale.
  Leave-one-out plot failed: invalid font type 

STEP 10: Saving results...

✓ Analysis for eqtl-a-ENSG00000196139 completed successfully!

============================================================
ANALYSIS [4/4]: eqtl-a-ENSG00000093010
============================================================

STEP 1: Extracting instrumental variables...
  Extracted 4 IVs
  After EAF filter (0.01-0.99): 4 IVs
  After F-statistic filter (> 10 ): 4 IVs

STEP 2: Extracting outcome data...
Extracting data for 4 SNP(s) from 1 GWAS(s)
Querying id chunk 1 of 1
Querying variant chunk 1 of 1
  Found 4 SNPs in outcome

STEP 3: Harmonising data...
Harmonising ENSG00000093010 || id:eqtl-a-ENSG00000093010 (eqtl-a-ENSG00000093010) and Nonalcoholic fatty liver disease || id:ebi-a-GCST90091033 (ebi-a-GCST90091033)
Removing the following SNPs for being palindromic with intermediate allele frequencies:
rs1991866
  Successfully harmonised 4 SNPs

STEP 4: Testing heterogeneity to select MR method...
  Heterogeneity methods: MR Egger, Inverse variance weighted 
  Heterogeneity results:
                     method        Q       Q_pval
1                  MR Egger 12.37083 0.0004360936
2 Inverse variance weighted 12.73387 0.0017174152
  Selected IVW Q_pval: 0.001717415 
  Heterogeneity detected (Q_pval = 0.00172 ) → Using RANDOM EFFECTS IVW

STEP 5: Running MR analysis...
Analysing 'eqtl-a-ENSG00000093010' on 'ebi-a-GCST90091033'
  Methods used: Inverse variance weighted (multiplicative random effects), MR Egger, Weighted median, Weighted mode, Simple mode 

STEP 6: Pleiotropy test...

STEP 7: Steiger directionality test (fixed)...
  Adding r values for Steiger test...
  Steiger test completed successfully

STEP 8: MR-PRESSO analysis...
ENSG00000093010 || id:eqtl-a-ENSG00000093010 - Nonalcoholic fatty liver disease || id:ebi-a-GCST90091033
  MR-PRESSO failed: Not enough intrumental variables 

STEP 9: Generating plots...
Scale for colour is already present.
Adding another scale for colour, which will replace the existing scale.
  Scatter plot failed: invalid font type 
Scale for colour is already present.
Adding another scale for colour, which will replace the existing scale.
  Forest plot failed: invalid font type 
Scale for colour is already present.
Adding another scale for colour, which will replace the existing scale.
  Funnel plot failed: failed to find or load PDF CID font 
Scale for colour is already present.
Adding another scale for colour, which will replace the existing scale.
  Leave-one-out plot failed: invalid font type 

STEP 10: Saving results...

✓ Analysis for eqtl-a-ENSG00000093010 completed successfully!
There were 50 or more warnings (use warnings() to see the first 50)

============================================================
COMPREHENSIVE ANALYSIS REPORT - eQTL MR ANALYSIS
============================================================

STUDY OVERVIEW:
• Exposures: eQTL (expression quantitative trait loci) genetic variants
• Total exposures processed: 4 
• Successfully analyzed: 4 
• Failed: 0 
• Outcome: ebi-a-GCST90091033 

MAIN MR RESULTS (IVW method):
                exposure n_snps    beta     se p_value    OR          CI_95
1 eqtl-a-ENSG00000156110      4  0.0154 0.0161   0.339 1.016 [0.984, 1.048]
2 eqtl-a-ENSG00000085662      5  0.0134 0.0368   0.715 1.014 [0.943, 1.089]
3 eqtl-a-ENSG00000196139      8 -0.0209 0.0359    0.56 0.979 [0.913, 1.051]
4 eqtl-a-ENSG00000093010      3 -0.0002 0.0982   0.998 1.000 [0.825, 1.212]
                                                method_used
1                 Inverse variance weighted (fixed effects)
2                 Inverse variance weighted (fixed effects)
3                 Inverse variance weighted (fixed effects)
4 Inverse variance weighted (multiplicative random effects)

Significant results (p < 0.05): 0 / 4 

HETEROGENEITY SUMMARY (Cochran's Q test):
                exposure     Q  Q_pval I2               method_used
1 eqtl-a-ENSG00000156110  1.32   0.725 NA Inverse variance weighted
2 eqtl-a-ENSG00000085662  7.29   0.122 NA Inverse variance weighted
3 eqtl-a-ENSG00000196139  3.07   0.879 NA Inverse variance weighted
4 eqtl-a-ENSG00000093010 12.73 0.00172 NA Inverse variance weighted

INTERPRETATION OF HETEROGENEITY:
  eqtl-a-ENSG00000156110: No significant heterogeneity (p = 0.725) → Use FIXED EFFECTS IVW
  eqtl-a-ENSG00000085662: No significant heterogeneity (p = 0.122) → Use FIXED EFFECTS IVW
  eqtl-a-ENSG00000196139: No significant heterogeneity (p = 0.879) → Use FIXED EFFECTS IVW
  eqtl-a-ENSG00000093010: Significant heterogeneity (p = 0.00172) → Use RANDOM EFFECTS IVW

PLEIOTROPY SUMMARY (MR-Egger intercept test):
                exposure egger_intercept     se p_value
1 eqtl-a-ENSG00000156110         -0.0199 0.0192   0.409
2 eqtl-a-ENSG00000085662          0.0009 0.0317   0.979
3 eqtl-a-ENSG00000196139          0.0113 0.0098   0.291
4 eqtl-a-ENSG00000093010         -0.0233 0.1362   0.892

INTERPRETATION OF PLEIOTROPY:
  eqtl-a-ENSG00000156110: No significant horizontal pleiotropy (p = 0.409) → Results are reliable
  eqtl-a-ENSG00000085662: No significant horizontal pleiotropy (p = 0.979) → Results are reliable
  eqtl-a-ENSG00000196139: No significant horizontal pleiotropy (p = 0.291) → Results are reliable
  eqtl-a-ENSG00000093010: No significant horizontal pleiotropy (p = 0.892) → Results are reliable

STEIGER DIRECTIONALITY TEST SUMMARY:
                exposure snp_r2.exposure snp_r2.outcome
1 eqtl-a-ENSG00000156110          0.0440          0e+00
2 eqtl-a-ENSG00000085662          0.0144          2e-04
3 eqtl-a-ENSG00000196139          0.0170          1e-04
4 eqtl-a-ENSG00000093010          0.0135          3e-04
  correct_causal_direction steiger_pval
1                     TRUE       <2e-16
2                     TRUE       <2e-16
3                     TRUE       <2e-16
4                     TRUE       <2e-16

INTERPRETATION OF DIRECTIONALITY:
  eqtl-a-ENSG00000156110: Correct causal direction
  eqtl-a-ENSG00000085662: Correct causal direction
  eqtl-a-ENSG00000196139: Correct causal direction
  eqtl-a-ENSG00000093010: Correct causal direction

OUTPUT FILES:
1. Tables directory: /media/desk16/share/secure/MR/scripts/result/MR_eqtl_test2/tables 
   - *_harmonised.csv: Harmonised data for each exposure
   - *_mr_results.csv: MR results for each exposure
   - *_heterogeneity.csv: Heterogeneity test results
   - *_pleiotropy.csv: Pleiotropy test results
   - *_steiger.csv: Steiger directionality test results
   - *_mr_presso.csv: MR-PRESSO results
2. Figures directory: /media/desk16/share/secure/MR/scripts/result/MR_eqtl_test2/figures 
   - *_scatter_plot.png: Exposure-outcome scatter plot
   - *_forest_plot.png: Forest plot of SNP effects
   - *_funnel_plot.png: Funnel plot for symmetry
   - *_leaveoneout_plot.png: Leave-one-out sensitivity analysis

Analysis completed at: 2026-03-12 00:35:39 
Output directory: /media/desk16/share/secure/MR/scripts/result/MR_eqtl_test2 

Complete MR analysis for eQTL exposures finished successfully!
All results saved to: /media/desk16/share/secure/MR/scripts/result/MR_eqtl_test2 
Total exposures successfully analyzed: 4 

Saving successfully analyzed eQTL genes...
✓ Saved 4 successfully analyzed eQTL genes to eqtl_successful_genes.csv

============================================================
CREATING DETAILED HETEROGENEITY AND PLEIOTROPY SUMMARY TABLE
= = = = = = = = = = = = = = = = = = = = = = = = = = = = = = = = = = = = = = = = = = = = = = = = = = = = = = = = = = = = 

✓ Saved detailed heterogeneity and pleiotropy summary for 4 genes to: /media/desk16/share/secure/MR/scripts/result/MR_eqtl_test2/mr_heterogeneity_pleiotropy_summary.csv 

First 20 rows of the summary table:
  exposure            outcome   Method Heterogeneity_Q Q_df Q_P.value
1      ADK ebi-a-GCST90091033 MR Egger          0.2443    2     0.885
2          ebi-a-GCST90091033      IVW          1.3195    3    0.7245
3   AKR1B1 ebi-a-GCST90091033 MR Egger          7.2843    3   0.06337
4          ebi-a-GCST90091033      IVW          7.2864    4    0.1215
5   AKR1C3 ebi-a-GCST90091033 MR Egger          1.7236    6    0.9433
6          ebi-a-GCST90091033      IVW           3.065    7    0.8789
7     COMT ebi-a-GCST90091033 MR Egger         12.3708    1 0.0004361
8          ebi-a-GCST90091033      IVW         12.7339    2  0.001717
  Egger_intercept       SE  P.value
1       -0.019922 0.019213 0.408707
2                                  
3        0.000927 0.031711 0.978526
4                                  
5        0.011302 0.009758 0.290796
6                                  
7        -0.02334 0.136244  0.89199
8                                  

Table structure:
• Total rows: 8 
• Total genes: 4 
• Each gene has 2 rows: MR Egger and IVW

============================================================
ANALYSIS COMPLETE!
= = = = = = = = = = = = = = = = = = = = = = = = = = = = = = = = = = = = = = = = = = = = = = = = = = = = = = = = = = = = 


============================================================
STEP 9: CREATING INTEGRATED MR RESULTS TABLE FOR SUCCESSFUL GENES
= = = = = = = = = = = = = = = = = = = = = = = = = = = = = = = = = = = = = = = = = = = = = = = = = = = = = = = = = = = = 

整合 4 个基因的MR结果...
  已处理 4 / 4 个基因
Warning message:
In ifelse(!is.na(steiger_correct) && steiger_correct == "TRUE" &&  :
  NAs introduced by coercion
✓ 成功整合 4 个基因的MR结果

保存整合结果表格...
✓ 保存整合MR结果表格到: /media/desk16/share/secure/MR/scripts/result/MR_eqtl_test2/integrated_mr_results_summary.csv 
✓ 保存简洁MR结果表格到: /media/desk16/share/secure/MR/scripts/result/MR_eqtl_test2/concise_mr_results_summary.csv 

------------------------------------------------------------------------------------------------------------------------
INTEGRATED MR RESULTS SUMMARY
(Total: 4 genes)
------------------------------------------------------------------------------------------------------------------------

STATISTICAL SUMMARY:
• Total genes analyzed: 4 
• Genes with significant IVW (p < 0.05): 0 
• Genes with protective effect (OR < 1): 1 
• Genes with risk effect (OR > 1): 2 
• Genes with heterogeneity (p < 0.05): 1 
• Genes with pleiotropy (p < 0.05): 0 
• Genes with correct direction (Steiger): 4 

TOP 20 GENES (sorted by IVW P-value):
 Rank   Gene      Ensembl_ID n_SNPs IVW_OR    IVW_95CI  IVW_P Significant
    1    ADK ENSG00000156110      4  1.016 0.984-1.048 0.3394          NO
    2 AKR1C3 ENSG00000196139      8  0.979 0.913-1.051 0.5600          NO
    3 AKR1B1 ENSG00000085662      5  1.014 0.943-1.089 0.7151          NO
    4   COMT ENSG00000093010      4  1.000 0.825-1.212 0.9982          NO
  Direction
       Risk
 Protective
       Risk
 Protective

MOST SIGNIFICANT GENES:
  1. ADK: OR = 1.016 (95% CI: 0.984-1.048), p = 0.3394
  2. AKR1C3: OR = 0.979 (95% CI: 0.913-1.051), p = 0.56
  3. AKR1B1: OR = 1.014 (95% CI: 0.943-1.089), p = 0.7151
  4. COMT: OR = 1.000 (95% CI: 0.825-1.212), p = 0.9982

============================================================
VISUALIZATION OF INTEGRATED RESULTS
= = = = = = = = = = = = = = = = = = = = = = = = = = = = = = = = = = = = = = = = = = = = = = = = = = = = = = = = = = = = 

✓ OR分布图已保存
✓ P值分布图已保存
✓ OR vs P值散点图已保存
Warning message:
Using `size` aesthetic for lines was deprecated in ggplot2 3.4.0.
ℹ Please use `linewidth` instead. 

============================================================
FINAL OUTPUT FILES - INTEGRATED RESULTS
= = = = = = = = = = = = = = = = = = = = = = = = = = = = = = = = = = = = = = = = = = = = = = = = = = = = = = = = = = = = 

📁 输出目录:  /media/desk16/share/secure/MR/scripts/result/MR_eqtl_test2 

📄 主要结果文件:
   1. integrated_mr_results_summary.csv       - 完整的MR结果整合表格
   3. concise_mr_results_summary.csv         - 简洁的MR结果表格
   4. eqtl_successful_genes.csv              - 成功分析的基因列表
   5. mr_heterogeneity_pleiotropy_summary.csv - 异质性和多效性汇总表
   6. eqtl_genes.csv                         - 基因ID映射表
   7. MR_NAF_Analysis_Log.txt                - 分析日志文件

📂 子目录:
   • tables/ - 每个基因的详细结果文件
   • figures/ - 所有可视化图表

📊 分析统计:
   • 总基因数:  4 
   • 成功分析:  4 
   • 失败分析:  0 
   • IVW显著基因 (p<0.05):  0 
   • 方向性正确基因 (Steiger p<0.05 & direction=TRUE):  3 
   • 无水平多效性基因 (Egger intercept p>0.05):  4 
   • 三重筛选通过基因:  0 
   • 保护性基因:  1 
   • 风险性基因:  2 

⏰ 分析完成时间:  2026-03-12 00:35:40 
📋 日志文件:  /media/desk16/share/secure/MR/scripts/result/MR_eqtl_test2/MR_Analysis_Log.txt 

============================================================
ANALYSIS COMPLETE - 2026-03-12 00:35:40
= = = = = = = = = = = = = = = = = = = = = = = = = = = = = = = = = = = = = = = = = = = = = = = = = = = = = = = = = = = = 
[00:35:40] MR分析完成!
[00:35:40] 开始生成Word报告...

Attaching package: ‘dplyr’

The following objects are masked from ‘package:stats’:

    filter, lag

The following objects are masked from ‘package:base’:

    intersect, setdiff, setequal, union

================================================================================
  MR分析报告生成器
  类型: eqtl 
  时间戳: 20260312_003430 
================================================================================


================================================================================
报告已生成： /media/desk16/share/secure/MR/report/MR_eqtl.20260312_003430.docx 
================================================================================
[00:35:42] Word报告已生成: /media/desk16/share/secure/MR/report/MR_eqtl.20260312_003430.docx
