================================================================================
MR分析日志 - Mendelian Randomization Analysis
================================================================================
时间戳: 2026-03-17 16:42:20
运行ID: 20260317_164220
脚本: run_mr.sh

----------------------------------------
输入参数
----------------------------------------
MR类型: eqtl_pqtl
输入文件: /media/desk16/share/secure/MR/test_genes_eqtl.csv
输出目录: /media/desk16/share/secure/MR/results/test_eqtl_pqtl_coloc
共定位分析: 1
P值阈值: 5e-6
KB距离: 10

----------------------------------------
环境信息
----------------------------------------
工作目录: /media/desk16/share/secure/MR/scripts
R脚本目录: /media/desk16/share/secure/MR/scripts

[16:42:20] 日志文件已创建: /media/desk16/share/secure/MR/logs/MR_eqtl_pqtl.20260317_164220.log
[16:42:20] 配置文件已生成: /media/desk16/share/secure/MR/results/test_eqtl_pqtl_coloc/eqtl_pqtl.config.ini
[16:42:20] 开始MR分析...
[16:42:20]   类型: eqtl_pqtl
[16:42:20]   输入: /media/desk16/share/secure/MR/test_genes_eqtl.csv
[16:42:20]   输出: /media/desk16/share/secure/MR/results/test_eqtl_pqtl_coloc
[16:42:20]   共定位: 1
[16:42:20]   P值阈值: 5e-6
[16:42:20]   KB距离: 10
[16:42:20]   R2阈值: 0.001
[16:42:20]   F统计量阈值: 10
[16:42:20]   EAF阈值: 0.01
[16:42:20]   最少SNPs: 3
[16:42:20]   结局ID: ebi-a-GCST90091033
[16:42:20] 输出目录已创建: /media/desk16/share/secure/MR/results/test_eqtl_pqtl_coloc
[16:42:20] 开始eQTL MR分析...
TwoSampleMR version 0.7.0 

  [>] New authentication requirements: https://mrcieu.github.io/ieugwasr/articles/guide.html#authentication.
  [>] Major upgrades to our servers completed to improve service and stability.
  [>] We need your help to shape our emerging roadmap!
      Please take 2 minutes to give us feedback -
      https://forms.office.com/e/eSr7EFAfCG
OpenGWAS updates:
  Date: 2024-05-17
  [>] OpenGWAS is growing!
  [>] Please take 2 minutes to give us feedback -
  [>] It will help directly shape our emerging roadmap
  [>] https://forms.office.com/e/eSr7EFAfCG

Attaching package: ‘ieugwasr’

The following object is masked from ‘package:TwoSampleMR’:

    ld_matrix


Attaching package: ‘dplyr’

The following objects are masked from ‘package:stats’:

    filter, lag

The following objects are masked from ‘package:base’:

    intersect, setdiff, setequal, union


Attaching package: ‘data.table’

The following objects are masked from ‘package:dplyr’:

    between, first, last


clusterProfiler v4.16.0 Learn more at https://yulab-smu.top/contribution-knowledge-mining/

Please cite:

Guangchuang Yu, Li-Gen Wang, Yanyan Han and Qing-Yu He.
clusterProfiler: an R package for comparing biological themes among
gene clusters. OMICS: A Journal of Integrative Biology. 2012,
16(5):284-287

Attaching package: ‘clusterProfiler’

The following object is masked from ‘package:stats’:

    filter

[Config] Loading config from: scripts/config/MR.config.ini 
[Token] Using token from environment variable

================================================================================
  MR eQTL Analysis
  Started: 2026-03-17 16:42:28 
================================================================================


[Token Check] Validating OpenGWAS token...
[Token Check] OK - Token is valid

============================================================
STEP 0: PROCESSING CANDIDATE GENE LIST
= = = = = = = = = = = = = = = = = = = = = = = = = = = = = = = = = = = = = = = = = = = = = = = = = = = = = = = = = = = = 

1. Loading and inspecting the gene list...
   Original dimensions: 1 rows, 1 columns
   Original column names: gene 
   First few rows:
  gene
1 CCL2
   ✓ Single column detected, renamed to 'gene', added id column

2. Cleaning and converting gene identifiers to Ensembl ID...
   Total unique input identifiers: 1 
   Input does not appear to be Ensembl IDs. Attempting conversion...

Loading required package: AnnotationDbi
Loading required package: stats4
Loading required package: BiocGenerics
Loading required package: generics

Attaching package: ‘generics’

The following object is masked from ‘package:dplyr’:

    explain

The following objects are masked from ‘package:base’:

    as.difftime, as.factor, as.ordered, intersect, is.element, setdiff,
    setequal, union


Attaching package: ‘BiocGenerics’

The following object is masked from ‘package:dplyr’:

    combine

The following objects are masked from ‘package:stats’:

    IQR, mad, sd, var, xtabs

The following objects are masked from ‘package:base’:

    anyDuplicated, aperm, append, as.data.frame, basename, cbind,
    colnames, dirname, do.call, duplicated, eval, evalq, Filter, Find,
    get, grep, grepl, is.unsorted, lapply, Map, mapply, match, mget,
    order, paste, pmax, pmax.int, pmin, pmin.int, Position, rank,
    rbind, Reduce, rownames, sapply, saveRDS, table, tapply, unique,
    unsplit, which.max, which.min

Loading required package: Biobase
Welcome to Bioconductor

    Vignettes contain introductory material; view with
    'browseVignettes()'. To cite Bioconductor, see
    'citation("Biobase")', and for packages 'citation("pkgname")'.

Loading required package: IRanges
Loading required package: S4Vectors

Attaching package: ‘S4Vectors’

The following object is masked from ‘package:clusterProfiler’:

    rename

The following objects are masked from ‘package:data.table’:

    first, second

The following objects are masked from ‘package:dplyr’:

    first, rename

The following object is masked from ‘package:utils’:

    findMatches

The following objects are masked from ‘package:base’:

    expand.grid, I, unname


Attaching package: ‘IRanges’

The following object is masked from ‘package:clusterProfiler’:

    slice

The following object is masked from ‘package:data.table’:

    shift

The following objects are masked from ‘package:dplyr’:

    collapse, desc, slice

The following object is masked from ‘package:TwoSampleMR’:

    trim


Attaching package: ‘AnnotationDbi’

The following object is masked from ‘package:clusterProfiler’:

    select

The following object is masked from ‘package:dplyr’:

    select

   Attempting conversion from gene symbol to Ensembl ID...
   Loading clusterProfiler and org.Hs.eg.db...
'select()' returned 1:1 mapping between keys and columns
   ✓ Successfully converted 1 unique Ensembl IDs.
   Note: 0 duplicate mappings were removed.

3. Finalizing eQTL exposure ID list...
   Conversion method: Gene Symbol to Ensembl (via org.Hs.eg.db) 
   Final unique eQTL exposure IDs: 1 
   Sample of first 5 formatted exposure IDs:
[1] "eqtl-a-ENSG00000108691"

4. Saving conversion mapping for verification...
   ✓ ID conversion mapping saved to 'eqtl_genes.csv'
   Mapping file has 1 rows.

============================================================
STEP 0 COMPLETE. Proceeding to main MR analysis loop with 1 exposures.
= = = = = = = = = = = = = = = = = = = = = = = = = = = = = = = = = = = = = = = = = = = = = = = = = = = = = = = = = = = = 

=== Exposures Mendelian Randomization Analysis Log ===
Start Time: 2026-03-17 16:42:30 
Exposures: EQTL
Total exposures to process: 1 
Outcome: ebi-a-GCST90091033 
===========================================


============================================================
ANALYSIS [1/1]: eqtl-a-ENSG00000108691
============================================================

STEP 1: Extracting instrumental variables...
  Extracted 10 IVs
  After EAF filter (0.01-0.99): 10 IVs
  After F-statistic filter (> 10 ): 10 IVs

STEP 2: Extracting outcome data...
Extracting data for 10 SNP(s) from 1 GWAS(s)
Querying id chunk 1 of 1
Querying variant chunk 1 of 1
  Found 10 SNPs in outcome

STEP 3: Harmonising data...
Harmonising ENSG00000108691 || id:eqtl-a-ENSG00000108691 (eqtl-a-ENSG00000108691) and Nonalcoholic fatty liver disease || id:ebi-a-GCST90091033 (ebi-a-GCST90091033)
  Successfully harmonised 10 SNPs
  Checking exclusivity assumption (removing outcome-associated SNPs, p < 1e-5)...
    ✓ All SNPs pass exclusivity check (no outcome-associated SNPs)

STEP 4: Testing heterogeneity to select MR method...
  Heterogeneity methods: MR Egger, Inverse variance weighted 
  Heterogeneity results:
                     method         Q    Q_pval
1                  MR Egger 0.7993425 0.9992261
2 Inverse variance weighted 1.9629755 0.9920396
  Selected IVW Q_pval: 0.9920396 
  No significant heterogeneity (Q_pval = 0.992 ) → Using FIXED EFFECTS IVW

STEP 5: Running MR analysis...
Analysing 'eqtl-a-ENSG00000108691' on 'ebi-a-GCST90091033'
  Methods used: Inverse variance weighted (fixed effects), MR Egger, Weighted median, Weighted mode, Simple mode 

STEP 6: Pleiotropy test...

STEP 7: Steiger directionality test (fixed)...
  Adding r values for Steiger test...
  Steiger test completed successfully

STEP 8: MR-PRESSO analysis...
ENSG00000108691 || id:eqtl-a-ENSG00000108691 - Nonalcoholic fatty liver disease || id:ebi-a-GCST90091033

STEP 9: Generating plots...
Scale for colour is already present.
Adding another scale for colour, which will replace the existing scale.
  Scatter plot failed: invalid font type 
Scale for colour is already present.
Adding another scale for colour, which will replace the existing scale.
  Forest plot failed: invalid font type 
Scale for colour is already present.
Adding another scale for colour, which will replace the existing scale.
  Funnel plot failed: failed to find or load PDF CID font 
Scale for colour is already present.
Adding another scale for colour, which will replace the existing scale.
  Leave-one-out plot failed: invalid font type 

STEP 10: Saving results...

✓ Analysis for eqtl-a-ENSG00000108691 completed successfully!
There were 50 or more warnings (use warnings() to see the first 50)

============================================================
COMPREHENSIVE ANALYSIS REPORT - eQTL MR ANALYSIS
============================================================

STUDY OVERVIEW:
• Exposures: eQTL (expression quantitative trait loci) genetic variants
• Total exposures processed: 1 
• Successfully analyzed: 1 
• Failed: 0 
• Outcome: ebi-a-GCST90091033 

MAIN MR RESULTS (IVW method):
                exposure n_snps beta     se  p_value    OR          CI_95
1 eqtl-a-ENSG00000108691     10 0.28 0.0824 0.000679 1.323 [1.126, 1.555]
                                method_used
1 Inverse variance weighted (fixed effects)

Significant results (p < 0.05): 1 / 1 
Significant exposures:
                exposure    OR          CI_95  p_value
1 eqtl-a-ENSG00000108691 1.323 [1.126, 1.555] 0.000679

HETEROGENEITY SUMMARY (Cochran's Q test):
                exposure    Q Q_pval I2               method_used
1 eqtl-a-ENSG00000108691 1.96  0.992 NA Inverse variance weighted

INTERPRETATION OF HETEROGENEITY:
  eqtl-a-ENSG00000108691: No significant heterogeneity (p = 0.992) → Use FIXED EFFECTS IVW

PLEIOTROPY SUMMARY (MR-Egger intercept test):
                exposure egger_intercept     se p_value
1 eqtl-a-ENSG00000108691          0.0272 0.0252   0.312

INTERPRETATION OF PLEIOTROPY:
  eqtl-a-ENSG00000108691: No significant horizontal pleiotropy (p = 0.312) → Results are reliable

STEIGER DIRECTIONALITY TEST SUMMARY:
                exposure snp_r2.exposure snp_r2.outcome
1 eqtl-a-ENSG00000108691          0.0031          3e-04
  correct_causal_direction steiger_pval
1                     TRUE     1.76e-11

INTERPRETATION OF DIRECTIONALITY:
  eqtl-a-ENSG00000108691: Correct causal direction

OUTPUT FILES:
1. Tables directory: /media/desk16/share/secure/MR/results/test_eqtl_pqtl_coloc/eqtl/tables 
   - *_harmonised.csv: Harmonised data for each exposure
   - *_mr_results.csv: MR results for each exposure
   - *_heterogeneity.csv: Heterogeneity test results
   - *_pleiotropy.csv: Pleiotropy test results
   - *_steiger.csv: Steiger directionality test results
   - *_mr_presso.csv: MR-PRESSO results
2. Figures directory: /media/desk16/share/secure/MR/results/test_eqtl_pqtl_coloc/eqtl/figures 
   - *_scatter_plot.png: Exposure-outcome scatter plot
   - *_forest_plot.png: Forest plot of SNP effects
   - *_funnel_plot.png: Funnel plot for symmetry
   - *_leaveoneout_plot.png: Leave-one-out sensitivity analysis

Analysis completed at: 2026-03-17 16:42:57 
Output directory: /media/desk16/share/secure/MR/results/test_eqtl_pqtl_coloc/eqtl 

Complete MR analysis for eQTL exposures finished successfully!
All results saved to: /media/desk16/share/secure/MR/results/test_eqtl_pqtl_coloc/eqtl 
Total exposures successfully analyzed: 1 

Saving successfully analyzed eQTL genes...
✓ Saved 1 successfully analyzed eQTL genes to eqtl_successful_genes.csv

============================================================
CREATING DETAILED HETEROGENEITY AND PLEIOTROPY SUMMARY TABLE
= = = = = = = = = = = = = = = = = = = = = = = = = = = = = = = = = = = = = = = = = = = = = = = = = = = = = = = = = = = = 

✓ Saved detailed heterogeneity and pleiotropy summary for 1 genes to: /media/desk16/share/secure/MR/results/test_eqtl_pqtl_coloc/eqtl/mr_heterogeneity_pleiotropy_summary.csv 

First 20 rows of the summary table:
  exposure            outcome   Method Heterogeneity_Q Q_df Q_P.value
1     CCL2 ebi-a-GCST90091033 MR Egger          0.7993    8    0.9992
2          ebi-a-GCST90091033      IVW           1.963    9     0.992
  Egger_intercept       SE  P.value
1        0.027182 0.025199 0.312161
2                                  

Table structure:
• Total rows: 2 
• Total genes: 1 
• Each gene has 2 rows: MR Egger and IVW

============================================================
ANALYSIS COMPLETE!
= = = = = = = = = = = = = = = = = = = = = = = = = = = = = = = = = = = = = = = = = = = = = = = = = = = = = = = = = = = = 


============================================================
STEP 9: CREATING INTEGRATED MR RESULTS TABLE FOR SUCCESSFUL GENES
= = = = = = = = = = = = = = = = = = = = = = = = = = = = = = = = = = = = = = = = = = = = = = = = = = = = = = = = = = = = 

整合 1 个基因的MR结果...
  已处理 1 / 1 个基因
✓ 成功整合 1 个基因的MR结果

保存整合结果表格...
✓ 保存整合MR结果表格到: /media/desk16/share/secure/MR/results/test_eqtl_pqtl_coloc/eqtl/integrated_mr_results_summary.csv 
✓ 保存显著MR结果表格到: /media/desk16/share/secure/MR/results/test_eqtl_pqtl_coloc/eqtl/significant_mr_results_summary.csv 
✓ 保存简洁MR结果表格到: /media/desk16/share/secure/MR/results/test_eqtl_pqtl_coloc/eqtl/concise_mr_results_summary.csv 

------------------------------------------------------------------------------------------------------------------------
INTEGRATED MR RESULTS SUMMARY
(Total: 1 genes)
------------------------------------------------------------------------------------------------------------------------

STATISTICAL SUMMARY:
• Total genes analyzed: 1 
• Genes with significant IVW (p < 0.05): 1 
• Genes with protective effect (OR < 1): 0 
• Genes with risk effect (OR > 1): 1 
• Genes with heterogeneity (p < 0.05): 0 
• Genes with pleiotropy (p < 0.05): 0 
• Genes with correct direction (Steiger): 1 

TOP 20 GENES (sorted by IVW P-value):
 Rank Gene      Ensembl_ID n_SNPs IVW_OR    IVW_95CI    IVW_P Significant
    1 CCL2 ENSG00000108691     10  1.323 1.126-1.555 6.78e-04         YES
 Direction
      Risk

MOST SIGNIFICANT GENES:
  1. CCL2: OR = 1.323 (95% CI: 1.126-1.555), p = 0.0006785

============================================================
VISUALIZATION OF INTEGRATED RESULTS
= = = = = = = = = = = = = = = = = = = = = = = = = = = = = = = = = = = = = = = = = = = = = = = = = = = = = = = = = = = = 

✓ OR分布图已保存
✓ P值分布图已保存
✓ OR vs P值散点图已保存
Warning message:
Using `size` aesthetic for lines was deprecated in ggplot2 3.4.0.
ℹ Please use `linewidth` instead. 

============================================================
FINAL OUTPUT FILES - INTEGRATED RESULTS
= = = = = = = = = = = = = = = = = = = = = = = = = = = = = = = = = = = = = = = = = = = = = = = = = = = = = = = = = = = = 

📁 输出目录:  /media/desk16/share/secure/MR/results/test_eqtl_pqtl_coloc/eqtl 

📄 主要结果文件:
   1. integrated_mr_results_summary.csv       - 完整的MR结果整合表格
   2. significant_mr_results_summary.csv    - 三重筛选通过的MR结果(IVW+方向性+多效性)
   3. concise_mr_results_summary.csv         - 简洁的MR结果表格
   4. eqtl_successful_genes.csv              - 成功分析的基因列表
   5. mr_heterogeneity_pleiotropy_summary.csv - 异质性和多效性汇总表
   6. eqtl_genes.csv                         - 基因ID映射表
   7. MR_NAF_Analysis_Log.txt                - 分析日志文件

📂 子目录:
   • tables/ - 每个基因的详细结果文件
   • figures/ - 所有可视化图表

📊 分析统计:
   • 总基因数:  1 
   • 成功分析:  1 
   • 失败分析:  0 
   • IVW显著基因 (p<0.05):  1 
   • 方向性正确基因 (Steiger p<0.05 & direction=TRUE):  1 
   • 无水平多效性基因 (Egger intercept p>0.05):  1 
   • 三重筛选通过基因:  1 
   • 保护性基因:  0 
   • 风险性基因:  1 

⏰ 分析完成时间:  2026-03-17 16:42:59 
📋 日志文件:  /media/desk16/share/secure/MR/results/test_eqtl_pqtl_coloc/eqtl/MR_Analysis_Log.txt 

============================================================
ANALYSIS COMPLETE - 2026-03-17 16:42:59
= = = = = = = = = = = = = = = = = = = = = = = = = = = = = = = = = = = = = = = = = = = = = = = = = = = = = = = = = = = = 

============================================================
STEP 10: AUTO-GENERATING MR REPORT
= = = = = = = = = = = = = = = = = = = = = = = = = = = = = = = = = = = = = = = = = = = = = = = = = = = = = = = = = = = = 

Generating report...

Attaching package: ‘dplyr’

The following objects are masked from ‘package:stats’:

    filter, lag

The following objects are masked from ‘package:base’:

    intersect, setdiff, setequal, union

================================================================================
  MR分析报告生成器
  类型: eqtl 
  时间戳: 20260317_164220 
================================================================================

Loaded integrated results from: /media/desk16/share/secure/MR/results/test_eqtl_pqtl_coloc/eqtl/integrated_mr_results_summary.csv 
Loaded heterogeneity/pleiotropy results from: /media/desk16/share/secure/MR/results/test_eqtl_pqtl_coloc/eqtl/mr_heterogeneity_pleiotropy_summary.csv 
Loaded successful genes from: /media/desk16/share/secure/MR/results/test_eqtl_pqtl_coloc/eqtl/eqtl_successful_genes.csv 
Added plot: forest_plot 
Added plot: funnel_plot 
Added plot: scatter_plot 
Added plot: leaveoneout_plot 

================================================================================
报告已生成： /media/desk16/share/secure/MR/results/test_eqtl_pqtl_coloc/eqtl/MR_Report_20260317_164220.docx 
================================================================================
✓ Report saved to: /media/desk16/share/secure/MR/results/test_eqtl_pqtl_coloc/eqtl/MR_Report_20260317_164220.docx 
[16:43:01] 开始pQTL MR分析...
TwoSampleMR version 0.7.0 

  [>] New authentication requirements: https://mrcieu.github.io/ieugwasr/articles/guide.html#authentication.
  [>] Major upgrades to our servers completed to improve service and stability.
  [>] We need your help to shape our emerging roadmap!
      Please take 2 minutes to give us feedback -
      https://forms.office.com/e/eSr7EFAfCG
OpenGWAS updates:
  Date: 2024-05-17
  [>] OpenGWAS is growing!
  [>] Please take 2 minutes to give us feedback -
  [>] It will help directly shape our emerging roadmap
  [>] https://forms.office.com/e/eSr7EFAfCG

Attaching package: ‘ieugwasr’

The following object is masked from ‘package:TwoSampleMR’:

    ld_matrix


Attaching package: ‘dplyr’

The following objects are masked from ‘package:stats’:

    filter, lag

The following objects are masked from ‘package:base’:

    intersect, setdiff, setequal, union


Attaching package: ‘data.table’

The following objects are masked from ‘package:dplyr’:

    between, first, last


clusterProfiler v4.16.0 Learn more at https://yulab-smu.top/contribution-knowledge-mining/

Please cite:

S Xu, E Hu, Y Cai, Z Xie, X Luo, L Zhan, W Tang, Q Wang, B Liu, R Wang,
W Xie, T Wu, L Xie, G Yu. Using clusterProfiler to characterize
multiomics data. Nature Protocols. 2024, 19(11):3292-3320

Attaching package: ‘clusterProfiler’

The following object is masked from ‘package:stats’:

    filter

[Token] Using token from environment variable

================================================================================
  MR pQTL Analysis
  Started: 2026-03-17 16:43:09 
================================================================================

[Token Check] Validating OpenGWAS token...
[Token Check] OK - Token is valid
STEP 1: Loading candidate gene list...
Error in names(x) <- value : 
  'names' attribute [2] must be the same length as the vector [1]
Calls: colnames<-
Execution halted
[16:43:10] 寻找eQTL和pQTL共有基因...
================================================================================
  寻找eQTL和pQTL共有基因
  时间戳: 20260317_164220 
================================================================================

eQTL显著基因数量: 1 
pQTL显著结果文件不存在

共有显著基因数量: 0 
没有找到共有显著基因

✓ 分析完成!
[16:43:10] MR分析完成!
[16:43:10] 开始共定位分析...
── Attaching core tidyverse packages ──────────────────────── tidyverse 2.0.0 ──
✔ dplyr     1.2.0     ✔ readr     2.1.5
✔ forcats   1.0.0     ✔ stringr   1.6.0
✔ ggplot2   4.0.0     ✔ tibble    3.3.1
✔ lubridate 1.9.4     ✔ tidyr     1.3.1
✔ purrr     1.1.0     
── Conflicts ────────────────────────────────────────── tidyverse_conflicts() ──
✖ dplyr::filter() masks stats::filter()
✖ dplyr::lag()    masks stats::lag()
ℹ Use the conflicted package (<http://conflicted.r-lib.org/>) to force all conflicts to become errors
This is coloc version 5.2.3
OpenGWAS updates:
  Date: 2024-05-17
  [>] OpenGWAS is growing!
  [>] Please take 2 minutes to give us feedback -
  [>] It will help directly shape our emerging roadmap
  [>] https://forms.office.com/e/eSr7EFAfCG
TwoSampleMR version 0.7.0 

  [>] New authentication requirements: https://mrcieu.github.io/ieugwasr/articles/guide.html#authentication.
  [>] Major upgrades to our servers completed to improve service and stability.
  [>] We need your help to shape our emerging roadmap!
      Please take 2 minutes to give us feedback -
      https://forms.office.com/e/eSr7EFAfCG

Attaching package: ‘TwoSampleMR’

The following object is masked from ‘package:ieugwasr’:

    ld_matrix


Attaching package: ‘data.table’

The following objects are masked from ‘package:lubridate’:

    hour, isoweek, isoyear, mday, minute, month, quarter, second, wday,
    week, yday, year

The following objects are masked from ‘package:dplyr’:

    between, first, last

The following object is masked from ‘package:purrr’:

    transpose

============================================================
共定位分析 - 带p值筛选修正版
============================================================

步骤1: 读取MR分析结果并筛选基因
------------------------------------------------------------
Error in file(file, "rt") : cannot open the connection
Calls: read.csv -> read.table -> file
In addition: Warning message:
In file(file, "rt") :
  cannot open file '/media/desk16/share/26YLC033F/04_MR/MR/integrated_mr_results_summary.csv': No such file or directory
Execution halted
[16:43:14] 共定位分析完成!
[16:43:14] 开始生成eQTL+pQTL联合报告...
[16:43:14] 生成eQTL分析报告...

Attaching package: ‘dplyr’

The following objects are masked from ‘package:stats’:

    filter, lag

The following objects are masked from ‘package:base’:

    intersect, setdiff, setequal, union

================================================================================
  MR分析报告生成器
  类型: eqtl 
  时间戳: 20260317_164220 
================================================================================

Loaded integrated results from: /media/desk16/share/secure/MR/results/test_eqtl_pqtl_coloc/eqtl/integrated_mr_results_summary.csv 
Loaded heterogeneity/pleiotropy results from: /media/desk16/share/secure/MR/results/test_eqtl_pqtl_coloc/eqtl/mr_heterogeneity_pleiotropy_summary.csv 
Loaded successful genes from: /media/desk16/share/secure/MR/results/test_eqtl_pqtl_coloc/eqtl/eqtl_successful_genes.csv 
Added plot: forest_plot 
Added plot: funnel_plot 
Added plot: scatter_plot 
Added plot: leaveoneout_plot 

================================================================================
报告已生成： /media/desk16/share/secure/MR/report/MR_eqtl.20260317_164220.docx 
================================================================================
[16:43:16] 生成pQTL分析报告...

Attaching package: ‘dplyr’

The following objects are masked from ‘package:stats’:

    filter, lag

The following objects are masked from ‘package:base’:

    intersect, setdiff, setequal, union

================================================================================
  MR分析报告生成器
  类型: pqtl 
  时间戳: 20260317_164220 
================================================================================


================================================================================
报告已生成： /media/desk16/share/secure/MR/report/MR_pqtl.20260317_164220.docx 
================================================================================
[16:43:18] 生成联合报告...

Attaching package: ‘dplyr’

The following objects are masked from ‘package:stats’:

    filter, lag

The following objects are masked from ‘package:base’:

    intersect, setdiff, setequal, union

================================================================================
  MR eQTL+pQTL 联合报告生成器
  时间戳: 20260317_164220 
================================================================================

Added 图eQTL plot: forest_plot 
Added 图eQTL plot: funnel_plot 
Added 图eQTL plot: scatter_plot 
Added 图eQTL plot: leaveoneout_plot 

================================================================================
联合报告已生成： /media/desk16/share/secure/MR/report/MR_eqtl_pqtl.20260317_164220.docx 
================================================================================
[16:43:19] 联合报告已生成: /media/desk16/share/secure/MR/report/MR_eqtl_pqtl.20260317_164220.docx
