================================================================================
MR分析日志 - Mendelian Randomization Analysis
================================================================================
时间戳: 2026-03-23 13:05:40
运行ID: 20260323_130540
脚本: run_mr.sh

----------------------------------------
输入参数
----------------------------------------
MR类型: eqtl
输入文件: /media/desk16/share/secure/MR/test_genes_eqtl.csv
输出目录: /media/desk16/share/secure/MR/results/retest_20260323_123839/eqtl_coloc
共定位分析: 1
P值阈值: 5e-6
KB距离: 10

----------------------------------------
环境信息
----------------------------------------
工作目录: /media/desk16/share/secure/MR/scripts
R脚本目录: /media/desk16/share/secure/MR/scripts

[13:05:40] 日志文件已创建: /media/desk16/share/secure/MR/logs/MR_eqtl.20260323_130540.log
[13:05:40] 配置文件已生成: /media/desk16/share/secure/MR/results/retest_20260323_123839/eqtl_coloc/eqtl.config.ini
[13:05:40] 开始MR分析...
[13:05:40]   类型: eqtl
[13:05:40]   输入: /media/desk16/share/secure/MR/test_genes_eqtl.csv
[13:05:40]   输出: /media/desk16/share/secure/MR/results/retest_20260323_123839/eqtl_coloc
[13:05:40]   共定位: 1
[13:05:40]   P值阈值: 5e-6
[13:05:40]   KB距离: 10
[13:05:40]   R2阈值: 0.001
[13:05:40]   F统计量阈值: 10
[13:05:40]   EAF阈值: 0.01
[13:05:40]   最少SNPs: 3
[13:05:40]   结局ID: ebi-a-GCST90091033
[13:05:40] 输出目录已创建: /media/desk16/share/secure/MR/results/retest_20260323_123839/eqtl_coloc
[13:05:40] 开始eQTL MR分析...
TwoSampleMR version 0.7.0 

  [>] New authentication requirements: https://mrcieu.github.io/ieugwasr/articles/guide.html#authentication.
  [>] Major upgrades to our servers completed to improve service and stability.
  [>] We need your help to shape our emerging roadmap!
      Please take 2 minutes to give us feedback -
      https://forms.office.com/e/eSr7EFAfCG
OpenGWAS updates:
  Date: 2024-05-17
  [>] OpenGWAS is growing!
  [>] Please take 2 minutes to give us feedback -
  [>] It will help directly shape our emerging roadmap
  [>] https://forms.office.com/e/eSr7EFAfCG

Attaching package: ‘ieugwasr’

The following object is masked from ‘package:TwoSampleMR’:

    ld_matrix


Attaching package: ‘dplyr’

The following objects are masked from ‘package:stats’:

    filter, lag

The following objects are masked from ‘package:base’:

    intersect, setdiff, setequal, union


Attaching package: ‘data.table’

The following objects are masked from ‘package:dplyr’:

    between, first, last

Loading required package: sysfonts
Loading required package: showtextdb

clusterProfiler v4.16.0 Learn more at https://yulab-smu.top/contribution-knowledge-mining/

Please cite:

S Xu, E Hu, Y Cai, Z Xie, X Luo, L Zhan, W Tang, Q Wang, B Liu, R Wang,
W Xie, T Wu, L Xie, G Yu. Using clusterProfiler to characterize
multiomics data. Nature Protocols. 2024, 19(11):3292-3320

Attaching package: ‘clusterProfiler’

The following object is masked from ‘package:stats’:

    filter

[Config] Loading config from: scripts/config/MR.config.ini 
[Token] Using token from environment variable

================================================================================
  MR eQTL Analysis
  Started: 2026-03-23 13:07:34 
================================================================================


[Token Check] Validating OpenGWAS token...
[Token Check] OK - Token is valid
[Config] Parameters saved to: /media/desk16/share/secure/MR/results/retest_20260323_123839/eqtl_coloc/analysis_config.ini 

============================================================
STEP 0: PROCESSING CANDIDATE GENE LIST
= = = = = = = = = = = = = = = = = = = = = = = = = = = = = = = = = = = = = = = = = = = = = = = = = = = = = = = = = = = = 

1. Loading and inspecting the gene list...
   Original dimensions: 3 rows, 1 columns
   Original column names: gene 
   First few rows:
    gene
1 ELOVL1
2  FADS2
3  PTGS2
   ✓ Single column detected, renamed to 'gene', added id column

2. Cleaning and converting gene identifiers to Ensembl ID...
   Total unique input identifiers: 3 
   Input does not appear to be Ensembl IDs. Attempting conversion...

Loading required package: AnnotationDbi
Loading required package: stats4
Loading required package: BiocGenerics
Loading required package: generics

Attaching package: ‘generics’

The following object is masked from ‘package:dplyr’:

    explain

The following objects are masked from ‘package:base’:

    as.difftime, as.factor, as.ordered, intersect, is.element, setdiff,
    setequal, union


Attaching package: ‘BiocGenerics’

The following object is masked from ‘package:dplyr’:

    combine

The following objects are masked from ‘package:stats’:

    IQR, mad, sd, var, xtabs

The following objects are masked from ‘package:base’:

    anyDuplicated, aperm, append, as.data.frame, basename, cbind,
    colnames, dirname, do.call, duplicated, eval, evalq, Filter, Find,
    get, grep, grepl, is.unsorted, lapply, Map, mapply, match, mget,
    order, paste, pmax, pmax.int, pmin, pmin.int, Position, rank,
    rbind, Reduce, rownames, sapply, saveRDS, table, tapply, unique,
    unsplit, which.max, which.min

Loading required package: Biobase
Welcome to Bioconductor

    Vignettes contain introductory material; view with
    'browseVignettes()'. To cite Bioconductor, see
    'citation("Biobase")', and for packages 'citation("pkgname")'.

Loading required package: IRanges
Loading required package: S4Vectors

Attaching package: ‘S4Vectors’

The following object is masked from ‘package:clusterProfiler’:

    rename

The following objects are masked from ‘package:data.table’:

    first, second

The following objects are masked from ‘package:dplyr’:

    first, rename

The following object is masked from ‘package:utils’:

    findMatches

The following objects are masked from ‘package:base’:

    expand.grid, I, unname


Attaching package: ‘IRanges’

The following object is masked from ‘package:clusterProfiler’:

    slice

The following object is masked from ‘package:data.table’:

    shift

The following objects are masked from ‘package:dplyr’:

    collapse, desc, slice

The following object is masked from ‘package:TwoSampleMR’:

    trim


Attaching package: ‘AnnotationDbi’

The following object is masked from ‘package:clusterProfiler’:

    select

The following object is masked from ‘package:dplyr’:

    select

   Attempting conversion from gene symbol to Ensembl ID...
   Loading clusterProfiler and org.Hs.eg.db...
'select()' returned 1:1 mapping between keys and columns
   ✓ Successfully converted 3 unique Ensembl IDs.
   Note: 0 duplicate mappings were removed.
'select()' returned 1:1 mapping between keys and columns

3. Finalizing eQTL exposure ID list...
   Conversion method: Gene Symbol to Ensembl (via org.Hs.eg.db) 
   Final unique eQTL exposure IDs: 3 
   Sample of first 5 formatted exposure IDs:
[1] "eqtl-a-ENSG00000066322" "eqtl-a-ENSG00000134824" "eqtl-a-ENSG00000073756"

4. Saving conversion mapping for verification...
   ✓ ID conversion mapping saved to '08.eQTL_ID_Mapping.csv'
   Mapping file has 3 rows.

============================================================
STEP 0 COMPLETE. Proceeding to main MR analysis loop with 3 exposures.
= = = = = = = = = = = = = = = = = = = = = = = = = = = = = = = = = = = = = = = = = = = = = = = = = = = = = = = = = = = = 

=== Exposures Mendelian Randomization Analysis Log ===
Start Time: 2026-03-23 13:07:36 
Exposures: EQTL
Total exposures to process: 3 
Outcome: ebi-a-GCST90091033 
===========================================


============================================================
ANALYSIS [1/3]: eqtl-a-ENSG00000066322
============================================================

STEP 1: Extracting instrumental variables...
  Extracted 38 IVs
  After EAF filter (0.01-0.99): 38 IVs
  After F-statistic filter (> 10 ): 38 IVs

STEP 2: Extracting outcome data...
Extracting data for 38 SNP(s) from 1 GWAS(s)
Querying id chunk 1 of 1
Querying variant chunk 1 of 1
[RETRY] Token expired! No more retries for expired token.
  FATAL: Token expired during outcome extraction!
  ERROR: 
Status code from OpenGWAS API: 401

Message: Unknown error. 

============================================================
ANALYSIS [2/3]: eqtl-a-ENSG00000134824
============================================================

STEP 1: Extracting instrumental variables...
  Extracted 92 IVs
  After EAF filter (0.01-0.99): 92 IVs
  After F-statistic filter (> 10 ): 92 IVs

STEP 2: Extracting outcome data...
Extracting data for 92 SNP(s) from 1 GWAS(s)
Querying id chunk 1 of 1
Querying variant chunk 1 of 2
[RETRY] Token expired! No more retries for expired token.
  FATAL: Token expired during outcome extraction!
  ERROR: 
Status code from OpenGWAS API: 401

Message: Unknown error. 

============================================================
ANALYSIS [3/3]: eqtl-a-ENSG00000073756
============================================================

STEP 1: Extracting instrumental variables...
  Extracted 61 IVs
  After EAF filter (0.01-0.99): 61 IVs
  After F-statistic filter (> 10 ): 61 IVs

STEP 2: Extracting outcome data...
Extracting data for 61 SNP(s) from 1 GWAS(s)
Querying id chunk 1 of 1
Querying variant chunk 1 of 1
Finding proxies for 7 SNPs in outcome ebi-a-GCST90091033
Extracting data for 7 SNP(s) from 1 GWAS(s)
Querying id chunk 1 of 1
Querying variant chunk 1 of 1
  Found 59 SNPs in outcome

STEP 3: Harmonising data...
Harmonising ENSG00000073756 || id:eqtl-a-ENSG00000073756 (eqtl-a-ENSG00000073756) and Nonalcoholic fatty liver disease || id:ebi-a-GCST90091033 (ebi-a-GCST90091033)
Removing the following SNPs for incompatible alleles:
rs2383517
  Successfully harmonised 59 SNPs
  Checking exclusivity assumption (removing outcome-associated SNPs, p < 1e-5)...
    ✓ All SNPs pass exclusivity check (no outcome-associated SNPs)

STEP 4: Testing heterogeneity to select MR method...
  Heterogeneity methods: MR Egger, Inverse variance weighted 
  Heterogeneity results:
                     method        Q    Q_pval
1                  MR Egger 60.14769 0.3280479
2 Inverse variance weighted 62.21206 0.2959616
  Selected IVW Q_pval: 0.2959616 
  No significant heterogeneity (Q_pval = 0.296 ) → Using FIXED EFFECTS IVW

STEP 5: Running MR analysis...
Analysing 'eqtl-a-ENSG00000073756' on 'ebi-a-GCST90091033'
  Methods used: Inverse variance weighted (fixed effects), MR Egger, Weighted median, Weighted mode, Simple mode 

STEP 6: Pleiotropy test...

STEP 7: Steiger directionality test (fixed)...
  Adding r values for Steiger test...
  Steiger test completed successfully

STEP 8: MR-PRESSO analysis...
  Global Test result:
$RSSobs
[1] 64.39001

$Pvalue
[1] 0.353


STEP 9: Generating plots...
Scale for colour is already present.
Adding another scale for colour, which will replace the existing scale.
  ✓ Scatter plot saved (PNG + PDF)
Scale for colour is already present.
Adding another scale for colour, which will replace the existing scale.
  ✓ Forest plot saved (PNG + PDF + rsID.csv)
Scale for colour is already present.
Adding another scale for colour, which will replace the existing scale.
  ✓ Funnel plot saved (PNG + PDF)
Scale for colour is already present.
Adding another scale for colour, which will replace the existing scale.
  ✓ Leave-one-out plot saved (PNG + PDF)

STEP 10: Saving results...

✓ Analysis for eqtl-a-ENSG00000073756 completed successfully!
Warning messages:
1: In `[.data.table`(d, !duplicated(proxy_snp.outcome), , by = outcome) :
  Ignoring by/keyby because 'j' is not supplied
2: Removed 1 row containing missing values or values outside the scale range
(`geom_point()`). 
3: Removed 1 row containing missing values or values outside the scale range
(`geom_point()`). 
4: Removed 1 row containing missing values or values outside the scale range
(`geom_point()`). 
5: Removed 1 row containing missing values or values outside the scale range
(`geom_point()`). 

============================================================
COMPREHENSIVE ANALYSIS REPORT - eQTL MR ANALYSIS
============================================================

STUDY OVERVIEW:
• Exposures: eQTL (expression quantitative trait loci) genetic variants
• Total exposures processed: 3 
• Successfully analyzed: 1 
• Failed: 2 
• Outcome: ebi-a-GCST90091033 

MAIN MR RESULTS (IVW method):
                exposure n_snps   beta     se  p_value    OR        CI_95
1 eqtl-a-ENSG00000073756     58 0.0697 0.0131 9.31e-08 1.072 [1.045, 1.1]
                                method_used
1 Inverse variance weighted (fixed effects)

Significant results (p < 0.05): 1 / 1 
Significant exposures:
                exposure    OR        CI_95  p_value
1 eqtl-a-ENSG00000073756 1.072 [1.045, 1.1] 9.31e-08

HETEROGENEITY SUMMARY (Cochran's Q test):
                exposure     Q Q_pval I2               method_used
1 eqtl-a-ENSG00000073756 62.21  0.296 NA Inverse variance weighted

INTERPRETATION OF HETEROGENEITY:
  eqtl-a-ENSG00000073756: No significant heterogeneity (p = 0.296) → Use FIXED EFFECTS IVW

PLEIOTROPY SUMMARY (MR-Egger intercept test):
                exposure egger_intercept    se p_value
1 eqtl-a-ENSG00000073756         -0.0069 0.005   0.171

INTERPRETATION OF PLEIOTROPY:
  eqtl-a-ENSG00000073756: No significant horizontal pleiotropy (p = 0.171) → Results are reliable

STEIGER DIRECTIONALITY TEST SUMMARY:
                exposure snp_r2.exposure snp_r2.outcome
1 eqtl-a-ENSG00000073756          0.1477          0.002
  correct_causal_direction steiger_pval
1                     TRUE       <2e-16

INTERPRETATION OF DIRECTIONALITY:
  eqtl-a-ENSG00000073756: Correct causal direction

OUTPUT FILES:
1. Tables directory: /media/desk16/share/secure/MR/results/retest_20260323_123839/eqtl_coloc/tables 
   - *_harmonised.csv: Harmonised data for each exposure
   - *_mr_results.csv: MR results for each exposure
   - *_heterogeneity.csv: Heterogeneity test results
   - *_pleiotropy.csv: Pleiotropy test results
   - *_steiger.csv: Steiger directionality test results
   - *_mr_presso.csv: MR-PRESSO results
2. Figures directory: /media/desk16/share/secure/MR/results/retest_20260323_123839/eqtl_coloc/figures 
   - *_scatter_plot.png: Exposure-outcome scatter plot
   - *_forest_plot.png: Forest plot of SNP effects
   - *_funnel_plot.png: Funnel plot for symmetry
   - *_leaveoneout_plot.png: Leave-one-out sensitivity analysis

Analysis completed at: 2026-03-23 13:12:48 
Output directory: /media/desk16/share/secure/MR/results/retest_20260323_123839/eqtl_coloc 

Complete MR analysis for eQTL exposures finished successfully!
All results saved to: /media/desk16/share/secure/MR/results/retest_20260323_123839/eqtl_coloc 
Total exposures successfully analyzed: 1 

Saving successfully analyzed eQTL genes...
✓ Saved 1 successfully analyzed eQTL genes to 09.eQTL_Successful_Genes.csv

============================================================
CREATING DETAILED HETEROGENEITY AND PLEIOTROPY SUMMARY TABLE
= = = = = = = = = = = = = = = = = = = = = = = = = = = = = = = = = = = = = = = = = = = = = = = = = = = = = = = = = = = = 


============================================================
ANALYSIS COMPLETE!
= = = = = = = = = = = = = = = = = = = = = = = = = = = = = = = = = = = = = = = = = = = = = = = = = = = = = = = = = = = = 


============================================================
STEP 9: CREATING INTEGRATED MR RESULTS TABLE FOR SUCCESSFUL GENES
= = = = = = = = = = = = = = = = = = = = = = = = = = = = = = = = = = = = = = = = = = = = = = = = = = = = = = = = = = = = 

整合 1 个基因的MR结果...
  已处理 1 / 1 个基因
✓ 成功整合 1 个基因的MR结果
Outcome name: Nonalcoholic fatty liver disease 
✓ 保存完整MR结果到: /media/desk16/share/secure/MR/results/retest_20260323_123839/eqtl_coloc/00.Complete_MR_Results.csv 
✓ 保存Table 1格式（5种方法）到: /media/desk16/share/secure/MR/results/retest_20260323_123839/eqtl_coloc/01.MR_Results_All_Genes.csv 
✓ 保存异质性检验结果到: /media/desk16/share/secure/MR/results/retest_20260323_123839/eqtl_coloc/02.Heterogeneity_All_Genes.csv 
✓ 保存水平多效性检验结果到: /media/desk16/share/secure/MR/results/retest_20260323_123839/eqtl_coloc/03.Pleiotropy_All_Genes.csv 
✓ 保存MR-PRESSO结果到: /media/desk16/share/secure/MR/results/retest_20260323_123839/eqtl_coloc/04.MR_PRESSO_Results.csv 
✓ 保存Steiger方向性分析结果到: /media/desk16/share/secure/MR/results/retest_20260323_123839/eqtl_coloc/05.Steiger_Direction_Results.csv 
✓ 保存三重筛选结果到: /media/desk16/share/secure/MR/results/retest_20260323_123839/eqtl_coloc/06.Three_Filter_Results.csv 
✓ 保存因果靶点筛选结果到: /media/desk16/share/secure/MR/results/retest_20260323_123839/eqtl_coloc/07.MR_res_gene.csv （共 1 个）

------------------------------------------------------------------------------------------------------------------------
INTEGRATED MR RESULTS SUMMARY
(Total: 1 genes)
------------------------------------------------------------------------------------------------------------------------

STATISTICAL SUMMARY:
• Total genes analyzed: 1 
• Genes with significant IVW (p < 0.05): 1 
• Genes with protective effect (OR < 1): 0 
• Genes with risk effect (OR > 1): 1 
• Genes with heterogeneity (p < 0.05): 0 
• Genes with pleiotropy (p < 0.05): 0 
• Genes with correct direction (Steiger): 1 

TOP 20 GENES (sorted by IVW P-value):
 Rank  Gene      Ensembl_ID n_SNPs IVW_OR  IVW_95CI    IVW_P Significant
    1 PTGS2 ENSG00000073756     59  1.072 1.045-1.1 9.31e-08         YES
 Direction
      Risk

MOST SIGNIFICANT GENES:
  1. PTGS2: OR = 1.072 (95% CI: 1.045-1.1), p = 9.311e-08

============================================================
FINAL OUTPUT FILES - INTEGRATED RESULTS
= = = = = = = = = = = = = = = = = = = = = = = = = = = = = = = = = = = = = = = = = = = = = = = = = = = = = = = = = = = = 

📁 输出目录:  /media/desk16/share/secure/MR/results/retest_20260323_123839/eqtl_coloc 

📄 主要结果文件 (00-07 合并格式):
   00. 00.Complete_MR_Results.csv       - 最完整初始结果（1行/基因）
   01. 01.MR_Results_All_Genes.csv     - Table 1格式（5行/基因：5种MR方法）
   02. 02.Heterogeneity_All_Genes.csv  - 异质性检验（IVW + MR Egger + PRESSO）
   03. 03.Pleiotropy_All_Genes.csv     - 水平多效性检验
   04. 04.MR_PRESSO_Results.csv        - MR-PRESSO结果
   05. 05.Steiger_Direction_Results.csv - Steiger方向性分析
   06. 06.Three_Filter_Results.csv     - 三重筛选结果
   07. 07.MR_res_gene.csv             - 因果靶点筛选结果
   08. 08.eQTL_ID_Mapping.csv                  - 基因ID映射表
   09. 09.eQTL_Successful_Genes.csv       - 成功分析的基因列表
   10. MR_Analysis_Log.txt             - 分析日志

📂 子目录:
   • tables/ - 每个基因的详细结果文件
   • figures/ - 所有可视化图表

📊 分析统计:
   • 总基因数:  3 
   • 成功分析:  1 
   • 失败分析:  2 
   • IVW显著基因 (p<0.05):  1 
   • 方向性正确基因 (Steiger p<0.05 & direction=TRUE):  1 
   • 无水平多效性基因 (Egger intercept p>0.05):  1 
   • 三重筛选通过基因:  1 
   • 保护性基因:  0 
   • 风险性基因:  1 

⏰ 分析完成时间:  2026-03-23 13:12:48 
📋 日志文件:  /media/desk16/share/secure/MR/results/retest_20260323_123839/eqtl_coloc/MR_Analysis_Log.txt 

============================================================
ANALYSIS COMPLETE - 2026-03-23 13:12:48
= = = = = = = = = = = = = = = = = = = = = = = = = = = = = = = = = = = = = = = = = = = = = = = = = = = = = = = = = = = = 
✓ QS2 snapshot saved: /media/desk16/share/secure/MR/results/retest_20260323_123839/eqtl_coloc/eqtl_coloc_eqtl_node.qs2 
✓ Session info saved: /media/desk16/share/secure/MR/results/retest_20260323_123839/eqtl_coloc/logs/eqtl_coloc_sessionInfo.20260323_130540.txt 

============================================================
STEP 10: AUTO-GENERATING MR REPORT
= = = = = = = = = = = = = = = = = = = = = = = = = = = = = = = = = = = = = = = = = = = = = = = = = = = = = = = = = = = = 

Generating report...

Attaching package: ‘dplyr’

The following objects are masked from ‘package:stats’:

    filter, lag

The following objects are masked from ‘package:base’:

    intersect, setdiff, setequal, union

================================================================================
  MR分析报告生成器（优化版）
  类型: eqtl 
  时间戳: 20260323_130540 
================================================================================

Loaded results from 00.Complete_MR_Results.csv
Loaded heterogeneity from: /media/desk16/share/secure/MR/results/retest_20260323_123839/eqtl_coloc/02.Heterogeneity_All_Genes.csv 
Loaded pleiotropy from: /media/desk16/share/secure/MR/results/retest_20260323_123839/eqtl_coloc/03.Pleiotropy_All_Genes.csv 
Loaded MR results from: /media/desk16/share/secure/MR/results/retest_20260323_123839/eqtl_coloc/01.MR_Results_All_Genes.csv 
Loaded three-filter results from: /media/desk16/share/secure/MR/results/retest_20260323_123839/eqtl_coloc/06.Three_Filter_Results.csv 
Loaded causal targets from: /media/desk16/share/secure/MR/results/retest_20260323_123839/eqtl_coloc/07.MR_res_gene.csv 
Table genes source: 07.MR_res_gene.csv (2 genes)
Table1 rows after filtering (01): 5 / 5
Table2 rows after filtering (02): 2 / 2
Loaded config parameters from: /media/desk16/share/secure/MR/results/retest_20260323_123839/eqtl_coloc/analysis_config.ini 
Statistics: Total genes: 1 , Significant: 1 
Using report template: /media/desk16/share/secure/MR/templates/mr_report_template.docx 
Loaded successful genes from: /media/desk16/share/secure/MR/results/retest_20260323_123839/eqtl_coloc/09.eQTL_Successful_Genes.csv 
Added plot: PTGS2 - scatter (图 1 )
Added plot: PTGS2 - forest (图 2 )
Added plot: PTGS2 - funnel (图 3 )
Added plot: PTGS2 - leaveoneout (图 4 )

================================================================================
报告已生成： /media/desk16/share/secure/MR/results/retest_20260323_123839/eqtl_coloc/MR_Report_20260323_130540.docx 
================================================================================
✓ Report saved to: /media/desk16/share/secure/MR/results/retest_20260323_123839/eqtl_coloc/MR_Report_20260323_130540.docx 
[13:12:52] MR分析完成!
[13:12:52] 开始共定位分析...
── Attaching core tidyverse packages ──────────────────────── tidyverse 2.0.0 ──
✔ dplyr     1.2.0     ✔ readr     2.1.5
✔ forcats   1.0.0     ✔ stringr   1.6.0
✔ ggplot2   4.0.0     ✔ tibble    3.3.1
✔ lubridate 1.9.4     ✔ tidyr     1.3.1
✔ purrr     1.1.0     
── Conflicts ────────────────────────────────────────── tidyverse_conflicts() ──
✖ dplyr::filter() masks stats::filter()
✖ dplyr::lag()    masks stats::lag()
ℹ Use the conflicted package (<http://conflicted.r-lib.org/>) to force all conflicts to become errors
This is coloc version 5.2.3
OpenGWAS updates:
  Date: 2024-05-17
  [>] OpenGWAS is growing!
  [>] Please take 2 minutes to give us feedback -
  [>] It will help directly shape our emerging roadmap
  [>] https://forms.office.com/e/eSr7EFAfCG
TwoSampleMR version 0.7.0 

  [>] New authentication requirements: https://mrcieu.github.io/ieugwasr/articles/guide.html#authentication.
  [>] Major upgrades to our servers completed to improve service and stability.
  [>] We need your help to shape our emerging roadmap!
      Please take 2 minutes to give us feedback -
      https://forms.office.com/e/eSr7EFAfCG

Attaching package: ‘TwoSampleMR’

The following object is masked from ‘package:ieugwasr’:

    ld_matrix


Attaching package: ‘data.table’

The following objects are masked from ‘package:lubridate’:

    hour, isoweek, isoyear, mday, minute, month, quarter, second, wday,
    week, yday, year

The following objects are masked from ‘package:dplyr’:

    between, first, last

The following object is masked from ‘package:purrr’:

    transpose

============================================================
共定位分析 - 带p值筛选修正版
============================================================

MR目录: /media/desk16/share/secure/MR/results/retest_20260323_123839/eqtl_coloc 
输出目录: /media/desk16/share/secure/MR/results/retest_20260323_123839/eqtl_coloc/../coloc 
步骤1: 读取MR分析结果并筛选基因
------------------------------------------------------------
  使用结果文件: /media/desk16/share/secure/MR/results/retest_20260323_123839/eqtl_coloc/07.MR_res_gene.csv 
  正向MR分析基因数: 1 
  正向MR显著基因数 (p < 0.05): 1 

  Steiger因果方向检验筛选...
  - 未检测到Steiger列，使用当前显著基因集继续共定位。
  通过Steiger检验的显著基因数: 1 

  最终用于共定位分析的基因数: 1 

  将分析的基因:
    1 . PTGS2 ( ENSG00000073756 )


步骤2: 运行共定位分析
------------------------------------------------------------
  筛选设置: 保留eQTL p < 0.05 或 GWAS p < 0.05 的SNP
  显著阈值: PP.H4 > 0.6

   1 / 1 分析基因: PTGS2 ( ENSG00000073756 )
    1) 读取本地eQTL数据
      加载eQTL汇总数据文件(仅需列)...
      eQTL数据加载完成，总行数: 127341798 
      基因eQTL SNP总数: 6233 
      基因区域(± 50 kb) eQTL SNP数: 352 
      从Zscore反推Beta和SE
    2) 获取GWAS数据: ebi-a-GCST90018894 
Querying id chunk 1 of 1
Querying variant chunk 1 of 6
Querying variant chunk 2 of 6
Querying variant chunk 3 of 6
Querying variant chunk 4 of 6
Querying variant chunk 5 of 6
Querying variant chunk 6 of 6
      GWAS数据SNP数: 316 
      原始合并SNP数: 309 
    3) 基于p值筛选SNP (阈值 = 0.05)
      筛选统计:
        - eQTL显著SNP: 164
        - GWAS显著SNP: 4
        - 两者都显著SNP: 1
        - 筛选后SNP数: 167
      筛选保留比例: 54%
    4) 运行共定位分析 (使用167个SNP)
      错误: dataset 1: duplicated snps found 


步骤3: 保存结果
------------------------------------------------------------
  无有效共定位结果
Warning messages:
1: In fread(EQTL_FILE, select = c("GeneSymbol", "SNP", "SNPPos", "GenePos",  :
  Column name 'Beta' not found in column name header (case sensitive), skipping.
2: In fread(EQTL_FILE, select = c("GeneSymbol", "SNP", "SNPPos", "GenePos",  :
  Column name 'SE' not found in column name header (case sensitive), skipping.

============================================================
共定位分析完成!
============================================================

参数设置摘要:
  - 基因区域半径: ±50kb
  - SNP筛选阈值: p < 0.05
  - 共定位显著阈值: PP.H4 > 0.6
  - QS2快照: /media/desk16/share/secure/MR/results/retest_20260323_123839/eqtl_coloc/../coloc/coloc_node.qs2 
  - SessionInfo: /media/desk16/share/secure/MR/results/retest_20260323_123839/eqtl_coloc/../coloc/logs/coloc_sessionInfo.20260323_131828.txt 
[13:18:29] 共定位分析完成!
[13:18:29] 开始生成Word报告...

Attaching package: ‘dplyr’

The following objects are masked from ‘package:stats’:

    filter, lag

The following objects are masked from ‘package:base’:

    intersect, setdiff, setequal, union

================================================================================
  MR分析报告生成器（优化版）
  类型: eqtl 
  时间戳: 20260323_130540 
================================================================================

Loaded results from 00.Complete_MR_Results.csv
Loaded heterogeneity from: /media/desk16/share/secure/MR/results/retest_20260323_123839/eqtl_coloc/02.Heterogeneity_All_Genes.csv 
Loaded pleiotropy from: /media/desk16/share/secure/MR/results/retest_20260323_123839/eqtl_coloc/03.Pleiotropy_All_Genes.csv 
Loaded MR results from: /media/desk16/share/secure/MR/results/retest_20260323_123839/eqtl_coloc/01.MR_Results_All_Genes.csv 
Loaded three-filter results from: /media/desk16/share/secure/MR/results/retest_20260323_123839/eqtl_coloc/06.Three_Filter_Results.csv 
Loaded causal targets from: /media/desk16/share/secure/MR/results/retest_20260323_123839/eqtl_coloc/07.MR_res_gene.csv 
Table genes source: 07.MR_res_gene.csv (2 genes)
Table1 rows after filtering (01): 5 / 5
Table2 rows after filtering (02): 2 / 2
Loaded config parameters from: /media/desk16/share/secure/MR/results/retest_20260323_123839/eqtl_coloc/analysis_config.ini 
Statistics: Total genes: 1 , Significant: 1 
Using report template: /media/desk16/share/secure/MR/templates/mr_report_template.docx 
Loaded successful genes from: /media/desk16/share/secure/MR/results/retest_20260323_123839/eqtl_coloc/09.eQTL_Successful_Genes.csv 
Added plot: PTGS2 - scatter (图 1 )
Added plot: PTGS2 - forest (图 2 )
Added plot: PTGS2 - funnel (图 3 )
Added plot: PTGS2 - leaveoneout (图 4 )

================================================================================
报告已生成： /media/desk16/share/secure/MR/report/MR_eqtl.20260323_130540.docx 
================================================================================
[13:18:33] Word报告已生成: /media/desk16/share/secure/MR/report/MR_eqtl.20260323_130540.docx
