================================================================================
MR分析日志 - Mendelian Randomization Analysis
================================================================================
时间戳: 2026-03-12 11:11:50
运行ID: 20260312_111150
脚本: run_mr.sh

----------------------------------------
输入参数
----------------------------------------
MR类型: eqtl_pqtl
输入文件: /media/desk16/share/26YHB100F/06_MR/test_genes.csv
输出目录: /media/desk16/share/secure/MR/results/MR_eqtl_pqtl_coloc
共定位分析: 1
P值阈值: 5e-8
KB距离: 10000

----------------------------------------
环境信息
----------------------------------------
工作目录: /media/desk16/share/secure/MR/scripts
R脚本目录: /media/desk16/share/secure/MR/scripts

[11:11:50] 日志文件已创建: /media/desk16/share/secure/MR/logs/MR_eqtl_pqtl.20260312_111150.log
[11:11:50] 配置文件已生成: /media/desk16/share/secure/MR/results/MR_eqtl_pqtl_coloc/eqtl_pqtl.config.ini
[11:11:50] 开始MR分析...
[11:11:50]   类型: eqtl_pqtl
[11:11:50]   输入: /media/desk16/share/26YHB100F/06_MR/test_genes.csv
[11:11:50]   输出: /media/desk16/share/secure/MR/results/MR_eqtl_pqtl_coloc
[11:11:50]   共定位: 1
[11:11:50]   P值阈值: 5e-8
[11:11:50]   KB距离: 10000
[11:11:50]   R2阈值: 0.001
[11:11:50]   F统计量阈值: 10
[11:11:50]   EAF阈值: 0.01
[11:11:50]   最少SNPs: 3
[11:11:50]   结局ID: ebi-a-GCST90091033
[11:11:50] 输出目录已创建: /media/desk16/share/secure/MR/results/MR_eqtl_pqtl_coloc
[11:11:50] 开始eQTL MR分析...
✓ Loaded .Renviron from HOME (global)
✓ JWT token loaded successfully (length: 546 characters)
TwoSampleMR version 0.7.0 

  [>] New authentication requirements: https://mrcieu.github.io/ieugwasr/articles/guide.html#authentication.
  [>] Major upgrades to our servers completed to improve service and stability.
  [>] We need your help to shape our emerging roadmap!
      Please take 2 minutes to give us feedback -
      https://forms.office.com/e/eSr7EFAfCG
OpenGWAS updates:
  Date: 2024-05-17
  [>] OpenGWAS is growing!
  [>] Please take 2 minutes to give us feedback -
  [>] It will help directly shape our emerging roadmap
  [>] https://forms.office.com/e/eSr7EFAfCG

Attaching package: ‘ieugwasr’

The following object is masked from ‘package:TwoSampleMR’:

    ld_matrix


Attaching package: ‘dplyr’

The following objects are masked from ‘package:stats’:

    filter, lag

The following objects are masked from ‘package:base’:

    intersect, setdiff, setequal, union


Attaching package: ‘data.table’

The following objects are masked from ‘package:dplyr’:

    between, first, last

[Config] Loading config from: /media/desk16/share/secure/MR/scripts/config/MR.config.ini 

================================================================================
  MR eQTL Analysis
  Started: 2026-03-12 11:12:23 
================================================================================


============================================================
STEP 0: PROCESSING CANDIDATE GENE LIST
= = = = = = = = = = = = = = = = = = = = = = = = = = = = = = = = = = = = = = = = = = = = = = = = = = = = = = = = = = = = 

1. Loading and inspecting the gene list...
   Original dimensions: 4 rows, 2 columns
   Original column names: X, x 
   First few rows:
  X      x
1 1    ADK
2 2 AKR1B1
3 3 AKR1C3
4 4   COMT
   ✓ Columns renamed to: 'id', 'gene'

2. Cleaning and converting gene identifiers to Ensembl ID...
   Total unique input identifiers: 4 
   Input does not appear to be Ensembl IDs. Attempting conversion...


clusterProfiler v4.16.0 Learn more at https://yulab-smu.top/contribution-knowledge-mining/

Please cite:

Guangchuang Yu, Li-Gen Wang, Yanyan Han and Qing-Yu He.
clusterProfiler: an R package for comparing biological themes among
gene clusters. OMICS: A Journal of Integrative Biology. 2012,
16(5):284-287

Attaching package: ‘clusterProfiler’

The following object is masked from ‘package:stats’:

    filter

Loading required package: AnnotationDbi
Loading required package: stats4
Loading required package: BiocGenerics
Loading required package: generics

Attaching package: ‘generics’

The following object is masked from ‘package:dplyr’:

    explain

The following objects are masked from ‘package:base’:

    as.difftime, as.factor, as.ordered, intersect, is.element, setdiff,
    setequal, union


Attaching package: ‘BiocGenerics’

The following object is masked from ‘package:dplyr’:

    combine

The following objects are masked from ‘package:stats’:

    IQR, mad, sd, var, xtabs

The following objects are masked from ‘package:base’:

    anyDuplicated, aperm, append, as.data.frame, basename, cbind,
    colnames, dirname, do.call, duplicated, eval, evalq, Filter, Find,
    get, grep, grepl, is.unsorted, lapply, Map, mapply, match, mget,
    order, paste, pmax, pmax.int, pmin, pmin.int, Position, rank,
    rbind, Reduce, rownames, sapply, saveRDS, table, tapply, unique,
    unsplit, which.max, which.min

Loading required package: Biobase
Welcome to Bioconductor

    Vignettes contain introductory material; view with
    'browseVignettes()'. To cite Bioconductor, see
    'citation("Biobase")', and for packages 'citation("pkgname")'.

Loading required package: IRanges
Loading required package: S4Vectors

Attaching package: ‘S4Vectors’

The following object is masked from ‘package:clusterProfiler’:

    rename

The following objects are masked from ‘package:data.table’:

    first, second

The following objects are masked from ‘package:dplyr’:

    first, rename

The following object is masked from ‘package:utils’:

    findMatches

The following objects are masked from ‘package:base’:

    expand.grid, I, unname


Attaching package: ‘IRanges’

The following object is masked from ‘package:clusterProfiler’:

    slice

The following object is masked from ‘package:data.table’:

    shift

The following objects are masked from ‘package:dplyr’:

    collapse, desc, slice

The following object is masked from ‘package:TwoSampleMR’:

    trim


Attaching package: ‘AnnotationDbi’

The following object is masked from ‘package:clusterProfiler’:

    select

The following object is masked from ‘package:dplyr’:

    select

   Attempting conversion from gene symbol to Ensembl ID...
'select()' returned 1:1 mapping between keys and columns
   ✓ Successfully converted 4 unique Ensembl IDs.
   Note: 0 duplicate mappings were removed.

3. Finalizing eQTL exposure ID list...
   Conversion method: Gene Symbol to Ensembl (via org.Hs.eg.db) 
   Final unique eQTL exposure IDs: 4 
   Sample of first 5 formatted exposure IDs:
[1] "eqtl-a-ENSG00000156110" "eqtl-a-ENSG00000085662" "eqtl-a-ENSG00000196139"
[4] "eqtl-a-ENSG00000093010"

4. Saving conversion mapping for verification...
   ✓ ID conversion mapping saved to 'eqtl_genes.csv'
   Mapping file has 4 rows.

============================================================
STEP 0 COMPLETE. Proceeding to main MR analysis loop with 4 exposures.
= = = = = = = = = = = = = = = = = = = = = = = = = = = = = = = = = = = = = = = = = = = = = = = = = = = = = = = = = = = = 

=== Exposures Mendelian Randomization Analysis Log ===
Start Time: 2026-03-12 11:12:28 
Exposures: EQTL
Total exposures to process: 4 
Outcome: ebi-a-GCST90091033 
===========================================


============================================================
ANALYSIS [1/4]: eqtl-a-ENSG00000156110
============================================================

STEP 1: Extracting instrumental variables...
  Extracted 6 IVs
  After EAF filter (0.01-0.99): 6 IVs
  After F-statistic filter (> 10 ): 6 IVs

STEP 2: Extracting outcome data...
Extracting data for 6 SNP(s) from 1 GWAS(s)
Querying id chunk 1 of 1
Querying variant chunk 1 of 1
Finding proxies for 4 SNPs in outcome ebi-a-GCST90091033
Extracting data for 4 SNP(s) from 1 GWAS(s)
Querying id chunk 1 of 1
Querying variant chunk 1 of 1
  Found 4 SNPs in outcome

STEP 3: Harmonising data...
Harmonising ENSG00000156110 || id:eqtl-a-ENSG00000156110 (eqtl-a-ENSG00000156110) and Nonalcoholic fatty liver disease || id:ebi-a-GCST90091033 (ebi-a-GCST90091033)
  Successfully harmonised 4 SNPs

STEP 4: Testing heterogeneity to select MR method...
  Heterogeneity methods: MR Egger, Inverse variance weighted 
  Heterogeneity results:
                     method         Q    Q_pval
1                  MR Egger 0.2443275 0.8850034
2 Inverse variance weighted 1.3194887 0.7245106
  Selected IVW Q_pval: 0.7245106 
  No significant heterogeneity (Q_pval = 0.725 ) → Using FIXED EFFECTS IVW

STEP 5: Running MR analysis...
Analysing 'eqtl-a-ENSG00000156110' on 'ebi-a-GCST90091033'
  Methods used: Inverse variance weighted (fixed effects), MR Egger, Weighted median, Weighted mode, Simple mode 

STEP 6: Pleiotropy test...

STEP 7: Steiger directionality test (fixed)...
  Adding r values for Steiger test...
  Steiger test completed successfully

STEP 8: MR-PRESSO analysis...
ENSG00000156110 || id:eqtl-a-ENSG00000156110 - Nonalcoholic fatty liver disease || id:ebi-a-GCST90091033

STEP 9: Generating plots...
Scale for colour is already present.
Adding another scale for colour, which will replace the existing scale.
  Scatter plot failed: invalid font type 
Scale for colour is already present.
Adding another scale for colour, which will replace the existing scale.
  Forest plot failed: invalid font type 
Scale for colour is already present.
Adding another scale for colour, which will replace the existing scale.
  Funnel plot failed: failed to find or load PDF CID font 
Scale for colour is already present.
Adding another scale for colour, which will replace the existing scale.
  Leave-one-out plot failed: invalid font type 

STEP 10: Saving results...

✓ Analysis for eqtl-a-ENSG00000156110 completed successfully!

============================================================
ANALYSIS [2/4]: eqtl-a-ENSG00000085662
============================================================

STEP 1: Extracting instrumental variables...
  Extracted 5 IVs
  After EAF filter (0.01-0.99): 5 IVs
  After F-statistic filter (> 10 ): 5 IVs

STEP 2: Extracting outcome data...
Extracting data for 5 SNP(s) from 1 GWAS(s)
Querying id chunk 1 of 1
Querying variant chunk 1 of 1
  Found 5 SNPs in outcome

STEP 3: Harmonising data...
Harmonising ENSG00000085662 || id:eqtl-a-ENSG00000085662 (eqtl-a-ENSG00000085662) and Nonalcoholic fatty liver disease || id:ebi-a-GCST90091033 (ebi-a-GCST90091033)
  Successfully harmonised 5 SNPs

STEP 4: Testing heterogeneity to select MR method...
  Heterogeneity methods: MR Egger, Inverse variance weighted 
  Heterogeneity results:
                     method        Q     Q_pval
1                  MR Egger 7.284298 0.06336763
2 Inverse variance weighted 7.286370 0.12150685
  Selected IVW Q_pval: 0.1215068 
  No significant heterogeneity (Q_pval = 0.122 ) → Using FIXED EFFECTS IVW

STEP 5: Running MR analysis...
Analysing 'eqtl-a-ENSG00000085662' on 'ebi-a-GCST90091033'
  Methods used: Inverse variance weighted (fixed effects), MR Egger, Weighted median, Weighted mode, Simple mode 

STEP 6: Pleiotropy test...

STEP 7: Steiger directionality test (fixed)...
  Adding r values for Steiger test...
  Steiger test completed successfully

STEP 8: MR-PRESSO analysis...
ENSG00000085662 || id:eqtl-a-ENSG00000085662 - Nonalcoholic fatty liver disease || id:ebi-a-GCST90091033

STEP 9: Generating plots...
Scale for colour is already present.
Adding another scale for colour, which will replace the existing scale.
  Scatter plot failed: invalid font type 
Scale for colour is already present.
Adding another scale for colour, which will replace the existing scale.
  Forest plot failed: invalid font type 
Scale for colour is already present.
Adding another scale for colour, which will replace the existing scale.
  Funnel plot failed: failed to find or load PDF CID font 
Scale for colour is already present.
Adding another scale for colour, which will replace the existing scale.
  Leave-one-out plot failed: invalid font type 

STEP 10: Saving results...

✓ Analysis for eqtl-a-ENSG00000085662 completed successfully!

============================================================
ANALYSIS [3/4]: eqtl-a-ENSG00000196139
============================================================

STEP 1: Extracting instrumental variables...
  Extracted 8 IVs
  After EAF filter (0.01-0.99): 8 IVs
  After F-statistic filter (> 10 ): 8 IVs

STEP 2: Extracting outcome data...
Extracting data for 8 SNP(s) from 1 GWAS(s)
Querying id chunk 1 of 1
Querying variant chunk 1 of 1
  Found 8 SNPs in outcome

STEP 3: Harmonising data...
Harmonising ENSG00000196139 || id:eqtl-a-ENSG00000196139 (eqtl-a-ENSG00000196139) and Nonalcoholic fatty liver disease || id:ebi-a-GCST90091033 (ebi-a-GCST90091033)
  Successfully harmonised 8 SNPs

STEP 4: Testing heterogeneity to select MR method...
  Heterogeneity methods: MR Egger, Inverse variance weighted 
  Heterogeneity results:
                     method        Q    Q_pval
1                  MR Egger 1.723589 0.9432857
2 Inverse variance weighted 3.065014 0.8789234
  Selected IVW Q_pval: 0.8789234 
  No significant heterogeneity (Q_pval = 0.879 ) → Using FIXED EFFECTS IVW

STEP 5: Running MR analysis...
Analysing 'eqtl-a-ENSG00000196139' on 'ebi-a-GCST90091033'
  Methods used: Inverse variance weighted (fixed effects), MR Egger, Weighted median, Weighted mode, Simple mode 

STEP 6: Pleiotropy test...

STEP 7: Steiger directionality test (fixed)...
  Adding r values for Steiger test...
  Steiger test completed successfully

STEP 8: MR-PRESSO analysis...
ENSG00000196139 || id:eqtl-a-ENSG00000196139 - Nonalcoholic fatty liver disease || id:ebi-a-GCST90091033

STEP 9: Generating plots...
Scale for colour is already present.
Adding another scale for colour, which will replace the existing scale.
  Scatter plot failed: invalid font type 
Scale for colour is already present.
Adding another scale for colour, which will replace the existing scale.
  Forest plot failed: invalid font type 
Scale for colour is already present.
Adding another scale for colour, which will replace the existing scale.
  Funnel plot failed: failed to find or load PDF CID font 
Scale for colour is already present.
Adding another scale for colour, which will replace the existing scale.
  Leave-one-out plot failed: invalid font type 

STEP 10: Saving results...

✓ Analysis for eqtl-a-ENSG00000196139 completed successfully!

============================================================
ANALYSIS [4/4]: eqtl-a-ENSG00000093010
============================================================

STEP 1: Extracting instrumental variables...
  Extracted 4 IVs
  After EAF filter (0.01-0.99): 4 IVs
  After F-statistic filter (> 10 ): 4 IVs

STEP 2: Extracting outcome data...
Extracting data for 4 SNP(s) from 1 GWAS(s)
Querying id chunk 1 of 1
Querying variant chunk 1 of 1
  Found 4 SNPs in outcome

STEP 3: Harmonising data...
Harmonising ENSG00000093010 || id:eqtl-a-ENSG00000093010 (eqtl-a-ENSG00000093010) and Nonalcoholic fatty liver disease || id:ebi-a-GCST90091033 (ebi-a-GCST90091033)
Removing the following SNPs for being palindromic with intermediate allele frequencies:
rs1991866
  Successfully harmonised 4 SNPs

STEP 4: Testing heterogeneity to select MR method...
  Heterogeneity methods: MR Egger, Inverse variance weighted 
  Heterogeneity results:
                     method        Q       Q_pval
1                  MR Egger 12.37083 0.0004360936
2 Inverse variance weighted 12.73387 0.0017174152
  Selected IVW Q_pval: 0.001717415 
  Heterogeneity detected (Q_pval = 0.00172 ) → Using RANDOM EFFECTS IVW

STEP 5: Running MR analysis...
Analysing 'eqtl-a-ENSG00000093010' on 'ebi-a-GCST90091033'
  Methods used: Inverse variance weighted (multiplicative random effects), MR Egger, Weighted median, Weighted mode, Simple mode 

STEP 6: Pleiotropy test...

STEP 7: Steiger directionality test (fixed)...
  Adding r values for Steiger test...
  Steiger test completed successfully

STEP 8: MR-PRESSO analysis...
ENSG00000093010 || id:eqtl-a-ENSG00000093010 - Nonalcoholic fatty liver disease || id:ebi-a-GCST90091033
  MR-PRESSO failed: Not enough intrumental variables 

STEP 9: Generating plots...
Scale for colour is already present.
Adding another scale for colour, which will replace the existing scale.
  Scatter plot failed: invalid font type 
Scale for colour is already present.
Adding another scale for colour, which will replace the existing scale.
  Forest plot failed: invalid font type 
Scale for colour is already present.
Adding another scale for colour, which will replace the existing scale.
  Funnel plot failed: failed to find or load PDF CID font 
Scale for colour is already present.
Adding another scale for colour, which will replace the existing scale.
  Leave-one-out plot failed: invalid font type 

STEP 10: Saving results...

✓ Analysis for eqtl-a-ENSG00000093010 completed successfully!
There were 50 or more warnings (use warnings() to see the first 50)

============================================================
COMPREHENSIVE ANALYSIS REPORT - eQTL MR ANALYSIS
============================================================

STUDY OVERVIEW:
• Exposures: eQTL (expression quantitative trait loci) genetic variants
• Total exposures processed: 4 
• Successfully analyzed: 4 
• Failed: 0 
• Outcome: ebi-a-GCST90091033 

MAIN MR RESULTS (IVW method):
                exposure n_snps    beta     se p_value    OR          CI_95
1 eqtl-a-ENSG00000156110      4  0.0154 0.0161   0.339 1.016 [0.984, 1.048]
2 eqtl-a-ENSG00000085662      5  0.0134 0.0368   0.715 1.014 [0.943, 1.089]
3 eqtl-a-ENSG00000196139      8 -0.0209 0.0359    0.56 0.979 [0.913, 1.051]
4 eqtl-a-ENSG00000093010      3 -0.0002 0.0982   0.998 1.000 [0.825, 1.212]
                                                method_used
1                 Inverse variance weighted (fixed effects)
2                 Inverse variance weighted (fixed effects)
3                 Inverse variance weighted (fixed effects)
4 Inverse variance weighted (multiplicative random effects)

Significant results (p < 0.05): 0 / 4 

HETEROGENEITY SUMMARY (Cochran's Q test):
                exposure     Q  Q_pval I2               method_used
1 eqtl-a-ENSG00000156110  1.32   0.725 NA Inverse variance weighted
2 eqtl-a-ENSG00000085662  7.29   0.122 NA Inverse variance weighted
3 eqtl-a-ENSG00000196139  3.07   0.879 NA Inverse variance weighted
4 eqtl-a-ENSG00000093010 12.73 0.00172 NA Inverse variance weighted

INTERPRETATION OF HETEROGENEITY:
  eqtl-a-ENSG00000156110: No significant heterogeneity (p = 0.725) → Use FIXED EFFECTS IVW
  eqtl-a-ENSG00000085662: No significant heterogeneity (p = 0.122) → Use FIXED EFFECTS IVW
  eqtl-a-ENSG00000196139: No significant heterogeneity (p = 0.879) → Use FIXED EFFECTS IVW
  eqtl-a-ENSG00000093010: Significant heterogeneity (p = 0.00172) → Use RANDOM EFFECTS IVW

PLEIOTROPY SUMMARY (MR-Egger intercept test):
                exposure egger_intercept     se p_value
1 eqtl-a-ENSG00000156110         -0.0199 0.0192   0.409
2 eqtl-a-ENSG00000085662          0.0009 0.0317   0.979
3 eqtl-a-ENSG00000196139          0.0113 0.0098   0.291
4 eqtl-a-ENSG00000093010         -0.0233 0.1362   0.892

INTERPRETATION OF PLEIOTROPY:
  eqtl-a-ENSG00000156110: No significant horizontal pleiotropy (p = 0.409) → Results are reliable
  eqtl-a-ENSG00000085662: No significant horizontal pleiotropy (p = 0.979) → Results are reliable
  eqtl-a-ENSG00000196139: No significant horizontal pleiotropy (p = 0.291) → Results are reliable
  eqtl-a-ENSG00000093010: No significant horizontal pleiotropy (p = 0.892) → Results are reliable

STEIGER DIRECTIONALITY TEST SUMMARY:
                exposure snp_r2.exposure snp_r2.outcome
1 eqtl-a-ENSG00000156110          0.0440          0e+00
2 eqtl-a-ENSG00000085662          0.0144          2e-04
3 eqtl-a-ENSG00000196139          0.0170          1e-04
4 eqtl-a-ENSG00000093010          0.0135          3e-04
  correct_causal_direction steiger_pval
1                     TRUE       <2e-16
2                     TRUE       <2e-16
3                     TRUE       <2e-16
4                     TRUE       <2e-16

INTERPRETATION OF DIRECTIONALITY:
  eqtl-a-ENSG00000156110: Correct causal direction
  eqtl-a-ENSG00000085662: Correct causal direction
  eqtl-a-ENSG00000196139: Correct causal direction
  eqtl-a-ENSG00000093010: Correct causal direction

OUTPUT FILES:
1. Tables directory: /media/desk16/share/secure/MR/results/MR_eqtl_pqtl_coloc/eqtl/tables 
   - *_harmonised.csv: Harmonised data for each exposure
   - *_mr_results.csv: MR results for each exposure
   - *_heterogeneity.csv: Heterogeneity test results
   - *_pleiotropy.csv: Pleiotropy test results
   - *_steiger.csv: Steiger directionality test results
   - *_mr_presso.csv: MR-PRESSO results
2. Figures directory: /media/desk16/share/secure/MR/results/MR_eqtl_pqtl_coloc/eqtl/figures 
   - *_scatter_plot.png: Exposure-outcome scatter plot
   - *_forest_plot.png: Forest plot of SNP effects
   - *_funnel_plot.png: Funnel plot for symmetry
   - *_leaveoneout_plot.png: Leave-one-out sensitivity analysis

Analysis completed at: 2026-03-12 11:13:28 
Output directory: /media/desk16/share/secure/MR/results/MR_eqtl_pqtl_coloc/eqtl 

Complete MR analysis for eQTL exposures finished successfully!
All results saved to: /media/desk16/share/secure/MR/results/MR_eqtl_pqtl_coloc/eqtl 
Total exposures successfully analyzed: 4 

Saving successfully analyzed eQTL genes...
✓ Saved 4 successfully analyzed eQTL genes to eqtl_successful_genes.csv

============================================================
CREATING DETAILED HETEROGENEITY AND PLEIOTROPY SUMMARY TABLE
= = = = = = = = = = = = = = = = = = = = = = = = = = = = = = = = = = = = = = = = = = = = = = = = = = = = = = = = = = = = 

✓ Saved detailed heterogeneity and pleiotropy summary for 4 genes to: /media/desk16/share/secure/MR/results/MR_eqtl_pqtl_coloc/eqtl/mr_heterogeneity_pleiotropy_summary.csv 

First 20 rows of the summary table:
  exposure            outcome   Method Heterogeneity_Q Q_df Q_P.value
1      ADK ebi-a-GCST90091033 MR Egger          0.2443    2     0.885
2          ebi-a-GCST90091033      IVW          1.3195    3    0.7245
3   AKR1B1 ebi-a-GCST90091033 MR Egger          7.2843    3   0.06337
4          ebi-a-GCST90091033      IVW          7.2864    4    0.1215
5   AKR1C3 ebi-a-GCST90091033 MR Egger          1.7236    6    0.9433
6          ebi-a-GCST90091033      IVW           3.065    7    0.8789
7     COMT ebi-a-GCST90091033 MR Egger         12.3708    1 0.0004361
8          ebi-a-GCST90091033      IVW         12.7339    2  0.001717
  Egger_intercept       SE  P.value
1       -0.019922 0.019213 0.408707
2                                  
3        0.000927 0.031711 0.978526
4                                  
5        0.011302 0.009758 0.290796
6                                  
7        -0.02334 0.136244  0.89199
8                                  

Table structure:
• Total rows: 8 
• Total genes: 4 
• Each gene has 2 rows: MR Egger and IVW

============================================================
ANALYSIS COMPLETE!
= = = = = = = = = = = = = = = = = = = = = = = = = = = = = = = = = = = = = = = = = = = = = = = = = = = = = = = = = = = = 


============================================================
STEP 9: CREATING INTEGRATED MR RESULTS TABLE FOR SUCCESSFUL GENES
= = = = = = = = = = = = = = = = = = = = = = = = = = = = = = = = = = = = = = = = = = = = = = = = = = = = = = = = = = = = 

整合 4 个基因的MR结果...
  已处理 4 / 4 个基因
Warning message:
In ifelse(!is.na(steiger_correct) && steiger_correct == "TRUE" &&  :
  NAs introduced by coercion
✓ 成功整合 4 个基因的MR结果

保存整合结果表格...
✓ 保存整合MR结果表格到: /media/desk16/share/secure/MR/results/MR_eqtl_pqtl_coloc/eqtl/integrated_mr_results_summary.csv 
✓ 保存简洁MR结果表格到: /media/desk16/share/secure/MR/results/MR_eqtl_pqtl_coloc/eqtl/concise_mr_results_summary.csv 

------------------------------------------------------------------------------------------------------------------------
INTEGRATED MR RESULTS SUMMARY
(Total: 4 genes)
------------------------------------------------------------------------------------------------------------------------

STATISTICAL SUMMARY:
• Total genes analyzed: 4 
• Genes with significant IVW (p < 0.05): 0 
• Genes with protective effect (OR < 1): 1 
• Genes with risk effect (OR > 1): 2 
• Genes with heterogeneity (p < 0.05): 1 
• Genes with pleiotropy (p < 0.05): 0 
• Genes with correct direction (Steiger): 4 

TOP 20 GENES (sorted by IVW P-value):
 Rank   Gene      Ensembl_ID n_SNPs IVW_OR    IVW_95CI  IVW_P Significant
    1    ADK ENSG00000156110      4  1.016 0.984-1.048 0.3394          NO
    2 AKR1C3 ENSG00000196139      8  0.979 0.913-1.051 0.5600          NO
    3 AKR1B1 ENSG00000085662      5  1.014 0.943-1.089 0.7151          NO
    4   COMT ENSG00000093010      4  1.000 0.825-1.212 0.9982          NO
  Direction
       Risk
 Protective
       Risk
 Protective

MOST SIGNIFICANT GENES:
  1. ADK: OR = 1.016 (95% CI: 0.984-1.048), p = 0.3394
  2. AKR1C3: OR = 0.979 (95% CI: 0.913-1.051), p = 0.56
  3. AKR1B1: OR = 1.014 (95% CI: 0.943-1.089), p = 0.7151
  4. COMT: OR = 1.000 (95% CI: 0.825-1.212), p = 0.9982

============================================================
VISUALIZATION OF INTEGRATED RESULTS
= = = = = = = = = = = = = = = = = = = = = = = = = = = = = = = = = = = = = = = = = = = = = = = = = = = = = = = = = = = = 

✓ OR分布图已保存
✓ P值分布图已保存
✓ OR vs P值散点图已保存
Warning message:
Using `size` aesthetic for lines was deprecated in ggplot2 3.4.0.
ℹ Please use `linewidth` instead. 

============================================================
FINAL OUTPUT FILES - INTEGRATED RESULTS
= = = = = = = = = = = = = = = = = = = = = = = = = = = = = = = = = = = = = = = = = = = = = = = = = = = = = = = = = = = = 

📁 输出目录:  /media/desk16/share/secure/MR/results/MR_eqtl_pqtl_coloc/eqtl 

📄 主要结果文件:
   1. integrated_mr_results_summary.csv       - 完整的MR结果整合表格
   3. concise_mr_results_summary.csv         - 简洁的MR结果表格
   4. eqtl_successful_genes.csv              - 成功分析的基因列表
   5. mr_heterogeneity_pleiotropy_summary.csv - 异质性和多效性汇总表
   6. eqtl_genes.csv                         - 基因ID映射表
   7. MR_NAF_Analysis_Log.txt                - 分析日志文件

📂 子目录:
   • tables/ - 每个基因的详细结果文件
   • figures/ - 所有可视化图表

📊 分析统计:
   • 总基因数:  4 
   • 成功分析:  4 
   • 失败分析:  0 
   • IVW显著基因 (p<0.05):  0 
   • 方向性正确基因 (Steiger p<0.05 & direction=TRUE):  3 
   • 无水平多效性基因 (Egger intercept p>0.05):  4 
   • 三重筛选通过基因:  0 
   • 保护性基因:  1 
   • 风险性基因:  2 

⏰ 分析完成时间:  2026-03-12 11:13:30 
📋 日志文件:  /media/desk16/share/secure/MR/results/MR_eqtl_pqtl_coloc/eqtl/MR_Analysis_Log.txt 

============================================================
ANALYSIS COMPLETE - 2026-03-12 11:13:30
= = = = = = = = = = = = = = = = = = = = = = = = = = = = = = = = = = = = = = = = = = = = = = = = = = = = = = = = = = = = 
[11:13:30] 开始pQTL MR分析...
✓ Loaded .Renviron from HOME (global)
✓ JWT token loaded successfully (length: 546 characters)
TwoSampleMR version 0.7.0 

  [>] New authentication requirements: https://mrcieu.github.io/ieugwasr/articles/guide.html#authentication.
  [>] Major upgrades to our servers completed to improve service and stability.
  [>] We need your help to shape our emerging roadmap!
      Please take 2 minutes to give us feedback -
      https://forms.office.com/e/eSr7EFAfCG
OpenGWAS updates:
  Date: 2024-05-17
  [>] OpenGWAS is growing!
  [>] Please take 2 minutes to give us feedback -
  [>] It will help directly shape our emerging roadmap
  [>] https://forms.office.com/e/eSr7EFAfCG

Attaching package: ‘ieugwasr’

The following object is masked from ‘package:TwoSampleMR’:

    ld_matrix


Attaching package: ‘dplyr’

The following objects are masked from ‘package:stats’:

    filter, lag

The following objects are masked from ‘package:base’:

    intersect, setdiff, setequal, union


Attaching package: ‘data.table’

The following objects are masked from ‘package:dplyr’:

    between, first, last


================================================================================
  MR pQTL Analysis
  Started: 2026-03-12 11:13:32 
================================================================================

STEP 1: Loading candidate gene list...
  Total candidate genes: 4 

STEP 2: Scanning pQTL directory and matching genes...
  pQTL directory: /media/desk16/iyunlpf/NAF/pqtl/data/cis_clump 
  Found 1812 pQTL files

  Performing case-insensitive matching...
    Found match: AKR1B1 -> AKR1B1 
    Found match: COMT -> COMT 

  Total matches found: 2 
  ✓ Matching information saved to 'pqtl_genes.csv'

============================================================
STEP 1-2 COMPLETE. Found 2 pQTL exposures.
= = = = = = = = = = = = = = = = = = = = = = = = = = = = = = = = = = = = = = = = = = = = = = = = = = = = = = = = = = = = 

=== pQTL Mendelian Randomization Analysis Log ===
Start Time: 2026-03-12 11:13:32 
Analysis Type: pQTL (Protein Quantitative Trait Loci)
Total pQTL exposures to process: 2 
Outcomes: ebi-a-GCST90091033 
Using rsIDs from 'rsids2' column for SNP matching
=================================================


============================================================
ANALYSIS [1/2]: AKR1B1
File: AKR1B1_P15121_OID21244_v1_Oncology_expo_rt.txt
============================================================

STEP 1: Reading and processing pQTL file (using rsIDs)...
  File loaded successfully: 2 rows
  Significant SNPs (p < 5e-8): 2 
  Extracting rsIDs from 'rsids2' column...
  SNPs with valid rsIDs: 2 
  Sample rsIDs: rs2229542, rs782545 
  After EAF filter (0.01-0.99): 2 IVs
  After F-statistic filter (> 10 ): 2 IVs
  WARNING: Fewer than 3 IVs remaining
  After removing duplicates: 2 unique IVs

STEP 2: Extracting outcome data...
  Extracting data for 2 SNP(s) from outcome(s): ebi-a-GCST90091033 
Extracting data for 2 SNP(s) from 1 GWAS(s)
Querying id chunk 1 of 1
Querying variant chunk 1 of 1
Finding proxies for 1 SNPs in outcome ebi-a-GCST90091033
Extracting data for 1 SNP(s) from 1 GWAS(s)
Querying id chunk 1 of 1
Querying variant chunk 1 of 1
  Found 2 SNPs in outcome(s)

STEP 3: Harmonising data...
Harmonising AKR1B1 (AKR1B1) and Nonalcoholic fatty liver disease || id:ebi-a-GCST90091033 (ebi-a-GCST90091033)
  Successfully harmonised 2 SNPs

STEP 4: Testing heterogeneity to select MR method...
  Heterogeneity methods: Inverse variance weighted 
  Heterogeneity results:
                     method        Q    Q_pval
1 Inverse variance weighted 1.158228 0.2818332
  Selected IVW Q_pval: 0.2818332 
  No significant heterogeneity (Q_pval = 0.282 ) → Using FIXED EFFECTS IVW

STEP 5: Running MR analysis...
Analysing 'AKR1B1' on 'ebi-a-GCST90091033'
  Methods used: Inverse variance weighted (fixed effects) 

STEP 6: Pleiotropy test...

STEP 7: Steiger directionality test...
  Adding r values for Steiger test...
  Steiger test completed successfully

STEP 8: MR-PRESSO analysis...
  SKIP: Not enough SNPs for MR-PRESSO (need at least 4)

STEP 9: Generating plots...
Scale for colour is already present.
Adding another scale for colour, which will replace the existing scale.
  Scatter plot failed: invalid font type 
Scale for colour is already present.
Adding another scale for colour, which will replace the existing scale.
  Forest plot failed: invalid font type 
Scale for colour is already present.
Adding another scale for colour, which will replace the existing scale.
  Funnel plot failed: failed to find or load PDF CID font 
  Leave-one-out plot failed: invalid font type 

STEP 10: Saving results...

✓ Analysis for AKR1B1 completed successfully!

============================================================
ANALYSIS [2/2]: COMT
File: COMT_P21964_OID20086_v1_Cardiometabolic_expo_rt.txt
============================================================

STEP 1: Reading and processing pQTL file (using rsIDs)...
  File loaded successfully: 50 rows
  Significant SNPs (p < 5e-8): 50 
  Extracting rsIDs from 'rsids2' column...
  SNPs with valid rsIDs: 50 
  Sample rsIDs: rs41295421, rs9680615, rs9606164 
  After EAF filter (0.01-0.99): 50 IVs
  After F-statistic filter (> 10 ): 50 IVs
  After removing duplicates: 50 unique IVs

STEP 2: Extracting outcome data...
  Extracting data for 50 SNP(s) from outcome(s): ebi-a-GCST90091033 
Extracting data for 50 SNP(s) from 1 GWAS(s)
Querying id chunk 1 of 1
Querying variant chunk 1 of 1
Finding proxies for 9 SNPs in outcome ebi-a-GCST90091033
Extracting data for 9 SNP(s) from 1 GWAS(s)
Querying id chunk 1 of 1
Querying variant chunk 1 of 1
  Found 44 SNPs in outcome(s)

STEP 3: Harmonising data...
Harmonising COMT (COMT) and Nonalcoholic fatty liver disease || id:ebi-a-GCST90091033 (ebi-a-GCST90091033)
  Successfully harmonised 44 SNPs

STEP 4: Testing heterogeneity to select MR method...
  Heterogeneity methods: MR Egger, Inverse variance weighted 
  Heterogeneity results:
                     method        Q     Q_pval
1                  MR Egger 56.16497 0.07070846
2 Inverse variance weighted 58.52804 0.05740133
  Selected IVW Q_pval: 0.05740133 
  No significant heterogeneity (Q_pval = 0.0574 ) → Using FIXED EFFECTS IVW

STEP 5: Running MR analysis...
Analysing 'COMT' on 'ebi-a-GCST90091033'
  Methods used: Inverse variance weighted (fixed effects), MR Egger, Weighted median, Weighted mode, Simple mode 

STEP 6: Pleiotropy test...

STEP 7: Steiger directionality test...
  Adding r values for Steiger test...
  Steiger test completed successfully

STEP 8: MR-PRESSO analysis...
COMT - Nonalcoholic fatty liver disease || id:ebi-a-GCST90091033

STEP 9: Generating plots...
Scale for colour is already present.
Adding another scale for colour, which will replace the existing scale.
  Scatter plot failed: invalid font type 
Scale for colour is already present.
Adding another scale for colour, which will replace the existing scale.
  Forest plot failed: invalid font type 
Scale for colour is already present.
Adding another scale for colour, which will replace the existing scale.
  Funnel plot failed: failed to find or load PDF CID font 
Scale for colour is already present.
Adding another scale for colour, which will replace the existing scale.
  Leave-one-out plot failed: invalid font type 

STEP 10: Saving results...

✓ Analysis for COMT completed successfully!
There were 50 or more warnings (use warnings() to see the first 50)

============================================================
STEP 4: SAVING SUCCESSFULLY ANALYZED PROTEINS LIST
= = = = = = = = = = = = = = = = = = = = = = = = = = = = = = = = = = = = = = = = = = = = = = = = = = = = = = = = = = = = 
  Total proteins successfully analyzed: 2 
  ✓ Successfully analyzed proteins list saved to: /media/desk16/share/secure/MR/results/MR_eqtl_pqtl_coloc/pqtl/pqtl_successful_genes.csv 

  Successfully analyzed proteins ( 2 ):
  1. AKR1B1
  2. COMT

============================================================
COMPREHENSIVE pQTL MR ANALYSIS REPORT
============================================================

STUDY OVERVIEW:
• Analysis Type: pQTL (Protein Quantitative Trait Loci)
• Candidate genes processed: 4 
• pQTL files found: 1812 
• Initially matched proteins: 2 
• Successfully analyzed: 2 
• Failed: 0 
• Outcomes: ebi-a-GCST90091033 

ANALYSIS STATUS SUMMARY:

Success 
      2 

MAIN MR RESULTS (IVW method) - SUCCESSFUL ANALYSES:
  protein n_snps    beta     se p_value    OR          CI_95
1  AKR1B1      2 -0.1689 0.1238   0.173 0.845 [0.663, 1.077]
2    COMT     44 -0.0546 0.0220  0.0132 0.947 [0.907, 0.989]
                                method_used
1 Inverse variance weighted (fixed effects)
2 Inverse variance weighted (fixed effects)

Significant results (p < 0.05): 1 / 2 
Significant proteins:
  protein    OR          CI_95 p_value
2    COMT 0.947 [0.907, 0.989]  0.0132

OUTPUT DIRECTORY STRUCTURE:
1. Tables directory: /media/desk16/share/secure/MR/results/MR_eqtl_pqtl_coloc/pqtl/tables 
2. Figures directory: /media/desk16/share/secure/MR/results/MR_eqtl_pqtl_coloc/pqtl/figures 
3. Initial matching: /media/desk16/share/secure/MR/results/MR_eqtl_pqtl_coloc/pqtl/pqtl_genes.csv 
4. Successful analyses: /media/desk16/share/secure/MR/results/MR_eqtl_pqtl_coloc/pqtl/pqtl_successful_genes.csv 
5. Analysis log: /media/desk16/share/secure/MR/results/MR_eqtl_pqtl_coloc/pqtl/MR_pQTL_Analysis_Log.txt 
6. Main results summary: /media/desk16/share/secure/MR/results/MR_eqtl_pqtl_coloc/pqtl/tables/pqtl_main_results_summary.csv 

============================================================
STEP 5: GENERATING STANDARD OUTPUT FILES
= = = = = = = = = = = = = = = = = = = = = = = = = = = = = = = = = = = = = = = = = = = = = = = = = = = = = = = = = = = = 
Processing 2 analyses to generate summary files...
Saving integrated results...
  ✓ integrated_mr_results_summary.csv saved
  ✓ significant_mr_results_summary.csv saved
  ✓ concise_mr_results_summary.csv saved
  ✓ mr_heterogeneity_pleiotropy_summary.csv saved
  ✓ pqtl_successful_genes.csv verified

✓ All standard output files generated successfully!

Analysis completed at: 2026-03-12 11:14:46 

✓ pQTL MR analysis completed!
Total proteins successfully analyzed: 2 
Total proteins failed: 0 

主要结果文件:
   1. integrated_mr_results_summary.csv       - 完整的MR结果整合表格
   2. significant_mr_results_summary.csv    - 显著的MR结果表格
   3. concise_mr_results_summary.csv         - 简洁的MR结果表格
   4. pqtl_successful_genes.csv             - 成功分析的蛋白列表
   5. mr_heterogeneity_pleiotropy_summary.csv - 异质性和多效性汇总表
   6. MR_pQTL_Analysis_Log.txt             - 分析日志文件


======================================================================
pQTL MR ANALYSIS PIPELINE FINISHED
= = = = = = = = = = = = = = = = = = = = = = = = = = = = = = = = = = = = = = = = = = = = = = = = = = = = = = = = = = = = = = = = = = = = = = 
[11:14:46] 寻找eQTL和pQTL共有基因...
================================================================================
  寻找eQTL和pQTL共有基因
  时间戳: 20260312_111150 
================================================================================

eQTL显著结果文件不存在
pQTL显著基因数量: 1 

共有显著基因数量: 0 
没有找到共有显著基因

✓ 分析完成!
[11:14:46] MR分析完成!
[11:14:46] 开始共定位分析...
── Attaching core tidyverse packages ──────────────────────── tidyverse 2.0.0 ──
✔ dplyr     1.2.0     ✔ readr     2.1.5
✔ forcats   1.0.0     ✔ stringr   1.6.0
✔ ggplot2   4.0.0     ✔ tibble    3.3.1
✔ lubridate 1.9.4     ✔ tidyr     1.3.1
✔ purrr     1.1.0     
── Conflicts ────────────────────────────────────────── tidyverse_conflicts() ──
✖ dplyr::filter() masks stats::filter()
✖ dplyr::lag()    masks stats::lag()
ℹ Use the conflicted package (<http://conflicted.r-lib.org/>) to force all conflicts to become errors
This is coloc version 5.2.3
OpenGWAS updates:
  Date: 2024-05-17
  [>] OpenGWAS is growing!
  [>] Please take 2 minutes to give us feedback -
  [>] It will help directly shape our emerging roadmap
  [>] https://forms.office.com/e/eSr7EFAfCG
TwoSampleMR version 0.7.0 

  [>] New authentication requirements: https://mrcieu.github.io/ieugwasr/articles/guide.html#authentication.
  [>] Major upgrades to our servers completed to improve service and stability.
  [>] We need your help to shape our emerging roadmap!
      Please take 2 minutes to give us feedback -
      https://forms.office.com/e/eSr7EFAfCG

Attaching package: ‘TwoSampleMR’

The following object is masked from ‘package:ieugwasr’:

    ld_matrix


Attaching package: ‘data.table’

The following objects are masked from ‘package:lubridate’:

    hour, isoweek, isoyear, mday, minute, month, quarter, second, wday,
    week, yday, year

The following objects are masked from ‘package:dplyr’:

    between, first, last

The following object is masked from ‘package:purrr’:

    transpose

============================================================
共定位分析 - 带p值筛选修正版
============================================================

步骤1: 读取MR分析结果并筛选基因
------------------------------------------------------------
  正向MR分析基因数: 0 
  正向MR显著基因数 (p < 0.05): 0 

  Steiger因果方向检验筛选...
  - steiger_correct_direction为TRUE: 0 
  - steiger_pval非NA: 0 
  通过Steiger检验的显著基因数: 0 

  最终用于共定位分析的基因数: 0 

  警告: 没有通过筛选的基因!
  尝试使用所有正向MR显著基因...
  使用所有正向MR显著基因数: 0 

  错误: 没有基因可用于共定位分析。
  请检查筛选条件或数据。

============================================================
共定位分析完成!
============================================================

参数设置摘要:
  - 基因区域半径: ±50kb
  - SNP筛选阈值: p < 0.05
  - 共定位显著阈值: PP.H4 > 0.6
[11:14:50] 共定位分析完成!
[11:14:50] 开始生成eQTL+pQTL联合报告...
[11:14:50] 生成eQTL分析报告...

Attaching package: ‘dplyr’

The following objects are masked from ‘package:stats’:

    filter, lag

The following objects are masked from ‘package:base’:

    intersect, setdiff, setequal, union

================================================================================
  MR分析报告生成器
  类型: eqtl 
  时间戳: 20260312_111150 
================================================================================

Loaded integrated results from: /media/desk16/share/secure/MR/results/MR_eqtl_pqtl_coloc/eqtl/integrated_mr_results_summary.csv 
Added plot: forest_plot 
Added plot: funnel_plot 
Added plot: scatter_plot 
Added plot: leaveoneout_plot 

================================================================================
报告已生成： /media/desk16/share/secure/MR/report/MR_eqtl.20260312_111150.docx 
================================================================================
[11:14:52] 生成pQTL分析报告...

Attaching package: ‘dplyr’

The following objects are masked from ‘package:stats’:

    filter, lag

The following objects are masked from ‘package:base’:

    intersect, setdiff, setequal, union

================================================================================
  MR分析报告生成器
  类型: pqtl 
  时间戳: 20260312_111150 
================================================================================

Loaded integrated results from: /media/desk16/share/secure/MR/results/MR_eqtl_pqtl_coloc/pqtl/integrated_mr_results_summary.csv 
Added plot: forest_plot 
Added plot: funnel_plot 
Added plot: scatter_plot 
Added plot: leaveoneout_plot 

================================================================================
报告已生成： /media/desk16/share/secure/MR/report/MR_pqtl.20260312_111150.docx 
================================================================================
[11:14:54] 生成联合报告...

Attaching package: ‘dplyr’

The following objects are masked from ‘package:stats’:

    filter, lag

The following objects are masked from ‘package:base’:

    intersect, setdiff, setequal, union

================================================================================
  MR eQTL+pQTL 联合报告生成器
  时间戳: 20260312_111150 
================================================================================


================================================================================
联合报告已生成： /media/desk16/share/secure/MR/report/MR_eqtl_pqtl.20260312_111150.docx 
================================================================================
[11:14:55] 联合报告已生成: /media/desk16/share/secure/MR/report/MR_eqtl_pqtl.20260312_111150.docx
