================================================================================
MR分析日志 - Mendelian Randomization Analysis
================================================================================
时间戳: 2026-03-12 10:01:03
运行ID: 20260312_100103
脚本: run_mr.sh

----------------------------------------
输入参数
----------------------------------------
MR类型: pqtl
输入文件: /media/desk16/share/26YHB100F/06_MR/pqtl_genes.csv
输出目录: /media/desk16/share/secure/MR/results/MR_pqtl
共定位分析: 0
P值阈值: 5e-8
KB距离: 10000

----------------------------------------
环境信息
----------------------------------------
工作目录: /media/desk16/share/secure/MR/scripts
R脚本目录: /media/desk16/share/secure/MR/scripts

[10:01:03] 日志文件已创建: /media/desk16/share/secure/MR/logs/MR_pqtl.20260312_100103.log
[10:01:03] 配置文件已生成: /media/desk16/share/secure/MR/results/MR_pqtl/pqtl.config.ini
[10:01:03] 开始MR分析...
[10:01:03]   类型: pqtl
[10:01:03]   输入: /media/desk16/share/26YHB100F/06_MR/pqtl_genes.csv
[10:01:03]   输出: /media/desk16/share/secure/MR/results/MR_pqtl
[10:01:03]   共定位: 0
[10:01:03]   P值阈值: 5e-8
[10:01:03]   KB距离: 10000
[10:01:03]   R2阈值: 0.001
[10:01:03]   F统计量阈值: 10
[10:01:03]   EAF阈值: 0.01
[10:01:03]   最少SNPs: 3
[10:01:03]   结局ID: ebi-a-GCST90091033
[10:01:03]   pQTL目录: /media/desk16/iyunlpf/NAF/pqtl/data/cis_clump
[10:01:03] 输出目录已创建: /media/desk16/share/secure/MR/results/MR_pqtl
[10:01:03] 开始pQTL MR分析...
✓ Loaded .Renviron from HOME (global)
✓ JWT token loaded successfully (length: 546 characters)
TwoSampleMR version 0.7.0 

  [>] New authentication requirements: https://mrcieu.github.io/ieugwasr/articles/guide.html#authentication.
  [>] Major upgrades to our servers completed to improve service and stability.
  [>] We need your help to shape our emerging roadmap!
      Please take 2 minutes to give us feedback -
      https://forms.office.com/e/eSr7EFAfCG
OpenGWAS updates:
  Date: 2024-05-17
  [>] OpenGWAS is growing!
  [>] Please take 2 minutes to give us feedback -
  [>] It will help directly shape our emerging roadmap
  [>] https://forms.office.com/e/eSr7EFAfCG

Attaching package: ‘ieugwasr’

The following object is masked from ‘package:TwoSampleMR’:

    ld_matrix


Attaching package: ‘dplyr’

The following objects are masked from ‘package:stats’:

    filter, lag

The following objects are masked from ‘package:base’:

    intersect, setdiff, setequal, union


Attaching package: ‘data.table’

The following objects are masked from ‘package:dplyr’:

    between, first, last


================================================================================
  MR pQTL Analysis
  Started: 2026-03-12 10:01:05 
================================================================================

STEP 1: Loading candidate gene list...
  Total candidate genes: 8 

STEP 2: Scanning pQTL directory and matching genes...
  pQTL directory: /media/desk16/iyunlpf/NAF/pqtl/data/cis_clump 
  Found 1812 pQTL files

  Performing case-insensitive matching...
    Found match: ACOT13 -> ACOT13 
    Found match: GGT1 -> GGT1 
    Found match: SMPD1 -> SMPD1 
    Found match: TXNRD1 -> TXNRD1 
    Found match: FABP3 -> FABP3 
    Found match: GC -> GC 
    Found match: SMPD3 -> SMPD3 
    Found match: FABP4 -> FABP4 

  Total matches found: 8 
  ✓ Matching information saved to 'pqtl_genes.csv'

============================================================
STEP 1-2 COMPLETE. Found 8 pQTL exposures.
= = = = = = = = = = = = = = = = = = = = = = = = = = = = = = = = = = = = = = = = = = = = = = = = = = = = = = = = = = = = 

=== pQTL Mendelian Randomization Analysis Log ===
Start Time: 2026-03-12 10:01:05 
Analysis Type: pQTL (Protein Quantitative Trait Loci)
Total pQTL exposures to process: 8 
Outcomes: ebi-a-GCST90091033 
Using rsIDs from 'rsids2' column for SNP matching
=================================================


============================================================
ANALYSIS [1/8]: ACOT13
File: ACOT13_Q9NPJ3_OID31522_v1_Oncology_II_expo_rt.txt
============================================================

STEP 1: Reading and processing pQTL file (using rsIDs)...
  File loaded successfully: 3 rows
  Significant SNPs (p < 5e-8): 3 
  Extracting rsIDs from 'rsids2' column...
  SNPs with valid rsIDs: 3 
  Sample rsIDs: rs17243374, rs9358791, rs112965562 
  After EAF filter (0.01-0.99): 3 IVs
  After F-statistic filter (> 10 ): 3 IVs
  After removing duplicates: 3 unique IVs

STEP 2: Extracting outcome data...
  Extracting data for 3 SNP(s) from outcome(s): ebi-a-GCST90091033 
Extracting data for 3 SNP(s) from 1 GWAS(s)
Querying id chunk 1 of 1
Querying variant chunk 1 of 1
Finding proxies for 2 SNPs in outcome ebi-a-GCST90091033
Extracting data for 2 SNP(s) from 1 GWAS(s)
Querying id chunk 1 of 1
Querying variant chunk 1 of 1
  Found 2 SNPs in outcome(s)

STEP 3: Harmonising data...
Harmonising ACOT13 (ACOT13) and Nonalcoholic fatty liver disease || id:ebi-a-GCST90091033 (ebi-a-GCST90091033)
  Successfully harmonised 2 SNPs

STEP 4: Testing heterogeneity to select MR method...
  Heterogeneity methods: Inverse variance weighted 
  Heterogeneity results:
                     method        Q    Q_pval
1 Inverse variance weighted 1.648667 0.1991404
  Selected IVW Q_pval: 0.1991404 
  No significant heterogeneity (Q_pval = 0.199 ) → Using FIXED EFFECTS IVW

STEP 5: Running MR analysis...
Analysing 'ACOT13' on 'ebi-a-GCST90091033'
  Methods used: Inverse variance weighted (fixed effects) 

STEP 6: Pleiotropy test...

STEP 7: Steiger directionality test...
  Adding r values for Steiger test...
  Steiger test completed successfully

STEP 8: MR-PRESSO analysis...
  SKIP: Not enough SNPs for MR-PRESSO (need at least 4)

STEP 9: Generating plots...
Scale for colour is already present.
Adding another scale for colour, which will replace the existing scale.
  Scatter plot failed: invalid font type 
Scale for colour is already present.
Adding another scale for colour, which will replace the existing scale.
  Forest plot failed: invalid font type 
Scale for colour is already present.
Adding another scale for colour, which will replace the existing scale.
  Funnel plot failed: failed to find or load PDF CID font 
  Leave-one-out plot failed: invalid font type 

STEP 10: Saving results...

✓ Analysis for ACOT13 completed successfully!

============================================================
ANALYSIS [2/8]: GGT1
File: GGT1_P19440_OID21075_v1_Neurology_expo_rt.txt
============================================================

STEP 1: Reading and processing pQTL file (using rsIDs)...
  File loaded successfully: 31 rows
  Significant SNPs (p < 5e-8): 31 
  Extracting rsIDs from 'rsids2' column...
  SNPs with valid rsIDs: 31 
  Sample rsIDs: rs575146, rs79281020, rs13056495 
  After EAF filter (0.01-0.99): 31 IVs
  After F-statistic filter (> 10 ): 31 IVs
  After removing duplicates: 31 unique IVs

STEP 2: Extracting outcome data...
  Extracting data for 31 SNP(s) from outcome(s): ebi-a-GCST90091033 
Extracting data for 31 SNP(s) from 1 GWAS(s)
Querying id chunk 1 of 1
Querying variant chunk 1 of 1
Finding proxies for 10 SNPs in outcome ebi-a-GCST90091033
Extracting data for 10 SNP(s) from 1 GWAS(s)
Querying id chunk 1 of 1
Querying variant chunk 1 of 1
  Found 21 SNPs in outcome(s)

STEP 3: Harmonising data...
Harmonising GGT1 (GGT1) and Nonalcoholic fatty liver disease || id:ebi-a-GCST90091033 (ebi-a-GCST90091033)
  Successfully harmonised 21 SNPs

STEP 4: Testing heterogeneity to select MR method...
  Heterogeneity methods: MR Egger, Inverse variance weighted 
  Heterogeneity results:
                     method        Q    Q_pval
1                  MR Egger 13.43017 0.8158395
2 Inverse variance weighted 14.20524 0.8199390
  Selected IVW Q_pval: 0.819939 
  No significant heterogeneity (Q_pval = 0.82 ) → Using FIXED EFFECTS IVW

STEP 5: Running MR analysis...
Analysing 'GGT1' on 'ebi-a-GCST90091033'
  Methods used: Inverse variance weighted (fixed effects), MR Egger, Weighted median, Weighted mode, Simple mode 

STEP 6: Pleiotropy test...

STEP 7: Steiger directionality test...
  Adding r values for Steiger test...
  Steiger test completed successfully

STEP 8: MR-PRESSO analysis...
GGT1 - Nonalcoholic fatty liver disease || id:ebi-a-GCST90091033

STEP 9: Generating plots...
Scale for colour is already present.
Adding another scale for colour, which will replace the existing scale.
  Scatter plot failed: invalid font type 
Scale for colour is already present.
Adding another scale for colour, which will replace the existing scale.
  Forest plot failed: invalid font type 
Scale for colour is already present.
Adding another scale for colour, which will replace the existing scale.
  Funnel plot failed: failed to find or load PDF CID font 
Scale for colour is already present.
Adding another scale for colour, which will replace the existing scale.
  Leave-one-out plot failed: invalid font type 

STEP 10: Saving results...

✓ Analysis for GGT1 completed successfully!

============================================================
ANALYSIS [3/8]: SMPD1
File: SMPD1_P17405_OID21028_v1_Neurology_expo_rt.txt
============================================================

STEP 1: Reading and processing pQTL file (using rsIDs)...
  File loaded successfully: 36 rows
  Significant SNPs (p < 5e-8): 36 
  Extracting rsIDs from 'rsids2' column...
  SNPs with valid rsIDs: 36 
  Sample rsIDs: rs72892289, rs117290719, rs10839549 
  After EAF filter (0.01-0.99): 36 IVs
  After F-statistic filter (> 10 ): 36 IVs
  After removing duplicates: 36 unique IVs

STEP 2: Extracting outcome data...
  Extracting data for 36 SNP(s) from outcome(s): ebi-a-GCST90091033 
Extracting data for 36 SNP(s) from 1 GWAS(s)
Querying id chunk 1 of 1
Querying variant chunk 1 of 1
Finding proxies for 12 SNPs in outcome ebi-a-GCST90091033
Extracting data for 12 SNP(s) from 1 GWAS(s)
Querying id chunk 1 of 1
Querying variant chunk 1 of 1
  Found 25 SNPs in outcome(s)

STEP 3: Harmonising data...
Harmonising SMPD1 (SMPD1) and Nonalcoholic fatty liver disease || id:ebi-a-GCST90091033 (ebi-a-GCST90091033)
  Successfully harmonised 25 SNPs

STEP 4: Testing heterogeneity to select MR method...
  Heterogeneity methods: MR Egger, Inverse variance weighted 
  Heterogeneity results:
                     method        Q    Q_pval
1                  MR Egger 27.50798 0.2349610
2 Inverse variance weighted 27.61851 0.2764584
  Selected IVW Q_pval: 0.2764584 
  No significant heterogeneity (Q_pval = 0.276 ) → Using FIXED EFFECTS IVW

STEP 5: Running MR analysis...
Analysing 'SMPD1' on 'ebi-a-GCST90091033'
  Methods used: Inverse variance weighted (fixed effects), MR Egger, Weighted median, Weighted mode, Simple mode 

STEP 6: Pleiotropy test...

STEP 7: Steiger directionality test...
  Adding r values for Steiger test...
  Steiger test completed successfully

STEP 8: MR-PRESSO analysis...
SMPD1 - Nonalcoholic fatty liver disease || id:ebi-a-GCST90091033

STEP 9: Generating plots...
Scale for colour is already present.
Adding another scale for colour, which will replace the existing scale.
  Scatter plot failed: invalid font type 
Scale for colour is already present.
Adding another scale for colour, which will replace the existing scale.
  Forest plot failed: invalid font type 
Scale for colour is already present.
Adding another scale for colour, which will replace the existing scale.
  Funnel plot failed: failed to find or load PDF CID font 
Scale for colour is already present.
Adding another scale for colour, which will replace the existing scale.
  Leave-one-out plot failed: invalid font type 

STEP 10: Saving results...

✓ Analysis for SMPD1 completed successfully!

============================================================
ANALYSIS [4/8]: TXNRD1
File: TXNRD1_Q16881_OID21135_v1_Neurology_expo_rt.txt
============================================================

STEP 1: Reading and processing pQTL file (using rsIDs)...
  File loaded successfully: 1 rows
  Significant SNPs (p < 5e-8): 1 
  Extracting rsIDs from 'rsids2' column...
  SNPs with valid rsIDs: 1 
  Sample rsIDs: rs7138318 
  After EAF filter (0.01-0.99): 1 IVs
  After F-statistic filter (> 10 ): 1 IVs
  WARNING: Fewer than 3 IVs remaining
  After removing duplicates: 1 unique IVs

STEP 2: Extracting outcome data...
  Extracting data for 1 SNP(s) from outcome(s): ebi-a-GCST90091033 
Extracting data for 1 SNP(s) from 1 GWAS(s)
Querying id chunk 1 of 1
Querying variant chunk 1 of 1
  Found 1 SNPs in outcome(s)

STEP 3: Harmonising data...
Harmonising TXNRD1 (TXNRD1) and Nonalcoholic fatty liver disease || id:ebi-a-GCST90091033 (ebi-a-GCST90091033)
  ERROR: Not enough SNPs after harmonisation (need at least 2) 

============================================================
ANALYSIS [5/8]: FABP3
File: FABP3_P05413_OID30351_v1_Cardiometabolic_II_expo_rt.txt
============================================================

STEP 1: Reading and processing pQTL file (using rsIDs)...
  File loaded successfully: 6 rows
  Significant SNPs (p < 5e-8): 6 
  Extracting rsIDs from 'rsids2' column...
  SNPs with valid rsIDs: 6 
  Sample rsIDs: rs115552871, rs55759979, rs61780805 
  After EAF filter (0.01-0.99): 6 IVs
  After F-statistic filter (> 10 ): 6 IVs
  After removing duplicates: 6 unique IVs

STEP 2: Extracting outcome data...
  Extracting data for 6 SNP(s) from outcome(s): ebi-a-GCST90091033 
Extracting data for 6 SNP(s) from 1 GWAS(s)
Querying id chunk 1 of 1
Querying variant chunk 1 of 1
Finding proxies for 2 SNPs in outcome ebi-a-GCST90091033
Extracting data for 2 SNP(s) from 1 GWAS(s)
Querying id chunk 1 of 1
Querying variant chunk 1 of 1
  Found 5 SNPs in outcome(s)

STEP 3: Harmonising data...
Harmonising FABP3 (FABP3) and Nonalcoholic fatty liver disease || id:ebi-a-GCST90091033 (ebi-a-GCST90091033)
  Successfully harmonised 5 SNPs

STEP 4: Testing heterogeneity to select MR method...
  Heterogeneity methods: MR Egger, Inverse variance weighted 
  Heterogeneity results:
                     method        Q    Q_pval
1                  MR Egger 3.996926 0.2617963
2 Inverse variance weighted 4.012007 0.4043833
  Selected IVW Q_pval: 0.4043833 
  No significant heterogeneity (Q_pval = 0.404 ) → Using FIXED EFFECTS IVW

STEP 5: Running MR analysis...
Analysing 'FABP3' on 'ebi-a-GCST90091033'
  Methods used: Inverse variance weighted (fixed effects), MR Egger, Weighted median, Weighted mode, Simple mode 

STEP 6: Pleiotropy test...

STEP 7: Steiger directionality test...
  Adding r values for Steiger test...
  Steiger test completed successfully

STEP 8: MR-PRESSO analysis...
FABP3 - Nonalcoholic fatty liver disease || id:ebi-a-GCST90091033

STEP 9: Generating plots...
Scale for colour is already present.
Adding another scale for colour, which will replace the existing scale.
  Scatter plot failed: invalid font type 
Scale for colour is already present.
Adding another scale for colour, which will replace the existing scale.
  Forest plot failed: invalid font type 
Scale for colour is already present.
Adding another scale for colour, which will replace the existing scale.
  Funnel plot failed: failed to find or load PDF CID font 
Scale for colour is already present.
Adding another scale for colour, which will replace the existing scale.
  Leave-one-out plot failed: invalid font type 

STEP 10: Saving results...

✓ Analysis for FABP3 completed successfully!

============================================================
ANALYSIS [6/8]: GC
File: GC_P02774_OID30780_v1_Inflammation_II_expo_rt.txt
============================================================

STEP 1: Reading and processing pQTL file (using rsIDs)...
  File loaded successfully: 109 rows
  Significant SNPs (p < 5e-8): 109 
  Extracting rsIDs from 'rsids2' column...
  SNPs with valid rsIDs: 109 
  Sample rsIDs: rs374285078, rs146239437, rs147486336 
  After EAF filter (0.01-0.99): 109 IVs
  After F-statistic filter (> 10 ): 109 IVs
  After removing duplicates: 109 unique IVs

STEP 2: Extracting outcome data...
  Extracting data for 109 SNP(s) from outcome(s): ebi-a-GCST90091033 
Extracting data for 109 SNP(s) from 1 GWAS(s)
Querying id chunk 1 of 1
Querying variant chunk 1 of 2
Querying variant chunk 2 of 2
Finding proxies for 54 SNPs in outcome ebi-a-GCST90091033
Extracting data for 54 SNP(s) from 1 GWAS(s)
Querying id chunk 1 of 1
Querying variant chunk 1 of 1
  Found 60 SNPs in outcome(s)

STEP 3: Harmonising data...
Harmonising GC (GC) and Nonalcoholic fatty liver disease || id:ebi-a-GCST90091033 (ebi-a-GCST90091033)
Removing the following SNPs for being palindromic with intermediate allele frequencies:
rs13151067
  Successfully harmonised 60 SNPs

STEP 4: Testing heterogeneity to select MR method...
  Heterogeneity methods: MR Egger, Inverse variance weighted 
  Heterogeneity results:
                     method        Q    Q_pval
1                  MR Egger 68.14458 0.1482121
2 Inverse variance weighted 69.39545 0.1453148
  Selected IVW Q_pval: 0.1453148 
  No significant heterogeneity (Q_pval = 0.145 ) → Using FIXED EFFECTS IVW

STEP 5: Running MR analysis...
Analysing 'GC' on 'ebi-a-GCST90091033'
  Methods used: Inverse variance weighted (fixed effects), MR Egger, Weighted median, Weighted mode, Simple mode 

STEP 6: Pleiotropy test...

STEP 7: Steiger directionality test...
  Adding r values for Steiger test...
  Steiger test completed successfully

STEP 8: MR-PRESSO analysis...
GC - Nonalcoholic fatty liver disease || id:ebi-a-GCST90091033

STEP 9: Generating plots...
Scale for colour is already present.
Adding another scale for colour, which will replace the existing scale.
  Scatter plot failed: invalid font type 
Scale for colour is already present.
Adding another scale for colour, which will replace the existing scale.
  Forest plot failed: invalid font type 
Scale for colour is already present.
Adding another scale for colour, which will replace the existing scale.
  Funnel plot failed: failed to find or load PDF CID font 
Scale for colour is already present.
Adding another scale for colour, which will replace the existing scale.
  Leave-one-out plot failed: invalid font type 

STEP 10: Saving results...

✓ Analysis for GC completed successfully!

============================================================
ANALYSIS [7/8]: SMPD3
File: SMPD3_Q9NY59_OID30477_v1_Inflammation_II_expo_rt.txt
============================================================

STEP 1: Reading and processing pQTL file (using rsIDs)...
  File loaded successfully: 1 rows
  Significant SNPs (p < 5e-8): 1 
  Extracting rsIDs from 'rsids2' column...
  SNPs with valid rsIDs: 1 
  Sample rsIDs: rs8055813 
  After EAF filter (0.01-0.99): 1 IVs
  After F-statistic filter (> 10 ): 1 IVs
  WARNING: Fewer than 3 IVs remaining
  After removing duplicates: 1 unique IVs

STEP 2: Extracting outcome data...
  Extracting data for 1 SNP(s) from outcome(s): ebi-a-GCST90091033 
Extracting data for 1 SNP(s) from 1 GWAS(s)
Querying id chunk 1 of 1
Querying variant chunk 1 of 1
  Found 1 SNPs in outcome(s)

STEP 3: Harmonising data...
Harmonising SMPD3 (SMPD3) and Nonalcoholic fatty liver disease || id:ebi-a-GCST90091033 (ebi-a-GCST90091033)
  ERROR: Not enough SNPs after harmonisation (need at least 2) 

============================================================
ANALYSIS [8/8]: FABP4
File: FABP4_P15090_OID20245_v1_Cardiometabolic_expo_rt.txt
============================================================

STEP 1: Reading and processing pQTL file (using rsIDs)...
  File loaded successfully: 2 rows
  Significant SNPs (p < 5e-8): 2 
  Extracting rsIDs from 'rsids2' column...
  SNPs with valid rsIDs: 2 
  Sample rsIDs: rs184508834, rs2044823 
  After EAF filter (0.01-0.99): 2 IVs
  After F-statistic filter (> 10 ): 2 IVs
  WARNING: Fewer than 3 IVs remaining
  After removing duplicates: 2 unique IVs

STEP 2: Extracting outcome data...
  Extracting data for 2 SNP(s) from outcome(s): ebi-a-GCST90091033 
Extracting data for 2 SNP(s) from 1 GWAS(s)
Querying id chunk 1 of 1
Querying variant chunk 1 of 1
Finding proxies for 2 SNPs in outcome ebi-a-GCST90091033
Extracting data for 2 SNP(s) from 1 GWAS(s)
Querying id chunk 1 of 1
Querying variant chunk 1 of 1
  Found 2 SNPs in outcome(s)

STEP 3: Harmonising data...
Harmonising FABP4 (FABP4) and Nonalcoholic fatty liver disease || id:ebi-a-GCST90091033 (ebi-a-GCST90091033)
  Successfully harmonised 2 SNPs

STEP 4: Testing heterogeneity to select MR method...
  Heterogeneity methods: Inverse variance weighted 
  Heterogeneity results:
                     method        Q    Q_pval
1 Inverse variance weighted 0.020138 0.8871523
  Selected IVW Q_pval: 0.8871523 
  No significant heterogeneity (Q_pval = 0.887 ) → Using FIXED EFFECTS IVW

STEP 5: Running MR analysis...
Analysing 'FABP4' on 'ebi-a-GCST90091033'
  Methods used: Inverse variance weighted (fixed effects) 

STEP 6: Pleiotropy test...

STEP 7: Steiger directionality test...
  Adding r values for Steiger test...
  Steiger test completed successfully

STEP 8: MR-PRESSO analysis...
  SKIP: Not enough SNPs for MR-PRESSO (need at least 4)

STEP 9: Generating plots...
Scale for colour is already present.
Adding another scale for colour, which will replace the existing scale.
  Scatter plot failed: invalid font type 
Scale for colour is already present.
Adding another scale for colour, which will replace the existing scale.
  Forest plot failed: invalid font type 
Scale for colour is already present.
Adding another scale for colour, which will replace the existing scale.
  Funnel plot failed: failed to find or load PDF CID font 
  Leave-one-out plot failed: invalid font type 

STEP 10: Saving results...

✓ Analysis for FABP4 completed successfully!
There were 50 or more warnings (use warnings() to see the first 50)

============================================================
STEP 4: SAVING SUCCESSFULLY ANALYZED PROTEINS LIST
= = = = = = = = = = = = = = = = = = = = = = = = = = = = = = = = = = = = = = = = = = = = = = = = = = = = = = = = = = = = 
  Total proteins successfully analyzed: 6 
  ✓ Successfully analyzed proteins list saved to: /media/desk16/share/secure/MR/results/MR_pqtl/pqtl_successful_genes.csv 

  Successfully analyzed proteins ( 6 ):
  1. ACOT13
  2. GGT1
  3. SMPD1
  4. FABP3
  5. GC
  6. FABP4

============================================================
COMPREHENSIVE pQTL MR ANALYSIS REPORT
============================================================

STUDY OVERVIEW:
• Analysis Type: pQTL (Protein Quantitative Trait Loci)
• Candidate genes processed: 8 
• pQTL files found: 1812 
• Initially matched proteins: 8 
• Successfully analyzed: 6 
• Failed: 2 
• Outcomes: ebi-a-GCST90091033 

ANALYSIS STATUS SUMMARY:

Failed_Harmonisation              Success 
                   2                    6 

MAIN MR RESULTS (IVW method) - SUCCESSFUL ANALYSES:
  protein n_snps    beta     se p_value    OR          CI_95
1  ACOT13      2  0.0757 0.1939   0.696 1.079 [0.738, 1.577]
2    GGT1     21  0.1616 0.0413   9e-05 1.175 [1.084, 1.274]
3   SMPD1     25  0.0568 0.0464   0.221 1.058 [0.966, 1.159]
4   FABP3      5  0.0597 0.1335   0.655 1.062 [0.817, 1.379]
5      GC     59  0.0144 0.0105   0.169 1.015 [0.994, 1.036]
6   FABP4      2 -0.4583 0.1463 0.00173 0.632 [0.475, 0.842]
                                method_used
1 Inverse variance weighted (fixed effects)
2 Inverse variance weighted (fixed effects)
3 Inverse variance weighted (fixed effects)
4 Inverse variance weighted (fixed effects)
5 Inverse variance weighted (fixed effects)
6 Inverse variance weighted (fixed effects)

Significant results (p < 0.05): 2 / 6 
Significant proteins:
  protein    OR          CI_95 p_value
2    GGT1 1.175 [1.084, 1.274]   9e-05
6   FABP4 0.632 [0.475, 0.842] 0.00173

OUTPUT DIRECTORY STRUCTURE:
1. Tables directory: /media/desk16/share/secure/MR/results/MR_pqtl/tables 
2. Figures directory: /media/desk16/share/secure/MR/results/MR_pqtl/figures 
3. Initial matching: /media/desk16/share/secure/MR/results/MR_pqtl/pqtl_genes.csv 
4. Successful analyses: /media/desk16/share/secure/MR/results/MR_pqtl/pqtl_successful_genes.csv 
5. Analysis log: /media/desk16/share/secure/MR/results/MR_pqtl/MR_pQTL_Analysis_Log.txt 
6. Main results summary: /media/desk16/share/secure/MR/results/MR_pqtl/tables/pqtl_main_results_summary.csv 

============================================================
STEP 5: GENERATING STANDARD OUTPUT FILES
= = = = = = = = = = = = = = = = = = = = = = = = = = = = = = = = = = = = = = = = = = = = = = = = = = = = = = = = = = = = 
Processing 6 analyses to generate summary files...
Saving integrated results...
  ✓ integrated_mr_results_summary.csv saved
  ✓ significant_mr_results_summary.csv saved
  ✓ concise_mr_results_summary.csv saved
  ✓ mr_heterogeneity_pleiotropy_summary.csv saved
  ✓ pqtl_successful_genes.csv verified

✓ All standard output files generated successfully!

Analysis completed at: 2026-03-12 10:04:42 

✓ pQTL MR analysis completed!
Total proteins successfully analyzed: 6 
Total proteins failed: 2 

主要结果文件:
   1. integrated_mr_results_summary.csv       - 完整的MR结果整合表格
   2. significant_mr_results_summary.csv    - 显著的MR结果表格
   3. concise_mr_results_summary.csv         - 简洁的MR结果表格
   4. pqtl_successful_genes.csv             - 成功分析的蛋白列表
   5. mr_heterogeneity_pleiotropy_summary.csv - 异质性和多效性汇总表
   6. MR_pQTL_Analysis_Log.txt             - 分析日志文件


======================================================================
pQTL MR ANALYSIS PIPELINE FINISHED
= = = = = = = = = = = = = = = = = = = = = = = = = = = = = = = = = = = = = = = = = = = = = = = = = = = = = = = = = = = = = = = = = = = = = = 
[10:04:42] MR分析完成!
[10:04:42] 开始生成Word报告...

Attaching package: ‘dplyr’

The following objects are masked from ‘package:stats’:

    filter, lag

The following objects are masked from ‘package:base’:

    intersect, setdiff, setequal, union

================================================================================
  MR分析报告生成器
  类型: pqtl 
  时间戳: 20260312_100103 
================================================================================

Loaded integrated results from: /media/desk16/share/secure/MR/results/MR_pqtl/integrated_mr_results_summary.csv 
Added plot: forest_plot 
Added plot: funnel_plot 
Added plot: scatter_plot 
Added plot: leaveoneout_plot 

================================================================================
报告已生成： /media/desk16/share/secure/MR/report/MR_pqtl.20260312_100103.docx 
================================================================================
[10:04:44] Word报告已生成: /media/desk16/share/secure/MR/report/MR_pqtl.20260312_100103.docx
