================================================================================
MR分析日志 - Mendelian Randomization Analysis
================================================================================
时间戳: 2026-03-23 12:50:56
运行ID: 20260323_125056
脚本: run_mr.sh

----------------------------------------
输入参数
----------------------------------------
MR类型: traditional
输入文件: N/A
输出目录: /media/desk16/share/secure/MR/results/retest_20260323_123839/traditional
共定位分析: 0
P值阈值: 5e-6
KB距离: 10

----------------------------------------
环境信息
----------------------------------------
工作目录: /media/desk16/share/secure/MR/scripts
R脚本目录: /media/desk16/share/secure/MR/scripts

[12:50:56] 日志文件已创建: /media/desk16/share/secure/MR/logs/MR_traditional.20260323_125056.log
[12:50:56] 配置文件已生成: /media/desk16/share/secure/MR/results/retest_20260323_123839/traditional/traditional.config.ini
[12:50:56] 开始MR分析...
[12:50:56]   类型: traditional
[12:50:56]   输入: N/A
[12:50:56]   输出: /media/desk16/share/secure/MR/results/retest_20260323_123839/traditional
[12:50:56]   共定位: 0
[12:50:56]   P值阈值: 5e-6
[12:50:56]   KB距离: 10
[12:50:56]   R2阈值: 0.001
[12:50:56]   F统计量阈值: 10
[12:50:56]   EAF阈值: 0.01
[12:50:56]   最少SNPs: 3
[12:50:56]   结局ID: ebi-a-GCST90091033
[12:50:56] 输出目录已创建: /media/desk16/share/secure/MR/results/retest_20260323_123839/traditional
[12:50:56] 开始Traditional MR分析...
TwoSampleMR version 0.7.0 

  [>] New authentication requirements: https://mrcieu.github.io/ieugwasr/articles/guide.html#authentication.
  [>] Major upgrades to our servers completed to improve service and stability.
  [>] We need your help to shape our emerging roadmap!
      Please take 2 minutes to give us feedback -
      https://forms.office.com/e/eSr7EFAfCG

Attaching package: ‘ieugwasr’

The following object is masked from ‘package:TwoSampleMR’:

    ld_matrix


Attaching package: ‘dplyr’

The following objects are masked from ‘package:data.table’:

    between, first, last

The following objects are masked from ‘package:stats’:

    filter, lag

The following objects are masked from ‘package:base’:

    intersect, setdiff, setequal, union

Loading required package: sysfonts
Loading required package: showtextdb
[Token] Using token from environment variable

================================================================================
  MR Traditional Analysis
  Started: 2026-03-23 12:53:28 
  Exposure type: both 
  Output: /media/desk16/share/secure/MR/results/retest_20260323_123839/traditional 
================================================================================

[Token Check] Validating OpenGWAS token...
[Token Check] OK - Token is valid
[ 2026-03-23 12:53:29 ] JWT token loaded, starting with: eyJhbGciOiJSUzI1NiIsImtpZCI6Im ...
Warning message:
In dir.create(output_dir, recursive = TRUE) :
  '/media/desk16/share/secure/MR/results/retest_20260323_123839/traditional' already exists
Warning message:
In dir.create(file.path(output_dir, "tables"), recursive = TRUE) :
  '/media/desk16/share/secure/MR/results/retest_20260323_123839/traditional/tables' already exists
Warning message:
In dir.create(file.path(output_dir, "figures"), recursive = TRUE) :
  '/media/desk16/share/secure/MR/results/retest_20260323_123839/traditional/figures' already exists
[Config] Parameters saved to: /media/desk16/share/secure/MR/results/retest_20260323_123839/traditional/analysis_config.ini 
[ 2026-03-23 12:53:29 ] Outcome: finn-b-TRAUMBRAIN_NONCONCUS 
[ 2026-03-23 12:53:29 ] P-value threshold: 5e-06 

======================================================================
Processing: Self-harm 
= = = = = = = = = = = = = = = = = = = = = = = = = = = = = = = = = = = = = = = = = = = = = = = = = = = = = = = = = = = = = = = = = = = = = = 


[ 2026-03-23 12:53:30 ] --- ukb-d-20480 ---
[ 2026-03-23 12:53:37 ] SNPs extracted: 27 
Extracting data for 27 SNP(s) from 1 GWAS(s)
Querying id chunk 1 of 1
Querying variant chunk 1 of 1
Finding proxies for 2 SNPs in outcome finn-b-TRAUMBRAIN_NONCONCUS
Extracting data for 2 SNP(s) from 1 GWAS(s)
Querying id chunk 1 of 1
Querying variant chunk 1 of 1
Harmonising Ever self-harmed || id:ukb-d-20480 (ukb-d-20480) and severe traumatic brain injury, does not include concussion || id:finn-b-TRAUMBRAIN_NONCONCUS (finn-b-TRAUMBRAIN_NONCONCUS)
[ 2026-03-23 12:53:51 ] F-statistics: mean= 22.7 , min= 20.86 , max= 27.48 
[ 2026-03-23 12:53:51 ] Heterogeneity methods: MR Egger, Inverse variance weighted 
                     method        Q    Q_pval
1                  MR Egger 22.97758 0.5788725
2 Inverse variance weighted 23.85267 0.5843897
[ 2026-03-23 12:53:51 ] No significant heterogeneity → Using FIXED EFFECTS IVW
Analysing 'ukb-d-20480' on 'finn-b-TRAUMBRAIN_NONCONCUS'
Ever self-harmed || id:ukb-d-20480 - severe traumatic brain injury, does not include concussion || id:finn-b-TRAUMBRAIN_NONCONCUS
[ 2026-03-23 12:54:35 ] Steiger test failed: argument "r_exp" is missing, with no default 
[ 2026-03-23 12:54:35 ] Three-filter: IVW= NO , Direction= NO , Pleiotropy= NO , Combined= NO 
Scale for colour is already present.
Adding another scale for colour, which will replace the existing scale.
[ 2026-03-23 12:54:36 ] Scatter plot saved
Scale for colour is already present.
Adding another scale for colour, which will replace the existing scale.
[ 2026-03-23 12:54:39 ] Forest plot saved
Scale for colour is already present.
Adding another scale for colour, which will replace the existing scale.
[ 2026-03-23 12:54:40 ] Funnel plot saved
Scale for colour is already present.
Adding another scale for colour, which will replace the existing scale.
[ 2026-03-23 12:54:42 ] Leave-one-out plot saved

======================================================================
Processing: Violence 
= = = = = = = = = = = = = = = = = = = = = = = = = = = = = = = = = = = = = = = = = = = = = = = = = = = = = = = = = = = = = = = = = = = = = = 


[ 2026-03-23 12:54:42 ] --- ukb-e-20523_AFR ---
[ 2026-03-23 12:54:46 ] SNPs extracted: 12 
Extracting data for 12 SNP(s) from 1 GWAS(s)
Querying id chunk 1 of 1
Querying variant chunk 1 of 1
Finding proxies for 1 SNPs in outcome finn-b-TRAUMBRAIN_NONCONCUS
Extracting data for 1 SNP(s) from 1 GWAS(s)
Querying id chunk 1 of 1
Querying variant chunk 1 of 1
Harmonising Physical violence by partner or ex-partner as an adult || id:ukb-e-20523_AFR (ukb-e-20523_AFR) and severe traumatic brain injury, does not include concussion || id:finn-b-TRAUMBRAIN_NONCONCUS (finn-b-TRAUMBRAIN_NONCONCUS)
[ 2026-03-23 12:54:54 ] F-statistics: mean= 22.8 , min= 20.97 , max= 26 
[ 2026-03-23 12:54:54 ] Heterogeneity methods: MR Egger, Inverse variance weighted 
                     method        Q    Q_pval
1                  MR Egger 3.027107 0.9632106
2 Inverse variance weighted 3.027295 0.9807744
[ 2026-03-23 12:54:54 ] No significant heterogeneity → Using FIXED EFFECTS IVW
Analysing 'ukb-e-20523_AFR' on 'finn-b-TRAUMBRAIN_NONCONCUS'
Physical violence by partner or ex-partner as an adult || id:ukb-e-20523_AFR - severe traumatic brain injury, does not include concussion || id:finn-b-TRAUMBRAIN_NONCONCUS
[ 2026-03-23 12:55:14 ] Steiger test failed: argument "r_exp" is missing, with no default 
[ 2026-03-23 12:55:14 ] Three-filter: IVW= NO , Direction= NO , Pleiotropy= NO , Combined= NO 
Scale for colour is already present.
Adding another scale for colour, which will replace the existing scale.
[ 2026-03-23 12:55:16 ] Scatter plot saved
Scale for colour is already present.
Adding another scale for colour, which will replace the existing scale.
[ 2026-03-23 12:55:18 ] Forest plot saved
Scale for colour is already present.
Adding another scale for colour, which will replace the existing scale.
[ 2026-03-23 12:55:19 ] Funnel plot saved
Scale for colour is already present.
Adding another scale for colour, which will replace the existing scale.
[ 2026-03-23 12:55:21 ] Leave-one-out plot saved

[ 2026-03-23 12:55:21 ] --- ukb-e-20523_CSA ---
[ 2026-03-23 12:55:26 ] SNPs extracted: 79 
Extracting data for 79 SNP(s) from 1 GWAS(s)
Querying id chunk 1 of 1
Querying variant chunk 1 of 2
Querying variant chunk 2 of 2
Finding proxies for 5 SNPs in outcome finn-b-TRAUMBRAIN_NONCONCUS
Extracting data for 5 SNP(s) from 1 GWAS(s)
Querying id chunk 1 of 1
Querying variant chunk 1 of 1
Harmonising Physical violence by partner or ex-partner as an adult || id:ukb-e-20523_CSA (ukb-e-20523_CSA) and severe traumatic brain injury, does not include concussion || id:finn-b-TRAUMBRAIN_NONCONCUS (finn-b-TRAUMBRAIN_NONCONCUS)
Removing the following SNPs for incompatible alleles:
rs62025088
[ 2026-03-23 12:55:58 ] F-statistics: mean= 23.93 , min= 20.99 , max= 31.23 
[ 2026-03-23 12:55:58 ] Heterogeneity methods: MR Egger, Inverse variance weighted 
                     method        Q    Q_pval
1                  MR Egger 83.15834 0.1951151
2 Inverse variance weighted 83.87459 0.2025897
[ 2026-03-23 12:55:58 ] No significant heterogeneity → Using FIXED EFFECTS IVW
Analysing 'ukb-e-20523_CSA' on 'finn-b-TRAUMBRAIN_NONCONCUS'
Physical violence by partner or ex-partner as an adult || id:ukb-e-20523_CSA - severe traumatic brain injury, does not include concussion || id:finn-b-TRAUMBRAIN_NONCONCUS
[ 2026-03-23 12:58:08 ] Steiger test failed: argument "r_exp" is missing, with no default 
[ 2026-03-23 12:58:08 ] Three-filter: IVW= NO , Direction= NO , Pleiotropy= NO , Combined= NO 
Scale for colour is already present.
Adding another scale for colour, which will replace the existing scale.
[ 2026-03-23 12:58:10 ] Scatter plot saved
Scale for colour is already present.
Adding another scale for colour, which will replace the existing scale.
[ 2026-03-23 12:58:14 ] Forest plot saved
Scale for colour is already present.
Adding another scale for colour, which will replace the existing scale.
[ 2026-03-23 12:58:15 ] Funnel plot saved
Scale for colour is already present.
Adding another scale for colour, which will replace the existing scale.
[ 2026-03-23 12:58:19 ] Leave-one-out plot saved
There were 20 warnings (use warnings() to see them)

[ 2026-03-23 12:58:19 ] Saving merged format files (00-07)...
[ 2026-03-23 12:58:19 ] 00.Complete_MR_Results.csv saved
[ 2026-03-23 12:58:19 ] 01.MR_Results_All_Genes.csv saved (5 methods per exposure)
[ 2026-03-23 12:58:19 ] 02.Heterogeneity_All_Genes.csv saved
[ 2026-03-23 12:58:19 ] 03.Pleiotropy_All_Genes.csv saved
[ 2026-03-23 12:58:19 ] 04.MR_PRESSO_Results.csv saved
[ 2026-03-23 12:58:19 ] 05.Steiger_Direction_Results.csv saved
[ 2026-03-23 12:58:19 ] 06.Three_Filter_Results.csv saved
================================================================================
  Traditional MR Analysis Complete!
  Finished: 2026-03-23 12:58:19 
  Success: 3 / 3 
  Results saved to: /media/desk16/share/secure/MR/results/retest_20260323_123839/traditional/tables 
================================================================================
✓ QS2 snapshot saved: /media/desk16/share/secure/MR/results/retest_20260323_123839/traditional/traditional_traditional_node.qs2 
✓ Session info saved: /media/desk16/share/secure/MR/results/retest_20260323_123839/traditional/logs/traditional_sessionInfo.20260323_125056.txt 

================================================================================
  STEP: AUTO-GENERATING MR REPORT
================================================================================
Generating report...

Attaching package: ‘dplyr’

The following objects are masked from ‘package:stats’:

    filter, lag

The following objects are masked from ‘package:base’:

    intersect, setdiff, setequal, union

================================================================================
  MR分析报告生成器（优化版）
  类型: traditional 
  时间戳: 20260323_125056 
================================================================================

Detected as Traditional MR
Loaded results from 00.Complete_MR_Results.csv
Loaded heterogeneity from: /media/desk16/share/secure/MR/results/retest_20260323_123839/traditional/02.Heterogeneity_All_Genes.csv 
Loaded pleiotropy from: /media/desk16/share/secure/MR/results/retest_20260323_123839/traditional/03.Pleiotropy_All_Genes.csv 
Loaded MR results from: /media/desk16/share/secure/MR/results/retest_20260323_123839/traditional/01.MR_Results_All_Genes.csv 
Loaded three-filter results from: /media/desk16/share/secure/MR/results/retest_20260323_123839/traditional/06.Three_Filter_Results.csv 
Table genes source: strict 07/06 filter (no genes found, Table1/Table2 will be empty)
Loaded config parameters from: /media/desk16/share/secure/MR/results/retest_20260323_123839/traditional/analysis_config.ini 
Statistics: Total genes: 3 , Significant: 0 
Using report template: /media/desk16/share/secure/MR/templates/mr_report_template.docx 
Found 3 mr_results files
Added plot: NA - scatter (图 1 )
Added plot: NA - forest (图 2 )
Added plot: NA - funnel (图 3 )
Added plot: NA - leaveoneout (图 4 )

================================================================================
报告已生成： /media/desk16/share/secure/MR/results/retest_20260323_123839/traditional/MR_Report_20260323_125056.docx 
================================================================================
✓ Report saved to: /media/desk16/share/secure/MR/results/retest_20260323_123839/traditional/MR_Report_20260323_125056.docx 
[12:58:23] MR分析完成!
[12:58:23] 开始生成Word报告...

Attaching package: ‘dplyr’

The following objects are masked from ‘package:stats’:

    filter, lag

The following objects are masked from ‘package:base’:

    intersect, setdiff, setequal, union

================================================================================
  MR分析报告生成器（优化版）
  类型: traditional 
  时间戳: 20260323_125056 
================================================================================

Detected as Traditional MR
Loaded results from 00.Complete_MR_Results.csv
Loaded heterogeneity from: /media/desk16/share/secure/MR/results/retest_20260323_123839/traditional/02.Heterogeneity_All_Genes.csv 
Loaded pleiotropy from: /media/desk16/share/secure/MR/results/retest_20260323_123839/traditional/03.Pleiotropy_All_Genes.csv 
Loaded MR results from: /media/desk16/share/secure/MR/results/retest_20260323_123839/traditional/01.MR_Results_All_Genes.csv 
Loaded three-filter results from: /media/desk16/share/secure/MR/results/retest_20260323_123839/traditional/06.Three_Filter_Results.csv 
Table genes source: strict 07/06 filter (no genes found, Table1/Table2 will be empty)
Loaded config parameters from: /media/desk16/share/secure/MR/results/retest_20260323_123839/traditional/analysis_config.ini 
Statistics: Total genes: 3 , Significant: 0 
Using report template: /media/desk16/share/secure/MR/templates/mr_report_template.docx 
Found 3 mr_results files
Added plot: NA - scatter (图 1 )
Added plot: NA - forest (图 2 )
Added plot: NA - funnel (图 3 )
Added plot: NA - leaveoneout (图 4 )

================================================================================
报告已生成： /media/desk16/share/secure/MR/report/MR_traditional.20260323_125056.docx 
================================================================================
[12:58:27] Word报告已生成: /media/desk16/share/secure/MR/report/MR_traditional.20260323_125056.docx
