================================================================================
MR分析日志 - Mendelian Randomization Analysis
================================================================================
时间戳: 2026-03-20 16:28:53
运行ID: 20260320_162853
脚本: run_mr.sh

----------------------------------------
输入参数
----------------------------------------
MR类型: traditional
输入文件: /media/desk16/share/secure/MR/test_genes_traditional.csv
输出目录: /media/desk16/share/secure/MR/results/test_trad
共定位分析: 0
P值阈值: 5e-8
KB距离: 10000

----------------------------------------
环境信息
----------------------------------------
工作目录: /media/desk16/share/secure/MR/scripts
R脚本目录: /media/desk16/share/secure/MR/scripts

[16:28:53] 日志文件已创建: /media/desk16/share/secure/MR/logs/MR_traditional.20260320_162853.log
[16:28:53] 配置文件已生成: /media/desk16/share/secure/MR/results/test_trad/traditional.config.ini
[16:28:53] 开始MR分析...
[16:28:53]   类型: traditional
[16:28:53]   输入: /media/desk16/share/secure/MR/test_genes_traditional.csv
[16:28:53]   输出: /media/desk16/share/secure/MR/results/test_trad
[16:28:53]   共定位: 0
[16:28:53]   P值阈值: 5e-8
[16:28:53]   KB距离: 10000
[16:28:53]   R2阈值: 0.001
[16:28:53]   F统计量阈值: 10
[16:28:53]   EAF阈值: 0.01
[16:28:53]   最少SNPs: 3
[16:28:53]   结局ID: ebi-a-GCST90091033
[16:28:53] 输出目录已创建: /media/desk16/share/secure/MR/results/test_trad
[16:28:53] 开始Traditional MR分析...
TwoSampleMR version 0.7.0 

  [>] New authentication requirements: https://mrcieu.github.io/ieugwasr/articles/guide.html#authentication.
  [>] Major upgrades to our servers completed to improve service and stability.
  [>] We need your help to shape our emerging roadmap!
      Please take 2 minutes to give us feedback -
      https://forms.office.com/e/eSr7EFAfCG
OpenGWAS updates:
  Date: 2024-05-17
  [>] OpenGWAS is growing!
  [>] Please take 2 minutes to give us feedback -
  [>] It will help directly shape our emerging roadmap
  [>] https://forms.office.com/e/eSr7EFAfCG

Attaching package: ‘ieugwasr’

The following object is masked from ‘package:TwoSampleMR’:

    ld_matrix


Attaching package: ‘dplyr’

The following objects are masked from ‘package:data.table’:

    between, first, last

The following objects are masked from ‘package:stats’:

    filter, lag

The following objects are masked from ‘package:base’:

    intersect, setdiff, setequal, union

Loading required package: sysfonts
Loading required package: showtextdb
[Token] Using token from environment variable

================================================================================
  MR Traditional Analysis
  Started: 2026-03-20 16:28:56 
  Exposure type: both 
  Output: /media/desk16/share/secure/MR/results/test_trad 
================================================================================

[Token Check] Validating OpenGWAS token...
[Token Check] OK - Token is valid
[ 2026-03-20 16:28:58 ] JWT token loaded, starting with: eyJhbGciOiJSUzI1NiIsImtpZCI6Im ...
Warning message:
In dir.create(output_dir, recursive = TRUE) :
  '/media/desk16/share/secure/MR/results/test_trad' already exists
Warning message:
In dir.create(file.path(output_dir, "tables"), recursive = TRUE) :
  '/media/desk16/share/secure/MR/results/test_trad/tables' already exists
Warning message:
In dir.create(file.path(output_dir, "figures"), recursive = TRUE) :
  '/media/desk16/share/secure/MR/results/test_trad/figures' already exists
[Config] Parameters saved to: /media/desk16/share/secure/MR/results/test_trad/analysis_config.ini 
[ 2026-03-20 16:28:58 ] Outcome: finn-b-TRAUMBRAIN_NONCONCUS 
[ 2026-03-20 16:28:58 ] P-value threshold: 5e-08 

======================================================================
Processing: Self-harm 
= = = = = = = = = = = = = = = = = = = = = = = = = = = = = = = = = = = = = = = = = = = = = = = = = = = = = = = = = = = = = = = = = = = = = = 


[ 2026-03-20 16:28:59 ] --- ukb-d-20480 ---
[RETRY] Attempt 1 failed: argument is of length zero - Retrying in 1 s...
[RETRY] Attempt 2 failed: argument is of length zero - Retrying in 2 s...
[ERROR] All 3 attempts failed. Last error: argument is of length zero 
[ 2026-03-20 16:29:02 ] No SNPs extracted

======================================================================
Processing: Violence 
= = = = = = = = = = = = = = = = = = = = = = = = = = = = = = = = = = = = = = = = = = = = = = = = = = = = = = = = = = = = = = = = = = = = = = 


[ 2026-03-20 16:29:02 ] --- ukb-e-20523_AFR ---
[RETRY] Attempt 1 failed: argument is of length zero - Retrying in 1 s...
[RETRY] Attempt 2 failed: argument is of length zero - Retrying in 2 s...
[ERROR] All 3 attempts failed. Last error: argument is of length zero 
[ 2026-03-20 16:29:08 ] No SNPs extracted

[ 2026-03-20 16:29:08 ] --- ukb-e-20523_CSA ---
[ 2026-03-20 16:29:08 ] SNPs extracted: 5 
Extracting data for 5 SNP(s) from 1 GWAS(s)
Querying id chunk 1 of 1
Querying variant chunk 1 of 1
Harmonising Physical violence by partner or ex-partner as an adult || id:ukb-e-20523_CSA (ukb-e-20523_CSA) and severe traumatic brain injury, does not include concussion || id:finn-b-TRAUMBRAIN_NONCONCUS (finn-b-TRAUMBRAIN_NONCONCUS)
[ 2026-03-20 16:29:10 ] F-statistics: mean= 30.44 , min= 29.75 , max= 31.23 
[ 2026-03-20 16:29:10 ] Heterogeneity methods: MR Egger, Inverse variance weighted 
                     method         Q      Q_pval
1                  MR Egger  1.494937 0.683439271
2 Inverse variance weighted 13.514385 0.009017645
[ 2026-03-20 16:29:10 ] Heterogeneity detected → Using RANDOM EFFECTS IVW
Analysing 'ukb-e-20523_CSA' on 'finn-b-TRAUMBRAIN_NONCONCUS'
Physical violence by partner or ex-partner as an adult || id:ukb-e-20523_CSA - severe traumatic brain injury, does not include concussion || id:finn-b-TRAUMBRAIN_NONCONCUS
[ 2026-03-20 16:29:22 ] Steiger test failed: argument "r_exp" is missing, with no default 
[ 2026-03-20 16:29:22 ] Three-filter: IVW= NO , Direction= NO , Pleiotropy= NO , Combined= NO 
Scale for colour is already present.
Adding another scale for colour, which will replace the existing scale.
[ 2026-03-20 16:29:24 ] Scatter plot saved
Scale for colour is already present.
Adding another scale for colour, which will replace the existing scale.
[ 2026-03-20 16:29:26 ] Forest plot saved
Scale for colour is already present.
Adding another scale for colour, which will replace the existing scale.
[ 2026-03-20 16:29:27 ] Funnel plot saved
Scale for colour is already present.
Adding another scale for colour, which will replace the existing scale.
[ 2026-03-20 16:29:29 ] Leave-one-out plot saved
There were 14 warnings (use warnings() to see them)

[ 2026-03-20 16:29:29 ] Saving merged format files (00-07)...
[ 2026-03-20 16:29:29 ] 00.Complete_MR_Results.csv saved
[ 2026-03-20 16:29:29 ] 01.MR_Results_All_Genes.csv saved (5 methods per exposure)
[ 2026-03-20 16:29:29 ] 02.Heterogeneity_All_Genes.csv saved
[ 2026-03-20 16:29:29 ] 03.Pleiotropy_All_Genes.csv saved
[ 2026-03-20 16:29:29 ] 04.MR_PRESSO_Results.csv saved
[ 2026-03-20 16:29:29 ] 05.Steiger_Direction_Results.csv saved
[ 2026-03-20 16:29:29 ] 06.Three_Filter_Results.csv saved
[ 2026-03-20 16:29:29 ] 07.MR_res_gene.csv saved ( 2  causal targets)
================================================================================
  Traditional MR Analysis Complete!
  Finished: 2026-03-20 16:29:29 
  Success: 1 / 3 
  Results saved to: /media/desk16/share/secure/MR/results/test_trad/tables 
================================================================================
[16:29:29] MR分析完成!
[16:29:29] 开始生成Word报告...

Attaching package: ‘dplyr’

The following objects are masked from ‘package:stats’:

    filter, lag

The following objects are masked from ‘package:base’:

    intersect, setdiff, setequal, union

================================================================================
  MR分析报告生成器（优化版）
  类型: traditional 
  时间戳: 20260320_162853 
================================================================================

Detected as Traditional MR
Loaded results from 00.Complete_MR_Results.csv
Loaded heterogeneity from: /media/desk16/share/secure/MR/results/test_trad/02.Heterogeneity_All_Genes.csv 
Loaded pleiotropy from: /media/desk16/share/secure/MR/results/test_trad/03.Pleiotropy_All_Genes.csv 
Loaded MR results from: /media/desk16/share/secure/MR/results/test_trad/01.MR_Results_All_Genes.csv 
Loaded three-filter results from: /media/desk16/share/secure/MR/results/test_trad/06.Three_Filter_Results.csv 
Loaded causal targets from: /media/desk16/share/secure/MR/results/test_trad/07.MR_res_gene.csv 
Loaded config parameters from: /media/desk16/share/secure/MR/results/test_trad/analysis_config.ini 
Statistics: Total genes: 3 , Significant: 0 
Found 1 mr_results files
Added plot: ukb-d-20480 - scatter (图 A )
Added plot: ukb-d-20480 - forest (图 B )
Added plot: ukb-d-20480 - funnel (图 C )
Added plot: ukb-d-20480 - leaveoneout (图 D )
Added plot: ukb-e-20523_AFR - scatter (图 E )
Added plot: ukb-e-20523_AFR - forest (图 F )
Added plot: ukb-e-20523_AFR - funnel (图 G )
Added plot: ukb-e-20523_AFR - leaveoneout (图 H )
Added plot: ukb-e-20523_CSA - scatter (图 I )
Added plot: ukb-e-20523_CSA - forest (图 J )
Added plot: ukb-e-20523_CSA - funnel (图 K )
Added plot: ukb-e-20523_CSA - leaveoneout (图 L )

================================================================================
报告已生成： /media/desk16/share/secure/MR/report/MR_traditional.20260320_162853.docx 
================================================================================
[16:29:32] Word报告已生成: /media/desk16/share/secure/MR/report/MR_traditional.20260320_162853.docx
