================================================================================
MR分析日志 - Mendelian Randomization Analysis
================================================================================
时间戳: 2026-03-12 11:25:16
运行ID: 20260312_112516
脚本: run_mr.sh

----------------------------------------
输入参数
----------------------------------------
MR类型: traditional
输入文件: N/A
输出目录: /media/desk16/share/secure/MR/results/MR_traditional_test2
共定位分析: 0
P值阈值: 5e-8
KB距离: 10000

----------------------------------------
环境信息
----------------------------------------
工作目录: /media/desk16/share/secure/MR/scripts
R脚本目录: /media/desk16/share/secure/MR/scripts

[11:25:16] 日志文件已创建: /media/desk16/share/secure/MR/logs/MR_traditional.20260312_112516.log
[11:25:16] 配置文件已生成: /media/desk16/share/secure/MR/results/MR_traditional_test2/traditional.config.ini
[11:25:16] 开始MR分析...
[11:25:16]   类型: traditional
[11:25:16]   输入: N/A
[11:25:16]   输出: /media/desk16/share/secure/MR/results/MR_traditional_test2
[11:25:16]   共定位: 0
[11:25:16]   P值阈值: 5e-8
[11:25:16]   KB距离: 10000
[11:25:16]   R2阈值: 0.001
[11:25:16]   F统计量阈值: 10
[11:25:16]   EAF阈值: 0.01
[11:25:16]   最少SNPs: 3
[11:25:16]   结局ID: ebi-a-GCST90091033
[11:25:16] 输出目录已创建: /media/desk16/share/secure/MR/results/MR_traditional_test2
[11:25:16] 开始Traditional MR分析...
✓ Loaded .Renviron from HOME (global)
✓ JWT token loaded successfully (length: 546 characters)
TwoSampleMR version 0.7.0 

  [>] New authentication requirements: https://mrcieu.github.io/ieugwasr/articles/guide.html#authentication.
  [>] Major upgrades to our servers completed to improve service and stability.
  [>] We need your help to shape our emerging roadmap!
      Please take 2 minutes to give us feedback -
      https://forms.office.com/e/eSr7EFAfCG
OpenGWAS updates:
  Date: 2024-05-17
  [>] OpenGWAS is growing!
  [>] Please take 2 minutes to give us feedback -
  [>] It will help directly shape our emerging roadmap
  [>] https://forms.office.com/e/eSr7EFAfCG

Attaching package: ‘ieugwasr’

The following object is masked from ‘package:TwoSampleMR’:

    ld_matrix


Attaching package: ‘dplyr’

The following objects are masked from ‘package:stats’:

    filter, lag

The following objects are masked from ‘package:base’:

    intersect, setdiff, setequal, union


================================================================================
  MR Traditional Analysis
  Started: 2026-03-12 11:25:19 
  Exposure type: both 
  Output: /media/desk16/share/secure/MR/results/MR_traditional_test2 
================================================================================

[ 2026-03-12 11:25:19 ] JWT token loaded, starting with: eyJhbGciOiJSUzI1NiIsImtpZCI6Im ...
Warning message:
In dir.create(output_dir, recursive = TRUE) :
  '/media/desk16/share/secure/MR/results/MR_traditional_test2' already exists
Warning message:
In dir.create(file.path(output_dir, "tables"), recursive = TRUE) :
  '/media/desk16/share/secure/MR/results/MR_traditional_test2/tables' already exists
Warning message:
In dir.create(file.path(output_dir, "figures"), recursive = TRUE) :
  '/media/desk16/share/secure/MR/results/MR_traditional_test2/figures' already exists
[ 2026-03-12 11:25:19 ] Outcome: finn-b-TRAUMBRAIN_NONCONCUS 
[ 2026-03-12 11:25:19 ] P-value threshold: 5e-08 

======================================================================
Processing: Self-harm 
= = = = = = = = = = = = = = = = = = = = = = = = = = = = = = = = = = = = = = = = = = = = = = = = = = = = = = = = = = = = = = = = = = = = = = 


[ 2026-03-12 11:25:19 ] --- ukb-d-20480 ---
[ 2026-03-12 11:25:20 ] IV extraction failed: argument is of length zero 
[ 2026-03-12 11:25:20 ] No SNPs extracted

[ 2026-03-12 11:25:20 ] --- ukb-d-20554_1 ---
[ 2026-03-12 11:25:20 ] IV extraction failed: argument is of length zero 
[ 2026-03-12 11:25:20 ] No SNPs extracted

[ 2026-03-12 11:25:20 ] --- ukb-e-20513_CSA ---
[ 2026-03-12 11:25:21 ] SNPs extracted: 10 
Extracting data for 10 SNP(s) from 1 GWAS(s)
Querying id chunk 1 of 1
Querying variant chunk 1 of 1
Finding proxies for 3 SNPs in outcome finn-b-TRAUMBRAIN_NONCONCUS
Extracting data for 3 SNP(s) from 1 GWAS(s)
Querying id chunk 1 of 1
Querying variant chunk 1 of 1
Harmonising Recent thoughts of suicide or self-harm || id:ukb-e-20513_CSA (ukb-e-20513_CSA) and severe traumatic brain injury, does not include concussion || id:finn-b-TRAUMBRAIN_NONCONCUS (finn-b-TRAUMBRAIN_NONCONCUS)
[ 2026-03-12 11:25:24 ] F-statistics: mean= 35.98 , min= 30.15 , max= 47.05 
[ 2026-03-12 11:25:25 ] Heterogeneity methods: MR Egger, Inverse variance weighted 
                     method        Q    Q_pval
1                  MR Egger 1.316407 0.9707453
2 Inverse variance weighted 3.214859 0.8644402
[ 2026-03-12 11:25:25 ] No significant heterogeneity → Using FIXED EFFECTS IVW
Analysing 'ukb-e-20513_CSA' on 'finn-b-TRAUMBRAIN_NONCONCUS'
Recent thoughts of suicide or self-harm || id:ukb-e-20513_CSA - severe traumatic brain injury, does not include concussion || id:finn-b-TRAUMBRAIN_NONCONCUS
[ 2026-03-12 11:25:38 ] Steiger test failed: argument "r_exp" is missing, with no default 
Scale for colour is already present.
Adding another scale for colour, which will replace the existing scale.
[ 2026-03-12 11:25:39 ] Scatter plot failed: invalid font type 
Scale for colour is already present.
Adding another scale for colour, which will replace the existing scale.
[ 2026-03-12 11:25:40 ] Forest plot failed: invalid font type 
Scale for colour is already present.
Adding another scale for colour, which will replace the existing scale.
[ 2026-03-12 11:25:41 ] Funnel plot failed: failed to find or load PDF CID font 
Scale for colour is already present.
Adding another scale for colour, which will replace the existing scale.
[ 2026-03-12 11:25:42 ] Leave-one-out plot failed: invalid font type 

[ 2026-03-12 11:25:42 ] --- ukb-d-20554_6 ---
[ 2026-03-12 11:25:42 ] SNPs extracted: 1 
Extracting data for 1 SNP(s) from 1 GWAS(s)
Querying id chunk 1 of 1
Querying variant chunk 1 of 1
Harmonising Actions taken following self-harm: Receive help from friends / family / neighbours || id:ukb-d-20554_6 (ukb-d-20554_6) and severe traumatic brain injury, does not include concussion || id:finn-b-TRAUMBRAIN_NONCONCUS (finn-b-TRAUMBRAIN_NONCONCUS)
[ 2026-03-12 11:25:43 ] F-statistics: mean= 39.86 , min= 39.86 , max= 39.86 
[ 2026-03-12 11:25:43 ] Not enough SNPs after harmonisation: 1 

[ 2026-03-12 11:25:43 ] --- ukb-d-20553_5 ---
[ 2026-03-12 11:25:49 ] SNPs extracted: 3 
Extracting data for 3 SNP(s) from 1 GWAS(s)
Querying id chunk 1 of 1
Querying variant chunk 1 of 1
Finding proxies for 1 SNPs in outcome finn-b-TRAUMBRAIN_NONCONCUS
Extracting data for 1 SNP(s) from 1 GWAS(s)
Querying id chunk 1 of 1
Querying variant chunk 1 of 1
Harmonising Methods of self-harm used: Self-injury such as self-cutting, scratching or hitting, etc. || id:ukb-d-20553_5 (ukb-d-20553_5) and severe traumatic brain injury, does not include concussion || id:finn-b-TRAUMBRAIN_NONCONCUS (finn-b-TRAUMBRAIN_NONCONCUS)
[ 2026-03-12 11:25:50 ] F-statistics: mean= 34.34 , min= 31.09 , max= 37.59 
[ 2026-03-12 11:25:50 ] Not enough SNPs after harmonisation: 2 

[ 2026-03-12 11:25:50 ] --- ukb-e-20513_AFR ---
[ 2026-03-12 11:25:50 ] SNPs extracted: 12 
Extracting data for 12 SNP(s) from 1 GWAS(s)
Querying id chunk 1 of 1
Querying variant chunk 1 of 1
Finding proxies for 1 SNPs in outcome finn-b-TRAUMBRAIN_NONCONCUS
Extracting data for 1 SNP(s) from 1 GWAS(s)
Querying id chunk 1 of 1
Querying variant chunk 1 of 1
Harmonising Recent thoughts of suicide or self-harm || id:ukb-e-20513_AFR (ukb-e-20513_AFR) and severe traumatic brain injury, does not include concussion || id:finn-b-TRAUMBRAIN_NONCONCUS (finn-b-TRAUMBRAIN_NONCONCUS)
[ 2026-03-12 11:25:54 ] F-statistics: mean= 33.16 , min= 29.87 , max= 41.88 
[ 2026-03-12 11:25:54 ] Heterogeneity methods: MR Egger, Inverse variance weighted 
                     method        Q    Q_pval
1                  MR Egger 7.435335 0.5918914
2 Inverse variance weighted 7.528614 0.6747739
[ 2026-03-12 11:25:54 ] No significant heterogeneity → Using FIXED EFFECTS IVW
Analysing 'ukb-e-20513_AFR' on 'finn-b-TRAUMBRAIN_NONCONCUS'
Recent thoughts of suicide or self-harm || id:ukb-e-20513_AFR - severe traumatic brain injury, does not include concussion || id:finn-b-TRAUMBRAIN_NONCONCUS
[ 2026-03-12 11:26:11 ] Steiger test failed: argument "r_exp" is missing, with no default 
Scale for colour is already present.
Adding another scale for colour, which will replace the existing scale.
[ 2026-03-12 11:26:12 ] Scatter plot failed: invalid font type 
Scale for colour is already present.
Adding another scale for colour, which will replace the existing scale.
[ 2026-03-12 11:26:13 ] Forest plot failed: invalid font type 
Scale for colour is already present.
Adding another scale for colour, which will replace the existing scale.
[ 2026-03-12 11:26:14 ] Funnel plot failed: failed to find or load PDF CID font 
Scale for colour is already present.
Adding another scale for colour, which will replace the existing scale.
[ 2026-03-12 11:26:15 ] Leave-one-out plot failed: invalid font type 

[ 2026-03-12 11:26:15 ] --- ukb-d-20554_5 ---
[ 2026-03-12 11:26:15 ] IV extraction failed: argument is of length zero 
[ 2026-03-12 11:26:15 ] No SNPs extracted

[ 2026-03-12 11:26:15 ] --- ukb-e-20485_CSA ---
[ 2026-03-12 11:26:15 ] SNPs extracted: 4 
Extracting data for 4 SNP(s) from 1 GWAS(s)
Querying id chunk 1 of 1
Querying variant chunk 1 of 1
Finding proxies for 1 SNPs in outcome finn-b-TRAUMBRAIN_NONCONCUS
Extracting data for 1 SNP(s) from 1 GWAS(s)
Querying id chunk 1 of 1
Querying variant chunk 1 of 1
Harmonising Ever contemplated self-harm || id:ukb-e-20485_CSA (ukb-e-20485_CSA) and severe traumatic brain injury, does not include concussion || id:finn-b-TRAUMBRAIN_NONCONCUS (finn-b-TRAUMBRAIN_NONCONCUS)
[ 2026-03-12 11:26:16 ] F-statistics: mean= 34.27 , min= 30.74 , max= 38.11 
[ 2026-03-12 11:26:16 ] Heterogeneity methods: MR Egger, Inverse variance weighted 
                     method         Q    Q_pval
1                  MR Egger 0.9156524 0.3386191
2 Inverse variance weighted 0.9355109 0.6264067
[ 2026-03-12 11:26:16 ] No significant heterogeneity → Using FIXED EFFECTS IVW
Analysing 'ukb-e-20485_CSA' on 'finn-b-TRAUMBRAIN_NONCONCUS'
Ever contemplated self-harm || id:ukb-e-20485_CSA - severe traumatic brain injury, does not include concussion || id:finn-b-TRAUMBRAIN_NONCONCUS
[ 2026-03-12 11:26:20 ] MR-PRESSO failed: Not enough intrumental variables 
[ 2026-03-12 11:26:20 ] Steiger test failed: argument "r_exp" is missing, with no default 
Scale for colour is already present.
Adding another scale for colour, which will replace the existing scale.
[ 2026-03-12 11:26:21 ] Scatter plot failed: invalid font type 
Scale for colour is already present.
Adding another scale for colour, which will replace the existing scale.
[ 2026-03-12 11:26:22 ] Forest plot failed: invalid font type 
Scale for colour is already present.
Adding another scale for colour, which will replace the existing scale.
[ 2026-03-12 11:26:23 ] Funnel plot failed: failed to find or load PDF CID font 
Scale for colour is already present.
Adding another scale for colour, which will replace the existing scale.
[ 2026-03-12 11:26:24 ] Leave-one-out plot failed: invalid font type 

[ 2026-03-12 11:26:24 ] --- finn-b-VWXY20_SUICI_OTHER_INTENTI_SELF_H ---
[ 2026-03-12 11:26:24 ] SNPs extracted: 2 
Extracting data for 2 SNP(s) from 1 GWAS(s)
Querying id chunk 1 of 1
Querying variant chunk 1 of 1
Harmonising Suicide or other Intentional self-harm || id:finn-b-VWXY20_SUICI_OTHER_INTENTI_SELF_H (finn-b-VWXY20_SUICI_OTHER_INTENTI_SELF_H) and severe traumatic brain injury, does not include concussion || id:finn-b-TRAUMBRAIN_NONCONCUS (finn-b-TRAUMBRAIN_NONCONCUS)
[ 2026-03-12 11:26:24 ] F-statistics: mean= 94.08 , min= 30.29 , max= 157.87 
[ 2026-03-12 11:26:24 ] Not enough SNPs after harmonisation: 2 

[ 2026-03-12 11:26:24 ] --- ukb-d-20553_4 ---
[ 2026-03-12 11:26:25 ] IV extraction failed: argument is of length zero 
[ 2026-03-12 11:26:25 ] No SNPs extracted

[ 2026-03-12 11:26:25 ] --- ukb-d-20554_3 ---
[ 2026-03-12 11:26:25 ] IV extraction failed: argument is of length zero 
[ 2026-03-12 11:26:25 ] No SNPs extracted

[ 2026-03-12 11:26:25 ] --- ukb-d-20486 ---
[ 2026-03-12 11:26:25 ] IV extraction failed: argument is of length zero 
[ 2026-03-12 11:26:25 ] No SNPs extracted

======================================================================
Processing: Violence 
= = = = = = = = = = = = = = = = = = = = = = = = = = = = = = = = = = = = = = = = = = = = = = = = = = = = = = = = = = = = = = = = = = = = = = 


[ 2026-03-12 11:26:25 ] --- ukb-e-20523_AFR ---
[ 2026-03-12 11:26:25 ] IV extraction failed: argument is of length zero 
[ 2026-03-12 11:26:25 ] No SNPs extracted

[ 2026-03-12 11:26:25 ] --- ukb-e-20523_CSA ---
[ 2026-03-12 11:26:26 ] SNPs extracted: 5 
Extracting data for 5 SNP(s) from 1 GWAS(s)
Querying id chunk 1 of 1
Querying variant chunk 1 of 1
Harmonising Physical violence by partner or ex-partner as an adult || id:ukb-e-20523_CSA (ukb-e-20523_CSA) and severe traumatic brain injury, does not include concussion || id:finn-b-TRAUMBRAIN_NONCONCUS (finn-b-TRAUMBRAIN_NONCONCUS)
[ 2026-03-12 11:26:27 ] F-statistics: mean= 30.44 , min= 29.75 , max= 31.23 
[ 2026-03-12 11:26:27 ] Heterogeneity methods: MR Egger, Inverse variance weighted 
                     method         Q      Q_pval
1                  MR Egger  1.494937 0.683439271
2 Inverse variance weighted 13.514385 0.009017645
[ 2026-03-12 11:26:27 ] Heterogeneity detected → Using RANDOM EFFECTS IVW
Analysing 'ukb-e-20523_CSA' on 'finn-b-TRAUMBRAIN_NONCONCUS'
Physical violence by partner or ex-partner as an adult || id:ukb-e-20523_CSA - severe traumatic brain injury, does not include concussion || id:finn-b-TRAUMBRAIN_NONCONCUS
[ 2026-03-12 11:26:37 ] Steiger test failed: argument "r_exp" is missing, with no default 
Scale for colour is already present.
Adding another scale for colour, which will replace the existing scale.
[ 2026-03-12 11:26:37 ] Scatter plot failed: invalid font type 
Scale for colour is already present.
Adding another scale for colour, which will replace the existing scale.
[ 2026-03-12 11:26:38 ] Forest plot failed: invalid font type 
Scale for colour is already present.
Adding another scale for colour, which will replace the existing scale.
[ 2026-03-12 11:26:39 ] Funnel plot failed: failed to find or load PDF CID font 
Scale for colour is already present.
Adding another scale for colour, which will replace the existing scale.
[ 2026-03-12 11:26:40 ] Leave-one-out plot failed: invalid font type 
There were 50 or more warnings (use warnings() to see the first 50)

================================================================================
  Traditional MR Analysis Complete!
  Finished: 2026-03-12 11:26:40 
  Success: 4 / 14 
  Results saved to: /media/desk16/share/secure/MR/results/MR_traditional_test2/tables 
================================================================================
[11:26:40] MR分析完成!
[11:26:40] 开始生成Word报告...

Attaching package: ‘dplyr’

The following objects are masked from ‘package:stats’:

    filter, lag

The following objects are masked from ‘package:base’:

    intersect, setdiff, setequal, union

================================================================================
  MR分析报告生成器
  类型: traditional 
  时间戳: 20260312_112516 
================================================================================

Loaded analysis summary from tables/ (traditional MR)
Added plot: forest_plot 
Added plot: funnel_plot 
Added plot: scatter_plot 
Added plot: leaveoneout_plot 

================================================================================
报告已生成： /media/desk16/share/secure/MR/report/MR_traditional.20260312_112516.docx 
================================================================================
[11:26:42] Word报告已生成: /media/desk16/share/secure/MR/report/MR_traditional.20260312_112516.docx
