================================================================================
MR分析日志 - Mendelian Randomization Analysis
================================================================================
时间戳: 2026-03-23 12:17:43
运行ID: 20260323_121743
脚本: run_mr.sh

----------------------------------------
输入参数
----------------------------------------
MR类型: traditional
输入文件: N/A
输出目录: /media/desk16/share/secure/MR/results/smoke_20260323_121129/traditional
共定位分析: 0
P值阈值: 5e-8
KB距离: 10000

----------------------------------------
环境信息
----------------------------------------
工作目录: /media/desk16/share/secure/MR/scripts
R脚本目录: /media/desk16/share/secure/MR/scripts

[12:17:43] 日志文件已创建: /media/desk16/share/secure/MR/logs/MR_traditional.20260323_121743.log
[12:17:43] 配置文件已生成: /media/desk16/share/secure/MR/results/smoke_20260323_121129/traditional/traditional.config.ini
[12:17:43] 开始MR分析...
[12:17:43]   类型: traditional
[12:17:43]   输入: N/A
[12:17:43]   输出: /media/desk16/share/secure/MR/results/smoke_20260323_121129/traditional
[12:17:43]   共定位: 0
[12:17:43]   P值阈值: 5e-8
[12:17:43]   KB距离: 10000
[12:17:43]   R2阈值: 0.001
[12:17:43]   F统计量阈值: 10
[12:17:43]   EAF阈值: 0.01
[12:17:43]   最少SNPs: 3
[12:17:43]   结局ID: ebi-a-GCST90091033
[12:17:43] 输出目录已创建: /media/desk16/share/secure/MR/results/smoke_20260323_121129/traditional
[12:17:43] 开始Traditional MR分析...
TwoSampleMR version 0.7.0 

OpenGWAS updates:
  Date: 2024-05-17
  [>] OpenGWAS is growing!
  [>] Please take 2 minutes to give us feedback -
  [>] It will help directly shape our emerging roadmap
  [>] https://forms.office.com/e/eSr7EFAfCG

Attaching package: ‘ieugwasr’

The following object is masked from ‘package:TwoSampleMR’:

    ld_matrix


Attaching package: ‘dplyr’

The following objects are masked from ‘package:data.table’:

    between, first, last

The following objects are masked from ‘package:stats’:

    filter, lag

The following objects are masked from ‘package:base’:

    intersect, setdiff, setequal, union

Loading required package: sysfonts
Loading required package: showtextdb
[Token] Using token from environment variable

================================================================================
  MR Traditional Analysis
  Started: 2026-03-23 12:20:26 
  Exposure type: both 
  Output: /media/desk16/share/secure/MR/results/smoke_20260323_121129/traditional 
================================================================================

[Token Check] Validating OpenGWAS token...
[Token Check] OK - Token is valid
[ 2026-03-23 12:20:28 ] JWT token loaded, starting with: eyJhbGciOiJSUzI1NiIsImtpZCI6Im ...
Warning message:
In dir.create(output_dir, recursive = TRUE) :
  '/media/desk16/share/secure/MR/results/smoke_20260323_121129/traditional' already exists
Warning message:
In dir.create(file.path(output_dir, "tables"), recursive = TRUE) :
  '/media/desk16/share/secure/MR/results/smoke_20260323_121129/traditional/tables' already exists
Warning message:
In dir.create(file.path(output_dir, "figures"), recursive = TRUE) :
  '/media/desk16/share/secure/MR/results/smoke_20260323_121129/traditional/figures' already exists
[Config] Parameters saved to: /media/desk16/share/secure/MR/results/smoke_20260323_121129/traditional/analysis_config.ini 
[ 2026-03-23 12:20:28 ] Outcome: finn-b-TRAUMBRAIN_NONCONCUS 
[ 2026-03-23 12:20:28 ] P-value threshold: 5e-08 

======================================================================
Processing: Self-harm 
= = = = = = = = = = = = = = = = = = = = = = = = = = = = = = = = = = = = = = = = = = = = = = = = = = = = = = = = = = = = = = = = = = = = = = 


[ 2026-03-23 12:20:28 ] --- ukb-d-20480 ---
[RETRY] Attempt 1 failed: argument is of length zero - Retrying in 1 s...
[RETRY] Attempt 2 failed: argument is of length zero - Retrying in 2 s...
[ERROR] All 3 attempts failed. Last error: argument is of length zero 
[ 2026-03-23 12:20:32 ] No SNPs extracted

======================================================================
Processing: Violence 
= = = = = = = = = = = = = = = = = = = = = = = = = = = = = = = = = = = = = = = = = = = = = = = = = = = = = = = = = = = = = = = = = = = = = = 


[ 2026-03-23 12:20:32 ] --- ukb-e-20523_AFR ---
[RETRY] Attempt 1 failed: argument is of length zero - Retrying in 1 s...
[RETRY] Attempt 2 failed: argument is of length zero - Retrying in 2 s...
[ERROR] All 3 attempts failed. Last error: argument is of length zero 
[ 2026-03-23 12:20:36 ] No SNPs extracted

[ 2026-03-23 12:20:36 ] --- ukb-e-20523_CSA ---
[ 2026-03-23 12:20:36 ] SNPs extracted: 5 
Extracting data for 5 SNP(s) from 1 GWAS(s)
Querying id chunk 1 of 1
Querying variant chunk 1 of 1
Harmonising Physical violence by partner or ex-partner as an adult || id:ukb-e-20523_CSA (ukb-e-20523_CSA) and severe traumatic brain injury, does not include concussion || id:finn-b-TRAUMBRAIN_NONCONCUS (finn-b-TRAUMBRAIN_NONCONCUS)
[ 2026-03-23 12:20:40 ] F-statistics: mean= 30.44 , min= 29.75 , max= 31.23 
[ 2026-03-23 12:20:40 ] Heterogeneity methods: MR Egger, Inverse variance weighted 
                     method         Q      Q_pval
1                  MR Egger  1.494937 0.683439271
2 Inverse variance weighted 13.514385 0.009017645
[ 2026-03-23 12:20:40 ] Heterogeneity detected → Using RANDOM EFFECTS IVW
Analysing 'ukb-e-20523_CSA' on 'finn-b-TRAUMBRAIN_NONCONCUS'
Physical violence by partner or ex-partner as an adult || id:ukb-e-20523_CSA - severe traumatic brain injury, does not include concussion || id:finn-b-TRAUMBRAIN_NONCONCUS
[ 2026-03-23 12:20:53 ] Steiger test failed: argument "r_exp" is missing, with no default 
[ 2026-03-23 12:20:53 ] Three-filter: IVW= NO , Direction= NO , Pleiotropy= NO , Combined= NO 
Scale for colour is already present.
Adding another scale for colour, which will replace the existing scale.
[ 2026-03-23 12:20:55 ] Scatter plot saved
Scale for colour is already present.
Adding another scale for colour, which will replace the existing scale.
[ 2026-03-23 12:20:57 ] Forest plot saved
Scale for colour is already present.
Adding another scale for colour, which will replace the existing scale.
[ 2026-03-23 12:20:58 ] Funnel plot saved
Scale for colour is already present.
Adding another scale for colour, which will replace the existing scale.
[ 2026-03-23 12:21:00 ] Leave-one-out plot saved
Warning messages:
1: In doTryCatch(return(expr), name, parentenv, handler) :
  restarting interrupted promise evaluation
2: In doTryCatch(return(expr), name, parentenv, handler) :
  restarting interrupted promise evaluation
3: In doTryCatch(return(expr), name, parentenv, handler) :
  restarting interrupted promise evaluation
4: In doTryCatch(return(expr), name, parentenv, handler) :
  restarting interrupted promise evaluation
5: Removed 1 row containing missing values or values outside the scale range
(`geom_point()`). 
6: Removed 1 row containing missing values or values outside the scale range
(`geom_point()`). 
7: Removed 1 row containing missing values or values outside the scale range
(`geom_point()`). 
8: Removed 1 row containing missing values or values outside the scale range
(`geom_point()`). 

[ 2026-03-23 12:21:00 ] Saving merged format files (00-07)...
[ 2026-03-23 12:21:00 ] 00.Complete_MR_Results.csv saved
[ 2026-03-23 12:21:00 ] 01.MR_Results_All_Genes.csv saved (5 methods per exposure)
[ 2026-03-23 12:21:00 ] 02.Heterogeneity_All_Genes.csv saved
[ 2026-03-23 12:21:00 ] 03.Pleiotropy_All_Genes.csv saved
[ 2026-03-23 12:21:00 ] 04.MR_PRESSO_Results.csv saved
[ 2026-03-23 12:21:00 ] 05.Steiger_Direction_Results.csv saved
[ 2026-03-23 12:21:00 ] 06.Three_Filter_Results.csv saved
[ 2026-03-23 12:21:00 ] 07.MR_res_gene.csv saved ( 2  causal targets)
================================================================================
  Traditional MR Analysis Complete!
  Finished: 2026-03-23 12:21:00 
  Success: 1 / 3 
  Results saved to: /media/desk16/share/secure/MR/results/smoke_20260323_121129/traditional/tables 
================================================================================
✓ QS2 snapshot saved: /media/desk16/share/secure/MR/results/smoke_20260323_121129/traditional/traditional_traditional_node.qs2 
✓ Session info saved: /media/desk16/share/secure/MR/results/smoke_20260323_121129/traditional/logs/traditional_sessionInfo.20260323_121743.txt 

================================================================================
  STEP: AUTO-GENERATING MR REPORT
================================================================================
Generating report...

Attaching package: ‘dplyr’

The following objects are masked from ‘package:stats’:

    filter, lag

The following objects are masked from ‘package:base’:

    intersect, setdiff, setequal, union

================================================================================
  MR分析报告生成器（优化版）
  类型: traditional 
  时间戳: 20260323_121743 
================================================================================

Detected as Traditional MR
Loaded results from 00.Complete_MR_Results.csv
Loaded heterogeneity from: /media/desk16/share/secure/MR/results/smoke_20260323_121129/traditional/02.Heterogeneity_All_Genes.csv 
Loaded pleiotropy from: /media/desk16/share/secure/MR/results/smoke_20260323_121129/traditional/03.Pleiotropy_All_Genes.csv 
Loaded MR results from: /media/desk16/share/secure/MR/results/smoke_20260323_121129/traditional/01.MR_Results_All_Genes.csv 
Loaded three-filter results from: /media/desk16/share/secure/MR/results/smoke_20260323_121129/traditional/06.Three_Filter_Results.csv 
Loaded causal targets from: /media/desk16/share/secure/MR/results/smoke_20260323_121129/traditional/07.MR_res_gene.csv 
Table genes source: 07.MR_res_gene.csv (1 genes)
Table1 rows after filtering: 0 / 3
Table2 rows after filtering: 0 / 2
Loaded config parameters from: /media/desk16/share/secure/MR/results/smoke_20260323_121129/traditional/analysis_config.ini 
Statistics: Total genes: 3 , Significant: 0 
Found 1 mr_results files
Added plot: NA - scatter (图 1 )
Added plot: NA - forest (图 2 )
Added plot: NA - funnel (图 3 )
Added plot: NA - leaveoneout (图 4 )

================================================================================
报告已生成： /media/desk16/share/secure/MR/results/smoke_20260323_121129/traditional/MR_Report_20260323_121743.docx 
================================================================================
✓ Report saved to: /media/desk16/share/secure/MR/results/smoke_20260323_121129/traditional/MR_Report_20260323_121743.docx 
[12:21:04] MR分析完成!
[12:21:04] 开始生成Word报告...

Attaching package: ‘dplyr’

The following objects are masked from ‘package:stats’:

    filter, lag

The following objects are masked from ‘package:base’:

    intersect, setdiff, setequal, union

================================================================================
  MR分析报告生成器（优化版）
  类型: traditional 
  时间戳: 20260323_121743 
================================================================================

Detected as Traditional MR
Loaded results from 00.Complete_MR_Results.csv
Loaded heterogeneity from: /media/desk16/share/secure/MR/results/smoke_20260323_121129/traditional/02.Heterogeneity_All_Genes.csv 
Loaded pleiotropy from: /media/desk16/share/secure/MR/results/smoke_20260323_121129/traditional/03.Pleiotropy_All_Genes.csv 
Loaded MR results from: /media/desk16/share/secure/MR/results/smoke_20260323_121129/traditional/01.MR_Results_All_Genes.csv 
Loaded three-filter results from: /media/desk16/share/secure/MR/results/smoke_20260323_121129/traditional/06.Three_Filter_Results.csv 
Loaded causal targets from: /media/desk16/share/secure/MR/results/smoke_20260323_121129/traditional/07.MR_res_gene.csv 
Table genes source: 07.MR_res_gene.csv (1 genes)
Table1 rows after filtering: 0 / 3
Table2 rows after filtering: 0 / 2
Loaded config parameters from: /media/desk16/share/secure/MR/results/smoke_20260323_121129/traditional/analysis_config.ini 
Statistics: Total genes: 3 , Significant: 0 
Found 1 mr_results files
Added plot: NA - scatter (图 1 )
Added plot: NA - forest (图 2 )
Added plot: NA - funnel (图 3 )
Added plot: NA - leaveoneout (图 4 )

================================================================================
报告已生成： /media/desk16/share/secure/MR/report/MR_traditional.20260323_121743.docx 
================================================================================
[12:21:07] Word报告已生成: /media/desk16/share/secure/MR/report/MR_traditional.20260323_121743.docx
