================================================================================
MR分析日志 - Mendelian Randomization Analysis
================================================================================
时间戳: 2026-03-20 14:03:36
运行ID: 20260320_140336
脚本: run_mr.sh

----------------------------------------
输入参数
----------------------------------------
MR类型: traditional
输入文件: N/A
输出目录: /media/desk16/share/secure/MR/results/test_trad_font
共定位分析: 0
P值阈值: 5e-6
KB距离: 10000

----------------------------------------
环境信息
----------------------------------------
工作目录: /media/desk16/share/secure/MR/scripts
R脚本目录: /media/desk16/share/secure/MR/scripts

[14:03:36] 日志文件已创建: /media/desk16/share/secure/MR/logs/MR_traditional.20260320_140336.log
[14:03:36] 配置文件已生成: /media/desk16/share/secure/MR/results/test_trad_font/traditional.config.ini
[14:03:36] 开始MR分析...
[14:03:36]   类型: traditional
[14:03:36]   输入: N/A
[14:03:36]   输出: /media/desk16/share/secure/MR/results/test_trad_font
[14:03:36]   共定位: 0
[14:03:36]   P值阈值: 5e-6
[14:03:36]   KB距离: 10000
[14:03:36]   R2阈值: 0.001
[14:03:36]   F统计量阈值: 10
[14:03:36]   EAF阈值: 0.01
[14:03:36]   最少SNPs: 3
[14:03:36]   结局ID: ebi-a-GCST90091033
[14:03:36] 输出目录已创建: /media/desk16/share/secure/MR/results/test_trad_font
[14:03:36] 开始Traditional MR分析...
TwoSampleMR version 0.7.0 

  [>] New authentication requirements: https://mrcieu.github.io/ieugwasr/articles/guide.html#authentication.
  [>] Major upgrades to our servers completed to improve service and stability.
  [>] We need your help to shape our emerging roadmap!
      Please take 2 minutes to give us feedback -
      https://forms.office.com/e/eSr7EFAfCG
OpenGWAS updates:
  Date: 2024-05-17
  [>] OpenGWAS is growing!
  [>] Please take 2 minutes to give us feedback -
  [>] It will help directly shape our emerging roadmap
  [>] https://forms.office.com/e/eSr7EFAfCG

Attaching package: ‘ieugwasr’

The following object is masked from ‘package:TwoSampleMR’:

    ld_matrix


Attaching package: ‘dplyr’

The following objects are masked from ‘package:data.table’:

    between, first, last

The following objects are masked from ‘package:stats’:

    filter, lag

The following objects are masked from ‘package:base’:

    intersect, setdiff, setequal, union

Loading required package: sysfonts
Loading required package: showtextdb
[Token] Using token from environment variable

================================================================================
  MR Traditional Analysis
  Started: 2026-03-20 14:03:44 
  Exposure type: both 
  Output: /media/desk16/share/secure/MR/results/test_trad_font 
================================================================================

[Token Check] Validating OpenGWAS token...
[Token Check] OK - Token is valid
[ 2026-03-20 14:03:45 ] JWT token loaded, starting with: eyJhbGciOiJSUzI1NiIsImtpZCI6Im ...
Warning message:
In dir.create(output_dir, recursive = TRUE) :
  '/media/desk16/share/secure/MR/results/test_trad_font' already exists
Warning message:
In dir.create(file.path(output_dir, "tables"), recursive = TRUE) :
  '/media/desk16/share/secure/MR/results/test_trad_font/tables' already exists
Warning message:
In dir.create(file.path(output_dir, "figures"), recursive = TRUE) :
  '/media/desk16/share/secure/MR/results/test_trad_font/figures' already exists
[Config] Parameters saved to: /media/desk16/share/secure/MR/results/test_trad_font/analysis_config.ini 
[ 2026-03-20 14:03:45 ] Outcome: finn-b-TRAUMBRAIN_NONCONCUS 
[ 2026-03-20 14:03:45 ] P-value threshold: 5e-06 

======================================================================
Processing: Self-harm 
= = = = = = = = = = = = = = = = = = = = = = = = = = = = = = = = = = = = = = = = = = = = = = = = = = = = = = = = = = = = = = = = = = = = = = 


[ 2026-03-20 14:03:46 ] --- ukb-d-20480 ---
[ 2026-03-20 14:03:50 ] SNPs extracted: 18 
Extracting data for 18 SNP(s) from 1 GWAS(s)
Querying id chunk 1 of 1
Querying variant chunk 1 of 1
Harmonising Ever self-harmed || id:ukb-d-20480 (ukb-d-20480) and severe traumatic brain injury, does not include concussion || id:finn-b-TRAUMBRAIN_NONCONCUS (finn-b-TRAUMBRAIN_NONCONCUS)
[ 2026-03-20 14:03:53 ] F-statistics: mean= 22.56 , min= 20.86 , max= 27.48 
[ 2026-03-20 14:03:53 ] Heterogeneity methods: MR Egger, Inverse variance weighted 
                     method        Q    Q_pval
1                  MR Egger 15.32275 0.5011389
2 Inverse variance weighted 15.33677 0.5712381
[ 2026-03-20 14:03:53 ] No significant heterogeneity → Using FIXED EFFECTS IVW
Analysing 'ukb-d-20480' on 'finn-b-TRAUMBRAIN_NONCONCUS'
Ever self-harmed || id:ukb-d-20480 - severe traumatic brain injury, does not include concussion || id:finn-b-TRAUMBRAIN_NONCONCUS
[ 2026-03-20 14:04:22 ] Steiger test failed: argument "r_exp" is missing, with no default 
[ 2026-03-20 14:04:22 ] Three-filter: IVW= NO , Direction= NO , Pleiotropy= NO , Combined= NO 
Scale for colour is already present.
Adding another scale for colour, which will replace the existing scale.
[ 2026-03-20 14:04:23 ] Scatter plot saved
Scale for colour is already present.
Adding another scale for colour, which will replace the existing scale.
[ 2026-03-20 14:04:25 ] Forest plot saved
Scale for colour is already present.
Adding another scale for colour, which will replace the existing scale.
[ 2026-03-20 14:04:26 ] Funnel plot saved
Scale for colour is already present.
Adding another scale for colour, which will replace the existing scale.
[ 2026-03-20 14:04:27 ] Leave-one-out plot saved

======================================================================
Processing: Violence 
= = = = = = = = = = = = = = = = = = = = = = = = = = = = = = = = = = = = = = = = = = = = = = = = = = = = = = = = = = = = = = = = = = = = = = 


[ 2026-03-20 14:04:27 ] --- ukb-e-20523_AFR ---
[ 2026-03-20 14:04:32 ] SNPs extracted: 10 
Extracting data for 10 SNP(s) from 1 GWAS(s)
Querying id chunk 1 of 1
Querying variant chunk 1 of 1
Finding proxies for 1 SNPs in outcome finn-b-TRAUMBRAIN_NONCONCUS
Extracting data for 1 SNP(s) from 1 GWAS(s)
Querying id chunk 1 of 1
Querying variant chunk 1 of 1
Harmonising Physical violence by partner or ex-partner as an adult || id:ukb-e-20523_AFR (ukb-e-20523_AFR) and severe traumatic brain injury, does not include concussion || id:finn-b-TRAUMBRAIN_NONCONCUS (finn-b-TRAUMBRAIN_NONCONCUS)
[ 2026-03-20 14:04:35 ] F-statistics: mean= 22.97 , min= 20.97 , max= 26 
[ 2026-03-20 14:04:35 ] Heterogeneity methods: MR Egger, Inverse variance weighted 
                     method        Q    Q_pval
1                  MR Egger 1.377952 0.9862370
2 Inverse variance weighted 1.524250 0.9922978
[ 2026-03-20 14:04:35 ] No significant heterogeneity → Using FIXED EFFECTS IVW
Analysing 'ukb-e-20523_AFR' on 'finn-b-TRAUMBRAIN_NONCONCUS'
Physical violence by partner or ex-partner as an adult || id:ukb-e-20523_AFR - severe traumatic brain injury, does not include concussion || id:finn-b-TRAUMBRAIN_NONCONCUS
[ 2026-03-20 14:04:51 ] Steiger test failed: argument "r_exp" is missing, with no default 
[ 2026-03-20 14:04:51 ] Three-filter: IVW= NO , Direction= NO , Pleiotropy= NO , Combined= NO 
Scale for colour is already present.
Adding another scale for colour, which will replace the existing scale.
[ 2026-03-20 14:04:52 ] Scatter plot saved
Scale for colour is already present.
Adding another scale for colour, which will replace the existing scale.
[ 2026-03-20 14:04:54 ] Forest plot saved
Scale for colour is already present.
Adding another scale for colour, which will replace the existing scale.
[ 2026-03-20 14:04:55 ] Funnel plot saved
Scale for colour is already present.
Adding another scale for colour, which will replace the existing scale.
[ 2026-03-20 14:04:56 ] Leave-one-out plot saved

[ 2026-03-20 14:04:56 ] --- ukb-e-20523_CSA ---
[ 2026-03-20 14:05:00 ] SNPs extracted: 58 
Extracting data for 58 SNP(s) from 1 GWAS(s)
Querying id chunk 1 of 1
Querying variant chunk 1 of 1
Finding proxies for 4 SNPs in outcome finn-b-TRAUMBRAIN_NONCONCUS
Extracting data for 4 SNP(s) from 1 GWAS(s)
Querying id chunk 1 of 1
Querying variant chunk 1 of 1
Harmonising Physical violence by partner or ex-partner as an adult || id:ukb-e-20523_CSA (ukb-e-20523_CSA) and severe traumatic brain injury, does not include concussion || id:finn-b-TRAUMBRAIN_NONCONCUS (finn-b-TRAUMBRAIN_NONCONCUS)
Removing the following SNPs for incompatible alleles:
rs62025088
[ 2026-03-20 14:05:13 ] F-statistics: mean= 24 , min= 20.99 , max= 31.23 
[ 2026-03-20 14:05:13 ] Heterogeneity methods: MR Egger, Inverse variance weighted 
                     method        Q     Q_pval
1                  MR Egger 69.51270 0.06356399
2 Inverse variance weighted 70.83564 0.06183123
[ 2026-03-20 14:05:13 ] No significant heterogeneity → Using FIXED EFFECTS IVW
Analysing 'ukb-e-20523_CSA' on 'finn-b-TRAUMBRAIN_NONCONCUS'
Physical violence by partner or ex-partner as an adult || id:ukb-e-20523_CSA - severe traumatic brain injury, does not include concussion || id:finn-b-TRAUMBRAIN_NONCONCUS
[ 2026-03-20 14:06:35 ] Steiger test failed: argument "r_exp" is missing, with no default 
[ 2026-03-20 14:06:35 ] Three-filter: IVW= NO , Direction= NO , Pleiotropy= NO , Combined= NO 
Scale for colour is already present.
Adding another scale for colour, which will replace the existing scale.
[ 2026-03-20 14:06:36 ] Scatter plot saved
Scale for colour is already present.
Adding another scale for colour, which will replace the existing scale.
[ 2026-03-20 14:06:40 ] Forest plot saved
Scale for colour is already present.
Adding another scale for colour, which will replace the existing scale.
[ 2026-03-20 14:06:41 ] Funnel plot saved
Scale for colour is already present.
Adding another scale for colour, which will replace the existing scale.
[ 2026-03-20 14:06:43 ] Leave-one-out plot saved
There were 19 warnings (use warnings() to see them)

[ 2026-03-20 14:06:43 ] Saving merged format files (00-07)...
[ 2026-03-20 14:06:43 ] 00.Complete_MR_Results.csv saved
[ 2026-03-20 14:06:43 ] 01.MR_Results_All_Genes.csv saved (5 methods per exposure)
[ 2026-03-20 14:06:43 ] 02.Heterogeneity_All_Genes.csv saved
[ 2026-03-20 14:06:43 ] 03.Pleiotropy_All_Genes.csv saved
[ 2026-03-20 14:06:43 ] 04.MR_PRESSO_Results.csv saved
[ 2026-03-20 14:06:43 ] 05.Steiger_Direction_Results.csv saved
[ 2026-03-20 14:06:43 ] 06.Three_Filter_Results.csv saved
================================================================================
  Traditional MR Analysis Complete!
  Finished: 2026-03-20 14:06:43 
  Success: 3 / 3 
  Results saved to: /media/desk16/share/secure/MR/results/test_trad_font/tables 
================================================================================
[14:06:43] MR分析完成!
[14:06:43] 开始生成Word报告...

Attaching package: ‘dplyr’

The following objects are masked from ‘package:stats’:

    filter, lag

The following objects are masked from ‘package:base’:

    intersect, setdiff, setequal, union

================================================================================
  MR分析报告生成器（优化版）
  类型: traditional 
  时间戳: 20260320_140336 
================================================================================

Detected as Traditional MR
Loaded results from 00.Complete_MR_Results.csv
Loaded heterogeneity from: /media/desk16/share/secure/MR/results/test_trad_font/02.Heterogeneity_All_Genes.csv 
Loaded pleiotropy from: /media/desk16/share/secure/MR/results/test_trad_font/03.Pleiotropy_All_Genes.csv 
Loaded config parameters from: /media/desk16/share/secure/MR/results/test_trad_font/analysis_config.ini 
Statistics: Total genes: 3 , Significant: 0 
Found 3 mr_results files
Added plot: ukb-d-20480 - scatter (图 A )
Added plot: ukb-d-20480 - forest (图 B )
Added plot: ukb-d-20480 - funnel (图 C )
Added plot: ukb-d-20480 - leaveoneout (图 D )
Added plot: ukb-e-20523_AFR - scatter (图 E )
Added plot: ukb-e-20523_AFR - forest (图 F )
Added plot: ukb-e-20523_AFR - funnel (图 G )
Added plot: ukb-e-20523_AFR - leaveoneout (图 H )
Added plot: ukb-e-20523_CSA - scatter (图 I )
Added plot: ukb-e-20523_CSA - forest (图 J )
Added plot: ukb-e-20523_CSA - funnel (图 K )
Added plot: ukb-e-20523_CSA - leaveoneout (图 L )

================================================================================
报告已生成： /media/desk16/share/secure/MR/report/MR_traditional.20260320_140336.docx 
================================================================================
[14:06:46] Word报告已生成: /media/desk16/share/secure/MR/report/MR_traditional.20260320_140336.docx
