================================================================================
MR分析日志 - Mendelian Randomization Analysis
================================================================================
时间戳: 2026-03-20 17:12:04
运行ID: 20260320_171204
脚本: run_mr.sh

----------------------------------------
输入参数
----------------------------------------
MR类型: traditional
输入文件: /media/desk16/share/secure/MR/test_genes_traditional.csv
输出目录: /media/desk16/share/secure/MR/results/test_trad
共定位分析: 0
P值阈值: 5e-8
KB距离: 10000

----------------------------------------
环境信息
----------------------------------------
工作目录: /media/desk16/share/secure/MR/scripts
R脚本目录: /media/desk16/share/secure/MR/scripts

[17:12:04] 日志文件已创建: /media/desk16/share/secure/MR/logs/MR_traditional.20260320_171204.log
[17:12:04] 配置文件已生成: /media/desk16/share/secure/MR/results/test_trad/traditional.config.ini
[17:12:04] 开始MR分析...
[17:12:04]   类型: traditional
[17:12:04]   输入: /media/desk16/share/secure/MR/test_genes_traditional.csv
[17:12:04]   输出: /media/desk16/share/secure/MR/results/test_trad
[17:12:04]   共定位: 0
[17:12:04]   P值阈值: 5e-8
[17:12:04]   KB距离: 10000
[17:12:04]   R2阈值: 0.001
[17:12:04]   F统计量阈值: 10
[17:12:04]   EAF阈值: 0.01
[17:12:04]   最少SNPs: 3
[17:12:04]   结局ID: ebi-a-GCST90091033
[17:12:04] 输出目录已创建: /media/desk16/share/secure/MR/results/test_trad
[17:12:04] 开始Traditional MR分析...
TwoSampleMR version 0.7.0 

  [>] New authentication requirements: https://mrcieu.github.io/ieugwasr/articles/guide.html#authentication.
  [>] Major upgrades to our servers completed to improve service and stability.
  [>] We need your help to shape our emerging roadmap!
      Please take 2 minutes to give us feedback -
      https://forms.office.com/e/eSr7EFAfCG
OpenGWAS updates:
  Date: 2024-05-17
  [>] OpenGWAS is growing!
  [>] Please take 2 minutes to give us feedback -
  [>] It will help directly shape our emerging roadmap
  [>] https://forms.office.com/e/eSr7EFAfCG

Attaching package: ‘ieugwasr’

The following object is masked from ‘package:TwoSampleMR’:

    ld_matrix


Attaching package: ‘dplyr’

The following objects are masked from ‘package:data.table’:

    between, first, last

The following objects are masked from ‘package:stats’:

    filter, lag

The following objects are masked from ‘package:base’:

    intersect, setdiff, setequal, union

Loading required package: sysfonts
Loading required package: showtextdb
[Token] Using token from environment variable

================================================================================
  MR Traditional Analysis
  Started: 2026-03-20 17:12:07 
  Exposure type: both 
  Output: /media/desk16/share/secure/MR/results/test_trad 
================================================================================

[Token Check] Validating OpenGWAS token...
[Token Check] OK - Token is valid
[ 2026-03-20 17:12:07 ] JWT token loaded, starting with: eyJhbGciOiJSUzI1NiIsImtpZCI6Im ...
Warning message:
In dir.create(output_dir, recursive = TRUE) :
  '/media/desk16/share/secure/MR/results/test_trad' already exists
Warning message:
In dir.create(file.path(output_dir, "tables"), recursive = TRUE) :
  '/media/desk16/share/secure/MR/results/test_trad/tables' already exists
Warning message:
In dir.create(file.path(output_dir, "figures"), recursive = TRUE) :
  '/media/desk16/share/secure/MR/results/test_trad/figures' already exists
[Config] Parameters saved to: /media/desk16/share/secure/MR/results/test_trad/analysis_config.ini 
[ 2026-03-20 17:12:08 ] Outcome: finn-b-TRAUMBRAIN_NONCONCUS 
[ 2026-03-20 17:12:08 ] P-value threshold: 5e-08 

======================================================================
Processing: Self-harm 
= = = = = = = = = = = = = = = = = = = = = = = = = = = = = = = = = = = = = = = = = = = = = = = = = = = = = = = = = = = = = = = = = = = = = = 


[ 2026-03-20 17:12:08 ] --- ukb-d-20480 ---
[RETRY] Attempt 1 failed: argument is of length zero - Retrying in 1 s...
[RETRY] Attempt 2 failed: argument is of length zero - Retrying in 2 s...
[ERROR] All 3 attempts failed. Last error: argument is of length zero 
[ 2026-03-20 17:12:12 ] No SNPs extracted

======================================================================
Processing: Violence 
= = = = = = = = = = = = = = = = = = = = = = = = = = = = = = = = = = = = = = = = = = = = = = = = = = = = = = = = = = = = = = = = = = = = = = 


[ 2026-03-20 17:12:12 ] --- ukb-e-20523_AFR ---
[RETRY] Attempt 1 failed: argument is of length zero - Retrying in 1 s...
[RETRY] Attempt 2 failed: argument is of length zero - Retrying in 2 s...
[ERROR] All 3 attempts failed. Last error: argument is of length zero 
[ 2026-03-20 17:12:16 ] No SNPs extracted

[ 2026-03-20 17:12:16 ] --- ukb-e-20523_CSA ---
[ 2026-03-20 17:12:16 ] SNPs extracted: 5 
Extracting data for 5 SNP(s) from 1 GWAS(s)
Querying id chunk 1 of 1
Querying variant chunk 1 of 1
Harmonising Physical violence by partner or ex-partner as an adult || id:ukb-e-20523_CSA (ukb-e-20523_CSA) and severe traumatic brain injury, does not include concussion || id:finn-b-TRAUMBRAIN_NONCONCUS (finn-b-TRAUMBRAIN_NONCONCUS)
[ 2026-03-20 17:12:18 ] F-statistics: mean= 30.44 , min= 29.75 , max= 31.23 
[ 2026-03-20 17:12:18 ] Heterogeneity methods: MR Egger, Inverse variance weighted 
                     method         Q      Q_pval
1                  MR Egger  1.494937 0.683439271
2 Inverse variance weighted 13.514385 0.009017645
[ 2026-03-20 17:12:18 ] Heterogeneity detected → Using RANDOM EFFECTS IVW
Analysing 'ukb-e-20523_CSA' on 'finn-b-TRAUMBRAIN_NONCONCUS'
Physical violence by partner or ex-partner as an adult || id:ukb-e-20523_CSA - severe traumatic brain injury, does not include concussion || id:finn-b-TRAUMBRAIN_NONCONCUS
[ 2026-03-20 17:12:29 ] Steiger test failed: argument "r_exp" is missing, with no default 
[ 2026-03-20 17:12:29 ] Three-filter: IVW= NO , Direction= NO , Pleiotropy= NO , Combined= NO 
Scale for colour is already present.
Adding another scale for colour, which will replace the existing scale.
[ 2026-03-20 17:12:31 ] Scatter plot saved
Scale for colour is already present.
Adding another scale for colour, which will replace the existing scale.
[ 2026-03-20 17:12:32 ] Forest plot saved
Scale for colour is already present.
Adding another scale for colour, which will replace the existing scale.
[ 2026-03-20 17:12:33 ] Funnel plot saved
Scale for colour is already present.
Adding another scale for colour, which will replace the existing scale.
[ 2026-03-20 17:12:35 ] Leave-one-out plot saved
There were 14 warnings (use warnings() to see them)

[ 2026-03-20 17:12:35 ] Saving merged format files (00-07)...
[ 2026-03-20 17:12:35 ] 00.Complete_MR_Results.csv saved
[ 2026-03-20 17:12:35 ] 01.MR_Results_All_Genes.csv saved (5 methods per exposure)
[ 2026-03-20 17:12:35 ] 02.Heterogeneity_All_Genes.csv saved
[ 2026-03-20 17:12:35 ] 03.Pleiotropy_All_Genes.csv saved
[ 2026-03-20 17:12:35 ] 04.MR_PRESSO_Results.csv saved
[ 2026-03-20 17:12:35 ] 05.Steiger_Direction_Results.csv saved
[ 2026-03-20 17:12:35 ] 06.Three_Filter_Results.csv saved
[ 2026-03-20 17:12:35 ] 07.MR_res_gene.csv saved ( 2  causal targets)
================================================================================
  Traditional MR Analysis Complete!
  Finished: 2026-03-20 17:12:35 
  Success: 1 / 3 
  Results saved to: /media/desk16/share/secure/MR/results/test_trad/tables 
================================================================================
[17:12:35] MR分析完成!
[17:12:35] 开始生成Word报告...

Attaching package: ‘dplyr’

The following objects are masked from ‘package:stats’:

    filter, lag

The following objects are masked from ‘package:base’:

    intersect, setdiff, setequal, union

================================================================================
  MR分析报告生成器（优化版）
  类型: traditional 
  时间戳: 20260320_171204 
================================================================================

Detected as Traditional MR
Loaded results from 00.Complete_MR_Results.csv
Loaded heterogeneity from: /media/desk16/share/secure/MR/results/test_trad/02.Heterogeneity_All_Genes.csv 
Loaded pleiotropy from: /media/desk16/share/secure/MR/results/test_trad/03.Pleiotropy_All_Genes.csv 
Loaded MR results from: /media/desk16/share/secure/MR/results/test_trad/01.MR_Results_All_Genes.csv 
Loaded three-filter results from: /media/desk16/share/secure/MR/results/test_trad/06.Three_Filter_Results.csv 
Loaded causal targets from: /media/desk16/share/secure/MR/results/test_trad/07.MR_res_gene.csv 
Loaded config parameters from: /media/desk16/share/secure/MR/results/test_trad/analysis_config.ini 
Statistics: Total genes: 3 , Significant: 0 
Error in officer::fp_par(text_align = "center") : 
  unused argument (text_align = "center")
Calls: %>% -> body_add_par -> paste0 -> htmlEscapeCopy
Execution halted
[17:12:37] 报告生成失败，使用简单文本报告
[17:12:37] 简单报告已生成: /media/desk16/share/secure/MR/report/MR_traditional.20260320_171204.txt
