================================================================================
MR分析日志 - Mendelian Randomization Analysis
================================================================================
时间戳: 2026-03-12 10:13:22
运行ID: 20260312_101322
脚本: run_mr.sh

----------------------------------------
输入参数
----------------------------------------
MR类型: traditional
输入文件: N/A
输出目录: /media/desk16/share/secure/MR/results/MR_traditional
共定位分析: 0
P值阈值: 5e-8
KB距离: 10000

----------------------------------------
环境信息
----------------------------------------
工作目录: /media/desk16/share/secure/MR/scripts
R脚本目录: /media/desk16/share/secure/MR/scripts

[10:13:22] 日志文件已创建: /media/desk16/share/secure/MR/logs/MR_traditional.20260312_101322.log
[10:13:22] 配置文件已生成: /media/desk16/share/secure/MR/results/MR_traditional/traditional.config.ini
[10:13:22] 开始MR分析...
[10:13:22]   类型: traditional
[10:13:22]   输入: N/A
[10:13:22]   输出: /media/desk16/share/secure/MR/results/MR_traditional
[10:13:22]   共定位: 0
[10:13:22]   P值阈值: 5e-8
[10:13:22]   KB距离: 10000
[10:13:22]   R2阈值: 0.001
[10:13:22]   F统计量阈值: 10
[10:13:22]   EAF阈值: 0.01
[10:13:22]   最少SNPs: 3
[10:13:22]   结局ID: ebi-a-GCST90091033
[10:13:22] 输出目录已创建: /media/desk16/share/secure/MR/results/MR_traditional
[10:13:22] 开始Traditional MR分析...
TwoSampleMR version 0.7.0 

  [>] New authentication requirements: https://mrcieu.github.io/ieugwasr/articles/guide.html#authentication.
  [>] Major upgrades to our servers completed to improve service and stability.
  [>] We need your help to shape our emerging roadmap!
      Please take 2 minutes to give us feedback -
      https://forms.office.com/e/eSr7EFAfCG
OpenGWAS updates:
  Date: 2024-05-17
  [>] OpenGWAS is growing!
  [>] Please take 2 minutes to give us feedback -
  [>] It will help directly shape our emerging roadmap
  [>] https://forms.office.com/e/eSr7EFAfCG

Attaching package: ‘ieugwasr’

The following object is masked from ‘package:TwoSampleMR’:

    ld_matrix


Attaching package: ‘dplyr’

The following objects are masked from ‘package:stats’:

    filter, lag

The following objects are masked from ‘package:base’:

    intersect, setdiff, setequal, union


================================================================================
  MR Traditional Analysis
  Started: 2026-03-12 10:13:55 
  Exposure type: both 
  Output: /media/desk16/share/secure/MR/results/MR_traditional 
================================================================================

[ 2026-03-12 10:13:55 ] JWT token loaded, starting with: eyJhbGciOiJSUzI1NiIsImtpZCI6Im ...
Warning message:
In dir.create(output_dir, recursive = TRUE) :
  '/media/desk16/share/secure/MR/results/MR_traditional' already exists
Warning message:
In dir.create(file.path(output_dir, "tables"), recursive = TRUE) :
  '/media/desk16/share/secure/MR/results/MR_traditional/tables' already exists
Warning message:
In dir.create(file.path(output_dir, "figures"), recursive = TRUE) :
  '/media/desk16/share/secure/MR/results/MR_traditional/figures' already exists
[ 2026-03-12 10:13:55 ] Outcome: finn-b-TRAUMBRAIN_NONCONCUS 
[ 2026-03-12 10:13:55 ] P-value threshold: 5e-08 

======================================================================
Processing: Self-harm 
= = = = = = = = = = = = = = = = = = = = = = = = = = = = = = = = = = = = = = = = = = = = = = = = = = = = = = = = = = = = = = = = = = = = = = 


[ 2026-03-12 10:13:56 ] --- ukb-d-20480 ---
[ 2026-03-12 10:13:56 ] IV extraction failed: 
Status code from OpenGWAS API: 401

Message: Please generate a new token. 
[ 2026-03-12 10:13:56 ] No SNPs extracted

[ 2026-03-12 10:13:56 ] --- ukb-d-20554_1 ---
[ 2026-03-12 10:13:57 ] IV extraction failed: 
Status code from OpenGWAS API: 401

Message: Please generate a new token. 
[ 2026-03-12 10:13:57 ] No SNPs extracted

[ 2026-03-12 10:13:57 ] --- ukb-e-20513_CSA ---
[ 2026-03-12 10:13:57 ] IV extraction failed: 
Status code from OpenGWAS API: 401

Message: Please generate a new token. 
[ 2026-03-12 10:13:57 ] No SNPs extracted

[ 2026-03-12 10:13:57 ] --- ukb-d-20554_6 ---
[ 2026-03-12 10:13:57 ] IV extraction failed: 
Status code from OpenGWAS API: 401

Message: Please generate a new token. 
[ 2026-03-12 10:13:57 ] No SNPs extracted

[ 2026-03-12 10:13:57 ] --- ukb-d-20553_5 ---
[ 2026-03-12 10:13:58 ] IV extraction failed: 
Status code from OpenGWAS API: 401

Message: Please generate a new token. 
[ 2026-03-12 10:13:58 ] No SNPs extracted

[ 2026-03-12 10:13:58 ] --- ukb-e-20513_AFR ---
[ 2026-03-12 10:13:58 ] IV extraction failed: 
Status code from OpenGWAS API: 401

Message: Please generate a new token. 
[ 2026-03-12 10:13:58 ] No SNPs extracted

[ 2026-03-12 10:13:58 ] --- ukb-d-20554_5 ---
[ 2026-03-12 10:13:58 ] IV extraction failed: 
Status code from OpenGWAS API: 401

Message: Please generate a new token. 
[ 2026-03-12 10:13:58 ] No SNPs extracted

[ 2026-03-12 10:13:58 ] --- ukb-e-20485_CSA ---
[ 2026-03-12 10:13:58 ] IV extraction failed: 
Status code from OpenGWAS API: 401

Message: Please generate a new token. 
[ 2026-03-12 10:13:58 ] No SNPs extracted

[ 2026-03-12 10:13:58 ] --- finn-b-VWXY20_SUICI_OTHER_INTENTI_SELF_H ---
[ 2026-03-12 10:13:59 ] IV extraction failed: 
Status code from OpenGWAS API: 401

Message: Please generate a new token. 
[ 2026-03-12 10:13:59 ] No SNPs extracted

[ 2026-03-12 10:13:59 ] --- ukb-d-20553_4 ---
[ 2026-03-12 10:13:59 ] IV extraction failed: 
Status code from OpenGWAS API: 401

Message: Please generate a new token. 
[ 2026-03-12 10:13:59 ] No SNPs extracted

[ 2026-03-12 10:13:59 ] --- ukb-d-20554_3 ---
[ 2026-03-12 10:13:59 ] IV extraction failed: 
Status code from OpenGWAS API: 401

Message: Please generate a new token. 
[ 2026-03-12 10:13:59 ] No SNPs extracted

[ 2026-03-12 10:13:59 ] --- ukb-d-20486 ---
[ 2026-03-12 10:14:00 ] IV extraction failed: 
Status code from OpenGWAS API: 401

Message: Please generate a new token. 
[ 2026-03-12 10:14:00 ] No SNPs extracted

======================================================================
Processing: Violence 
= = = = = = = = = = = = = = = = = = = = = = = = = = = = = = = = = = = = = = = = = = = = = = = = = = = = = = = = = = = = = = = = = = = = = = 


[ 2026-03-12 10:14:00 ] --- ukb-e-20523_AFR ---
[ 2026-03-12 10:14:00 ] IV extraction failed: 
Status code from OpenGWAS API: 401

Message: Please generate a new token. 
[ 2026-03-12 10:14:00 ] No SNPs extracted

[ 2026-03-12 10:14:00 ] --- ukb-e-20523_CSA ---
[ 2026-03-12 10:14:00 ] IV extraction failed: 
Status code from OpenGWAS API: 401

Message: Please generate a new token. 
[ 2026-03-12 10:14:00 ] No SNPs extracted

================================================================================
  Traditional MR Analysis Complete!
  Finished: 2026-03-12 10:14:00 
  Success: 0 / 14 
  Results saved to: /media/desk16/share/secure/MR/results/MR_traditional/tables 
================================================================================
[10:14:00] MR分析完成!
[10:14:00] 开始生成Word报告...

Attaching package: ‘dplyr’

The following objects are masked from ‘package:stats’:

    filter, lag

The following objects are masked from ‘package:base’:

    intersect, setdiff, setequal, union

================================================================================
  MR分析报告生成器
  类型: traditional 
  时间戳: 20260312_101322 
================================================================================


================================================================================
报告已生成： /media/desk16/share/secure/MR/report/MR_traditional.20260312_101322.docx 
================================================================================
[10:14:02] Word报告已生成: /media/desk16/share/secure/MR/report/MR_traditional.20260312_101322.docx
